2013-08-28T03:43:07  *** KG-Bot <KG-Bot!~Kraljeva_@Rizon-DD5219AC.server4you.net> has joined #vranje
2013-08-28T03:43:27  *** KG-Bot is now known as Guest361
2013-08-28T04:17:25  *** KG-Bot <KG-Bot!~Kraljeva_@Rizon-DD5219AC.server4you.net> has joined #vranje
2013-08-28T04:17:43  *** KG-Bot is now known as Guest36575
2013-08-28T04:19:17  *** Guest36575 is now known as KG-Bot
2013-08-28T04:19:17  *** PENIS sets mode: +o KG-Bot
2013-08-28T04:36:39  *** KG-Bot <KG-Bot!~Kraljeva_@Kraljeva.Garda.official.bot> has joined #vranje
2013-08-28T04:36:39  <PENIS> [KG-Bot] http://tinyurl.com/l3j2f48 http://www.youtube.com/watch?v=CR8logunPzQ
2013-08-28T04:36:40  *** PENIS sets mode: +o KG-Bot
2013-08-28T04:37:55  <KG-Bot> Title: Novi Reporter - br. 153, 15/2/2006 (at tinyurl.com)
2013-08-28T04:47:51  *** KG-Bot <KG-Bot!~Kraljeva_@Kraljeva.Garda.official.bot> has joined #vranje
2013-08-28T04:47:51  <PENIS> [KG-Bot] http://tinyurl.com/l3j2f48 http://www.youtube.com/watch?v=CR8logunPzQ
2013-08-28T04:47:51  *** PENIS sets mode: +o KG-Bot
2013-08-28T04:49:04  <KG-Bot> Title: Novi Reporter - br. 153, 15/2/2006 (at tinyurl.com)
2013-08-28T12:00:17  *** KG-Bot <KG-Bot!~Kraljeva_@Kraljeva.Garda.official.bot> has joined #vranje
2013-08-28T12:00:18  <PENIS> [KG-Bot] http://tinyurl.com/l3j2f48 http://www.youtube.com/watch?v=CR8logunPzQ
2013-08-28T12:00:18  *** PENIS sets mode: +o KG-Bot
2013-08-28T12:01:30  <KG-Bot> Title: Novi Reporter - br. 153, 15/2/2006 (at tinyurl.com)
2013-08-28T12:41:44  *** MarkoMM95`sleep is now known as MarkoMM1995
2013-08-28T13:54:05  *** eSaliery <eSaliery!cgiirc@RED.JE.RED> has joined #vranje
2013-08-28T13:54:05  <PENIS> [eSaliery] "Наше ће сјене ходати по Бечу, лутати по двору, плашити господу!"
2013-08-28T13:54:05  *** PENIS sets mode: +ao eSaliery eSaliery
2013-08-28T14:01:22  *** eSaliery <eSaliery!cgiirc@RED.JE.RED> has quit IRC ()
2013-08-28T14:07:39  *** KG-Bot <KG-Bot!~Kraljeva_@Kraljeva.Garda.official.bot> has joined #vranje
2013-08-28T14:07:40  <PENIS> [KG-Bot] http://tinyurl.com/l3j2f48 http://www.youtube.com/watch?v=CR8logunPzQ
2013-08-28T14:07:40  *** PENIS sets mode: +o KG-Bot
2013-08-28T14:08:51  <KG-Bot> Title: Yolanda Be Cool Vrs DCup - We No Speak Americano (Official Music Video) - YouTube (at www.youtube.com)
2013-08-28T15:14:38  *** MarkoMM1995 is now known as MarkoMM`AWAY
2013-08-28T15:42:53  *** gogimisko <gogimisko!~MarlonBru@gogimisko.AJKULE.eRepublik.rs> has joined #vranje
2013-08-28T15:42:53  <PENIS> [gogimisko] Заволео сам вас, јер сам имао прилику да упознам људе у пресудним тренуцима, када се, ваљда, једино може упознати карактер једне нације. o9
2013-08-28T15:42:53  *** PENIS sets mode: +qo gogimisko gogimisko
2013-08-28T17:46:48  *** gogimisko <gogimisko!~MarlonBru@gogimisko.AJKULE.eRepublik.rs> has quit IRC (Quit: Put me zove moram poci)
2013-08-28T20:21:19  *** MarkoMM`AWAY is now known as MarkoMM1995
2013-08-28T20:40:53  *** gogimisko <gogimisko!~MarlonBru@gogimisko.AJKULE.eRepublik.rs> has joined #vranje
2013-08-28T20:40:53  <PENIS> [gogimisko] Заволео сам вас, јер сам имао прилику да упознам људе у пресудним тренуцима, када се, ваљда, једино може упознати карактер једне нације. o9
2013-08-28T20:40:53  *** PENIS sets mode: +qo gogimisko gogimisko
2013-08-28T20:41:08  * gogimisko Hello rodjaci. o9
2013-08-28T21:06:21  *** gogimisko <gogimisko!~MarlonBru@gogimisko.AJKULE.eRepublik.rs> has quit IRC (Quit: Put me zove moram poci)
2013-08-28T21:56:05  *** KG-Bot <KG-Bot!~Kraljeva_@Kraljeva.Garda.official.bot> has joined #vranje
2013-08-28T21:56:06  <PENIS> [KG-Bot] http://tinyurl.com/l3j2f48 http://www.youtube.com/watch?v=CR8logunPzQ
2013-08-28T21:56:06  *** PENIS sets mode: +o KG-Bot
2013-08-28T21:57:19  <KG-Bot> Title: Novi Reporter - br. 153, 15/2/2006 (at tinyurl.com)
2013-08-28T23:16:05  *** MarkoMM1995 is now known as MarkoMM95`sleep
2013-08-29T13:36:26  *** MarkoMM95`sleep is now known as MarkoMM1995
2013-08-29T15:10:55  *** MarkoMM1995 is now known as MarkoMM95`AWAY
2013-08-29T16:34:59  *** gogimisko <gogimisko!~MarlonBru@gogimisko.AJKULE.eRepublik.rs> has joined #vranje
2013-08-29T16:34:59  <PENIS> [gogimisko] Заволео сам вас, јер сам имао прилику да упознам људе у пресудним тренуцима, када се, ваљда, једино може упознати карактер једне нације. o9
2013-08-29T16:34:59  *** PENIS sets mode: +qo gogimisko gogimisko
2013-08-29T17:30:00  *** gogimisko <gogimisko!~MarlonBru@gogimisko.AJKULE.eRepublik.rs> has quit IRC (Quit: Put me zove moram poci)
2013-08-29T17:35:36  *** MarkoMM95`AWAY is now known as MarkoMM1995
2013-08-29T17:51:19  *** MarkoMM1995 is now known as MarkoMM95`AWAY
2013-08-29T19:10:38  *** gogimisko <gogimisko!~MarlonBru@gogimisko.AJKULE.eRepublik.rs> has joined #vranje
2013-08-29T19:10:38  <PENIS> [gogimisko] Заволео сам вас, јер сам имао прилику да упознам људе у пресудним тренуцима, када се, ваљда, једино може упознати карактер једне нације. o9
2013-08-29T19:10:38  *** PENIS sets mode: +qo gogimisko gogimisko
2013-08-29T19:12:49  *** gogimisko is now known as GOGIJA
2013-08-29T19:23:47  *** eSaliery <eSaliery!cgiirc@RED.JE.RED> has joined #vranje
2013-08-29T19:23:47  <PENIS> [eSaliery] "Наше ће сјене ходати по Бечу, лутати по двору, плашити господу!"
2013-08-29T19:23:47  *** PENIS sets mode: +ao eSaliery eSaliery
2013-08-29T19:29:45  *** eSaliery <eSaliery!cgiirc@RED.JE.RED> has quit IRC ()
2013-08-29T20:03:09  *** GOGIJA is now known as gogimisko
2013-08-29T20:17:08  *** gogimisko is now known as AJKULE_gogimisko
2013-08-29T20:27:38  *** AJKULE_gogimisko <AJKULE_gogimisko!~MarlonBru@gogimisko.AJKULE.eRepublik.rs> has quit IRC (Quit: Put me zove moram poci)
2013-08-29T20:29:01  *** MarkoMM95`AWAY is now known as MarkoMM1995
2013-08-29T20:42:46  *** KG-Bot <KG-Bot!~KraljevaG@Kraljeva.Garda.official.bot> has joined #vranje
2013-08-29T20:42:47  <PENIS> [KG-Bot] http://tinyurl.com/l3j2f48 http://www.youtube.com/watch?v=CR8logunPzQ
2013-08-29T20:42:47  *** PENIS sets mode: +o KG-Bot
2013-08-29T20:44:28  *** KG-Bot <KG-Bot!~KraljevaG@Kraljeva.Garda.official.bot> has joined #vranje
2013-08-29T20:44:28  <PENIS> [KG-Bot] http://tinyurl.com/l3j2f48 http://www.youtube.com/watch?v=CR8logunPzQ
2013-08-29T20:44:28  *** PENIS sets mode: +o KG-Bot
2013-08-29T20:45:43  <KG-Bot> Title: Novi Reporter - br. 153, 15/2/2006 (at tinyurl.com)
2013-08-29T21:42:33  *** MarkoMM1995 is now known as MarkoMM95`sleep
2013-08-29T22:39:51  *** gogimisko <gogimisko!~MarlonBru@gogimisko.AJKULE.eRepublik.rs> has joined #vranje
2013-08-29T22:39:51  <PENIS> [gogimisko] Заволео сам вас, јер сам имао прилику да упознам људе у пресудним тренуцима, када се, ваљда, једино може упознати карактер једне нације. o9
2013-08-29T22:39:51  *** PENIS sets mode: +qo gogimisko gogimisko
2013-08-30T04:19:53  *** gogimisko <gogimisko!~MarlonBru@gogimisko.AJKULE.eRepublik.rs> has quit IRC (Quit: Put me zove moram poci)
2013-08-30T10:37:19  *** MarkoMM95`sleep is now known as MarkoMM1995
2013-08-30T12:05:21  *** gogimisko <gogimisko!~MarlonBru@gogimisko.AJKULE.eRepublik.rs> has joined #vranje
2013-08-30T12:05:22  <PENIS> [gogimisko] Заволео сам вас, јер сам имао прилику да упознам људе у пресудним тренуцима, када се, ваљда, једино може упознати карактер једне нације. o9
2013-08-30T12:05:22  *** PENIS sets mode: +qo gogimisko gogimisko
2013-08-30T12:11:36  *** gogimisko is now known as AJKULE_GOGIMISKO
2013-08-30T14:12:45  *** MarkoMM1995 is now known as MarkoMM95`AWAY
2013-08-30T16:03:24  *** eSaliery <eSaliery!cgiirc@RED.JE.RED> has joined #vranje
2013-08-30T16:03:24  <PENIS> [eSaliery] "Наше ће сјене ходати по Бечу, лутати по двору, плашити господу!"
2013-08-30T16:03:24  *** PENIS sets mode: +ao eSaliery eSaliery
2013-08-30T16:10:39  *** eSaliery <eSaliery!cgiirc@RED.JE.RED> has quit IRC ()
2013-08-30T16:19:27  *** AJKULE_GOGIMISKO is now known as gogimisko
2013-08-30T16:53:54  *** gogimisko|2 <gogimisko|2!~MarlonBru@Rizon-CA21B0F8.dynamic.isp.telekom.rs> has joined #vranje
2013-08-30T16:55:51  *** gogimisko <gogimisko!~MarlonBru@gogimisko.AJKULE.eRepublik.rs> has quit IRC (Ping timeout: 240 seconds)
2013-08-30T17:31:52  *** gogimisko <gogimisko!~MarlonBru@gogimisko.AJKULE.eRepublik.rs> has joined #vranje
2013-08-30T17:31:53  <PENIS> [gogimisko] Заволео сам вас, јер сам имао прилику да упознам људе у пресудним тренуцима, када се, ваљда, једино може упознати карактер једне нације. o9
2013-08-30T17:31:53  *** PENIS sets mode: +qo gogimisko gogimisko
2013-08-30T17:34:29  *** gogimisko|2 <gogimisko|2!~MarlonBru@Rizon-CA21B0F8.dynamic.isp.telekom.rs> has quit IRC (Ping timeout: 240 seconds)
2013-08-30T18:26:45  *** gogimisko <gogimisko!~MarlonBru@gogimisko.AJKULE.eRepublik.rs> has quit IRC (Quit: Put me zove moram poci)
2013-08-30T18:26:47  *** gogimisko|2 <gogimisko|2!~MarlonBru@Rizon-72BE651F.dynamic.isp.telekom.rs> has joined #vranje
2013-08-30T18:27:27  *** gogimisko|2 is now known as gogimisko
2013-08-30T18:30:15  *** gogimisko <gogimisko!~MarlonBru@Rizon-72BE651F.dynamic.isp.telekom.rs> has quit IRC ()
2013-08-30T18:30:18  *** gogimisko|2 <gogimisko|2!~MarlonBru@Rizon-72BE651F.dynamic.isp.telekom.rs> has joined #vranje
2013-08-30T18:30:23  *** gogimisko|2 <gogimisko|2!~MarlonBru@Rizon-72BE651F.dynamic.isp.telekom.rs> has quit IRC ()
2013-08-30T19:07:42  *** eSaliery <eSaliery!cgiirc@RED.JE.RED> has joined #vranje
2013-08-30T19:07:42  <PENIS> [eSaliery] "Наше ће сјене ходати по Бечу, лутати по двору, плашити господу!"
2013-08-30T19:07:42  *** PENIS sets mode: +ao eSaliery eSaliery
2013-08-30T19:15:32  *** eSaliery <eSaliery!cgiirc@RED.JE.RED> has quit IRC ()
2013-08-30T19:23:30  *** gogimisko <gogimisko!~MarlonBru@gogimisko.AJKULE.eRepublik.rs> has joined #vranje
2013-08-30T19:23:30  <PENIS> [gogimisko] Заволео сам вас, јер сам имао прилику да упознам људе у пресудним тренуцима, када се, ваљда, једино може упознати карактер једне нације. o9
2013-08-30T19:23:30  *** PENIS sets mode: +qo gogimisko gogimisko
2013-08-30T19:30:53  *** gogimisko is now known as AJKULE_gogimisko
2013-08-30T19:57:24  *** AJKULE_gogimisko is now known as gogimisko
2013-08-30T19:57:28  *** gogimisko <gogimisko!~MarlonBru@gogimisko.AJKULE.eRepublik.rs> has quit IRC (Quit: Put me zove moram poci)
2013-08-30T22:30:17  *** MarkoMM95`AWAY is now known as MarkoMM95`sleep
2013-08-31T00:16:16  *** eSaliery <eSaliery!cgiirc@RED.JE.RED> has joined #vranje
2013-08-31T00:16:17  <PENIS> [eSaliery] "Наше ће сјене ходати по Бечу, лутати по двору, плашити господу!"
2013-08-31T00:16:17  *** PENIS sets mode: +ao eSaliery eSaliery
2013-08-31T00:38:44  *** eSaliery <eSaliery!cgiirc@RED.JE.RED> has quit IRC (Quit: http://www.mibbit.com ajax IRC Client)
2013-08-31T02:45:56  *** gogimisko <gogimisko!~MarlonBru@gogimisko.AJKULE.eRepublik.rs> has joined #vranje
2013-08-31T02:45:56  <PENIS> [gogimisko] Заволео сам вас, јер сам имао прилику да упознам људе у пресудним тренуцима, када се, ваљда, једино може упознати карактер једне нације. o9
2013-08-31T02:45:56  *** PENIS sets mode: +qo gogimisko gogimisko
2013-08-31T03:12:31  *** gogimisko <gogimisko!~MarlonBru@gogimisko.AJKULE.eRepublik.rs> has quit IRC (Quit: Put me zove moram poci)
2013-08-31T12:09:48  *** gogimisko <gogimisko!~MarlonBru@gogimisko.AJKULE.eRepublik.rs> has joined #vranje
2013-08-31T12:09:48  <PENIS> [gogimisko] Заволео сам вас, јер сам имао прилику да упознам људе у пресудним тренуцима, када се, ваљда, једино може упознати карактер једне нације. o9
2013-08-31T12:09:48  *** PENIS sets mode: +qo gogimisko gogimisko
2013-08-31T12:38:16  *** gogimisko <gogimisko!~MarlonBru@gogimisko.AJKULE.eRepublik.rs> has quit IRC (Ping timeout: 240 seconds)
2013-08-31T14:35:28  *** gogimisko <gogimisko!~MarlonBru@gogimisko.AJKULE.eRepublik.rs> has joined #vranje
2013-08-31T14:35:28  <PENIS> [gogimisko] Заволео сам вас, јер сам имао прилику да упознам људе у пресудним тренуцима, када се, ваљда, једино може упознати карактер једне нације. o9
2013-08-31T14:35:28  *** PENIS sets mode: +qo gogimisko gogimisko
2013-08-31T14:36:07  * gogimisko zzzz
2013-08-31T15:24:21  *** MarkoMM95`sleep is now known as MarkoMM1995
2013-08-31T15:41:11  *** gogimisko <gogimisko!~MarlonBru@gogimisko.AJKULE.eRepublik.rs> has quit IRC (Quit: Put me zove moram poci)
2013-08-31T16:01:09  *** MarkoMM1995 is now known as MarkoMM95`AWAY
2013-08-31T17:00:56  *** gogimisko <gogimisko!~MarlonBru@gogimisko.AJKULE.eRepublik.rs> has joined #vranje
2013-08-31T17:00:56  <PENIS> [gogimisko] Заволео сам вас, јер сам имао прилику да упознам људе у пресудним тренуцима, када се, ваљда, једино може упознати карактер једне нације. o9
2013-08-31T17:00:56  *** PENIS sets mode: +qo gogimisko gogimisko
2013-08-31T18:46:34  *** gogimisko is now known as AJKULE_gogimisko
2013-08-31T18:58:48  *** AJKULE_gogimisko <AJKULE_gogimisko!~MarlonBru@gogimisko.AJKULE.eRepublik.rs> has quit IRC (Quit: Put me zove moram poci)
2013-08-31T21:06:36  *** MarkoMM95`AWAY is now known as MarkoMM1995
2013-08-31T23:15:02  *** MarkoMM1995 is now known as MarkoMM95`sleep
2013-09-01T00:46:44  *** eSaliery <eSaliery!cgiirc@RED.JE.RED> has joined #vranje
2013-09-01T00:46:44  <PENIS> [eSaliery] "Наше ће сјене ходати по Бечу, лутати по двору, плашити господу!"
2013-09-01T00:46:44  *** PENIS sets mode: +ao eSaliery eSaliery
2013-09-01T01:03:59  *** gogimisko <gogimisko!~MarlonBru@gogimisko.AJKULE.eRepublik.rs> has joined #vranje
2013-09-01T01:03:59  <PENIS> [gogimisko] Заволео сам вас, јер сам имао прилику да упознам људе у пресудним тренуцима, када се, ваљда, једино може упознати карактер једне нације. o9
2013-09-01T01:03:59  *** PENIS sets mode: +qo gogimisko gogimisko
2013-09-01T02:32:36  *** eSaliery <eSaliery!cgiirc@RED.JE.RED> has quit IRC (Quit: http://www.mibbit.com ajax IRC Client)
2013-09-01T02:37:41  *** gogimisko <gogimisko!~MarlonBru@gogimisko.AJKULE.eRepublik.rs> has quit IRC (Ping timeout: 240 seconds)
2013-09-01T12:11:02  *** MarkoMM95`sleep is now known as MarkoMM1995
2013-09-01T12:56:51  *** MarkoMM1995 is now known as MarkoMM95`AWAY
2013-09-01T14:54:10  *** eSaliery <eSaliery!cgiirc@RED.JE.RED> has joined #vranje
2013-09-01T14:54:10  <PENIS> [eSaliery] "Наше ће сјене ходати по Бечу, лутати по двору, плашити господу!"
2013-09-01T14:54:10  *** PENIS sets mode: +ao eSaliery eSaliery
2013-09-01T15:01:18  *** eSaliery <eSaliery!cgiirc@RED.JE.RED> has quit IRC ()
2013-09-01T15:01:24  *** eSaliery <eSaliery!cgiirc@RED.JE.RED> has joined #vranje
2013-09-01T15:01:24  <PENIS> [eSaliery] "Наше ће сјене ходати по Бечу, лутати по двору, плашити господу!"
2013-09-01T15:01:24  *** PENIS sets mode: +ao eSaliery eSaliery
2013-09-01T15:21:20  *** eSaliery is now known as eSaliery_AFK
2013-09-01T15:35:24  *** eSaliery_AFK is now known as eSaliery
2013-09-01T16:19:24  *** eSaliery <eSaliery!cgiirc@RED.JE.RED> has quit IRC (Quit: http://www.mibbit.com ajax IRC Client)
2013-09-01T17:33:37  *** gogimisko <gogimisko!~MarlonBru@gogimisko.AJKULE.eRepublik.rs> has joined #vranje
2013-09-01T17:33:37  <PENIS> [gogimisko] Заволео сам вас, јер сам имао прилику да упознам људе у пресудним тренуцима, када се, ваљда, једино може упознати карактер једне нације. o9
2013-09-01T17:33:37  *** PENIS sets mode: +qo gogimisko gogimisko
2013-09-01T17:34:55  *** gogimisko is now known as gogi_afk
2013-09-01T18:38:39  *** gogi_afk is now known as AJKULE_gogimisko
2013-09-01T18:51:25  *** AJKULE_gogimisko <AJKULE_gogimisko!~MarlonBru@gogimisko.AJKULE.eRepublik.rs> has quit IRC (Quit: Put me zove moram poci)
2013-09-01T19:50:15  *** gogimisko <gogimisko!~MarlonBru@gogimisko.AJKULE.eRepublik.rs> has joined #vranje
2013-09-01T19:50:15  <PENIS> [gogimisko] Заволео сам вас, јер сам имао прилику да упознам људе у пресудним тренуцима, када се, ваљда, једино може упознати карактер једне нације. o9
2013-09-01T19:50:15  *** PENIS sets mode: +qo gogimisko gogimisko
2013-09-01T20:28:27  *** eSaliery <eSaliery!cgiirc@RED.JE.RED> has joined #vranje
2013-09-01T20:28:27  <PENIS> [eSaliery] "Наше ће сјене ходати по Бечу, лутати по двору, плашити господу!"
2013-09-01T20:28:27  *** PENIS sets mode: +ao eSaliery eSaliery
2013-09-01T20:46:45  *** eSaliery <eSaliery!cgiirc@RED.JE.RED> has quit IRC (Quit: http://www.mibbit.com ajax IRC Client)
2013-09-01T20:54:04  *** gogimisko <gogimisko!~MarlonBru@gogimisko.AJKULE.eRepublik.rs> has quit IRC (Ping timeout: 240 seconds)
2013-09-01T20:58:51  *** gogimisko <gogimisko!~MarlonBru@gogimisko.AJKULE.eRepublik.rs> has joined #vranje
2013-09-01T20:58:51  <PENIS> [gogimisko] Заволео сам вас, јер сам имао прилику да упознам људе у пресудним тренуцима, када се, ваљда, једино може упознати карактер једне нације. o9
2013-09-01T20:58:51  *** PENIS sets mode: +qo gogimisko gogimisko
2013-09-01T21:04:24  *** gogimisko <gogimisko!~MarlonBru@gogimisko.AJKULE.eRepublik.rs> has quit IRC (Ping timeout: 240 seconds)
2013-09-01T22:06:32  *** gogimisko <gogimisko!~MarlonBru@gogimisko.AJKULE.eRepublik.rs> has joined #vranje
2013-09-01T22:06:32  <PENIS> [gogimisko] Заволео сам вас, јер сам имао прилику да упознам људе у пресудним тренуцима, када се, ваљда, једино може упознати карактер једне нације. o9
2013-09-01T22:06:32  *** PENIS sets mode: +qo gogimisko gogimisko
2013-09-01T22:07:01  *** gogimisko is now known as AJKULE_gogimisko
2013-09-01T22:24:34  *** MarkoMM95`AWAY is now known as MarkoMM1995
2013-09-01T22:33:49  *** AJKULE_gogimisko is now known as gogimisko
2013-09-01T22:39:41  *** gogimisko is now known as gogi_afk
2013-09-01T23:05:00  *** gogi_afk is now known as gogimisko
2013-09-01T23:20:36  *** MarkoMM1995 is now known as MarkoMM95`sleep
2013-09-01T23:21:26  *** gogimisko <gogimisko!~MarlonBru@gogimisko.AJKULE.eRepublik.rs> has quit IRC (Ping timeout: 240 seconds)
2013-09-01T23:26:33  *** gogimisko <gogimisko!~MarlonBru@gogimisko.AJKULE.eRepublik.rs> has joined #vranje
2013-09-01T23:26:33  <PENIS> [gogimisko] Заволео сам вас, јер сам имао прилику да упознам људе у пресудним тренуцима, када се, ваљда, једино може упознати карактер једне нације. o9
2013-09-01T23:26:33  *** PENIS sets mode: +qo gogimisko gogimisko
2013-09-02T00:05:47  *** eSaliery <eSaliery!cgiirc@RED.JE.RED> has joined #vranje
2013-09-02T00:05:47  <PENIS> [eSaliery] "Наше ће сјене ходати по Бечу, лутати по двору, плашити господу!"
2013-09-02T00:05:47  *** PENIS sets mode: +ao eSaliery eSaliery
2013-09-02T00:18:22  *** gogimisko <gogimisko!~MarlonBru@gogimisko.AJKULE.eRepublik.rs> has quit IRC (Quit: Put me zove moram poci)
2013-09-02T00:58:49  *** eSaliery <eSaliery!cgiirc@RED.JE.RED> has quit IRC (Quit: http://www.mibbit.com ajax IRC Client)
2013-09-02T06:13:54  *** eSaliery <eSaliery!cgiirc@RED.JE.RED> has joined #vranje
2013-09-02T06:13:54  <PENIS> [eSaliery] "Наше ће сјене ходати по Бечу, лутати по двору, плашити господу!"
2013-09-02T06:13:54  *** PENIS sets mode: +ao eSaliery eSaliery
2013-09-02T06:23:56  *** eSaliery <eSaliery!cgiirc@RED.JE.RED> has quit IRC (Quit: http://www.mibbit.com ajax IRC Client)
2013-09-02T10:07:55  *** MarkoMM95`sleep is now known as MarkoMM1995
2013-09-02T11:32:24  *** MarkoMM1995 is now known as MarkoMM95`AWAY
2013-09-02T14:11:53  *** gogimisko <gogimisko!~MarlonBru@gogimisko.AJKULE.eRepublik.rs> has joined #vranje
2013-09-02T14:11:53  <PENIS> [gogimisko] Заволео сам вас, јер сам имао прилику да упознам људе у пресудним тренуцима, када се, ваљда, једино може упознати карактер једне нације. o9
2013-09-02T14:11:53  *** PENIS sets mode: +qo gogimisko gogimisko
2013-09-02T15:11:27  *** gogimisko is now known as gogi_afk
2013-09-02T15:33:33  *** gogi_afk is now known as gogimisko
2013-09-02T15:57:04  *** gogimisko <gogimisko!~MarlonBru@gogimisko.AJKULE.eRepublik.rs> has quit IRC (Quit: Put me zove moram poci)
2013-09-02T16:54:16  *** gogimisko <gogimisko!~MarlonBru@gogimisko.AJKULE.eRepublik.rs> has joined #vranje
2013-09-02T16:54:16  <PENIS> [gogimisko] Заволео сам вас, јер сам имао прилику да упознам људе у пресудним тренуцима, када се, ваљда, једино може упознати карактер једне нације. o9
2013-09-02T16:54:16  *** PENIS sets mode: +qo gogimisko gogimisko
2013-09-02T17:05:02  *** gogimisko is now known as gogi_afk
2013-09-02T17:34:44  *** DonVitoCorleone <DonVitoCorleone!Stefan_Nin@Drzi.Prijatelje.BlizuA.Neprijatelje.Jos.Blize> has quit IRC (Killed (irc.siglost.com (4 joins/parts in #kraljeva_garda within 7 seconds.)))
2013-09-02T17:36:23  *** DonVitoCorleone <DonVitoCorleone!Stefan_Nin@Drzi.Prijatelje.Blizu.A.Neprijatelje.Jos.Blize> has joined #vranje
2013-09-02T17:36:23  <PENIS> [DonVitoCorleone] http://tinyurl.com/l3j2f48 http://www.youtube.com/watch?v=CR8logunPzQ
2013-09-02T17:36:23  *** PENIS sets mode: +o DonVitoCorleone
2013-09-02T17:36:27  <KG-Bot> Title: Novi Reporter - br. 153, 15/2/2006 (at tinyurl.com)
2013-09-02T18:01:07  *** gogi_afk is now known as gogimisko
2013-09-02T18:20:09  *** gogimisko is now known as gogi_afk
2013-09-02T18:51:51  *** MarkoMM95`AWAY is now known as MarkoMM1995
2013-09-02T19:33:38  *** gogimisko <gogimisko!~MarlonBru@gogimisko.AJKULE.eRepublik.rs> has joined #vranje
2013-09-02T19:33:39  <PENIS> [gogimisko] Заволео сам вас, јер сам имао прилику да упознам људе у пресудним тренуцима, када се, ваљда, једино може упознати карактер једне нације. o9
2013-09-02T19:33:39  *** PENIS sets mode: +qo gogimisko gogimisko
2013-09-02T19:35:49  *** gogi_afk <gogi_afk!~MarlonBru@gogimisko.AJKULE.eRepublik.rs> has quit IRC (Ping timeout: 240 seconds)
2013-09-02T20:35:41  *** gogimisko <gogimisko!~MarlonBru@gogimisko.AJKULE.eRepublik.rs> has quit IRC (Quit: Put me zove moram poci)
2013-09-02T22:44:56  *** eSaliery <eSaliery!cgiirc@RED.JE.RED> has joined #vranje
2013-09-02T22:44:56  <PENIS> [eSaliery] "Наше ће сјене ходати по Бечу, лутати по двору, плашити господу!"
2013-09-02T22:44:56  *** PENIS sets mode: +ao eSaliery eSaliery
2013-09-02T23:16:53  *** gogimisko <gogimisko!~MarlonBru@gogimisko.AJKULE.eRepublik.rs> has joined #vranje
2013-09-02T23:16:53  <PENIS> [gogimisko] Заволео сам вас, јер сам имао прилику да упознам људе у пресудним тренуцима, када се, ваљда, једино може упознати карактер једне нације. o9
2013-09-02T23:16:53  *** PENIS sets mode: +qo gogimisko gogimisko
2013-09-02T23:16:57  * gogimisko veze
2013-09-02T23:17:03  * gogimisko veze* :D
2013-09-02T23:17:22  * gogimisko vece :DD
2013-09-02T23:17:59  *** MarkoMM1995 is now known as MarkoMM95`sleep
2013-09-02T23:20:36  *** eSaliery <eSaliery!cgiirc@RED.JE.RED> has quit IRC (Quit: http://www.mibbit.com ajax IRC Client)
2013-09-02T23:53:48  *** gogimisko is now known as gogi_afk
2013-09-03T00:11:24  *** gogi_afk is now known as gogimisko
2013-09-03T00:24:32  <gogimisko> DonVitoCorleone: jel postoji komanda da vidim koji su sve ljudi na kanalu a da ne ulazim?
2013-09-03T00:24:44  <DonVitoCorleone> Ne
2013-09-03T00:24:49  <gogimisko> e bedak
2013-09-03T00:24:49  <gogimisko> :D
2013-09-03T00:35:06  *** gogimisko <gogimisko!~MarlonBru@gogimisko.AJKULE.eRepublik.rs> has quit IRC (Quit: Put me zove moram poci)
2013-09-03T04:35:51  *** KG|DonVitoCorleone <KG|DonVitoCorleone!~DonVitoCo@I-m.not.bot.this.is.just.another.bnc.profile> has quit IRC (Quit: Quit)
2013-09-03T07:17:27  *** DonVitoC- <DonVitoC-!~DonVitoCo@Rizon-4F80C23B.furryland.net> has joined #vranje
2013-09-03T11:10:25  *** MarkoMM95`sleep is now known as MarkoMM1995
2013-09-03T12:25:17  *** MarkoMM1995 is now known as MarkoMM95`AWAY
2013-09-03T13:55:25  *** gogimisko <gogimisko!~MarlonBru@gogimisko.AJKULE.eRepublik.rs> has joined #vranje
2013-09-03T13:55:25  <PENIS> [gogimisko] Заволео сам вас, јер сам имао прилику да упознам људе у пресудним тренуцима, када се, ваљда, једино може упознати карактер једне нације. o9
2013-09-03T13:55:25  *** PENIS sets mode: +qo gogimisko gogimisko
2013-09-03T13:55:28  <gogimisko> o/
2013-09-03T14:19:15  *** gogimisko <gogimisko!~MarlonBru@gogimisko.AJKULE.eRepublik.rs> has quit IRC (Quit: Put me zove moram poci)
2013-09-03T14:22:06  *** eSaliery <eSaliery!cgiirc@RED.JE.RED> has joined #vranje
2013-09-03T14:22:06  <PENIS> [eSaliery] "Наше ће сјене ходати по Бечу, лутати по двору, плашити господу!"
2013-09-03T14:22:06  *** PENIS sets mode: +ao eSaliery eSaliery
2013-09-03T14:40:13  *** gogimisko <gogimisko!~MarlonBru@gogimisko.AJKULE.eRepublik.rs> has joined #vranje
2013-09-03T14:40:13  <PENIS> [gogimisko] Заволео сам вас, јер сам имао прилику да упознам људе у пресудним тренуцима, када се, ваљда, једино може упознати карактер једне нације. o9
2013-09-03T14:40:13  *** PENIS sets mode: +qo gogimisko gogimisko
2013-09-03T14:41:45  *** gogimisko is now known as AJKULE_gogimisko
2013-09-03T14:44:56  *** eSaliery <eSaliery!cgiirc@RED.JE.RED> has quit IRC (Quit: http://www.mibbit.com ajax IRC Client)
2013-09-03T14:55:06  *** AJKULE_gogimisko is now known as AJKULE_gogimiskoTENK
2013-09-03T14:55:43  *** AJKULE_gogimiskoTENK is now known as gogimisko
2013-09-03T17:21:32  *** gogimisko <gogimisko!~MarlonBru@gogimisko.AJKULE.eRepublik.rs> has quit IRC (Quit: Put me zove moram poci)
2013-09-03T17:57:14  *** MarkoMM95`AWAY is now known as MarkoMM1995
2013-09-03T18:11:42  *** eSaliery <eSaliery!cgiirc@RED.JE.RED> has joined #vranje
2013-09-03T18:11:42  <PENIS> [eSaliery] "Наше ће сјене ходати по Бечу, лутати по двору, плашити господу!"
2013-09-03T18:11:42  *** PENIS sets mode: +ao eSaliery eSaliery
2013-09-03T18:13:50  *** eSaliery is now known as [VeS]RSDj_eSaliery
2013-09-03T19:03:16  *** [VeS]RSDj_eSaliery <[VeS]RSDj_eSaliery!cgiirc@RED.JE.RED> has quit IRC (Quit: http://www.mibbit.com ajax IRC Client)
2013-09-03T19:46:31  *** gogimisko <gogimisko!~MarlonBru@gogimisko.AJKULE.eRepublik.rs> has joined #vranje
2013-09-03T19:46:32  <PENIS> [gogimisko] Заволео сам вас, јер сам имао прилику да упознам људе у пресудним тренуцима, када се, ваљда, једино може упознати карактер једне нације. o9
2013-09-03T19:46:32  *** PENIS sets mode: +qo gogimisko gogimisko
2013-09-03T22:47:25  *** eSaliery <eSaliery!cgiirc@RED.JE.RED> has joined #vranje
2013-09-03T22:47:25  <PENIS> [eSaliery] "Наше ће сјене ходати по Бечу, лутати по двору, плашити господу!"
2013-09-03T22:47:25  *** PENIS sets mode: +ao eSaliery eSaliery
2013-09-03T22:55:36  <gogimisko> eSaliery: jel si se prebacio u ekonomsku?
2013-09-03T22:55:59  <MarkoMM1995> e moji skolarci :D
2013-09-03T22:56:40  <gogimisko> e moji
2013-09-03T22:57:33  <eSaliery> gogimisko
2013-09-03T22:57:35  <eSaliery> nmg ti pisem 2 puta :D
2013-09-03T22:57:51  <gogimisko> sho be?
2013-09-03T22:58:03  <gogimisko> pa sto nemoz' se prebacis?
2013-09-03T23:31:49  *** MarkoMM1995 is now known as MarkoMM95`sleep
2013-09-04T00:06:24  *** eSaliery <eSaliery!cgiirc@RED.JE.RED> has quit IRC (Quit: http://www.mibbit.com ajax IRC Client)
2013-09-04T00:39:14  * gogimisko ln
2013-09-04T00:39:25  *** gogimisko <gogimisko!~MarlonBru@gogimisko.AJKULE.eRepublik.rs> has quit IRC (Quit: Put me zove moram poci)
2013-09-04T11:31:05  *** MarkoMM95`sleep is now known as MarkoMM1995
2013-09-04T13:55:24  *** eSaliery <eSaliery!cgiirc@RED.JE.RED> has joined #vranje
2013-09-04T13:55:24  <PENIS> [eSaliery] "Наше ће сјене ходати по Бечу, лутати по двору, плашити господу!"
2013-09-04T13:55:24  *** PENIS sets mode: +ao eSaliery eSaliery
2013-09-04T14:19:09  *** MarkoMM1995 is now known as MarkoMM95`AWAY
2013-09-04T14:23:38  *** gogimisko <gogimisko!~MarlonBru@gogimisko.AJKULE.eRepublik.rs> has joined #vranje
2013-09-04T14:23:38  <PENIS> [gogimisko] Заволео сам вас, јер сам имао прилику да упознам људе у пресудним тренуцима, када се, ваљда, једино може упознати карактер једне нације. o9
2013-09-04T14:23:38  *** PENIS sets mode: +qo gogimisko gogimisko
2013-09-04T14:24:27  <gogimisko> o9
2013-09-04T14:44:06  *** eSaliery <eSaliery!cgiirc@RED.JE.RED> has quit IRC (Quit: http://www.mibbit.com ajax IRC Client)
2013-09-04T16:04:15  *** gogimisko is now known as AJKULE_gogimisko
2013-09-04T16:47:26  *** eSaliery <eSaliery!cgiirc@RED.JE.RED> has joined #vranje
2013-09-04T16:47:26  <PENIS> [eSaliery] "Наше ће сјене ходати по Бечу, лутати по двору, плашити господу!"
2013-09-04T16:47:26  *** PENIS sets mode: +ao eSaliery eSaliery
2013-09-04T16:55:34  *** eSaliery <eSaliery!cgiirc@RED.JE.RED> has quit IRC ()
2013-09-04T17:03:14  *** AJKULE_gogimisko <AJKULE_gogimisko!~MarlonBru@gogimisko.AJKULE.eRepublik.rs> has quit IRC (Quit: Put me zove moram poci)
2013-09-04T18:39:48  *** eSaliery <eSaliery!cgiirc@RED.JE.RED> has joined #vranje
2013-09-04T18:39:48  <PENIS> [eSaliery] "Наше ће сјене ходати по Бечу, лутати по двору, плашити господу!"
2013-09-04T18:39:48  *** PENIS sets mode: +ao eSaliery eSaliery
2013-09-04T18:59:09  *** eSaliery <eSaliery!cgiirc@RED.JE.RED> has quit IRC (Quit: http://www.mibbit.com ajax IRC Client)
2013-09-04T19:12:33  *** MarkoMM95`AWAY is now known as MarkoMM1995
2013-09-04T20:29:22  *** eSaliery <eSaliery!cgiirc@RED.JE.RED> has joined #vranje
2013-09-04T20:29:22  <PENIS> [eSaliery] "Наше ће сјене ходати по Бечу, лутати по двору, плашити господу!"
2013-09-04T20:29:22  *** PENIS sets mode: +ao eSaliery eSaliery
2013-09-04T21:32:03  *** eSaliery <eSaliery!cgiirc@RED.JE.RED> has quit IRC (Quit: http://www.mibbit.com ajax IRC Client)
2013-09-04T23:16:18  *** eSaliery <eSaliery!cgiirc@RED.JE.RED> has joined #vranje
2013-09-04T23:16:18  <PENIS> [eSaliery] "Наше ће сјене ходати по Бечу, лутати по двору, плашити господу!"
2013-09-04T23:16:18  *** PENIS sets mode: +ao eSaliery eSaliery
2013-09-04T23:36:09  *** eSaliery <eSaliery!cgiirc@RED.JE.RED> has quit IRC (Quit: http://www.mibbit.com ajax IRC Client)
2013-09-04T23:47:30  *** MarkoMM1995 is now known as MarkoMM95`sleep
2013-09-04T23:52:17  *** gogimisko <gogimisko!~MarlonBru@gogimisko.AJKULE.eRepublik.rs> has joined #vranje
2013-09-04T23:52:18  <PENIS> [gogimisko] Заволео сам вас, јер сам имао прилику да упознам људе у пресудним тренуцима, када се, ваљда, једино може упознати карактер једне нације. o9
2013-09-04T23:52:18  *** PENIS sets mode: +qo gogimisko gogimisko
2013-09-05T00:16:31  *** gogimisko <gogimisko!~MarlonBru@gogimisko.AJKULE.eRepublik.rs> has quit IRC (Quit: Put me zove moram poci)
2013-09-05T02:09:37  *** KG|DonVitoCorleone <KG|DonVitoCorleone!~Kraljeva-@I-m.not.bot.this.is.just.another.bnc.profile> has joined #vranje
2013-09-05T02:09:37  <PENIS> [KG|DonVitoCorleone] http://tinyurl.com/l3j2f48 http://www.youtube.com/watch?v=CR8logunPzQ
2013-09-05T02:09:37  *** PENIS sets mode: +o KG|DonVitoCorleone
2013-09-05T02:09:39  <KG-Bot> Title: Novi Reporter - br. 153, 15/2/2006 (at tinyurl.com)
2013-09-05T02:18:07  *** DonVitoCorleone is now known as FurryLand
2013-09-05T02:18:55  *** KG|DonVitoCorleone is now known as DonVitoCorleone
2013-09-05T11:40:14  *** MarkoMM95`sleep is now known as MarkoMM1995
2013-09-05T14:04:13  *** gogimisko <gogimisko!~MarlonBru@gogimisko.AJKULE.eRepublik.rs> has joined #vranje
2013-09-05T14:04:14  <PENIS> [gogimisko] Заволео сам вас, јер сам имао прилику да упознам људе у пресудним тренуцима, када се, ваљда, једино може упознати карактер једне нације. o9
2013-09-05T14:04:14  *** PENIS sets mode: +qo gogimisko gogimisko
2013-09-05T14:43:42  *** MarkoMM1995 is now known as MarkoMM95`AWAY
2013-09-05T16:50:40  *** gogimisko is now known as gogi_afk
2013-09-05T17:02:14  *** eSaliery <eSaliery!cgiirc@RED.JE.RED> has joined #vranje
2013-09-05T17:02:14  <PENIS> [eSaliery] "Наше ће сјене ходати по Бечу, лутати по двору, плашити господу!"
2013-09-05T17:02:14  *** PENIS sets mode: +ao eSaliery eSaliery
2013-09-05T17:38:14  *** eSaliery <eSaliery!cgiirc@RED.JE.RED> has quit IRC (Quit: http://www.mibbit.com ajax IRC Client)
2013-09-05T20:10:08  *** MarkoMM95`AWAY is now known as MarkoMM1995
2013-09-05T20:39:02  *** gogi_afk <gogi_afk!~MarlonBru@gogimisko.AJKULE.eRepublik.rs> has quit IRC (Quit: Put me zove moram poci)
2013-09-05T22:30:56  *** eSaliery <eSaliery!cgiirc@RED.JE.RED> has joined #vranje
2013-09-05T22:30:57  <PENIS> [eSaliery] "Наше ће сјене ходати по Бечу, лутати по двору, плашити господу!"
2013-09-05T22:30:57  *** PENIS sets mode: +ao eSaliery eSaliery
2013-09-05T23:19:30  *** gogimisko <gogimisko!~MarlonBru@gogimisko.AJKULE.eRepublik.rs> has joined #vranje
2013-09-05T23:19:30  <PENIS> [gogimisko] Заволео сам вас, јер сам имао прилику да упознам људе у пресудним тренуцима, када се, ваљда, једино може упознати карактер једне нације. o9
2013-09-05T23:19:30  *** PENIS sets mode: +qo gogimisko gogimisko
2013-09-05T23:23:23  *** MarkoMM1995 is now known as MarkoM95`sleep
2013-09-05T23:37:23  *** eSaliery <eSaliery!cgiirc@RED.JE.RED> has quit IRC (Quit: http://www.mibbit.com ajax IRC Client)
2013-09-05T23:56:17  * gogimisko aj laku noc
2013-09-05T23:56:48  *** gogimisko <gogimisko!~MarlonBru@gogimisko.AJKULE.eRepublik.rs> has quit IRC (Quit: Put me zove moram poci)
2013-09-06T13:14:19  *** eSaliery <eSaliery!cgiirc@RED.JE.RED> has joined #vranje
2013-09-06T13:14:19  <PENIS> [eSaliery] "Наше ће сјене ходати по Бечу, лутати по двору, плашити господу!"
2013-09-06T13:14:19  *** PENIS sets mode: +ao eSaliery eSaliery
2013-09-06T13:20:22  *** eSaliery <eSaliery!cgiirc@RED.JE.RED> has quit IRC ()
2013-09-06T13:34:42  *** eSaliery <eSaliery!cgiirc@RED.JE.RED> has joined #vranje
2013-09-06T13:34:42  <PENIS> [eSaliery] "Наше ће сјене ходати по Бечу, лутати по двору, плашити господу!"
2013-09-06T13:34:42  *** PENIS sets mode: +ao eSaliery eSaliery
2013-09-06T14:22:07  *** gogimisko <gogimisko!~MarlonBru@gogimisko.AJKULE.eRepublik.rs> has joined #vranje
2013-09-06T14:22:07  <PENIS> [gogimisko] Заволео сам вас, јер сам имао прилику да упознам људе у пресудним тренуцима, када се, ваљда, једино може упознати карактер једне нације. o9
2013-09-06T14:22:07  *** PENIS sets mode: +qo gogimisko gogimisko
2013-09-06T14:25:53  <gogimisko> gde ste bre decaci
2013-09-06T14:25:54  <gogimisko> :D
2013-09-06T14:46:27  *** eSaliery <eSaliery!cgiirc@RED.JE.RED> has quit IRC (Quit: http://www.mibbit.com ajax IRC Client)
2013-09-06T15:04:44  *** MarkoM95`sleep is now known as MarkoMM1995
2013-09-06T15:37:51  *** gogimisko is now known as gogi_vecera
2013-09-06T15:53:24  *** gogi_vecera is now known as gogimisko
2013-09-06T15:54:03  *** MarkoMM1995 is now known as MarkoM95`AWAY
2013-09-06T17:44:24  *** eSaliery <eSaliery!cgiirc@RED.JE.RED> has joined #vranje
2013-09-06T17:44:24  <PENIS> [eSaliery] "Наше ће сјене ходати по Бечу, лутати по двору, плашити господу!"
2013-09-06T17:44:24  *** PENIS sets mode: +ao eSaliery eSaliery
2013-09-06T18:22:07  *** MarkoM95`AWAY is now known as MarkoM1995
2013-09-06T18:32:36  *** MarkoM1995 is now known as Cika_Sloba
2013-09-06T18:37:24  *** eSaliery <eSaliery!cgiirc@RED.JE.RED> has quit IRC (Quit: http://www.mibbit.com ajax IRC Client)
2013-09-06T18:45:03  *** Cika_Sloba is now known as MarkoM1995
2013-09-06T18:46:58  *** gogimisko <gogimisko!~MarlonBru@gogimisko.AJKULE.eRepublik.rs> has left #vranje (Put me zove moram poci)
2013-09-06T19:12:27  *** MarkoM1995 is now known as MarkoM95`AWAY
2013-09-06T19:26:44  *** eSaliery <eSaliery!cgiirc@RED.JE.RED> has joined #vranje
2013-09-06T19:26:44  <PENIS> [eSaliery] "Наше ће сјене ходати по Бечу, лутати по двору, плашити господу!"
2013-09-06T19:26:44  *** PENIS sets mode: +ao eSaliery eSaliery
2013-09-06T19:33:43  *** eSaliery <eSaliery!cgiirc@RED.JE.RED> has quit IRC ()
2013-09-06T19:51:56  *** gogimisko <gogimisko!~MarlonBru@gogimisko.AJKULE.eRepublik.rs> has joined #vranje
2013-09-06T19:51:57  <PENIS> [gogimisko] Заволео сам вас, јер сам имао прилику да упознам људе у пресудним тренуцима, када се, ваљда, једино може упознати карактер једне нације. o9
2013-09-06T19:51:57  *** PENIS sets mode: +qo gogimisko gogimisko
2013-09-06T19:52:11  *** gogimisko <gogimisko!~MarlonBru@gogimisko.AJKULE.eRepublik.rs> has left #vranje
2013-09-06T19:54:44  <KG-Bot> Announcement from my owner (DonVitoCorleone): eRepublik komande ne rade dok se ne popravi stanje sa eRep serverima. Hvala na razumevanju. :)
2013-09-06T20:16:37  *** MarkoM95`AWAY is now known as MarkoMM1995
2013-09-06T20:54:41  *** eSaliery <eSaliery!cgiirc@RED.JE.RED> has joined #vranje
2013-09-06T20:54:41  <PENIS> [eSaliery] "Наше ће сјене ходати по Бечу, лутати по двору, плашити господу!"
2013-09-06T20:54:41  *** PENIS sets mode: +ao eSaliery eSaliery
2013-09-06T21:21:10  *** NavijacUsrcu <NavijacUsrcu!cgiirc@596049C3.DB869F31.BE35C02.IP> has joined #vranje
2013-09-06T21:21:12  *** NavijacUsrcu <NavijacUsrcu!cgiirc@596049C3.DB869F31.BE35C02.IP> has quit IRC (Remote host closed the connection)
2013-09-06T22:27:33  *** eSaliery <eSaliery!cgiirc@RED.JE.RED> has quit IRC (Quit: http://www.mibbit.com ajax IRC Client)
2013-09-06T22:40:24  *** MarkoMM1995 is now known as MarkoM95`sleep
2013-09-06T22:42:03  *** pajkela <pajkela!cgiirc@Rizon-7ABF717.mbb.telenor.rs> has joined #vranje
2013-09-06T22:42:16  <pajkela> o vranjanci
2013-09-06T22:42:19  <pajkela> di ste
2013-09-06T22:42:32  *** pajkela <pajkela!cgiirc@Rizon-7ABF717.mbb.telenor.rs> has left #vranje
2013-09-07T12:26:22  *** MarkoM95`sleep is now known as MarkoMM1995
2013-09-07T12:30:08  *** eSaliery <eSaliery!cgiirc@RED.JE.RED> has joined #vranje
2013-09-07T12:30:08  <PENIS> [eSaliery] "Наше ће сјене ходати по Бечу, лутати по двору, плашити господу!"
2013-09-07T12:30:08  *** PENIS sets mode: +ao eSaliery eSaliery
2013-09-07T12:59:12  *** Radi33 <Radi33!qwebirc@5785C7D6.91DE62B4.6503AC3A.IP> has joined #vranje
2013-09-07T13:00:08  *** eSaliery <eSaliery!cgiirc@RED.JE.RED> has quit IRC (Quit: http://www.mibbit.com ajax IRC Client)
2013-09-07T13:39:10  *** MarkoMM1995 is now known as MarkoM95`AWAY
2013-09-07T15:04:47  *** eSaliery <eSaliery!cgiirc@RED.JE.RED> has joined #vranje
2013-09-07T15:04:47  <PENIS> [eSaliery] "Наше ће сјене ходати по Бечу, лутати по двору, плашити господу!"
2013-09-07T15:04:47  *** PENIS sets mode: +ao eSaliery eSaliery
2013-09-07T15:15:46  *** Radi33 <Radi33!qwebirc@5785C7D6.91DE62B4.6503AC3A.IP> has quit IRC (Ping timeout: 240 seconds)
2013-09-07T15:24:38  *** eSaliery <eSaliery!cgiirc@RED.JE.RED> has quit IRC (Quit: http://www.mibbit.com ajax IRC Client)
2013-09-07T15:24:44  *** eSaliery <eSaliery!cgiirc@RED.JE.RED> has joined #vranje
2013-09-07T15:24:44  <PENIS> [eSaliery] Este mi dobriii !? :D http://www.youtube.com/watch?v=I1pBX_-OVUI
2013-09-07T15:24:44  *** PENIS sets mode: +ao eSaliery eSaliery
2013-09-07T15:24:45  <KG-Bot> Title: Bad Copy - Esi Mi Dobar - YouTube (at www.youtube.com)
2013-09-07T15:25:58  *** eSaliery is now known as eSaliery_usisujem
2013-09-07T15:33:10  *** eSaliery_usisujem is now known as eSaliery_AFK
2013-09-07T15:53:35  *** eSaliery_AFK <eSaliery_AFK!cgiirc@RED.JE.RED> has quit IRC (Quit: http://www.mibbit.com ajax IRC Client)
2013-09-07T16:50:15  *** MarkoM95`AWAY is now known as MarkoMM1995
2013-09-07T18:48:37  *** MarkoMM1995 is now known as MarkoM95`AWAY
2013-09-07T19:10:39  *** eSaliery <eSaliery!cgiirc@RED.JE.RED> has joined #vranje
2013-09-07T19:10:40  <PENIS> [eSaliery] Este mi dobriii !? :D http://www.youtube.com/watch?v=I1pBX_-OVUI
2013-09-07T19:10:40  *** PENIS sets mode: +ao eSaliery eSaliery
2013-09-07T19:10:41  <KG-Bot> Title: Bad Copy - Esi Mi Dobar - YouTube (at www.youtube.com)
2013-09-07T19:33:26  *** eSaliery <eSaliery!cgiirc@RED.JE.RED> has quit IRC (Quit: http://www.mibbit.com ajax IRC Client)
2013-09-07T19:55:42  *** MarkoM95`AWAY is now known as MarkoMM1995
2013-09-07T20:12:01  *** MarkoMM1995 is now known as MarkoM95`AWAY
2013-09-07T20:33:21  *** MarkoM95`AWAY is now known as MarkoMM1995
2013-09-07T20:34:57  *** eSaliery <eSaliery!cgiirc@RED.JE.RED> has joined #vranje
2013-09-07T20:34:57  <PENIS> [eSaliery] Este mi dobriii !? :D http://www.youtube.com/watch?v=I1pBX_-OVUI
2013-09-07T20:34:57  *** PENIS sets mode: +ao eSaliery eSaliery
2013-09-07T20:34:58  <KG-Bot> Title: Bad Copy - Esi Mi Dobar - YouTube (at www.youtube.com)
2013-09-07T20:51:39  *** eSaliery <eSaliery!cgiirc@RED.JE.RED> has quit IRC (Quit: http://www.mibbit.com ajax IRC Client)
2013-09-07T23:20:14  *** MarkoMM1995 is now known as MarkoM95`sleep
2013-09-07T23:51:45  <KG-Bot> Announcement from my owner (DonVitoCorleone): eRepublik plugin won't work for some time, API is perma disabled and everything must be made from scratch
2013-09-08T00:21:11  *** eSaliery <eSaliery!cgiirc@RED.JE.RED> has joined #vranje
2013-09-08T00:21:11  <PENIS> [eSaliery] Este mi dobriii !? :D http://www.youtube.com/watch?v=I1pBX_-OVUI
2013-09-08T00:21:11  *** PENIS sets mode: +ao eSaliery eSaliery
2013-09-08T00:21:12  <KG-Bot> Title: Bad Copy - Esi Mi Dobar - YouTube (at www.youtube.com)
2013-09-08T00:48:20  *** eSaliery <eSaliery!cgiirc@RED.JE.RED> has quit IRC (Quit: http://www.mibbit.com ajax IRC Client)
2013-09-08T11:10:31  *** eSaliery <eSaliery!cgiirc@RED.JE.RED> has joined #vranje
2013-09-08T11:10:31  <PENIS> [eSaliery] Este mi dobriii !? :D http://www.youtube.com/watch?v=I1pBX_-OVUI
2013-09-08T11:10:31  *** PENIS sets mode: +ao eSaliery eSaliery
2013-09-08T11:10:32  <KG-Bot> Title: Bad Copy - Esi Mi Dobar - YouTube (at www.youtube.com)
2013-09-08T11:15:49  *** eSaliery <eSaliery!cgiirc@RED.JE.RED> has quit IRC ()
2013-09-08T11:30:04  *** MarkoM95`sleep is now known as MarkoMM1995
2013-09-08T11:59:44  *** eSaliery <eSaliery!cgiirc@RED.JE.RED> has joined #vranje
2013-09-08T11:59:44  <PENIS> [eSaliery] Este mi dobriii !? :D http://www.youtube.com/watch?v=I1pBX_-OVUI
2013-09-08T11:59:44  *** PENIS sets mode: +ao eSaliery eSaliery
2013-09-08T11:59:45  <KG-Bot> Title: Bad Copy - Esi Mi Dobar - YouTube (at www.youtube.com)
2013-09-08T12:18:22  *** eSaliery <eSaliery!cgiirc@RED.JE.RED> has quit IRC (Quit: http://www.mibbit.com ajax IRC Client)
2013-09-08T13:29:47  *** MarkoMM1995 is now known as MarkoM95`AWAY
2013-09-08T13:33:35  *** eSaliery <eSaliery!cgiirc@RED.JE.RED> has joined #vranje
2013-09-08T13:33:35  <PENIS> [eSaliery] Este mi dobriii !? :D http://www.youtube.com/watch?v=I1pBX_-OVUI
2013-09-08T13:33:35  *** PENIS sets mode: +ao eSaliery eSaliery
2013-09-08T13:33:36  <KG-Bot> Title: Bad Copy - Esi Mi Dobar - YouTube (at www.youtube.com)
2013-09-08T14:40:36  *** eSaliery <eSaliery!cgiirc@RED.JE.RED> has quit IRC (Quit: http://www.mibbit.com ajax IRC Client)
2013-09-08T17:24:21  *** eSaliery <eSaliery!cgiirc@RED.JE.RED> has joined #vranje
2013-09-08T17:24:21  <PENIS> [eSaliery] Este mi dobriii !? :D http://www.youtube.com/watch?v=I1pBX_-OVUI
2013-09-08T17:24:21  *** PENIS sets mode: +ao eSaliery eSaliery
2013-09-08T17:24:22  <KG-Bot> Title: Bad Copy - Esi Mi Dobar - YouTube (at www.youtube.com)
2013-09-08T17:39:47  *** eSaliery <eSaliery!cgiirc@RED.JE.RED> has quit IRC (Quit: http://www.mibbit.com ajax IRC Client)
2013-09-08T18:40:38  *** MarkoM95`AWAY is now known as MarkoMM1995
2013-09-08T18:59:30  *** eSaliery <eSaliery!cgiirc@RED.JE.RED> has joined #vranje
2013-09-08T18:59:30  <PENIS> [eSaliery] Este mi dobriii !? :D http://www.youtube.com/watch?v=I1pBX_-OVUI
2013-09-08T18:59:30  *** PENIS sets mode: +ao eSaliery eSaliery
2013-09-08T18:59:31  <KG-Bot> Title: Bad Copy - Esi Mi Dobar - YouTube (at www.youtube.com)
2013-09-08T19:56:07  *** eSaliery <eSaliery!cgiirc@RED.JE.RED> has quit IRC (Quit: http://www.mibbit.com ajax IRC Client)
2013-09-08T23:35:36  *** MarkoMM1995 is now known as MarkoM95`sleep
2013-09-09T10:44:51  *** eSaliery <eSaliery!cgiirc@RED.JE.RED> has joined #vranje
2013-09-09T10:44:51  <PENIS> [eSaliery] Este mi dobriii !? :D http://www.youtube.com/watch?v=I1pBX_-OVUI
2013-09-09T10:44:51  *** PENIS sets mode: +ao eSaliery eSaliery
2013-09-09T10:44:51  <KG-Bot> Title: Bad Copy - Esi Mi Dobar  Views: 301702  Rating: n/a  
2013-09-09T11:20:24  *** eSaliery <eSaliery!cgiirc@RED.JE.RED> has quit IRC (Quit: http://www.mibbit.com ajax IRC Client)
2013-09-09T12:36:41  *** eSaliery <eSaliery!cgiirc@RED.JE.RED> has joined #vranje
2013-09-09T12:36:41  <PENIS> [eSaliery] Este mi dobriii !? :D http://www.youtube.com/watch?v=I1pBX_-OVUI
2013-09-09T12:36:41  <KG-Bot> Title: Bad Copy - Esi Mi Dobar  Views: 301750  Rating: n/a  
2013-09-09T12:36:41  *** PENIS sets mode: +ao eSaliery eSaliery
2013-09-09T12:44:46  *** eSaliery <eSaliery!cgiirc@RED.JE.RED> has quit IRC ()
2013-09-09T13:06:00  *** MarkoM95`sleep is now known as MarkoMM1995
2013-09-09T13:17:31  *** MarkoMM1995 is now known as MarkoM95`AWAY
2013-09-09T15:18:03  *** MarkoM95`AWAY is now known as MarkoMM1995
2013-09-09T15:28:55  *** MarkoMM1995 is now known as MarkoM95`AWAY
2013-09-09T19:38:54  *** MarkoM95`AWAY is now known as MarkoMM1995
2013-09-09T19:56:24  *** eSaliery <eSaliery!cgiirc@RED.JE.RED> has joined #vranje
2013-09-09T19:56:25  <PENIS> [eSaliery] Este mi dobriii !? :D http://www.youtube.com/watch?v=I1pBX_-OVUI
2013-09-09T19:56:25  *** PENIS sets mode: +ao eSaliery eSaliery
2013-09-09T19:56:25  <KG-Bot> Title: Bad Copy - Esi Mi Dobar  Views: 302214  Rating: n/a  
2013-09-09T20:18:24  *** eSaliery <eSaliery!cgiirc@RED.JE.RED> has quit IRC (Quit: http://www.mibbit.com ajax IRC Client)
2013-09-09T22:03:30  *** eSaliery <eSaliery!cgiirc@RED.JE.RED> has joined #vranje
2013-09-09T22:03:30  <PENIS> [eSaliery] Este mi dobriii !? :D http://www.youtube.com/watch?v=I1pBX_-OVUI
2013-09-09T22:03:30  *** PENIS sets mode: +ao eSaliery eSaliery
2013-09-09T22:03:30  <KG-Bot> Title: Bad Copy - Esi Mi Dobar  Views: 302414  Rating: n/a  
2013-09-09T22:05:14  *** MarkoMM1995 is now known as MarkoM95|STRUZEM|DRVA
2013-09-09T22:14:39  *** MarkoM95|STRUZEM|DRVA is now known as MarkoMM1995
2013-09-09T22:21:15  *** eSaliery <eSaliery!cgiirc@RED.JE.RED> has quit IRC (Connection closed)
2013-09-09T22:21:58  *** MarkoMM1995 is now known as MarkoM95`sleep
2013-09-09T22:56:36  *** eSaliery <eSaliery!cgiirc@RED.JE.RED> has joined #vranje
2013-09-09T22:56:37  <PENIS> [eSaliery] Este mi dobriii !? :D http://www.youtube.com/watch?v=I1pBX_-OVUI
2013-09-09T22:56:37  *** PENIS sets mode: +ao eSaliery eSaliery
2013-09-09T22:56:37  <KG-Bot> Title: Bad Copy - Esi Mi Dobar  Views: 302496  Rating: n/a  
2013-09-09T23:24:01  *** eSaliery <eSaliery!cgiirc@RED.JE.RED> has quit IRC (Quit: http://www.mibbit.com ajax IRC Client)
2013-09-10T11:15:11  *** eSaliery <eSaliery!cgiirc@RED.JE.RED> has joined #vranje
2013-09-10T11:15:11  <PENIS> [eSaliery] Este mi dobriii !? :D http://www.youtube.com/watch?v=I1pBX_-OVUI
2013-09-10T11:15:11  *** PENIS sets mode: +ao eSaliery eSaliery
2013-09-10T11:15:11  <KG-Bot> Title: Bad Copy - Esi Mi Dobar  Views: 303212  Rating: n/a  
2013-09-10T11:38:14  *** MarkoM95`sleep is now known as MarkoMM1995
2013-09-10T11:44:07  *** MarkoMM1995 is now known as MarkoM95`AWAY
2013-09-10T12:49:37  *** eSaliery <eSaliery!cgiirc@RED.JE.RED> has quit IRC (Quit: http://www.mibbit.com ajax IRC Client)
2013-09-10T19:28:35  *** MarkoM95`AWAY is now known as MarkoMM1995
2013-09-10T19:45:32  *** eSaliery <eSaliery!cgiirc@RED.JE.RED> has joined #vranje
2013-09-10T19:45:32  <PENIS> [eSaliery] Este mi dobriii !? :D http://www.youtube.com/watch?v=I1pBX_-OVUI
2013-09-10T19:45:32  *** PENIS sets mode: +ao eSaliery eSaliery
2013-09-10T19:45:32  <KG-Bot> Title: Bad Copy - Esi Mi Dobar  Views: 303777  Rating: n/a  
2013-09-10T20:25:13  *** eSaliery <eSaliery!cgiirc@RED.JE.RED> has quit IRC (Quit: http://www.mibbit.com ajax IRC Client)
2013-09-10T20:26:22  *** MarkoMM1995 is now known as MarkoM95`sleep
2013-09-10T21:07:19  *** MarkoM95`sleep is now known as MarkoMM1995
2013-09-10T21:07:33  *** MarkoMM1995 is now known as MarkoM95`sleep
2013-09-10T22:34:30  *** eSaliery <eSaliery!cgiirc@RED.JE.RED> has joined #vranje
2013-09-10T22:34:30  <PENIS> [eSaliery] Este mi dobriii !? :D http://www.youtube.com/watch?v=I1pBX_-OVUI
2013-09-10T22:34:30  *** PENIS sets mode: +ao eSaliery eSaliery
2013-09-10T22:34:30  <KG-Bot> Title: Bad Copy - Esi Mi Dobar  Views: 303960  Rating: n/a  
2013-09-10T23:33:37  *** eSaliery <eSaliery!cgiirc@RED.JE.RED> has quit IRC (Quit: http://www.mibbit.com ajax IRC Client)
2013-09-11T11:13:20  *** eSaliery <eSaliery!cgiirc@RED.JE.RED> has joined #vranje
2013-09-11T11:13:20  <PENIS> [eSaliery] Este mi dobriii !? :D http://www.youtube.com/watch?v=I1pBX_-OVUI
2013-09-11T11:13:20  <KG-Bot> Title: Bad Copy - Esi Mi Dobar  Views: 304710  Rating: n/a  
2013-09-11T11:13:20  *** PENIS sets mode: +ao eSaliery eSaliery
2013-09-11T12:06:29  *** eSaliery <eSaliery!cgiirc@RED.JE.RED> has quit IRC (Quit: http://www.mibbit.com ajax IRC Client)
2013-09-11T19:50:54  *** eSaliery <eSaliery!cgiirc@RED.JE.RED> has joined #vranje
2013-09-11T19:50:54  <PENIS> [eSaliery] Este mi dobriii !? :D http://www.youtube.com/watch?v=I1pBX_-OVUI
2013-09-11T19:50:54  *** PENIS sets mode: +ao eSaliery eSaliery
2013-09-11T19:50:54  <KG-Bot> Title: Bad Copy - Esi Mi Dobar  Views: 305164  Rating: n/a  
2013-09-11T20:10:30  *** eSaliery <eSaliery!cgiirc@RED.JE.RED> has quit IRC (Quit: http://www.mibbit.com ajax IRC Client)
2013-09-11T22:40:51  *** eSaliery <eSaliery!cgiirc@RED.JE.RED> has joined #vranje
2013-09-11T22:40:51  <PENIS> [eSaliery] Este mi dobriii !? :D http://www.youtube.com/watch?v=I1pBX_-OVUI
2013-09-11T22:40:51  *** PENIS sets mode: +ao eSaliery eSaliery
2013-09-11T22:40:51  <KG-Bot> Title: Bad Copy - Esi Mi Dobar  Views: 305377  Rating: n/a  
2013-09-11T22:47:14  *** MarkoM95`sleep is now known as MarkoMM1995
2013-09-11T23:12:40  *** MarkoMM1995 is now known as MarkoM95`sleep
2013-09-11T23:29:50  *** eSaliery <eSaliery!cgiirc@RED.JE.RED> has quit IRC (Quit: http://www.mibbit.com ajax IRC Client)
2013-09-12T19:22:33  *** KG-Bot <KG-Bot!~KraljevaG@Kraljeva.Garda.official.bot> has joined #vranje
2013-09-12T19:24:22  *** KG-Bot <KG-Bot!~KraljevaG@Kraljeva.Garda.official.bot> has joined #vranje
2013-09-12T19:24:27  <PENIS> [KG-Bot] http://tinyurl.com/l3j2f48 http://www.youtube.com/watch?v=CR8logunPzQ
2013-09-12T19:24:27  *** PENIS sets mode: +o KG-Bot
2013-09-12T19:25:47  <KG-Bot> Title: Novi Reporter - br. 153, 15/2/2006 (at tinyurl.com)
2013-09-12T19:49:18  *** eSaliery <eSaliery!cgiirc@RED.JE.RED> has joined #vranje
2013-09-12T19:49:18  <PENIS> [eSaliery] Este mi dobriii !? :D http://www.youtube.com/watch?v=I1pBX_-OVUI
2013-09-12T19:49:18  *** PENIS sets mode: +ao eSaliery eSaliery
2013-09-12T19:49:18  <KG-Bot> Title: Bad Copy - Esi Mi Dobar - YouTube (at www.youtube.com)
2013-09-12T20:07:08  *** eSaliery <eSaliery!cgiirc@RED.JE.RED> has quit IRC (Quit: http://www.mibbit.com ajax IRC Client)
2013-09-12T20:50:56  *** MarkoM95`sleep is now known as MarkoMM1995
2013-09-12T20:51:21  *** eSaliery <eSaliery!cgiirc@RED.JE.RED> has joined #vranje
2013-09-12T20:51:21  <PENIS> [eSaliery] Este mi dobriii !? :D http://www.youtube.com/watch?v=I1pBX_-OVUI
2013-09-12T20:51:21  *** PENIS sets mode: +ao eSaliery eSaliery
2013-09-12T20:51:21  <KG-Bot> Title: Bad Copy - Esi Mi Dobar - YouTube (at www.youtube.com)
2013-09-12T21:45:38  *** MarkoMM1995 is now known as MarkoM95`sleep
2013-09-12T22:30:42  *** eSaliery <eSaliery!cgiirc@RED.JE.RED> has quit IRC (Quit: http://www.mibbit.com ajax IRC Client)
2013-09-12T23:47:54  *** eSaliery <eSaliery!cgiirc@RED.JE.RED> has joined #vranje
2013-09-12T23:47:54  <PENIS> [eSaliery] Este mi dobriii !? :D http://www.youtube.com/watch?v=I1pBX_-OVUI
2013-09-12T23:47:54  *** PENIS sets mode: +ao eSaliery eSaliery
2013-09-12T23:47:54  <KG-Bot> Title: Bad Copy - Esi Mi Dobar - YouTube (at www.youtube.com)
2013-09-13T00:10:07  *** eSaliery <eSaliery!cgiirc@RED.JE.RED> has quit IRC (Quit: http://www.mibbit.com ajax IRC Client)
2013-09-13T11:28:20  *** eSaliery <eSaliery!cgiirc@RED.JE.RED> has joined #vranje
2013-09-13T11:28:20  <PENIS> [eSaliery] Este mi dobriii !? :D http://www.youtube.com/watch?v=I1pBX_-OVUI
2013-09-13T11:28:20  *** PENIS sets mode: +ao eSaliery eSaliery
2013-09-13T11:28:21  <KG-Bot> Title: Bad Copy - Esi Mi Dobar - YouTube (at www.youtube.com)
2013-09-13T11:34:50  *** eSaliery <eSaliery!cgiirc@RED.JE.RED> has quit IRC ()
2013-09-13T12:37:17  *** eSaliery <eSaliery!cgiirc@RED.JE.RED> has joined #vranje
2013-09-13T12:37:17  <PENIS> [eSaliery] Este mi dobriii !? :D http://www.youtube.com/watch?v=I1pBX_-OVUI
2013-09-13T12:37:17  *** PENIS sets mode: +ao eSaliery eSaliery
2013-09-13T12:37:17  <KG-Bot> Title: Bad Copy - Esi Mi Dobar - YouTube (at www.youtube.com)
2013-09-13T12:37:27  <eSaliery> donvitocorleone si tu ?
2013-09-13T12:37:31  <eSaliery> trebas mi nesto oko kompa
2013-09-13T12:37:34  <eSaliery> imam problem ?!
2013-09-13T13:04:17  <DonVitoCorleone> Sad jesam eSaliery
2013-09-13T13:04:41  <eSaliery> donvitocorleone
2013-09-13T13:04:44  <eSaliery> samo odgovori brzo
2013-09-13T13:04:46  <eSaliery> imam problem
2013-09-13T13:04:48  <eSaliery> kad kliknem
2013-09-13T13:04:48  <DonVitoCorleone> Hahah
2013-09-13T13:05:16  <eSaliery> http://prntscr.com/1r03pa
2013-09-13T13:05:16  <KG-Bot> Title: Screenshot by Lightshot (at prntscr.com)
2013-09-13T13:05:21  <eSaliery> donvitocorleone
2013-09-13T13:05:24  <eSaliery> komp
2013-09-13T13:05:26  <eSaliery> se ugasi tj
2013-09-13T13:05:29  <eSaliery> ekran se ugasi
2013-09-13T13:05:32  <eSaliery> ali kuciste
2013-09-13T13:05:33  <eSaliery> jos radi
2013-09-13T13:05:38  <eSaliery> a ranije kad bi kliknuo na sleep
2013-09-13T13:05:40  <DonVitoCorleone> Sta je koji kurac, sta pingujes stalno jbm mu mater
2013-09-13T13:05:43  <eSaliery> komp se ugasi
2013-09-13T13:05:50  <eSaliery> i kao da ne radi
2013-09-13T13:05:53  <eSaliery> posle samo kliknem
2013-09-13T13:05:54  <eSaliery> na
2013-09-13T13:06:00  <eSaliery> dugme on ga upali
2013-09-13T13:06:03  <eSaliery> i nastavim gde sam stao
2013-09-13T13:06:09  <eSaliery> jel znas mozda sta je problem ??: )
2013-09-13T13:06:53  <DonVitoCorleone> Pa kuciste radi i dalje kada kliknes na sleep, tako i treba da bude
2013-09-13T13:07:29  <eSaliery> neee
2013-09-13T13:07:30  <eSaliery> ranije
2013-09-13T13:07:35  <eSaliery> kad sam kupio komp
2013-09-13T13:07:39  <eSaliery> kad bi kliknuo na sleep
2013-09-13T13:07:42  <DonVitoCorleone> +g sleep option windows
2013-09-13T13:07:42  <KG-Bot> 1) **Sleep** and hibernation: frequently asked questions - **Windows** (http://windows.microsoft.com/en-us/windows7/sleep-and-hibernation-frequently-asked-questions)   2) Turn off a computer: frequently asked questions - **Windows** - Microsoft (http://windows.microsoft.com/en-us/windows-vista/turn-off-a-computer-frequently-asked-questions)   
2013-09-13T13:07:42  <eSaliery> komp se ugasi
2013-09-13T13:07:55  <eSaliery> i onda
2013-09-13T13:08:00  <eSaliery> kad ga upalim na dugme
2013-09-13T13:08:04  <eSaliery> on se upali tamo gde sam stao
2013-09-13T13:08:38  <DonVitoCorleone> A sta bude sada kad ga "upalis" na dugme posle sleep?
2013-09-13T13:08:56  <eSaliery> upali se ono
2013-09-13T13:08:58  <eSaliery> kao moj profil
2013-09-13T13:09:01  <eSaliery> klikenm na slicicu
2013-09-13T13:09:03  <eSaliery> i upali se komp
2013-09-13T13:09:07  <eSaliery> dignut sistem i sve ostalo
2013-09-13T13:09:11  <eSaliery> znaci ne cekam
2013-09-13T13:09:15  <eSaliery> nego odma krecem da radim
2013-09-13T13:09:38  <DonVitoCorleone> Pa znaci isto kao i prije osim sto se sada "cuje" da komp radi
2013-09-13T13:09:40  <DonVitoCorleone> ?
2013-09-13T13:11:52  <eSaliery> da
2013-09-13T13:11:54  <eSaliery> i kada
2013-09-13T13:12:00  <eSaliery> pomeram misa
2013-09-13T13:12:00  <eSaliery> ne reaguje
2013-09-13T13:12:03  <eSaliery> i nece da se upali
2013-09-13T13:12:08  <eSaliery> moram da ga gasim na dugme
2013-09-13T13:12:12  <eSaliery> pa opet palim
2013-09-13T13:12:54  *** eSaliery <eSaliery!cgiirc@RED.JE.RED> has quit IRC (Quit: http://www.mibbit.com ajax IRC Client)
2013-09-13T17:03:43  *** MarkoM95`sleep is now known as MarkoMM1995
2013-09-13T17:30:11  *** MarkoMM1995 is now known as MarkoM95`AFK
2013-09-13T20:20:34  *** eSaliery <eSaliery!cgiirc@RED.JE.RED> has joined #vranje
2013-09-13T20:20:34  <PENIS> [eSaliery] Este mi dobriii !? :D http://www.youtube.com/watch?v=I1pBX_-OVUI
2013-09-13T20:20:34  *** PENIS sets mode: +ao eSaliery eSaliery
2013-09-13T20:20:35  <KG-Bot> Title: Bad Copy - Esi Mi Dobar - YouTube (at www.youtube.com)
2013-09-13T20:32:27  *** eSaliery <eSaliery!cgiirc@RED.JE.RED> has quit IRC (Quit: http://www.mibbit.com ajax IRC Client)
2013-09-13T22:03:13  *** eSaliery <eSaliery!cgiirc@RED.JE.RED> has joined #vranje
2013-09-13T22:03:13  <PENIS> [eSaliery] Este mi dobriii !? :D http://www.youtube.com/watch?v=I1pBX_-OVUI
2013-09-13T22:03:13  *** PENIS sets mode: +ao eSaliery eSaliery
2013-09-13T22:03:14  <KG-Bot> Title: Bad Copy - Esi Mi Dobar - YouTube (at www.youtube.com)
2013-09-13T22:12:22  *** eSaliery is now known as eSaliery_AFK
2013-09-13T22:34:38  *** eSaliery_AFK is now known as eSaliery
2013-09-14T00:31:40  *** eSaliery <eSaliery!cgiirc@RED.JE.RED> has quit IRC (Quit: http://www.mibbit.com ajax IRC Client)
2013-09-14T13:17:57  *** eSaliery <eSaliery!cgiirc@RED.JE.RED> has joined #vranje
2013-09-14T13:17:57  <PENIS> [eSaliery] Este mi dobriii !? :D http://www.youtube.com/watch?v=I1pBX_-OVUI
2013-09-14T13:17:57  *** PENIS sets mode: +ao eSaliery eSaliery
2013-09-14T13:17:58  <KG-Bot> Title: Bad Copy - Esi Mi Dobar - YouTube (at www.youtube.com)
2013-09-14T15:24:59  *** eSaliery <eSaliery!cgiirc@RED.JE.RED> has quit IRC (Quit: http://www.mibbit.com ajax IRC Client)
2013-09-14T18:17:48  *** eSaliery <eSaliery!cgiirc@RED.JE.RED> has joined #vranje
2013-09-14T18:17:48  <PENIS> [eSaliery] Este mi dobriii !? :D http://www.youtube.com/watch?v=I1pBX_-OVUI
2013-09-14T18:17:48  *** PENIS sets mode: +ao eSaliery eSaliery
2013-09-14T18:17:48  <KG-Bot> Title: Bad Copy - Esi Mi Dobar - YouTube (at www.youtube.com)
2013-09-14T18:44:38  *** eSaliery <eSaliery!cgiirc@RED.JE.RED> has quit IRC (Quit: http://www.mibbit.com ajax IRC Client)
2013-09-14T19:44:40  *** MarkoM95`AFK is now known as MarkoMM1995
2013-09-14T22:06:49  *** MarkoMM1995 is now known as MarkoM95`sleep
2013-09-15T00:05:08  *** eSaliery <eSaliery!cgiirc@RED.JE.RED> has joined #vranje
2013-09-15T00:05:08  <PENIS> [eSaliery] Este mi dobriii !? :D http://www.youtube.com/watch?v=I1pBX_-OVUI
2013-09-15T00:05:08  *** PENIS sets mode: +ao eSaliery eSaliery
2013-09-15T00:05:09  <KG-Bot> Title: Bad Copy - Esi Mi Dobar - YouTube (at www.youtube.com)
2013-09-15T00:31:46  *** eSaliery changes topic to "Vranjanci sa eRepublik-a o9 http://prntscr.com/1rbffl"
2013-09-15T00:37:34  *** MarkoM95`sleep is now known as MarkoMM1995
2013-09-15T00:45:15  *** MarkoMM1995 is now known as MarkoM95`sleep
2013-09-15T01:04:20  *** eSaliery <eSaliery!cgiirc@RED.JE.RED> has quit IRC (Quit: http://www.mibbit.com ajax IRC Client)
2013-09-15T12:28:12  *** eSaliery <eSaliery!cgiirc@RED.JE.RED> has joined #vranje
2013-09-15T12:28:12  <PENIS> [eSaliery] Este mi dobriii !? :D http://www.youtube.com/watch?v=I1pBX_-OVUI
2013-09-15T12:28:12  *** PENIS sets mode: +ao eSaliery eSaliery
2013-09-15T12:28:12  <KG-Bot> Title: Bad Copy - Esi Mi Dobar - YouTube (at www.youtube.com)
2013-09-15T13:27:47  *** MarkoM95`sleep is now known as MarkoMM1995
2013-09-15T14:25:00  *** eSaliery <eSaliery!cgiirc@RED.JE.RED> has quit IRC (Quit: http://www.mibbit.com ajax IRC Client)
2013-09-15T14:35:38  *** MarkoMM1995 is now known as MarkoM95`AWAY
2013-09-15T17:47:13  *** eSaliery <eSaliery!cgiirc@RED.JE.RED> has joined #vranje
2013-09-15T17:47:13  <PENIS> [eSaliery] Este mi dobriii !? :D http://www.youtube.com/watch?v=I1pBX_-OVUI
2013-09-15T17:47:14  *** PENIS sets mode: +ao eSaliery eSaliery
2013-09-15T17:47:14  <KG-Bot> Title: Bad Copy - Esi Mi Dobar - YouTube (at www.youtube.com)
2013-09-15T18:16:38  *** eSaliery <eSaliery!cgiirc@RED.JE.RED> has quit IRC (Quit: http://www.mibbit.com ajax IRC Client)
2013-09-15T19:38:01  *** MarkoM95`AWAY is now known as MarkoMM1995
2013-09-15T20:04:39  *** eSaliery <eSaliery!cgiirc@RED.JE.RED> has joined #vranje
2013-09-15T20:04:39  <PENIS> [eSaliery] Este mi dobriii !? :D http://www.youtube.com/watch?v=I1pBX_-OVUI
2013-09-15T20:04:39  *** PENIS sets mode: +ao eSaliery eSaliery
2013-09-15T20:04:39  <KG-Bot> Title: Bad Copy - Esi Mi Dobar - YouTube (at www.youtube.com)
2013-09-15T20:23:46  *** MarkoMM1995 is now known as MarkoM95`sleep
2013-09-15T20:48:18  *** eSaliery <eSaliery!cgiirc@RED.JE.RED> has quit IRC (Quit: http://www.mibbit.com ajax IRC Client)
2013-09-15T22:09:02  *** eSaliery <eSaliery!cgiirc@RED.JE.RED> has joined #vranje
2013-09-15T22:09:02  <PENIS> [eSaliery] Este mi dobriii !? :D http://www.youtube.com/watch?v=I1pBX_-OVUI
2013-09-15T22:09:02  *** PENIS sets mode: +ao eSaliery eSaliery
2013-09-15T22:09:02  <KG-Bot> Title: Bad Copy - Esi Mi Dobar - YouTube (at www.youtube.com)
2013-09-15T23:20:39  *** eSaliery <eSaliery!cgiirc@RED.JE.RED> has quit IRC (Quit: http://www.mibbit.com ajax IRC Client)
2013-09-16T14:16:56  *** KG-Bot <KG-Bot!~KraljevaG@Kraljeva.Garda.official.bot> has joined #vranje
2013-09-16T14:17:05  <PENIS> [KG-Bot] http://tinyurl.com/l3j2f48 http://www.youtube.com/watch?v=CR8logunPzQ
2013-09-16T14:17:05  *** PENIS sets mode: +o KG-Bot
2013-09-16T14:18:48  <KG-Bot> Title: Novi Reporter - br. 153, 15/2/2006 (at tinyurl.com)
2013-09-16T14:36:32  *** eSaliery <eSaliery!cgiirc@RED.JE.RED> has joined #vranje
2013-09-16T14:36:32  <PENIS> [eSaliery] Este mi dobriii !? :D http://www.youtube.com/watch?v=I1pBX_-OVUI
2013-09-16T14:36:32  *** PENIS sets mode: +ao eSaliery eSaliery
2013-09-16T14:36:33  <KG-Bot> Title: Bad Copy - Esi Mi Dobar - YouTube (at www.youtube.com)
2013-09-16T15:15:50  *** MarkoM95`sleep <MarkoM95`sleep!MarkoMM199@ma.sta.kazes.bre> has quit IRC (Ping timeout: 243 seconds)
2013-09-16T15:16:04  *** FurryLand <FurryLand!Stefan_Nin@Drzi.Prijatelje.BlizuA.Neprijatelje.Jos.Blize> has quit IRC (Ping timeout: 243 seconds)
2013-09-16T15:18:34  *** eSaliery <eSaliery!cgiirc@RED.JE.RED> has quit IRC (Quit: http://www.mibbit.com ajax IRC Client)
2013-09-16T15:37:50  *** MarkoMM1995 <MarkoMM1995!MarkoMM199@Rizon-FB504B30.rizonbnc.eu.rizon.net> has joined #vranje
2013-09-16T15:45:02  *** Guest56724 <Guest56724!Stefan_Nin@Rizon-72A5E527.rizonbnc.eu.rizon.net> has joined #vranje
2013-09-16T17:44:27  *** PENIS sets mode: +o MarkoMM1995
2013-09-16T17:52:07  *** eSaliery <eSaliery!cgiirc@RED.JE.RED> has joined #vranje
2013-09-16T17:52:07  <PENIS> [eSaliery] Este mi dobriii !? :D http://www.youtube.com/watch?v=I1pBX_-OVUI
2013-09-16T17:52:08  *** PENIS sets mode: +ao eSaliery eSaliery
2013-09-16T17:52:09  <KG-Bot> Title: Bad Copy - Esi Mi Dobar - YouTube (at www.youtube.com)
2013-09-16T17:54:51  *** MarkoMM1995 is now known as MarkoM1995`AWAY
2013-09-16T18:18:41  *** eSaliery is now known as eSaliery_AFK
2013-09-16T18:27:30  *** eSaliery_AFK is now known as eSaliery
2013-09-16T19:31:42  *** eSaliery <eSaliery!cgiirc@RED.JE.RED> has quit IRC (Quit: http://www.mibbit.com ajax IRC Client)
2013-09-16T20:57:38  *** eSaliery <eSaliery!cgiirc@RED.JE.RED> has joined #vranje
2013-09-16T20:57:38  <PENIS> [eSaliery] Este mi dobriii !? :D http://www.youtube.com/watch?v=I1pBX_-OVUI
2013-09-16T20:57:38  *** PENIS sets mode: +ao eSaliery eSaliery
2013-09-16T20:57:39  <KG-Bot> Title: Bad Copy - Esi Mi Dobar - YouTube (at www.youtube.com)
2013-09-16T21:30:59  *** eSaliery <eSaliery!cgiirc@RED.JE.RED> has quit IRC (Quit: http://www.mibbit.com ajax IRC Client)
2013-09-16T21:41:08  *** eSaliery <eSaliery!cgiirc@RED.JE.RED> has joined #vranje
2013-09-16T21:41:08  <PENIS> [eSaliery] Este mi dobriii !? :D http://www.youtube.com/watch?v=I1pBX_-OVUI
2013-09-16T21:41:08  *** PENIS sets mode: +ao eSaliery eSaliery
2013-09-16T21:41:09  <KG-Bot> Title: Bad Copy - Esi Mi Dobar - YouTube (at www.youtube.com)
2013-09-16T21:47:22  *** Guest56724 is now known as FurryLand
2013-09-16T21:47:22  *** PENIS sets mode: +o FurryLand
2013-09-16T22:22:21  <eSaliery> donvitocorleone
2013-09-16T22:22:22  <eSaliery> si tu ?
2013-09-16T22:28:52  *** MarkoM1995`AWAY is now known as MarkoMM1995
2013-09-16T22:33:30  <DonVitoCorleone> Tu
2013-09-16T22:36:01  *** DonVitoC- is now known as RizonBot
2013-09-16T22:36:04  *** PENIS sets mode: +o RizonBot
2013-09-16T22:46:15  *** eSaliery <eSaliery!cgiirc@RED.JE.RED> has quit IRC (Quit: http://www.mibbit.com ajax IRC Client)
2013-09-16T22:51:56  *** RizonBot <RizonBot!~DonVitoCo@Rizon-4F80C23B.furryland.net> has quit IRC (Killed (mink (unwise)))
2013-09-16T22:52:26  *** DonVitoC- <DonVitoC-!~DonVitoCo@Rizon-44644B3.electronirc.tk> has joined #vranje
2013-09-16T23:02:03  *** DonVitoC- is now known as KG|DonVitoCorleone
2013-09-16T23:02:08  *** PENIS sets mode: +o KG|DonVitoCorleone
2013-09-16T23:29:56  *** eSaliery <eSaliery!cgiirc@RED.JE.RED> has joined #vranje
2013-09-16T23:29:56  <PENIS> [eSaliery] Este mi dobriii !? :D http://www.youtube.com/watch?v=I1pBX_-OVUI
2013-09-16T23:29:56  *** PENIS sets mode: +ao eSaliery eSaliery
2013-09-16T23:29:57  <KG-Bot> Title: Bad Copy - Esi Mi Dobar - YouTube (at www.youtube.com)
2013-09-16T23:38:12  *** eSaliery <eSaliery!cgiirc@RED.JE.RED> has quit IRC ()
2013-09-17T00:00:58  *** MarkoMM1995 is now known as MarkoMM95`sleep
2013-09-17T10:50:33  *** eSaliery <eSaliery!cgiirc@RED.JE.RED> has joined #vranje
2013-09-17T10:50:33  <PENIS> [eSaliery] Este mi dobriii !? :D http://www.youtube.com/watch?v=I1pBX_-OVUI
2013-09-17T10:50:33  *** PENIS sets mode: +ao eSaliery eSaliery
2013-09-17T10:50:34  <KG-Bot> Title: Bad Copy - Esi Mi Dobar - YouTube (at www.youtube.com)
2013-09-17T10:50:50  *** eSaliery <eSaliery!cgiirc@RED.JE.RED> has quit IRC ()
2013-09-17T11:15:00  *** eSaliery <eSaliery!cgiirc@RED.JE.RED> has joined #vranje
2013-09-17T11:15:00  <PENIS> [eSaliery] Este mi dobriii !? :D http://www.youtube.com/watch?v=I1pBX_-OVUI
2013-09-17T11:15:00  *** PENIS sets mode: +ao eSaliery eSaliery
2013-09-17T11:15:01  <KG-Bot> Title: Bad Copy - Esi Mi Dobar - YouTube (at www.youtube.com)
2013-09-17T11:36:01  *** eSaliery <eSaliery!cgiirc@RED.JE.RED> has quit IRC (Quit: http://www.mibbit.com ajax IRC Client)
2013-09-17T12:52:34  *** eSaliery <eSaliery!cgiirc@RED.JE.RED> has joined #vranje
2013-09-17T12:52:34  <PENIS> [eSaliery] Este mi dobriii !? :D http://www.youtube.com/watch?v=I1pBX_-OVUI
2013-09-17T12:52:34  *** PENIS sets mode: +ao eSaliery eSaliery
2013-09-17T12:52:35  <KG-Bot> Title: Bad Copy - Esi Mi Dobar - YouTube (at www.youtube.com)
2013-09-17T13:20:49  *** eSaliery <eSaliery!cgiirc@RED.JE.RED> has quit IRC (Quit: http://www.mibbit.com ajax IRC Client)
2013-09-17T13:53:34  *** eSaliery <eSaliery!cgiirc@RED.JE.RED> has joined #vranje
2013-09-17T13:53:34  <PENIS> [eSaliery] Este mi dobriii !? :D http://www.youtube.com/watch?v=I1pBX_-OVUI
2013-09-17T13:53:34  *** PENIS sets mode: +ao eSaliery eSaliery
2013-09-17T13:53:35  <KG-Bot> Title: Bad Copy - Esi Mi Dobar - YouTube (at www.youtube.com)
2013-09-17T14:17:41  *** eSaliery <eSaliery!cgiirc@RED.JE.RED> has quit IRC (Quit: http://www.mibbit.com ajax IRC Client)
2013-09-17T14:23:13  *** eSaliery <eSaliery!cgiirc@RED.JE.RED> has joined #vranje
2013-09-17T14:23:13  <PENIS> [eSaliery] Este mi dobriii !? :D http://www.youtube.com/watch?v=I1pBX_-OVUI
2013-09-17T14:23:13  *** PENIS sets mode: +ao eSaliery eSaliery
2013-09-17T14:23:14  <KG-Bot> Title: Bad Copy - Esi Mi Dobar - YouTube (at www.youtube.com)
2013-09-17T14:26:33  *** eSaliery <eSaliery!cgiirc@RED.JE.RED> has quit IRC ()
2013-09-17T15:49:34  *** eSaliery <eSaliery!cgiirc@RED.JE.RED> has joined #vranje
2013-09-17T15:49:34  <PENIS> [eSaliery] Este mi dobriii !? :D http://www.youtube.com/watch?v=I1pBX_-OVUI
2013-09-17T15:49:34  *** PENIS sets mode: +ao eSaliery eSaliery
2013-09-17T15:49:35  <KG-Bot> Title: Bad Copy - Esi Mi Dobar - YouTube (at www.youtube.com)
2013-09-17T15:58:47  *** eSaliery <eSaliery!cgiirc@RED.JE.RED> has quit IRC ()
2013-09-17T17:16:20  *** eSaliery <eSaliery!cgiirc@RED.JE.RED> has joined #vranje
2013-09-17T17:16:20  <PENIS> [eSaliery] Este mi dobriii !? :D http://www.youtube.com/watch?v=I1pBX_-OVUI
2013-09-17T17:16:20  *** PENIS sets mode: +ao eSaliery eSaliery
2013-09-17T17:16:21  <KG-Bot> Title: Bad Copy - Esi Mi Dobar - YouTube (at www.youtube.com)
2013-09-17T18:18:25  *** eSaliery is now known as eSaliery_AFK
2013-09-17T18:33:55  *** eSaliery_AFK <eSaliery_AFK!cgiirc@RED.JE.RED> has quit IRC (Quit: http://www.mibbit.com ajax IRC Client)
2013-09-17T19:20:32  *** eSaliery <eSaliery!cgiirc@RED.JE.RED> has joined #vranje
2013-09-17T19:20:32  <PENIS> [eSaliery] Este mi dobriii !? :D http://www.youtube.com/watch?v=I1pBX_-OVUI
2013-09-17T19:20:32  *** PENIS sets mode: +ao eSaliery eSaliery
2013-09-17T19:20:33  <KG-Bot> Title: Bad Copy - Esi Mi Dobar - YouTube (at www.youtube.com)
2013-09-17T19:52:10  *** eSaliery <eSaliery!cgiirc@RED.JE.RED> has quit IRC (Quit: http://www.mibbit.com ajax IRC Client)
2013-09-17T21:37:16  *** eSaliery <eSaliery!cgiirc@RED.JE.RED> has joined #vranje
2013-09-17T21:37:16  <PENIS> [eSaliery] Este mi dobriii !? :D http://www.youtube.com/watch?v=I1pBX_-OVUI
2013-09-17T21:37:16  *** PENIS sets mode: +ao eSaliery eSaliery
2013-09-17T21:37:17  <KG-Bot> Title: Bad Copy - Esi Mi Dobar - YouTube (at www.youtube.com)
2013-09-17T23:10:55  *** MarkoMM95`sleep is now known as MarkoMM1995
2013-09-17T23:31:30  *** MarkoMM1995 is now known as MarkoMM95`sleep
2013-09-17T23:42:53  *** eSaliery <eSaliery!cgiirc@RED.JE.RED> has quit IRC (Quit: http://www.mibbit.com ajax IRC Client)
2013-09-18T18:16:52  *** eSaliery <eSaliery!cgiirc@RED.JE.RED> has joined #vranje
2013-09-18T18:16:52  <PENIS> [eSaliery] Este mi dobriii !? :D http://www.youtube.com/watch?v=I1pBX_-OVUI
2013-09-18T18:16:52  *** PENIS sets mode: +ao eSaliery eSaliery
2013-09-18T18:16:54  <KG-Bot> Title: Bad Copy - Esi Mi Dobar - YouTube (at www.youtube.com)
2013-09-18T18:24:28  *** eSaliery is now known as eSaliery_AFK
2013-09-18T19:02:19  *** eSaliery_AFK is now known as eSaliery
2013-09-18T19:10:26  *** eSaliery <eSaliery!cgiirc@RED.JE.RED> has quit IRC (Quit: http://www.mibbit.com ajax IRC Client)
2013-09-18T21:32:34  *** MarkoMM95`sleep is now known as MarkoMM1995
2013-09-18T21:59:46  *** MarkoMM1995 is now known as MarkoMM95`sleep
2013-09-19T15:13:34  *** eSaliery <eSaliery!cgiirc@RED.JE.RED> has joined #vranje
2013-09-19T15:13:34  <PENIS> [eSaliery] Este mi dobriii !? :D http://www.youtube.com/watch?v=I1pBX_-OVUI
2013-09-19T15:13:34  *** PENIS sets mode: +ao eSaliery eSaliery
2013-09-19T15:13:35  <KG-Bot> Title: Bad Copy - Esi Mi Dobar - YouTube (at www.youtube.com)
2013-09-19T15:27:01  *** DonVitoCorleone <DonVitoCorleone!~Kraljeva-@Drzi.Prijatelje.BlizuA.Neprijatelje.Jos.Blize> has quit IRC (Quit: ZNC - http://znc.in)
2013-09-19T15:27:08  *** eRepublikBot <eRepublikBot!~KG@Rizon-DD5219AC.server4you.net> has joined #vranje
2013-09-19T15:27:23  *** eRepublikBot is now known as Guest22567
2013-09-19T15:29:01  *** Guest22567 is now known as DonVitoCorleone
2013-09-19T15:29:11  *** PENIS sets mode: +o DonVitoCorleone
2013-09-19T17:01:56  *** eSaliery <eSaliery!cgiirc@RED.JE.RED> has quit IRC (Quit: http://www.mibbit.com ajax IRC Client)
2013-09-19T19:50:35  *** eSaliery <eSaliery!cgiirc@RED.JE.RED> has joined #vranje
2013-09-19T19:50:35  <PENIS> [eSaliery] Este mi dobriii !? :D http://www.youtube.com/watch?v=I1pBX_-OVUI
2013-09-19T19:50:36  <KG-Bot> Title: Bad Copy - Esi Mi Dobar - YouTube (at www.youtube.com)
2013-09-19T19:50:36  *** PENIS sets mode: +ao eSaliery eSaliery
2013-09-19T19:52:34  *** MarkoMM95`sleep is now known as MarkoMM1995
2013-09-19T19:58:04  *** MarkoMM1995 is now known as MarkoM95`slerp
2013-09-19T19:58:06  *** MarkoM95`slerp is now known as MarkoM95`sleep
2013-09-19T20:03:00  *** eSaliery is now known as eSaliery_AFJ
2013-09-19T20:03:04  *** eSaliery_AFJ is now known as eSaliery_AFK
2013-09-19T20:33:09  *** eSaliery_AFK <eSaliery_AFK!cgiirc@RED.JE.RED> has quit IRC (Quit: http://www.mibbit.com ajax IRC Client)
2013-09-19T21:17:33  *** MarkoM95`sleep is now known as MarkoMM1995
2013-09-19T22:42:08  *** MarkoMM1995 is now known as MarkoM95`sleep
