2014-01-30T14:52:19  *** eRepublikBot <eRepublikBot!~KraljevaG@FDFDB705.BFECDD3B.214689AC.IP> has joined #Gromovnici
2014-01-30T14:52:19  <Sexy> [eRepublikBot] [20:51:29] <God_of_Blood> da li ima tvoh bot komande za ona pitanja [20:51:39] <DonVitoCorleone> Koja pitanja? o-O[20:51:54] <God_of_Blood> a ona sranja kakos e zove [20:52:07] <DonVitoCorleone> Kviz? [20:52:16] <God_of_Blood> kiviz jebo ga ti
2014-01-30T14:52:19  *** Sexy sets mode: +o eRepublikBot
2014-01-30T14:52:23  <DonVitoCorleone> !erep battle 48299
2014-01-30T14:52:29  <eRepublikBot> [RESISTANCE] ::: Region: Plovdiv, Link: http://www.erepublik.com/en/military/battlefield/48299 ::: Attacker Country: Bulgaria, Attacker Points; Total: 44, D1 Points/Bar/Domination: 2 ::: 4.83 ::: 0, D2: 10 ::: 49.58 ::: 1200, D3: 12 ::: 55.12 ::: 740, D4: 20 ::: 58.45 ::: 1030 ::: Defender Country:
2014-01-30T14:52:30  <eRepublikBot> Romania, Defender Points; Total: 44, D1: 6 ::: 95.17 ::: 1230, D2: 6 ::: 50.42 ::: 30, D3: 12 ::: 44.88 ::: 490, D4: 20 ::: 41.55 ::: 200.
2014-01-30T14:52:36  <DonVitoCorleone> +erep battle 48299
2014-01-30T14:52:38  <KG-Bot> Region: Plovdiv, Country: Bulgaria, Link: http://www.erepublik.com/en/military/battlefield/48299, Attacker Country: Bulgaria, Attacker Points; Total: 44, D1 Points: 2, D2: 10, D3: 12, D4: 20, Defender Country: Romania, Defender Points; Total: 44, D1: 6, D2: 6, D3: 12, D4: 20.
2014-01-30T14:52:45  <DonVitoCorleone> Koji je opisniji i bolji?
2014-01-30T14:54:14  <Vlajko_delija> bugari ocajnicki pokusavaju da se oslobode
2014-01-30T14:54:23  <Vlajko_delija> jel imaju koju originalnu teritoriju kako bese ?
2014-01-30T14:54:33  <MikezillaM> 2
2014-01-30T14:54:53  <DonVitoCorleone> !reload ERep
2014-01-30T14:54:53  <eRepublikBot> Done.
2014-01-30T14:54:57  <DonVitoCorleone> !erep battle 48299
2014-01-30T14:55:37  <DonVitoCorleone> !reload ERep
2014-01-30T14:55:56  <DonVitoCorleone> MikezillaM  po cemu?
2014-01-30T14:56:08  <DonVitoCorleone> Na prvom imas vise informacija samo da znas xD
2014-01-30T14:57:06  <Vlajko_delija> ovo je stvarno zabrinjavajuce
2014-01-30T14:57:06  <Vlajko_delija> http://www.erepublik.com/en/main/law/Hungary/138219
2014-01-30T14:58:12  <MikezillaM> DonVitoCorleone	 2 regije imaju  bugari valjda
2014-01-30T14:58:28  <DonVitoCorleone> a?
2014-01-30T14:58:40  <Vlajko_delija> vidin i sofiju
2014-01-30T14:58:42  <Vlajko_delija> tako je 2
2014-01-30T14:59:05  <DonVitoCorleone> Kakve to veze ima sa ovim na botu, on daje info za bitku sa ID -om 48229
2014-01-30T14:59:19  <MikezillaM> ma onako pricamo
2014-01-30T14:59:31  <Vlajko_delija> da DonVitoCorleone  mi se ne razumemo u botove
2014-01-30T14:59:37  <Vlajko_delija> ovako caskamo
2014-01-30T14:59:41  <Vlajko_delija> nismo mi kao Crazy_Hospy_Away
2014-01-30T14:59:44  <DonVitoCorleone> [14:52:44] <DonVitoCorleone> Koji je opisniji i bolji?
2014-01-30T14:59:50  <Vlajko_delija> pa da upotrebljavamo botove :D
2014-01-30T15:00:05  <DonVitoCorleone> Ne treba da se razumes u bota da bi znao sta ima vise informacija i sta je vizuelno bolje
2014-01-30T15:00:24  <Vlajko_delija> ocigledno je da bugari dobijaju bitku
2014-01-30T15:00:31  <Vlajko_delija> imaju vise volje da se oslobode
2014-01-30T15:00:51  <Vlajko_delija> posle nzm ni ja kog dugog vremena bez teritorija
2014-01-30T15:01:24  <Vlajko_delija> mada rumuni ih stavili za NE
2014-01-30T15:01:35  <Vlajko_delija> nzm koliko ce dugo bugari izdrzati :)
2014-01-30T15:02:02  <Vlajko_delija> vise mi deluje ovo kao strategija rumuna da resetuju regije
2014-01-30T15:02:06  <Vlajko_delija> zbog koeficijenta ;)
2014-01-30T15:02:21  <Vlajko_delija> kao i srbija sto radi sa italijanima
2014-01-30T15:02:23  <Vlajko_delija> :)
2014-01-30T15:03:05  *** belivuk_bnc <belivuk_bnc!~BNC@Rizon-430B911A.e-code.in> has joined #Gromovnici
2014-01-30T15:03:22  <Vlajko_delija> sta ti mislis DonVitoCorleone
2014-01-30T15:03:30  <DonVitoCorleone> Ma ne zanima me
2014-01-30T15:06:05  *** DonVitoC- <DonVitoC-!~DonVitoCo@Rizon-430B911A.e-code.in> has joined #Gromovnici
2014-01-30T15:08:45  *** Free_Area <Free_Area!~Free_Area@kiss.my.ass> has quit IRC (Quit: Leaving)
2014-01-30T15:10:51  <DonVitoCorleone> Demeratus  evo ti ga BNC
2014-01-30T15:24:54  <belivuk> http://prntscr.com/2nx8ro
2014-01-30T15:24:59  <belivuk> 3 belivuk
2014-01-30T15:25:00  <belivuk> :D
2014-01-30T15:27:55  *** Uvek_Tvrd <Uvek_Tvrd!~Uvek@Rizon-52C7D14C.dynamic.isp.telekom.rs> has quit IRC (Quit: KVIrc 4.2.0 Equilibrium http://www.kvirc.net/)
2014-01-30T15:29:51  <belivuk> pokusavam preko veze da imamo udar
2014-01-30T15:29:55  <belivuk> ali tesko
2014-01-30T15:29:56  <belivuk> :D
2014-01-30T15:31:28  <Vlajko_delija> belivuk:  sto ne pitas za veceras tajlandjane
2014-01-30T15:31:42  <Vlajko_delija> a vi si uznite pojacivac stete
2014-01-30T15:31:42  <Vlajko_delija> ;)
2014-01-30T15:31:53  <belivuk> http://prntscr.com/2nxaq8
2014-01-30T15:31:54  <belivuk> Vlajko_delija:
2014-01-30T15:32:37  <Vlajko_delija> nas pitali da udramo sa njima veceras
2014-01-30T15:34:04  <belivuk> .op belivuk_bnc
2014-01-30T15:34:04  *** Sexy sets mode: +o belivuk_bnc
2014-01-30T15:34:40  <belivuk> .aop belivuk_bnc
2014-01-30T15:36:42  *** MikezillaM <MikezillaM!cgiirc@Rizon-8C4A9BE1.dynamic.isp.telekom.rs> has quit IRC (Quit: http://www.mibbit.com ajax IRC Client)
2014-01-30T15:44:14  *** MikezillaM <MikezillaM!cgiirc@Rizon-53819C8E.dynamic.isp.telekom.rs> has joined #Gromovnici
2014-01-30T15:45:33  *** Saliery <Saliery!cgiirc@Saliery.Boss> has joined #Gromovnici
2014-01-30T15:45:33  *** Sexy sets mode: +v Saliery
2014-01-30T15:46:14  *** Sexy sets mode: +o MikezillaM
2014-01-30T15:47:22  <pospana> Saliery:  o/
2014-01-30T15:47:29  <Saliery> o/
2014-01-30T15:47:33  <Saliery> .seen iceman74
2014-01-30T15:47:33  <Sexy> iceman74 was last seen here 1 day, 1 hour, 17 minutes ago.
2014-01-30T15:47:37  *** pospana <pospana!cgiirc@Rizon-3715B792.dynamic.isp.telekom.rs> has left #Gromovnici
2014-01-30T15:47:41  *** SasaIka <SasaIka!~SasaIka@Rizon-102F7137.dynamic.isp.telekom.rs> has joined #Gromovnici
2014-01-30T15:47:41  *** Sexy sets mode: +ao SasaIka SasaIka
2014-01-30T15:48:14  <MikezillaM> 	vlajko_delija mnogo ima
2014-01-30T15:48:30  <MikezillaM> sad vido sta si poslao
2014-01-30T16:01:41  <MikezillaM> +dmg
2014-01-30T16:01:42  <KG-Bot> MikezillaM can make 50,519 damage with q7 weapon. He can make 75,780 damage with buster.
2014-01-30T16:06:02  <Zonky82> http://www.erepublik.com/en/article/-mod-ordem-di-aacute-ria-2263-2368440/1/20
2014-01-30T16:07:21  <Vlajko_delija> MikezillaM:  :)
2014-01-30T16:07:33  <Vlajko_delija> ludak
2014-01-30T16:10:27  *** Saliery <Saliery!cgiirc@Saliery.Boss> has quit IRC (Quit: http://www.mibbit.com ajax IRC Client)
2014-01-30T16:11:14  *** MikezillaM <MikezillaM!cgiirc@Rizon-53819C8E.dynamic.isp.telekom.rs> has quit IRC (Quit: http://www.mibbit.com ajax IRC Client)
2014-01-30T16:13:57  *** MikezillaM <MikezillaM!cgiirc@Rizon-8C4A9BE1.dynamic.isp.telekom.rs> has joined #Gromovnici
2014-01-30T16:14:45  *** Sexy sets mode: +o MikezillaM
2014-01-30T16:17:18  <belivuk> !log
2014-01-30T16:17:36  <Zonky82> +dmg
2014-01-30T16:17:37  <KG-Bot> You didn't provide any name to look for, and you haven't linked your profile with +linkid command yet.
2014-01-30T16:18:13  <Zonky82> +dmg Zonky82
2014-01-30T16:18:19  <KG-Bot> Maintenance, we'll be back in 24h to 96h max, sorry but chicken must try to find its head... just kidding man, this citizen does not exist or maybe you havent put citizen name in quotes , please try again and this time put citizen name in quotes like this ''citizen-name'', if the error persist please notify my owner about that.
2014-01-30T16:18:51  <Zonky82> +dmg 2131302
2014-01-30T16:18:51  <KG-Bot> You didn't provide any name to look for, and you haven't linked your profile with +linkid command yet.
2014-01-30T16:18:56  <Zonky82> mrs
2014-01-30T16:19:38  *** Razor_991 <Razor_991!cgiirc@Rizon-70A5A8BD.dynamic.isp.telekom.rs> has joined #Gromovnici
2014-01-30T16:19:57  <Razor_991> belivuk: pozzz :)
2014-01-30T16:20:00  <SasaIka> !log
2014-01-30T16:20:02  <belivuk> pozz
2014-01-30T16:20:09  <SasaIka> !log
2014-01-30T16:20:18  <Razor_991> belivuk: napravio jos jednu :)
2014-01-30T16:20:24  <belivuk> super
2014-01-30T16:20:26  <belivuk> bravo
2014-01-30T16:20:31  <belivuk> samo cepaj
2014-01-30T16:20:38  <Razor_991> :)
2014-01-30T16:21:43  *** Razor_991 <Razor_991!cgiirc@Rizon-70A5A8BD.dynamic.isp.telekom.rs> has quit IRC ()
2014-01-30T16:22:18  *** Razor_991 <Razor_991!cgiirc@Rizon-70A5A8BD.dynamic.isp.telekom.rs> has joined #Gromovnici
2014-01-30T16:36:47  *** Vlajko_delija <Vlajko_delija!cgiirc@Rizon-6E088EBF.dynamic.isp.telekom.rs> has quit IRC (Quit: http://www.mibbit.com ajax IRC Client)
2014-01-30T16:38:06  *** Free_Area <Free_Area!~Free_Area@kiss.my.ass> has joined #Gromovnici
2014-01-30T16:38:06  *** Sexy sets mode: +h Free_Area
2014-01-30T16:54:32  *** Free_Area <Free_Area!~Free_Area@kiss.my.ass> has quit IRC (Quit: Leaving)
2014-01-30T16:54:35  *** Ortak_Pitagora <Ortak_Pitagora!cgiirc@CDD433E2.64EF3C81.688B5AC7.IP> has joined #Gromovnici
2014-01-30T16:55:52  *** Mala_Tigrica <Mala_Tigrica!cgiirc@Rizon-779A247F.dynamic.isp.telekom.rs> has joined #Gromovnici
2014-01-30T16:55:58  <Mala_Tigrica> pozz
2014-01-30T16:56:05  *** Sexy sets mode: +h Mala_Tigrica
2014-01-30T16:58:59  <Mala_Tigrica> ima li koga?
2014-01-30T16:59:16  <belivuk> ima ljubavi
2014-01-30T16:59:26  <Mala_Tigrica> :)
2014-01-30T16:59:56  <belivuk> sad si pocrvenela :)
2014-01-30T16:59:59  <belivuk> ako si :)
2014-01-30T17:00:01  <belivuk> i treba
2014-01-30T17:00:05  <belivuk> :P
2014-01-30T17:00:32  <Mala_Tigrica> :*
2014-01-30T17:00:53  <belivuk> otisao sam da pogledam seriju
2014-01-30T17:00:59  <belivuk> pa cu se vrnem
2014-01-30T17:01:07  <Mala_Tigrica> a za sta se skupljaju oni poeni osim za nagrade?
2014-01-30T17:01:14  <Mala_Tigrica> koju seriju?
2014-01-30T17:01:20  *** iskeeee <iskeeee!cgiirc@Rizon-421F3309.dynamic.isp.telekom.rs> has joined #Gromovnici
2014-01-30T17:01:21  <belivuk> :D na netu
2014-01-30T17:01:31  <belivuk> a to ako osvojimo neki turnir
2014-01-30T17:01:45  <belivuk> moras 500 pojena da osvojis da bi mogla da podignes nagradu
2014-01-30T17:02:07  <belivuk> ako budemo osvojili neku
2014-01-30T17:02:17  <iskeeee> kad ce biti udar?
2014-01-30T17:02:17  <Mala_Tigrica> imam skoro 700 al ne znam sto ce mi
2014-01-30T17:02:49  <Mala_Tigrica> nagrade i nisu neke osim ova za 1200 poena
2014-01-30T17:03:24  <Mala_Tigrica> odo i ja da gledam seriju
2014-01-30T17:03:37  <belivuk> ajde
2014-01-30T17:05:19  <Ortak_Pitagora> jel će biti neke akcije da izbijemo naa prva tri mesta u 4. diviziji?
2014-01-30T17:05:31  <Ortak_Pitagora> tačnije na treće?
2014-01-30T17:05:47  <Ortak_Pitagora> alo Vuče, agasi seriju!!!
2014-01-30T17:06:53  <belivuk> tu sam
2014-01-30T17:07:06  <belivuk> sutra ce da dobijete obavestenje o tome
2014-01-30T17:07:21  <belivuk> moram da vidim sa SasaIka i ostalima iz komane samo za dan
2014-01-30T17:07:24  *** Macak <Macak!cgiirc@Rizon-B44CDD11.dynamic.sbb.rs> has left #Gromovnici
2014-01-30T17:07:25  <belivuk> kad ce mo
2014-01-30T17:10:37  <iskeeee> imam ja u steku neki 160 cokoladica rekao sam vec ice menu
2014-01-30T17:10:43  <iskeeee> al nmg to sam ispucati nikako :D
2014-01-30T17:11:13  <stefano12> iskeeee: pa msm doniraj meni ... kad bi moglo XD
2014-01-30T17:11:39  <iskeeee> eh sad ne moze to
2014-01-30T17:11:45  <iskeeee> al mogu tenkici :D
2014-01-30T17:18:39  <Ortak_Pitagora> napravite obrazac za popunjavanje ko koliko ima, laka je to matematika da se vidi koliko možemo da udarimo, ja bijem sas Q7 47.2K, preko 100 čoksi 2 raqkete po 1.5M, A*(B*10+150)+2*C = RED je RED ,)
2014-01-30T17:24:09  <SasaIka> Ortak_Pitagora: pitanje za tebe
2014-01-30T17:24:43  <SasaIka> si siguran da hoces da zuris sa skakanjem u vise divizije, zbog, ipak, minornih nagrada ovog turnira?
2014-01-30T17:25:43  *** duki777 <duki777!cgiirc@Rizon-CF22B0C6.dynamic.isp.telekom.rs> has joined #Gromovnici
2014-01-30T17:29:16  <Ortak_Pitagora> šta bre više da skačem, pa ja samm u četvrtoj rođen?
2014-01-30T17:29:49  *** [VeS]RSDj_milosperic1987 <[VeS]RSDj_milosperic1987!~qicruser@Rizon-DDCA285B.mbb.telenor.rs> has joined #Gromovnici
2014-01-30T17:30:14  *** iskeeee is now known as [VeS]RSDj_iskeeee
2014-01-30T17:30:23  <[VeS]RSDj_milosperic1987> komando, hoće biti uskoro nekog udara
2014-01-30T17:30:31  <[VeS]RSDj_milosperic1987> :-)
2014-01-30T17:37:01  *** Free_Area <Free_Area!~Free_Area@kiss.my.ass> has joined #Gromovnici
2014-01-30T17:37:01  *** Sexy sets mode: +h Free_Area
2014-01-30T17:46:54  *** ilija_ <ilija_!~can_u_fee@Rizon-5DCF2147.dynamic.isp.telekom.rs> has joined #Gromovnici
2014-01-30T17:53:16  *** stefano12 <stefano12!cgiirc@8EFF80F0.8668F703.B9943C78.IP> has quit IRC (Quit: http://www.mibbit.com ajax IRC Client)
2014-01-30T17:58:05  *** MikezillaM sets mode: +b *!*@Rizon-8C4A9BE1.dynamic.isp.telekom.rs
2014-01-30T17:58:05  *** MikezillaM was kicked by MikezillaM (MikezillaM)
2014-01-30T17:59:40  *** Kizo97 <Kizo97!cgiirc@Rizon-B30B3183.dynamic.stcable.net> has joined #Gromovnici
2014-01-30T18:00:08  <Kizo97> o/
2014-01-30T18:00:10  *** [VeS]RSDj_milosperic1987 <[VeS]RSDj_milosperic1987!~qicruser@Rizon-DDCA285B.mbb.telenor.rs> has quit IRC (Quit: Ćao :-D)
2014-01-30T18:00:21  *** [VeS]RSDj_milosperic1987 <[VeS]RSDj_milosperic1987!~qicruser@Rizon-DDCA285B.mbb.telenor.rs> has joined #Gromovnici
2014-01-30T18:00:45  <Kizo97> jel se zna mozda da li ce biti udar?
2014-01-30T18:00:59  *** TRESELUPAUDARA <TRESELUPAUDARA!~NAVIJACI@46E4F7FC.71714418.8266FBD0.IP> has joined #Gromovnici
2014-01-30T18:01:04  <TRESELUPAUDARA> O PARTIAZNEEE
2014-01-30T18:01:05  <TRESELUPAUDARA> TI DOBRO
2014-01-30T18:01:06  <TRESELUPAUDARA> ZNAS
2014-01-30T18:01:08  <TRESELUPAUDARA> KOLIKO TEBOE
2014-01-30T18:01:11  <TRESELUPAUDARA> LUDO VOLI MJAAA
2014-01-30T18:01:31  <TRESELUPAUDARA> JUZNI FRONT ZA TE CE DA GINEEE
2014-01-30T18:01:48  *** [VeS]RSDj_iskeeee is now known as partizan
2014-01-30T18:01:54  <partizan> koliko me volis ne znam?
2014-01-30T18:03:02  <TRESELUPAUDARA> obozavam te
2014-01-30T18:03:06  <TRESELUPAUDARA> a ti mene?
2014-01-30T18:03:19  <partizan> ma najvise! <3
2014-01-30T18:03:21  *** Free_Area sets mode: +b *!*NAVIJACI@*.71714418.8266FBD0.IP
2014-01-30T18:04:10  *** TRESELUPAUDARA <TRESELUPAUDARA!~NAVIJACI@46E4F7FC.71714418.8266FBD0.IP> has left #Gromovnici
2014-01-30T18:05:26  *** [VeS]RSDj_milosperic1987 <[VeS]RSDj_milosperic1987!~qicruser@Rizon-DDCA285B.mbb.telenor.rs> has quit IRC ()
2014-01-30T18:05:55  *** Free_Area sets mode: -b *!*NAVIJACI@*.71714418.8266FBD0.IP
2014-01-30T18:07:45  *** [VeS]RSDj_milosperic1987 <[VeS]RSDj_milosperic1987!~qicruser@Rizon-DDCA285B.mbb.telenor.rs> has joined #Gromovnici
2014-01-30T18:08:03  *** partizan <partizan!cgiirc@Rizon-421F3309.dynamic.isp.telekom.rs> has quit IRC (Quit: http://www.mibbit.com ajax IRC Client)
2014-01-30T18:09:27  *** Free_Area <Free_Area!~Free_Area@kiss.my.ass> has quit IRC (Quit: Leaving)
2014-01-30T18:12:02  *** Razor_991 <Razor_991!cgiirc@Rizon-70A5A8BD.dynamic.isp.telekom.rs> has quit IRC (Quit: http://www.mibbit.com ajax IRC Client)
2014-01-30T18:18:31  *** ledzaaa <ledzaaa!~Nikola@B27F5E28.D510C00.52D69025.IP> has joined #Gromovnici
2014-01-30T18:21:19  *** elminjo <elminjo!~kvirc@Rizon-53EAFFA2.dynamic.t-2.net> has joined #Gromovnici
2014-01-30T18:24:06  *** montecarlo111 <montecarlo111!cgiirc@Rizon-4D630BCF.dynamic.isp.telekom.rs> has joined #Gromovnici
2014-01-30T18:24:10  <montecarlo111> o7
2014-01-30T18:24:23  <montecarlo111> Danas nije bilo nijedno udaranje?
2014-01-30T18:27:17  *** pantarei <pantarei!cgiirc@Rizon-649ED255.dynamic.sbb.rs> has joined #Gromovnici
2014-01-30T18:27:45  <Ortak_Pitagora> danas niko da naas bije, nismo više imperija pa im nije zabavno, a talijance u RW-u puštamo, sve u svemu - smor živi
2014-01-30T18:30:26  *** Uvek_Tvrd <Uvek_Tvrd!~Uvek@Rizon-52C7D14C.dynamic.isp.telekom.rs> has joined #Gromovnici
2014-01-30T18:31:05  *** [VeS]RSDj_milosperic1987 <[VeS]RSDj_milosperic1987!~qicruser@Rizon-DDCA285B.mbb.telenor.rs> has quit IRC (Quit: Ćao :-D)
2014-01-30T18:35:17  <Demeratus> .unban MikezillaM
2014-01-30T18:35:17  *** Sexy sets mode: -b *!*@Rizon-8C4A9BE1.dynamic.isp.telekom.rs
2014-01-30T18:36:04  <Ortak_Pitagora> jebote od kad sam počeo ponovo d pratim čet ništaa se ne dešava...
2014-01-30T18:39:11  *** BabyBullet-BNC is now known as BabyBullet
2014-01-30T18:39:18  <BabyBullet> o/
2014-01-30T18:44:10  *** Free_Area <Free_Area!~Free_Area@kiss.my.ass> has joined #Gromovnici
2014-01-30T18:44:10  *** Sexy sets mode: +h Free_Area
2014-01-30T18:49:41  *** Sexy sets mode: +v elminjo
2014-01-30T18:49:41  *** MikezillaM <MikezillaM!cgiirc@Rizon-8C4A9BE1.dynamic.isp.telekom.rs> has joined #Gromovnici
2014-01-30T18:49:41  *** Sexy sets mode: +o MikezillaM
2014-01-30T18:50:19  <Ortak_Pitagora> ajde neki udar, nešto, negde, danas,  ...?
2014-01-30T18:54:38  <Ortak_Pitagora> napuštaaaaaaaaaaaaaaam
2014-01-30T18:54:54  <Ortak_Pitagora> vuci vodu !!!
2014-01-30T18:55:05  *** Ortak_Pitagora <Ortak_Pitagora!cgiirc@CDD433E2.64EF3C81.688B5AC7.IP> has left #Gromovnici
2014-01-30T18:55:17  *** Razor_991 <Razor_991!cgiirc@Rizon-70A5A8BD.dynamic.isp.telekom.rs> has joined #Gromovnici
2014-01-30T18:59:21  *** thekrekc <thekrekc!cgiirc@FAFA4292.9CE59A4D.322A6EA7.IP> has joined #Gromovnici
2014-01-30T18:59:28  <thekrekc> o/
2014-01-30T18:59:53  *** ilija_ is now known as ilija_AFK
2014-01-30T19:00:31  *** [VeS]RSDj_milosperic1987 <[VeS]RSDj_milosperic1987!~qicruser@Rizon-3A9ACF7.mbb.telenor.rs> has joined #Gromovnici
2014-01-30T19:03:36  *** Uvek_Tvrd is now known as Uvek_Tvrd_AFK
2014-01-30T19:07:32  *** Mala_Tigrica <Mala_Tigrica!cgiirc@Rizon-779A247F.dynamic.isp.telekom.rs> has quit IRC (Quit: http://www.mibbit.com ajax IRC Client)
2014-01-30T19:09:52  *** Kizo97 <Kizo97!cgiirc@Rizon-B30B3183.dynamic.stcable.net> has quit IRC (Quit: http://www.mibbit.com ajax IRC Client)
2014-01-30T19:16:16  *** Rico <Rico!cgiirc@Rizon-AC131F20.dynamic.isp.telekom.rs> has joined #Gromovnici
2014-01-30T19:27:09  *** GaleS <GaleS!cgiirc@Rizon-661D8855.dynamic.sbb.rs> has joined #Gromovnici
2014-01-30T19:27:14  <GaleS> cao :)
2014-01-30T19:28:37  *** TRESELUPAUDARA <TRESELUPAUDARA!~NAVIJACI@46E4F7FC.71714418.8266FBD0.IP> has joined #Gromovnici
2014-01-30T19:31:27  *** pantarei <pantarei!cgiirc@Rizon-649ED255.dynamic.sbb.rs> has quit IRC (Quit: http://www.mibbit.com ajax IRC Client)
2014-01-30T19:31:45  *** iceman74 <iceman74!cgiirc@Rizon-649ED255.dynamic.sbb.rs> has joined #Gromovnici
2014-01-30T19:31:45  <Sexy> [iceman74] RED je RED
2014-01-30T19:31:45  *** Sexy sets mode: +ao iceman74 iceman74
2014-01-30T19:33:32  <iceman74> !gromovnici skup u 21h
2014-01-30T19:34:18  <iceman74> !gromovnici skup u 21h
2014-01-30T19:34:19  <expl0it> Success.
2014-01-30T19:35:30  *** iceman74 changes topic to "30.01.2014. UDAR 21h ||| PUSTAMO Piedmont ||| ***Zvanični kanal jedinice Red sv.Djordja*** ||| VAŽNO OBAVEŠTENJE http://prntscr.com/1vnnzf ||| FEED i SMS: http://goo.gl/NRRwL |||"
2014-01-30T19:35:42  *** iceman74 <iceman74!cgiirc@Rizon-649ED255.dynamic.sbb.rs> has left #Gromovnici
2014-01-30T19:35:45  *** Free_Area <Free_Area!~Free_Area@kiss.my.ass> has quit IRC (Quit: Leaving)
2014-01-30T19:37:10  <DonVitoCorleone> !part
2014-01-30T19:37:10  *** eRepublikBot <eRepublikBot!~KraljevaG@FDFDB705.BFECDD3B.214689AC.IP> has left #Gromovnici (DonVitoCorleone)
