2013-08-28T03:43:07  *** KG-Bot <KG-Bot!~Kraljeva_@Rizon-DD5219AC.server4you.net> has joined #CoMuD
2013-08-28T03:43:27  *** KG-Bot is now known as Guest361
2013-08-28T04:17:25  *** KG-Bot <KG-Bot!~Kraljeva_@Rizon-DD5219AC.server4you.net> has joined #CoMuD
2013-08-28T04:17:43  *** KG-Bot is now known as Guest36575
2013-08-28T04:19:17  *** Guest36575 is now known as KG-Bot
2013-08-28T04:36:38  *** KG-Bot <KG-Bot!~Kraljeva_@Kraljeva.Garda.official.bot> has joined #CoMuD
2013-08-28T04:47:50  *** KG-Bot <KG-Bot!~Kraljeva_@Kraljeva.Garda.official.bot> has joined #CoMuD
2013-08-28T12:00:18  *** KG-Bot <KG-Bot!~Kraljeva_@Kraljeva.Garda.official.bot> has joined #CoMuD
2013-08-28T14:07:39  *** KG-Bot <KG-Bot!~Kraljeva_@Kraljeva.Garda.official.bot> has joined #CoMuD
2013-08-28T21:56:05  *** KG-Bot <KG-Bot!~Kraljeva_@Kraljeva.Garda.official.bot> has joined #CoMuD
2013-08-29T20:42:47  *** KG-Bot <KG-Bot!~KraljevaG@Kraljeva.Garda.official.bot> has joined #CoMuD
2013-08-29T20:44:28  *** KG-Bot <KG-Bot!~KraljevaG@Kraljeva.Garda.official.bot> has joined #CoMuD
2013-08-30T05:15:04  <DonVitoCorleone> +tr to se hearth
2013-08-30T05:15:05  <KG-Bot> hearth
2013-08-30T05:15:08  <DonVitoCorleone> +tr to se heart
2013-08-30T05:15:09  <KG-Bot> heart
2013-08-30T05:15:21  <DonVitoCorleone> +tr to sr heart
2013-08-30T05:15:22  <KG-Bot> срце
2013-09-01T03:39:52  *** GreeneryFanatic <GreeneryFanatic!qwebirc@Rizon-6A8342AF.nrflva.east.verizon.net> has joined #CoMuD
2013-09-01T03:42:05  *** GreeneryFanatic <GreeneryFanatic!qwebirc@Rizon-6A8342AF.nrflva.east.verizon.net> has quit IRC ()
2013-09-02T17:34:44  *** DonVitoCorleone <DonVitoCorleone!Stefan_Nin@Drzi.Prijatelje.BlizuA.Neprijatelje.Jos.Blize> has quit IRC (Killed (irc.siglost.com (4 joins/parts in #kraljeva_garda within 7 seconds.)))
2013-09-02T17:43:06  *** DonVitoCorleone <DonVitoCorleone!Stefan_Nin@Drzi.Prijatelje.Blizu.A.Neprijatelje.Jos.Blize> has joined #CoMuD
2013-09-05T01:58:23  *** KG|DonVitoCorleone <KG|DonVitoCorleone!~Kraljeva-@I-m.not.bot.this.is.just.another.bnc.profile> has joined #CoMuD
2013-09-05T02:18:07  *** DonVitoCorleone is now known as FurryLand
2013-09-05T02:18:55  *** KG|DonVitoCorleone is now known as DonVitoCorleone
2013-09-06T19:54:52  <KG-Bot> Announcement from my owner (DonVitoCorleone): eRepublik komande ne rade dok se ne popravi stanje sa eRep serverima. Hvala na razumevanju. :)
2013-09-07T23:51:53  <KG-Bot> Announcement from my owner (DonVitoCorleone): eRepublik plugin won't work for some time, API is perma disabled and everything must be made from scratch
2013-09-10T23:33:13  <DonVitoCorleone> +part
2013-09-10T23:33:13  *** KG-Bot <KG-Bot!~KraljevaG@Kraljeva.Garda.official.bot> has left #CoMuD (DonVitoCorleone)
