2013-09-09T00:54:29  *** KG-Bot <KG-Bot!~KraljevaG@Kraljeva.Garda.official.bot> has joined #famigliecorleone
2013-09-09T00:54:29  *** ChanServ sets mode: +o KG-Bot
2013-09-09T00:54:35  <DonVitoCorleone> +mode +i
2013-09-09T00:54:35  *** KG-Bot sets mode: +i 
2013-09-09T00:57:33  *** Mancha is now known as Andrew3
2013-09-09T00:59:39  <Andrew3> ae ln DonVitoCorleone
2013-09-09T00:59:44  <DonVitoCorleone> Ln
2013-09-09T20:12:03  * Andrew3 slaps DonVitoCorleone 
2013-09-09T20:12:35  <DonVitoCorleone> :)
2013-09-09T20:17:21  <DonVitoCorleone> Radi li se sta?
2013-09-09T20:17:42  <Andrew3> ceo dan sam kopao
2013-09-09T20:17:51  <Andrew3> grobove
2013-09-09T20:18:03  <Andrew3> sve me ruke u zuljevima
2013-09-09T20:19:31  <DonVitoCorleone> Kakve sad grobove bre?
2013-09-09T20:19:41  <DonVitoCorleone> I zasto su ti u zuljevima majke ti o_O
2013-09-09T20:19:58  <Andrew3> pa kopao sam grobove
2013-09-09T20:20:01  <Andrew3> vadio zlato
2013-09-09T20:20:03  <Andrew3> i tako
2013-09-09T20:20:28  <Andrew3> nego slusaj jel si smislio neki text za site
2013-09-09T20:20:29  <Andrew3> :)
2013-09-09T20:21:11  <DonVitoCorleone> Ma sve sam bio smislio danas na mesalici ali nisam imao gde da zapisem tako da...
2013-09-09T20:21:23  <Andrew3> :/
2013-09-09T20:21:37  <Andrew3> mogao si upisati po betonu1
2013-09-09T20:21:39  <Andrew3> !
2013-09-09T20:21:48  <DonVitoCorleone> Bas
2013-09-09T20:23:02  <Andrew3> aj daj sliku
2013-09-09T20:23:17  <Andrew3> po kojoj cemo biti prepoznatljivi
2013-09-09T20:23:27  <DonVitoCorleone> Pa nisam je napravio jos
2013-09-09T20:23:32  <Andrew3> :O
2013-09-09T20:23:45  <DonVitoCorleone> Ma za sliku cemo lako
2013-09-09T20:24:09  <Andrew3> kk sta ti treba onda
2013-09-09T20:24:15  <Andrew3> da omah to resimo :D
2013-09-09T20:25:42  <DonVitoCorleone> Pa textovi :D
2013-09-09T20:25:58  <Andrew3> za sta?
2013-09-09T20:26:34  <DonVitoCorleone> Pa za sajt jbt
2013-09-09T20:26:39  <DonVitoCorleone> xD
2013-09-09T20:28:19  <Andrew3> lele
2013-09-09T20:29:17  <Andrew3> Napises Dobrodošli na sajt taj i taj :D
2013-09-09T20:29:43  <Andrew3> onda kžeš naša organizacija osnovana je dana tog it og sa tim i tim ciljem
2013-09-09T20:29:58  <DonVitoCorleone> Imas Word na racunaru?
2013-09-09T20:29:58  <Andrew3> sve naše usluge su sigurne ma da nemate garanciju za to :D
2013-09-09T20:29:59  <DonVitoCorleone> xD
2013-09-09T20:30:03  <Andrew3> etc
2013-09-09T20:30:28  <Andrew3> nemam
2013-09-09T20:31:42  <DonVitoCorleone> Onda imas notepad
2013-09-09T20:31:45  <DonVitoCorleone> To imaju svi
2013-09-09T20:31:49  <DonVitoCorleone> Pisi lepo i posalji :)
2013-09-09T20:33:03  <Andrew3> lee
2013-09-09T20:49:41  *** Andrew3 is now known as Mancha
2013-09-09T20:57:01  <DonVitoCorleone> Moram se ici kupati :/
2013-09-09T22:03:00  <DonVitoCorleone> Mancha:
2013-09-09T22:03:01  <DonVitoCorleone> Mancha:
2013-09-09T22:03:01  <DonVitoCorleone> Mancha:
2013-09-09T22:03:01  <DonVitoCorleone> Mancha:
2013-09-09T22:03:03  <DonVitoCorleone> Si tu?
2013-09-09T22:25:35  <Mancha> sad
2013-09-09T22:25:38  <Mancha> jesam
2013-09-09T22:38:39  <DonVitoCorleone> Radis li sta?
2013-09-09T22:39:42  <Mancha> pusim cigaru
2013-09-09T22:39:44  <Mancha> :D
2013-09-09T22:43:09  <DonVitoCorleone> Ozbiljno te pitam
2013-09-09T23:28:03  <DonVitoCorleone> Mancha: nasao sam sliku koju cemo da koristimo
2013-09-09T23:28:20  <DonVitoCorleone> http://www.google.com/url?sa=i&rct=j&q=&esrc=s&source=images&cd=&cad=rja&docid=D9WEs2dy77ACpM&tbnid=3U9goOY6C31RqM:&ved=0CAIQjBw&url=http%3A%2F%2Fwww.west-end-times.com%2Fwp-content%2Fuploads%2F2012%2F07%2Fcarleone.jpg&ei=aj0uUobJH6eh0wXo2YG4Dg&psig=AFQjCNHaeUXEW5t7Y2roQ-DR-JXiJWXDGA&ust=1378848174545392
2013-09-09T23:28:21  <KG-Bot> Title: Redirect Notice (at www.google.com)
2013-09-09T23:28:37  <DonVitoCorleone> I preko toga ce biti onaj logo eRep -a
2013-09-09T23:30:47  <Mancha> kk
2013-09-09T23:31:17  <DonVitoCorleone> Kontao sam da stavim da je logo eRep -a malo providan
2013-09-09T23:31:20  <DonVitoCorleone> Sta mislis?
2013-09-09T23:31:40  <Mancha> slazem se
2013-09-09T23:32:15  <DonVitoCorleone> http://www.google.com/url?sa=i&rct=j&q=&esrc=s&source=images&cd=&cad=rja&docid=Js_GB5awY-UUnM&tbnid=NGZ4ItiTRhnTzM:&ved=&url=http%3A%2F%2Fwww.freeimagehosting.net%2Fnewuploads%2Fw46fj.png&ei=-T0uUp6nIYfLhAfI94CYAQ&psig=AFQjCNGJaVrvRXtW0O3EcWXvrhwW_QtxoA&ust=1378848633892997
2013-09-09T23:32:16  <KG-Bot> Title: Redirect Notice (at www.google.com)
2013-09-09T23:32:38  <DonVitoCorleone> Ovaj logo sam kontao da stavim
2013-09-09T23:32:47  <DonVitoCorleone> Ili je bolje ovaj http://www.google.com/url?sa=i&rct=j&q=&esrc=s&source=images&cd=&cad=rja&docid=auF3IYpdcXHn7M&tbnid=gh9CfSaGNNTTMM:&ved=&url=http%3A%2F%2Fwiki.erepublik.com%2Fimages%2F4%2F43%2FChicken2.gif&ei=-T0uUp6nIYfLhAfI94CYAQ&psig=AFQjCNGJaVrvRXtW0O3EcWXvrhwW_QtxoA&ust=1378848633892997
2013-09-09T23:32:48  <KG-Bot> Title: Redirect Notice (at www.google.com)
2013-09-09T23:32:54  <DonVitoCorleone> Zanimljivije :D
2013-09-09T23:33:35  <DonVitoCorleone> Ili http://www.google.com/url?sa=i&rct=j&q=&esrc=s&source=images&cd=&cad=rja&docid=iV1ixlpLsBAAwM&tbnid=QRu92uRRTjRXpM:&ved=&url=http%3A%2F%2Fwww.kudazavikend.com%2Ffiles%2F9435%2Fthumbs%2Fwideb_e_republic.jpg&ei=-T0uUp6nIYfLhAfI94CYAQ&psig=AFQjCNGJaVrvRXtW0O3EcWXvrhwW_QtxoA&ust=1378848633892997
2013-09-09T23:33:36  <KG-Bot> Title: Redirect Notice (at www.google.com)
2013-09-09T23:34:13  <DonVitoCorleone> Ahahhaha, ovaj ide uz nas savrseno http://www.google.com/url?sa=i&rct=j&q=&esrc=s&source=images&cd=&cad=rja&docid=IlfoVDis0oghJM&tbnid=P7N7x00LBLMMzM:&ved=&url=http%3A%2F%2Fblog.erepublik.com%2Fwp-content%2Fuploads%2FeRepublik-Takeover.png&ei=-T0uUp6nIYfLhAfI94CYAQ&psig=AFQjCNGJaVrvRXtW0O3EcWXvrhwW_QtxoA&ust=1378848633892997
2013-09-09T23:34:14  <DonVitoCorleone> xD
2013-09-09T23:34:14  <KG-Bot> Title: Redirect Notice (at www.google.com)
2013-09-09T23:35:56  <DonVitoCorleone> A da napises nesto?
2013-09-10T00:05:58  <Mancha> lol
2013-09-10T00:06:01  <Mancha> :D
2013-09-10T00:06:30  <Mancha> TAKEOVER
2013-09-10T00:09:40  <DonVitoCorleone> To da uzmemo?
2013-09-10T00:12:56  <Mancha> y
2013-09-10T00:18:39  <DonVitoCorleone> Jesi poceo da pises text za sajt?
2013-09-10T00:24:45  <Mancha> ..
2013-09-10T00:25:00  *** Mancha is now known as Andrew3
2013-09-10T00:26:48  <DonVitoCorleone> I ti ovako planiras da radis?
2013-09-10T00:27:09  <Andrew3> pa ne:D
2013-09-10T00:32:49  <DonVitoCorleone> Pa onda sto ne radis?
2013-09-10T18:48:49  *** Andrew3 is now known as Mancha
2013-09-10T18:48:55  <DonVitoCorleone> o/
2013-09-10T18:49:05  <Mancha> pao SB dodo DH lol
2013-09-10T18:49:13  <Mancha> dosao*
2013-09-10T18:49:21  <DonVitoCorleone> A?
2013-09-10T18:49:36  <Mancha> evo sad cu ti prevedem
2013-09-10T18:49:37  <Mancha> xD
2013-09-10T18:49:51  <Mancha> banovali Strahinjica vratio se hrcak
2013-09-10T18:49:52  <Mancha> xD
2013-09-10T18:50:16  <DonVitoCorleone> Extra xD
2013-09-10T18:50:27  <Mancha> pao SB
2013-09-10T18:50:36  <Mancha> joj ceo dan samo o njegovom banu razmisljam
2013-09-10T18:50:38  <DonVitoCorleone> Extra xD x3
2013-09-10T18:50:43  <Mancha> ZIVELA PEGICA
2013-09-10T18:50:44  <Mancha> :D
2013-09-10T22:00:23  *** Mancha is now known as M-avaj
2013-09-10T22:00:55  <DonVitoCorleone> Ni veceras ne radimo nista?
2013-09-10T22:01:09  <M-avaj> vracam se za 20min
2013-09-10T22:36:58  *** M-avaj is now known as Mancha
2013-09-10T22:50:02  <DonVitoCorleone> Necemo raditi?
2013-09-10T23:10:22  <Mancha> cemo cemo
2013-09-10T23:21:35  <DonVitoCorleone> Ajde da vidimo i to cudo
2013-09-10T23:40:29  <DonVitoCorleone> Sta si uradio od juce?
2013-09-10T23:44:39  <DonVitoCorleone> Mancha: napravi multija u Poljskoj odmah xD
2013-09-10T23:44:50  <DonVitoCorleone> Ili ako imas vec nekoga jos bolje
2013-09-11T09:25:42  *** Mancha is now known as Andrew3
2013-09-12T19:25:42  *** KG-Bot <KG-Bot!~KraljevaG@Kraljeva.Garda.official.bot> has joined #famigliecorleone
2013-09-12T19:25:43  *** ChanServ sets mode: +o KG-Bot
2013-09-14T04:22:09  *** Andrew3 is now known as Mancha
2013-09-14T07:55:41  <DonVitoCorleone> Mancha: tu?
2013-09-14T19:50:54  <DonVitoCorleone> +topic set Our web site can be found here http://famigliecorleone.klined.org/joomla/ it's still in creation
2013-09-14T19:50:54  *** KG-Bot changes topic to "Our web site can be found here http://famigliecorleone.klined.org/joomla/ it's still in creation"
2013-09-15T00:34:52  <DonVitoCorleone> Mancha:
2013-09-15T00:34:52  <DonVitoCorleone> Mancha:
2013-09-15T00:34:53  <DonVitoCorleone> Mancha:
2013-09-15T00:34:53  <DonVitoCorleone> Mancha:
2013-09-15T00:34:53  <DonVitoCorleone> Mancha:
2013-09-15T13:30:52  *** Mancha is now known as Andrew3
2013-09-15T15:00:12  <DonVitoCorleone> Andrew3: necemo raditi nista?
2013-09-15T16:29:38  <DonVitoCorleone> +topic set Our web site can be found here http://famigliecorleone.webs.com/ it's still in creation
2013-09-15T16:29:39  *** KG-Bot changes topic to "Our web site can be found here http://famigliecorleone.webs.com/ it's still in creation"
2013-09-15T16:30:20  <Andrew3> eee
2013-09-15T16:31:18  <DonVitoCorleone> =.=
2013-09-15T16:38:16  <DonVitoCorleone> Imas pitanje gore
2013-09-15T16:38:24  <DonVitoCorleone> Ako mozes odgovori do prekosutra
2013-09-15T19:18:28  *** Andrew3 is now known as Mancha
2013-09-15T21:51:36  *** Mancha is now known as Andrew3
2013-09-16T14:18:43  *** KG-Bot <KG-Bot!~KraljevaG@Kraljeva.Garda.official.bot> has joined #famigliecorleone
2013-09-16T14:18:44  *** ChanServ sets mode: +o KG-Bot
2013-09-16T15:14:58  *** Andrew3 <Andrew3!Mancha@Rizon-362A0920.rizonbnc.eu.rizon.net> has quit IRC (Ping timeout: 244 seconds)
2013-09-17T23:46:36  *** Mancha <Mancha!Mancha@Rizon-362A0920.rizonbnc.eu.rizon.net> has joined #famigliecorleone
2013-09-17T23:46:57  <Mancha> to je zato sto me BNC nije identifikovao ili sta vec
2013-09-17T23:47:03  <Mancha> pa me nema na pola kanala
2013-09-17T23:47:08  <Mancha> igubih i pola statusa
2013-09-17T23:47:09  <Mancha> ...
2013-09-17T23:47:24  <DonVitoCorleone> Kad imas retardiran BNC
2013-09-17T23:48:58  <DonVitoCorleone> Jesi li sta radio u vezi posla?
2013-09-17T23:49:26  <Mancha> hmmm zar nismo smislili cene sliku i text?
2013-09-17T23:49:35  <DonVitoCorleone> Gde je text?
2013-09-17T23:49:40  <DonVitoCorleone> Gde su cene, gde su slike
2013-09-17T23:49:49  <DonVitoCorleone> To je sve u glavi, ali treba staviti "na papir"
2013-09-17T23:49:57  <Mancha> pa ima u logovima
2013-09-17T23:49:58  <Mancha> :D
2013-09-17T23:52:51  <DonVitoCorleone> Sta ces ljudima da das logove kada pitaju koliko nesto kosta?
2013-09-18T01:56:49  *** Mancha is now known as Mancha|zZzZzZz
2013-09-18T17:44:52  *** Mancha|zZzZzZz is now known as Mancha
2013-09-18T21:55:05  *** Mancha is now known as Andrew3
2013-09-19T15:27:01  *** DonVitoCorleone <DonVitoCorleone!~Kraljeva-@Drzi.Prijatelje.BlizuA.Neprijatelje.Jos.Blize> has quit IRC (Quit: ZNC - http://znc.in)
2013-09-19T15:35:06  *** DonVitoCorleone <DonVitoCorleone!~KG@Drzi.Prijatelje.BlizuA.Neprijatelje.Jos.Blize> has joined #famigliecorleone
2013-09-19T15:35:06  *** ChanServ sets mode: +o DonVitoCorleone
2013-09-19T16:10:10  *** Andrew3 is now known as Mancha
2013-09-19T23:25:37  *** Mancha is now known as Andrew3
