2013-08-28T03:43:07  *** KG-Bot <KG-Bot!~Kraljeva_@Rizon-DD5219AC.server4you.net> has joined #MHQ
2013-08-28T03:43:27  *** KG-Bot is now known as Guest361
2013-08-28T04:17:25  *** KG-Bot <KG-Bot!~Kraljeva_@Rizon-DD5219AC.server4you.net> has joined #MHQ
2013-08-28T04:17:43  *** KG-Bot is now known as Guest36575
2013-08-28T04:19:17  *** Guest36575 is now known as KG-Bot
2013-08-28T04:19:17  *** ChanServ sets mode: +o KG-Bot
2013-08-28T04:36:38  *** KG-Bot <KG-Bot!~Kraljeva_@Kraljeva.Garda.official.bot> has joined #MHQ
2013-08-28T04:36:39  *** ChanServ sets mode: +o KG-Bot
2013-08-28T04:47:50  *** KG-Bot <KG-Bot!~Kraljeva_@Kraljeva.Garda.official.bot> has joined #MHQ
2013-08-28T04:47:51  *** ChanServ sets mode: +o KG-Bot
2013-08-28T12:00:17  *** KG-Bot <KG-Bot!~Kraljeva_@Kraljeva.Garda.official.bot> has joined #MHQ
2013-08-28T12:00:18  *** ChanServ sets mode: +o KG-Bot
2013-08-28T14:07:39  *** KG-Bot <KG-Bot!~Kraljeva_@Kraljeva.Garda.official.bot> has joined #MHQ
2013-08-28T14:07:40  *** ChanServ sets mode: +o KG-Bot
2013-08-28T21:56:05  *** KG-Bot <KG-Bot!~Kraljeva_@Kraljeva.Garda.official.bot> has joined #MHQ
2013-08-28T21:56:06  *** ChanServ sets mode: +o KG-Bot
2013-08-29T20:42:46  *** KG-Bot <KG-Bot!~KraljevaG@Kraljeva.Garda.official.bot> has joined #MHQ
2013-08-29T20:42:47  *** ChanServ sets mode: +o KG-Bot
2013-08-29T20:44:28  *** KG-Bot <KG-Bot!~KraljevaG@Kraljeva.Garda.official.bot> has joined #MHQ
2013-08-29T20:44:28  *** ChanServ sets mode: +o KG-Bot
2013-09-02T17:34:44  *** DonVitoCorleone <DonVitoCorleone!Stefan_Nin@Drzi.Prijatelje.BlizuA.Neprijatelje.Jos.Blize> has quit IRC (Killed (irc.siglost.com (4 joins/parts in #kraljeva_garda within 7 seconds.)))
2013-09-02T17:37:53  *** DonVitoCorleone <DonVitoCorleone!Stefan_Nin@Drzi.Prijatelje.Blizu.A.Neprijatelje.Jos.Blize> has joined #MHQ
2013-09-02T17:37:53  *** ChanServ sets mode: +o DonVitoCorleone
2013-09-05T02:15:59  *** KG|DonVitoCorleone <KG|DonVitoCorleone!~Kraljeva-@I-m.not.bot.this.is.just.another.bnc.profile> has joined #MHQ
2013-09-05T02:15:59  *** ChanServ sets mode: +o KG|DonVitoCorleone
2013-09-05T02:18:07  *** DonVitoCorleone is now known as FurryLand
2013-09-05T02:18:55  *** KG|DonVitoCorleone is now known as DonVitoCorleone
2013-09-06T19:54:43  <KG-Bot> Announcement from my owner (DonVitoCorleone): eRepublik komande ne rade dok se ne popravi stanje sa eRep serverima. Hvala na razumevanju. :)
2013-09-07T23:51:44  <KG-Bot> Announcement from my owner (DonVitoCorleone): eRepublik plugin won't work for some time, API is perma disabled and everything must be made from scratch
2013-09-10T23:31:13  <DonVitoCorleone> +part
2013-09-10T23:31:13  *** KG-Bot <KG-Bot!~KraljevaG@Kraljeva.Garda.official.bot> has left #MHQ (DonVitoCorleone)
