2013-11-24T01:47:57  *** eRepublikBot <eRepublikBot!~KraljevaG@184498CC.9F0C46F5.214689AC.IP> has joined #loto
2013-11-24T01:48:25  *** DonVitoCorleone sets mode: +oo ristoII eRepublikBot
2013-11-24T01:48:42  <DonVitoCorleone> Odradi mu bet sa 7 brojeva
2013-11-24T01:48:46  <DonVitoCorleone> Od 0 do 39
2013-11-24T01:57:30  <DonVitoCorleone> !reload BlJack
2013-11-24T01:57:30  <eRepublikBot> Done.
2013-11-24T01:57:32  <DonVitoCorleone> !loto
2013-11-24T01:57:33  <eRepublikBot> BINGO! is not available on this channel. Go to #loto and read topic
2013-11-24T01:57:41  <DonVitoCorleone> Hm
2013-11-24T01:58:01  <DonVitoCorleone> !reload BlJack
2013-11-24T01:58:01  <eRepublikBot> Done.
2013-11-24T01:58:03  <DonVitoCorleone> !loto
2013-11-24T01:58:03  *** eRepublikBot sets mode: +m 
2013-11-24T01:58:04  *** eRepublikBot sets mode: +i 
2013-11-24T01:58:05  <eRepublikBot> Starting a BINGO! game No. 11
2013-11-24T01:58:06  <eRepublikBot> 1st number is: 37
2013-11-24T01:58:10  <eRepublikBot> 2nd number is: 13
2013-11-24T01:58:17  <eRepublikBot> 3rd number is: 17
2013-11-24T01:58:24  <eRepublikBot> 4th number is: 19
2013-11-24T01:58:31  <eRepublikBot> 5th number is: 10
2013-11-24T01:58:38  <eRepublikBot> 6th number is: 36
2013-11-24T01:58:45  <eRepublikBot> 7th number is: 4
2013-11-24T01:58:46  <eRepublikBot> Current numbers are: 4, 10, 13, 17, 19, 36, 37
2013-11-24T01:58:47  <eRepublikBot> Please be patient 'till administrators and moderators check your bets. Channel will be unmoderated once the checking finishes. Thank you very much for your understanding, and please don't query moderators and administrators while they work on your bets, you don't want them to make mistake.
2013-11-24T01:59:44  <ristoII> kolko si pogodio DonVitoCorleone
2013-11-24T02:01:17  <ristoII> 1
2013-11-24T02:01:19  <ristoII> :D
2013-11-24T02:03:12  <ristoII> DonVitoCorleone:
2013-11-24T02:03:20  <ristoII> jesi tu ?
2013-11-24T02:03:21  <DonVitoCorleone> Yup xD
2013-11-24T02:03:31  <DonVitoCorleone> Ali sam nasao i gresku u kodu
2013-11-24T02:03:35  <DonVitoCorleone> Sad moram da je ispravim
2013-11-24T02:03:43  <ristoII> vidi što se tiče nagrada
2013-11-24T02:04:18  <ristoII> za prvih nekoliko kola moramo imati zagarantovane sume
2013-11-24T02:04:41  <ristoII> e sad
2013-11-24T02:04:54  <DonVitoCorleone> Sto zagarantovane, valjda po uplatama racunamo
2013-11-24T02:05:10  <ristoII> pa zamisli da imaš 20 uplata
2013-11-24T02:05:22  <ristoII> a sedmica ti 700 din
2013-11-24T02:05:33  <DonVitoCorleone> Pa?
2013-11-24T02:05:35  <ristoII> :D
2013-11-24T02:05:46  <ristoII> Kako pa
2013-11-24T02:05:57  <ristoII> treba da privučeš masu
2013-11-24T02:06:40  <ristoII> ako je uplata 50 din
2013-11-24T02:06:52  <ristoII> i imaš uplaćeno 20 tiketa
2013-11-24T02:07:00  <ristoII> to je ukupno 1000 din
2013-11-24T02:07:10  <ristoII> ti uzimaš 200 kao maržu
2013-11-24T02:07:31  <ristoII> tačnije fond za nagrafe je 800 din
2013-11-24T02:07:50  <DonVitoCorleone> Pa nisam ja kriv ako bude malo uplata
2013-11-24T02:08:16  <DonVitoCorleone> Doc sa uplatama ce biti javno dostupan, ako si procitao pravilnik znas da ide izvestaj posle igre
2013-11-24T02:08:16  <ristoII> od tih 20 tiketa bar ce dva tiketa biti sa 3 pogođena
2013-11-24T02:08:30  <ristoII> pa kontam
2013-11-24T02:08:55  <ristoII> al jbg trebalo bi privući ljude
2013-11-24T02:09:47  <ristoII> kontaš
2013-11-24T02:10:03  <ristoII> a ako imaš više tiketa i fond se puni brže
2013-11-24T02:10:20  <ristoII> i imaš veću maržu
2013-11-24T02:11:09  <DonVitoCorleone> Pa prva je igra
2013-11-24T02:11:13  <DonVitoCorleone> Mora biti malo
2013-11-24T02:12:07  <ristoII> pa tek od 700 uplaćenih imaš jednu 6-ticu
2013-11-24T02:12:40  <ristoII> ako napravim da je fond za 3 pogođena 10% od uplate
2013-11-24T02:12:48  <ristoII> za 4 15%
2013-11-24T02:13:04  <ristoII> za 5 isto 15%
2013-11-24T02:13:43  <ristoII> za 6 20%
2013-11-24T02:13:49  <ristoII> za 7 20%
2013-11-24T02:14:12  <ristoII> sedmica od 20 ljudi po 50 din
2013-11-24T02:14:19  <ristoII> je 200 din :(
2013-11-24T02:15:40  <DonVitoCorleone> A zasto 7ca ne bi bila 50%
2013-11-24T02:16:59  <ristoII> pa može da bude kolko oćeš jer je njena verovatnoća 1:10000065
2013-11-24T02:17:32  <ristoII> ako staviš u fond za 7 50 % kolko u ostale
2013-11-24T02:17:48  <ristoII> 6 5 4 3
2013-11-24T02:18:00  <DonVitoCorleone> Nadji ti onda kako je najbolje, izracunaj xD
2013-11-24T02:18:14  <DonVitoCorleone> Jel ovo gore to sto si izracunao?
2013-11-24T02:18:29  <ristoII> pa to je predlog
2013-11-24T02:18:34  <DonVitoCorleone> Ok
2013-11-24T02:18:40  <ristoII> al mi komplikovano ovako da ti objasnim
2013-11-24T02:18:53  <ristoII> koju mrežu imaš ti tamo ?
2013-11-24T02:19:02  <ristoII> da te nazovem
2013-11-24T02:19:10  <ristoII> ili skype
2013-11-24T02:25:27  <DonVitoCorleone> Svejedno
2013-11-24T02:26:08  <ristoII> daj skype
2013-11-24T02:26:30  <DonVitoCorleone> Cek da vidim username
2013-11-24T02:26:37  <DonVitoCorleone> Zaboravio, ne palim ga nikada xD
2013-11-24T02:26:41  <ristoII> daj broj mob
2013-11-24T02:27:02  <DonVitoCorleone> Da me zoves na mob?
2013-11-24T02:27:08  <ristoII> da
2013-11-24T02:27:18  <DonVitoCorleone> Ma esi normalan, da te odere nenormalno
2013-11-24T02:27:34  <ristoII> ajde daj skype
2013-11-24T02:28:26  <DonVitoCorleone> Moram da podesim skajp za kameru i mic
2013-11-24T02:28:33  <DonVitoCorleone> Prvi put ga palim od kako sam emnjao PC xD
2013-11-24T02:28:35  <DonVitoCorleone> menjao*
2013-11-24T02:28:40  <DonVitoCorleone> Jedva sam se setio sifre
2013-11-24T02:28:52  <ristoII> ne moraš kameru paliti
2013-11-24T02:28:57  <ristoII> mene moja zajebava
2013-11-24T02:29:45  <DonVitoCorleone> http://prntscr.com/26bevh
2013-11-24T02:29:46  <DonVitoCorleone> Ahahahahah
2013-11-24T02:29:50  <DonVitoCorleone> Ajooj
2013-11-24T02:30:08  <DonVitoCorleone> stefiizlaktasa
2013-11-24T02:30:25  <DonVitoCorleone> Odo pisat samo
2013-11-24T02:30:26  <DonVitoCorleone> brb
2013-11-24T03:14:47  *** KG-Bot <KG-Bot!~KG@Kraljeva.Garda.official.bot> has joined #loto
2013-11-24T03:14:51  <DonVitoCorleone> +bh
2013-11-24T03:15:04  *** DonVitoCorleone sets mode: -m 
2013-11-24T03:15:05  <DonVitoCorleone> +bh
2013-11-24T03:15:06  <KG-Bot> (bh <division> [<damage>]) -- Specify <division> (1-4) and bot will give you info about good battles for hunting BH medals. If you specify [<damage>] it will give you only battles with that or lower damage.
2013-11-24T03:34:51  *** ristoII <ristoII!cgiirc@Rizon-C712CF3C.dynamic.sbb.rs> has quit IRC (Quit: http://www.mibbit.com ajax IRC Client)
2013-11-24T07:55:44  *** eRepublikBot <eRepublikBot!~KraljevaG@184498CC.9F0C46F5.214689AC.IP> has joined #loto
2013-11-24T07:56:10  <DonVitoCorleone> +tr en to hr official
2013-11-24T07:56:11  <KG-Bot> službenik
2013-11-24T07:56:17  <DonVitoCorleone> +tr en to hr official news
2013-11-24T07:56:18  <KG-Bot> Službena novinska
2013-11-24T07:56:25  <DonVitoCorleone> +tr en to hr official channel
2013-11-24T07:56:26  <KG-Bot> Službeni kanal
2013-11-24T07:58:34  *** ChanServ sets mode: +z 
2013-11-24T07:58:34  *** Welcome <Welcome!welcome@services.rizon.net> has joined #loto
2013-11-24T07:58:34  <Welcome> Hi, I am a Rizon Help Bot! If this is your first channel, welcome! If not, you can ignore me.
2013-11-24T07:58:34  <Welcome> Rizon Services have many settings, you should complete the following Rizon University courses:
2013-11-24T07:58:34  <Welcome> Channel Management 101 - http://s.rizon.net/chan101
2013-11-24T07:58:34  <Welcome> Channel Management 102 - http://s.rizon.net/chan102
2013-11-24T07:58:34  <Welcome> Adv Channel Modes  300 - http://s.rizon.net/chan300
2013-11-24T07:58:34  <Welcome> After reading these, you should be all set, but feel free to join #help if you get stuck. Thanks for flying Rizon!
2013-11-24T07:58:34  *** Welcome <Welcome!welcome@services.rizon.net> has left #loto
2013-11-24T07:58:37  <KG-Bot> Title: Channel Mana (at s.rizon.net)
2013-11-24T07:58:40  <KG-Bot> Title: Channel Management 102 (at s.rizon.net)
2013-11-24T07:58:43  <KG-Bot> Title: channel modes (at s.rizon.net)
2013-11-24T08:00:26  *** protector <protector!protector@lovelyaniverse.tk> has joined #loto
2013-11-24T08:00:26  *** protector sets mode: +ao protector protector
2013-11-24T08:00:30  <DonVitoCorleone> .sync
2013-11-24T08:00:30  *** protector sets mode: +qo eRepublikBot eRepublikBot
2013-11-24T08:00:30  *** protector sets mode: +qo KG-Bot KG-Bot
2013-11-24T08:00:30  *** protector sets mode: +q DonVitoCorleone
2013-11-24T08:01:20  <DonVitoCorleone> !reload BlJack
2013-11-24T08:01:20  <eRepublikBot> Done.
2013-11-24T08:02:37  *** DonVitoCorleone sets mode: +I *!*@Rizon-C712CF3C.dynamic.sbb.rs
2013-11-24T08:02:57  *** DonVitoCorleone sets mode: +I *!*@184498CC.9F0C46F5.214689AC.IP
2013-11-24T08:03:10  *** DonVitoCorleone sets mode: +I *!*@Kraljeva.Garda.official.bot
2013-11-24T08:03:27  *** DonVitoCorleone sets mode: +I *!*@Drzi.Prijatelje.BlizuA.Neprijatelje.Jos.Blize
2013-11-24T08:03:33  *** DonVitoCorleone sets mode: -I *!*@Drzi.Prijatelje.BlizuA.Neprijatelje.Jos.Blize
2013-11-24T08:03:39  *** DonVitoCorleone sets mode: +I *!*@Drzi.Prijatelje.BlizuA.Neprijatelje.Jos.Blize
2013-11-24T08:03:45  <DonVitoCorleone> .sync
2013-11-24T08:10:11  <DonVitoCorleone> !loto
2013-11-24T08:10:12  *** eRepublikBot sets mode: +m 
2013-11-24T08:10:14  <eRepublikBot> Starting a BINGO! game No. 11
2013-11-24T08:10:15  <eRepublikBot> 1st number is: 34
2013-11-24T08:10:19  <eRepublikBot> 2nd number is: 35
2013-11-24T08:10:26  <eRepublikBot> 3rd number is: 17
2013-11-24T08:10:33  <eRepublikBot> 4th number is: 13
2013-11-24T08:10:40  <eRepublikBot> 5th number is: 30
2013-11-24T08:10:47  <eRepublikBot> 6th number is: 10
2013-11-24T08:10:54  <eRepublikBot> 7th number is: 15
2013-11-24T08:10:55  <eRepublikBot> Current numbers are: 10, 13, 15, 17, 30, 34, 35
2013-11-24T08:10:56  <eRepublikBot> Please be patient 'till administrators and moderators check your bets. Channel will be unmoderated once the checking finishes. Thank you very much for your understanding, and please don't query moderators and administrators while they work on your bets, you don't want them to make mistake.
2013-11-24T08:13:06  *** eRepublikBot sets mode: -m 
2013-11-24T08:13:07  *** eRepublikBot sets mode: -i 
2013-11-24T08:13:08  *** eRepublikBot changes topic to "Welcome to #loto. You can read rules at Rules-Link, you can apply for next BINGO! here Form-Link (please read carefully everything on it). Next game is for 3 days at 22:00PM (Game No. 12). My last game admin was: DonVitoCorleone"
2013-11-24T08:14:18  <DonVitoCorleone> !loto
2013-11-24T08:14:18  *** eRepublikBot sets mode: +m 
2013-11-24T08:14:19  *** eRepublikBot sets mode: +i 
2013-11-24T08:14:20  <eRepublikBot> Starting a BINGO! game No. 12
2013-11-24T08:14:21  <eRepublikBot> 1st number is: 10
2013-11-24T08:14:25  <eRepublikBot> 2nd number is: 14
2013-11-24T08:14:32  <eRepublikBot> 3rd number is: 18
2013-11-24T08:14:39  <eRepublikBot> 4th number is: 19
2013-11-24T08:14:46  <eRepublikBot> 5th number is: 22
2013-11-24T08:14:53  <eRepublikBot> 6th number is: 2
2013-11-24T08:15:00  <eRepublikBot> 7th number is: 3
2013-11-24T08:15:01  <eRepublikBot> Current numbers are: 2, 3, 10, 14, 18, 19, 22
2013-11-24T08:15:02  <eRepublikBot> Please be patient 'till administrators and moderators check your bets. Channel will be unmoderated once the checking finishes. Thank you very much for your understanding, and please don't query moderators and administrators while they work on your bets, you don't want them to make mistake.
2013-11-24T09:18:47  *** eRepublikBot sets mode: -m 
2013-11-24T09:18:48  *** eRepublikBot sets mode: -i 
2013-11-24T09:18:49  *** eRepublikBot changes topic to "Welcome to #loto. You can read rules at Rules-Link, you can apply for next BINGO! here Form-Link (please read carefully everything on it). Next game is for 3 days at 22:00PM (Game No. 13). My last game admin was: DonVitoCorleone"
2013-11-24T09:23:16  *** eRepublikBot changes topic to "Welcome to #loto. You can read rules at Rules-Link, you can apply for next BINGO! here Form-Link (please read carefully everything on it). Next game is for 3 days at 22:00PM (Game No. 13). My last game admin was: DonVitoCorleone"
2013-11-24T09:24:04  <DonVitoCorleone> !loto
2013-11-24T09:24:04  *** eRepublikBot sets mode: +m 
2013-11-24T09:24:05  *** eRepublikBot sets mode: +i 
2013-11-24T09:24:06  <eRepublikBot> Starting a BINGO! game No. 13
2013-11-24T09:24:07  <eRepublikBot> 1st number is: 0
2013-11-24T09:24:11  <eRepublikBot> 2nd number is: 32
2013-11-24T09:24:18  <eRepublikBot> 3rd number is: 15
2013-11-24T09:24:25  <eRepublikBot> 4th number is: 12
2013-11-24T09:24:32  <eRepublikBot> 5th number is: 6
2013-11-24T09:24:39  <eRepublikBot> 6th number is: 38
2013-11-24T09:24:46  <eRepublikBot> 7th number is: 5
2013-11-24T09:24:47  <eRepublikBot> Current numbers are: 0, 5, 6, 12, 15, 32, 38
2013-11-24T09:24:48  <eRepublikBot> Please be patient 'till administrators and moderators check your bets. Channel will be unmoderated once the checking finishes. Thank you very much for your understanding, and please don't query moderators and administrators while they work on your bets, you don't want them to make mistake.
2013-11-24T09:32:23  <DonVitoCorleone> !loto
2013-11-24T09:32:25  <eRepublikBot> Starting a BINGO! game No. 13
2013-11-24T09:32:26  <eRepublikBot> 1st number is: 25
2013-11-24T09:32:30  <eRepublikBot> 2nd number is: 23
2013-11-24T09:32:37  <eRepublikBot> 3rd number is: 38
2013-11-24T09:32:44  <eRepublikBot> 4th number is: 12
2013-11-24T09:32:51  <eRepublikBot> 5th number is: 19
2013-11-24T09:32:58  <eRepublikBot> 6th number is: 4
2013-11-24T09:33:05  <eRepublikBot> 7th number is: 22
2013-11-24T09:33:06  <eRepublikBot> Current numbers are: 4, 12, 19, 22, 23, 25, 38
2013-11-24T09:33:07  <eRepublikBot> Please be patient 'till administrators and moderators check your bets. Channel will be unmoderated once the checking finishes. Thank you very much for your understanding, and please don't query moderators and administrators while they work on your bets, you don't want them to make mistake.
2013-11-24T09:33:20  *** eRepublikBot sets mode: -m 
2013-11-24T09:33:21  *** eRepublikBot sets mode: -i 
2013-11-24T09:33:22  *** eRepublikBot changes topic to "Welcome to #loto. You can read rules at Rules-Link, you can apply for next BINGO! here Form-Link (please read carefully everything on it). Next game is for 3 days at 22:00PM (Game No. 14). My last game admin was: DonVitoCorleone"
2013-11-24T09:34:20  <DonVitoCorleone> !loto
2013-11-24T09:34:20  *** eRepublikBot sets mode: +m 
2013-11-24T09:34:22  *** eRepublikBot sets mode: +i 
2013-11-24T09:34:23  <eRepublikBot> Starting a BINGO! game No. 14
2013-11-24T09:34:24  <eRepublikBot> 1st number is: 3
2013-11-24T09:34:28  <eRepublikBot> 2nd number is: 20
2013-11-24T09:34:35  <eRepublikBot> 3rd number is: 2
2013-11-24T09:34:42  <eRepublikBot> 4th number is: 18
2013-11-24T09:34:49  <eRepublikBot> 5th number is: 11
2013-11-24T09:34:56  <eRepublikBot> 6th number is: 26
2013-11-24T09:35:03  <eRepublikBot> 7th number is: 29
2013-11-24T09:35:04  <eRepublikBot> Current numbers are: 2, 3, 11, 18, 20, 26, 29
2013-11-24T09:35:05  <eRepublikBot> Please be patient 'till administrators and moderators check your bets. Channel will be unmoderated once the checking finishes. Thank you very much for your understanding, and please don't query moderators and administrators while they work on your bets, you don't want them to make mistake.
2013-11-24T10:23:47  <DonVitoCorleone> !loto
2013-11-24T10:23:49  <eRepublikBot> Starting a BINGO! game No. 14
2013-11-24T10:23:50  <eRepublikBot> 1st number is: 38
2013-11-24T10:23:54  <eRepublikBot> 2nd number is: 0
2013-11-24T10:24:01  <eRepublikBot> 3rd number is: 37
2013-11-24T10:24:08  <eRepublikBot> 4th number is: 28
2013-11-24T10:24:15  <eRepublikBot> 5th number is: 1
2013-11-24T10:24:22  <eRepublikBot> 6th number is: 8
2013-11-24T10:24:29  <eRepublikBot> 7th number is: 34
2013-11-24T10:24:30  <eRepublikBot> Current numbers are: 0, 1, 8, 28, 34, 37, 38
2013-11-24T10:24:31  <eRepublikBot> Please be patient 'till administrators and moderators check your bets. Channel will be unmoderated once the checking finishes. Thank you very much for your understanding, and please don't query moderators and administrators while they work on your bets, you don't want them to make mistake.
2013-11-24T10:40:39  *** eRepublikBot sets mode: -m 
2013-11-24T10:40:41  *** eRepublikBot sets mode: -i 
2013-11-24T10:40:42  *** eRepublikBot changes topic to "Welcome to #loto. You can read rules at Rules-Link, you can apply for next BINGO! here Form-Link (please read carefully everything on it). Next game is for 3 days at 22:00PM (Game No. 15). My last game admin was: DonVitoCorleone"
2013-11-24T11:20:47  <DonVitoCorleone> !loto
2013-11-24T11:20:47  *** eRepublikBot sets mode: +m 
2013-11-24T11:20:48  *** eRepublikBot sets mode: +i 
2013-11-24T11:20:49  <eRepublikBot> Starting a BINGO! game No. 15
2013-11-24T11:20:50  <eRepublikBot> 1st number is: 20
2013-11-24T11:20:54  <eRepublikBot> 2nd number is: 19
2013-11-24T11:21:01  <eRepublikBot> 3rd number is: 37
2013-11-24T11:21:08  <eRepublikBot> 4th number is: 10
2013-11-24T11:21:15  <eRepublikBot> 5th number is: 24
2013-11-24T11:21:23  <eRepublikBot> 6th number is: 29
2013-11-24T11:21:30  <eRepublikBot> 7th number is: 15
2013-11-24T11:21:31  <eRepublikBot> Current numbers are: 10, 15, 19, 20, 24, 29, 37
2013-11-24T11:21:32  <eRepublikBot> Please be patient 'till administrators and moderators check your bets. Channel will be unmoderated once the checking finishes. Thank you very much for your understanding, and please don't query moderators and administrators while they work on your bets, you don't want them to make mistake.
2013-11-24T11:40:42  <DonVitoCorleone> !loto
2013-11-24T11:40:44  <eRepublikBot> Starting a BINGO! game No. 15
2013-11-24T11:40:45  <eRepublikBot> 1st number is: 3
2013-11-24T11:40:49  <eRepublikBot> 2nd number is: 14
2013-11-24T11:40:56  <eRepublikBot> 3rd number is: 18
2013-11-24T11:41:03  <eRepublikBot> 4th number is: 30
2013-11-24T11:41:10  <eRepublikBot> 5th number is: 0
2013-11-24T11:41:17  <eRepublikBot> 6th number is: 1
2013-11-24T11:41:24  <eRepublikBot> 7th number is: 33
2013-11-24T11:41:25  <eRepublikBot> Current numbers are: 0, 1, 3, 14, 18, 30, 33
2013-11-24T11:41:26  <eRepublikBot> Please be patient 'till administrators and moderators check your bets. Channel will be unmoderated once the checking finishes. Thank you very much for your understanding, and please don't query moderators and administrators while they work on your bets, you don't want them to make mistake.
2013-11-24T11:49:33  <eRepublikBot> eRepublikBot, DonVitoCorleone, KG-Bot, protector
2013-11-24T11:49:34  <eRepublikBot> We have a JACKPOT! in this game Ladies and Gentlemen, say CONGRATS! to DonVitoCorleone
2013-11-24T12:03:00  *** eRepublikBot sets mode: -m 
2013-11-24T12:03:01  *** eRepublikBot sets mode: -i 
2013-11-24T12:03:02  *** eRepublikBot changes topic to "Welcome to #loto. You can read rules at Rules-Link, you can apply for next BINGO! here Form-Link (please read carefully everything on it). Next game is for 3 days at 22:00PM (Game No. 16). My last game admin was: DonVitoCorleone"
2013-11-24T12:12:40  <DonVitoCorleone> !loto
2013-11-24T12:12:40  *** eRepublikBot sets mode: +m 
2013-11-24T12:12:41  *** eRepublikBot sets mode: +i 
2013-11-24T12:12:42  <eRepublikBot> Starting a BINGO! game No. 16
2013-11-24T12:12:43  <eRepublikBot> 1st number is: 25
2013-11-24T12:12:47  <eRepublikBot> 2nd number is: 18
2013-11-24T12:12:54  <eRepublikBot> 3rd number is: 14
2013-11-24T12:13:01  <eRepublikBot> 4th number is: 21
2013-11-24T12:13:08  <eRepublikBot> 5th number is: 3
2013-11-24T12:13:15  <eRepublikBot> 6th number is: 22
2013-11-24T12:13:22  <eRepublikBot> 7th number is: 32
2013-11-24T12:13:23  <eRepublikBot> Current numbers are: 3, 14, 18, 21, 22, 25, 32
2013-11-24T12:13:24  <eRepublikBot> Please be patient 'till administrators and moderators check your bets. Channel will be unmoderated once the checking finishes. Thank you very much for your understanding, and please don't query moderators and administrators while they work on your bets, you don't want them to make mistake.
2013-11-24T12:32:01  *** eRepublikBot sets mode: -m 
2013-11-24T12:32:02  *** eRepublikBot sets mode: -i 
2013-11-24T12:32:03  *** eRepublikBot changes topic to "Welcome to #loto. You can read rules at Rules-Link, you can apply for next BINGO! here Form-Link (please read carefully everything on it). Next game is for 3 days at 22:00PM (Game No. 17). My last game admin was: DonVitoCorleone"
2013-11-24T12:32:25  <DonVitoCorleone> !loto
2013-11-24T12:32:25  *** eRepublikBot sets mode: +m 
2013-11-24T12:32:26  *** eRepublikBot sets mode: +i 
2013-11-24T12:32:27  <eRepublikBot> Starting a BINGO! game No. 17
2013-11-24T12:32:28  <eRepublikBot> 1st number is: 21
2013-11-24T12:32:32  <eRepublikBot> 2nd number is: 10
2013-11-24T12:32:39  <eRepublikBot> 3rd number is: 24
2013-11-24T12:32:46  <eRepublikBot> 4th number is: 38
2013-11-24T12:32:53  <eRepublikBot> 5th number is: 18
2013-11-24T12:33:00  <eRepublikBot> 6th number is: 2
2013-11-24T12:33:07  <eRepublikBot> 7th number is: 17
2013-11-24T12:33:08  <eRepublikBot> Current numbers are: 2, 10, 17, 18, 21, 24, 38
2013-11-24T12:33:09  <eRepublikBot> Please be patient 'till administrators and moderators check your bets. Channel will be unmoderated once the checking finishes. Thank you very much for your understanding, and please don't query moderators and administrators while they work on your bets, you don't want them to make mistake.
2013-11-24T15:37:14  *** eRepublikBot sets mode: -m 
2013-11-24T15:37:15  *** eRepublikBot sets mode: -i 
2013-11-24T15:37:16  *** eRepublikBot changes topic to "Welcome to #loto. You can read rules at Rules-Link, you can apply for next BINGO! here Form-Link (please read carefully everything on it). Next game is for 3 days at 22:00PM (Game No. 18). My last game admin was: DonVitoCorleone"
2013-11-24T15:38:23  <DonVitoCorleone> !loto
2013-11-24T15:38:23  *** eRepublikBot sets mode: +m 
2013-11-24T15:38:24  *** eRepublikBot sets mode: +i 
2013-11-24T15:38:25  <eRepublikBot> Starting a BINGO! game No. 18
2013-11-24T15:38:26  <eRepublikBot> 1st number is: 25
2013-11-24T15:38:30  <eRepublikBot> 2nd number is: 22
2013-11-24T15:38:38  <eRepublikBot> 3rd number is: 7
2013-11-24T15:38:45  <eRepublikBot> 4th number is: 36
2013-11-24T15:38:52  <eRepublikBot> 5th number is: 38
2013-11-24T15:38:59  <eRepublikBot> 6th number is: 23
2013-11-24T15:39:06  <eRepublikBot> 7th number is: 10
2013-11-24T15:39:07  <eRepublikBot> Current numbers are: 7, 10, 22, 23, 25, 36, 38
2013-11-24T15:39:08  <eRepublikBot> Please be patient 'till administrators and moderators check your bets. Channel will be unmoderated once the checking finishes. Thank you very much for your understanding, and please don't query moderators and administrators while they work on your bets, you don't want them to make mistake.
2013-11-27T04:55:29  *** eRepublikBot` <eRepublikBot`!~KraljevaG@184498CC.9F0C46F5.214689AC.IP> has joined #loto
2013-11-27T04:55:29  *** eRepublikBot <eRepublikBot!~KraljevaG@184498CC.9F0C46F5.214689AC.IP> has quit IRC (Killed (NickServ (GHOST command used by eRepublikBot`)))
2013-11-27T04:56:01  <DonVitoCorleone> .op eRepublikBot`
2013-11-27T04:56:01  *** protector sets mode: +o eRepublikBot`
2013-11-27T04:56:02  *** eRepublikBot` is now known as eRepublikBot
2013-11-27T04:56:22  *** eRepublikBot is now known as Guest34652
2013-11-27T04:57:24  *** Guest34652 is now known as eRepublikBot
2013-11-27T04:57:32  *** protector sets mode: +q eRepublikBot
2013-11-27T16:59:56  *** eRepublikBot <eRepublikBot!~KraljevaG@184498CC.9F0C46F5.214689AC.IP> has joined #loto
2013-11-27T16:59:56  <protector> [eRepublikBot] [20:51:29] <God_of_Blood> da li ima tvoh bot komande za ona pitanja [20:51:39] <DonVitoCorleone> Koja pitanja? o-O[20:51:54] <God_of_Blood> a ona sranja kakos e zove [20:52:07] <DonVitoCorleone> Kviz? [20:52:16] <God_of_Blood> kiviz jebo ga ti
2013-11-27T16:59:56  *** protector sets mode: +qo eRepublikBot eRepublikBot
2013-11-29T03:42:58  <DonVitoCorleone> .seen ristoii
2013-11-29T03:42:58  <protector> I don't know who ristoii is.
2013-11-29T15:51:43  <DonVitoCorleone> +tiny https://docs.google.com/forms/d/1qA9ZepBp0QO_jBzoJMIlowhB1TiLa_-Tq09hu3gZPuM/viewform?entry.1125176174=Marko+Markovic&entry.1594028389=1992-05-07&entry.1438113669=Plato&entry.79214558=http://www.erepublik.com/en/citizen/profile/2&entry.1854041791=14&entry.1854041791=16&entry.1854041791=19&entry.1854041791=22&entry.1854041791=26&entry.1854041791=32&entry.1854041791=38
2013-11-29T15:51:45  <KG-Bot> http://tinyurl.com/ndrtdsf
2013-11-29T15:52:53  <DonVitoCorleone> !loto
2013-11-29T15:52:56  <eRepublikBot> Starting a BINGO! game No. 18
2013-11-29T15:52:57  <eRepublikBot> 1st number is: 28
2013-11-29T15:53:00  <eRepublikBot> 2nd number is: 30
2013-11-29T15:53:07  <eRepublikBot> 3rd number is: 7
2013-11-29T15:53:14  <eRepublikBot> 4th number is: 9
2013-11-29T15:53:21  <eRepublikBot> 5th number is: 8
2013-11-29T15:53:28  <eRepublikBot> 6th number is: 15
2013-11-29T15:53:35  <eRepublikBot> 7th number is: 27
2013-11-29T15:53:36  <eRepublikBot> Current numbers are: 7, 8, 9, 15, 27, 28, 30
2013-11-29T15:53:37  <eRepublikBot> Please be patient 'till administrators and moderators check your bets. Channel will be unmoderated once the checking finishes. Thank you very much for your understanding, and please don't query moderators and administrators while they work on your bets, you don't want them to make mistake.
2013-11-29T17:17:51  <DonVitoCorleone> +loto
2013-11-29T17:18:00  <DonVitoCorleone> +bingo
2013-11-29T17:18:24  <DonVitoCorleone> +jack
2013-11-29T17:18:25  <KG-Bot> BINGO! is not available on this channel. Go to #Golden-Uno and read topic
2013-11-30T12:52:36  *** DonVitoCorleone <DonVitoCorleone!~KG@Drzi.Prijatelje.BlizuA.Neprijatelje.Jos.Blize> has quit IRC (*.net *.split)
2013-12-01T19:16:53  *** DonVitoCorleone <DonVitoCorleone!~KG@Rizon-DD5219AC.server4you.net> has joined #loto
2013-12-01T19:16:54  <protector> [DonVitoCorleone] [20:51:29] <God_of_Blood> da li ima tvoh bot komande za ona pitanja [20:51:39] <DonVitoCorleone> Koja pitanja? o-O[20:51:54] <God_of_Blood> a ona sranja kakos e zove [20:52:07] <DonVitoCorleone> Kviz? [20:52:16] <God_of_Blood> kiviz jebo ga ti
2013-12-01T19:16:54  *** protector sets mode: +qo DonVitoCorleone DonVitoCorleone
2013-12-02T12:27:14  <KG-Bot> Announcement from my owner (DonVitoCorleone): e-Sim commands are back, use +list esim to see them
2013-12-03T01:22:37  *** eRepublikBot <eRepublikBot!~KraljevaG@184498CC.9F0C46F5.214689AC.IP> has joined #loto
2013-12-03T01:22:37  <protector> [eRepublikBot] [20:51:29] <God_of_Blood> da li ima tvoh bot komande za ona pitanja [20:51:39] <DonVitoCorleone> Koja pitanja? o-O[20:51:54] <God_of_Blood> a ona sranja kakos e zove [20:52:07] <DonVitoCorleone> Kviz? [20:52:16] <God_of_Blood> kiviz jebo ga ti
2013-12-03T01:22:37  *** protector sets mode: +qo eRepublikBot eRepublikBot
2013-12-03T06:30:37  *** eRepublikBot <eRepublikBot!~KraljevaG@184498CC.9F0C46F5.214689AC.IP> has joined #loto
2013-12-03T06:30:37  <protector> [eRepublikBot] [20:51:29] <God_of_Blood> da li ima tvoh bot komande za ona pitanja [20:51:39] <DonVitoCorleone> Koja pitanja? o-O[20:51:54] <God_of_Blood> a ona sranja kakos e zove [20:52:07] <DonVitoCorleone> Kviz? [20:52:16] <God_of_Blood> kiviz jebo ga ti
2013-12-03T06:30:37  *** protector sets mode: +qo eRepublikBot eRepublikBot
2013-12-03T07:13:10  *** eRepublikBot <eRepublikBot!~KraljevaG@184498CC.9F0C46F5.214689AC.IP> has joined #loto
2013-12-03T07:13:10  <protector> [eRepublikBot] [20:51:29] <God_of_Blood> da li ima tvoh bot komande za ona pitanja [20:51:39] <DonVitoCorleone> Koja pitanja? o-O[20:51:54] <God_of_Blood> a ona sranja kakos e zove [20:52:07] <DonVitoCorleone> Kviz? [20:52:16] <God_of_Blood> kiviz jebo ga ti
2013-12-03T07:13:10  *** protector sets mode: +qo eRepublikBot eRepublikBot
2013-12-03T07:57:23  *** eRepublikBot <eRepublikBot!~KraljevaG@184498CC.9F0C46F5.214689AC.IP> has joined #loto
2013-12-03T07:57:23  <protector> [eRepublikBot] [20:51:29] <God_of_Blood> da li ima tvoh bot komande za ona pitanja [20:51:39] <DonVitoCorleone> Koja pitanja? o-O[20:51:54] <God_of_Blood> a ona sranja kakos e zove [20:52:07] <DonVitoCorleone> Kviz? [20:52:16] <God_of_Blood> kiviz jebo ga ti
2013-12-03T07:57:23  *** protector sets mode: +qo eRepublikBot eRepublikBot
2013-12-03T11:32:35  *** eRepublikBot <eRepublikBot!~KraljevaG@184498CC.9F0C46F5.214689AC.IP> has joined #loto
2013-12-03T11:32:35  <protector> [eRepublikBot] [20:51:29] <God_of_Blood> da li ima tvoh bot komande za ona pitanja [20:51:39] <DonVitoCorleone> Koja pitanja? o-O[20:51:54] <God_of_Blood> a ona sranja kakos e zove [20:52:07] <DonVitoCorleone> Kviz? [20:52:16] <God_of_Blood> kiviz jebo ga ti
2013-12-03T11:32:35  *** protector sets mode: +qo eRepublikBot eRepublikBot
2013-12-03T16:34:08  *** eRepublikBot <eRepublikBot!~KraljevaG@184498CC.9F0C46F5.214689AC.IP> has joined #loto
2013-12-03T16:34:08  <protector> [eRepublikBot] [20:51:29] <God_of_Blood> da li ima tvoh bot komande za ona pitanja [20:51:39] <DonVitoCorleone> Koja pitanja? o-O[20:51:54] <God_of_Blood> a ona sranja kakos e zove [20:52:07] <DonVitoCorleone> Kviz? [20:52:16] <God_of_Blood> kiviz jebo ga ti
2013-12-03T16:34:08  *** protector sets mode: +qo eRepublikBot eRepublikBot
2013-12-03T21:54:05  *** eRepublikBot <eRepublikBot!~KraljevaG@184498CC.9F0C46F5.214689AC.IP> has joined #loto
2013-12-03T21:54:05  <protector> [eRepublikBot] [20:51:29] <God_of_Blood> da li ima tvoh bot komande za ona pitanja [20:51:39] <DonVitoCorleone> Koja pitanja? o-O[20:51:54] <God_of_Blood> a ona sranja kakos e zove [20:52:07] <DonVitoCorleone> Kviz? [20:52:16] <God_of_Blood> kiviz jebo ga ti
2013-12-03T21:54:05  *** protector sets mode: +qo eRepublikBot eRepublikBot
2013-12-04T00:07:57  *** eRepublikBot <eRepublikBot!~KraljevaG@184498CC.9F0C46F5.214689AC.IP> has joined #loto
2013-12-04T00:07:57  <protector> [eRepublikBot] [20:51:29] <God_of_Blood> da li ima tvoh bot komande za ona pitanja [20:51:39] <DonVitoCorleone> Koja pitanja? o-O[20:51:54] <God_of_Blood> a ona sranja kakos e zove [20:52:07] <DonVitoCorleone> Kviz? [20:52:16] <God_of_Blood> kiviz jebo ga ti
2013-12-04T00:07:57  *** protector sets mode: +qo eRepublikBot eRepublikBot
2013-12-04T00:12:22  *** eRepublikBot <eRepublikBot!~KraljevaG@184498CC.9F0C46F5.214689AC.IP> has joined #loto
2013-12-04T00:12:22  <protector> [eRepublikBot] [20:51:29] <God_of_Blood> da li ima tvoh bot komande za ona pitanja [20:51:39] <DonVitoCorleone> Koja pitanja? o-O[20:51:54] <God_of_Blood> a ona sranja kakos e zove [20:52:07] <DonVitoCorleone> Kviz? [20:52:16] <God_of_Blood> kiviz jebo ga ti
2013-12-04T00:12:22  *** protector sets mode: +qo eRepublikBot eRepublikBot
2013-12-04T00:18:52  *** eRepublikBot <eRepublikBot!~KraljevaG@184498CC.9F0C46F5.214689AC.IP> has joined #loto
2013-12-04T00:18:53  <protector> [eRepublikBot] [20:51:29] <God_of_Blood> da li ima tvoh bot komande za ona pitanja [20:51:39] <DonVitoCorleone> Koja pitanja? o-O[20:51:54] <God_of_Blood> a ona sranja kakos e zove [20:52:07] <DonVitoCorleone> Kviz? [20:52:16] <God_of_Blood> kiviz jebo ga ti
2013-12-04T00:18:53  *** protector sets mode: +qo eRepublikBot eRepublikBot
2013-12-04T02:22:41  *** eRepublikBot` <eRepublikBot`!~KraljevaG@184498CC.9F0C46F5.214689AC.IP> has joined #loto
2013-12-04T02:22:42  *** eRepublikBot <eRepublikBot!~KraljevaG@184498CC.9F0C46F5.214689AC.IP> has quit IRC (Killed (NickServ (GHOST command used by eRepublikBot`)))
2013-12-04T02:28:42  *** eRepublikBot <eRepublikBot!~KraljevaG@184498CC.9F0C46F5.214689AC.IP> has joined #loto
2013-12-04T02:28:42  <protector> [eRepublikBot] [20:51:29] <God_of_Blood> da li ima tvoh bot komande za ona pitanja [20:51:39] <DonVitoCorleone> Koja pitanja? o-O[20:51:54] <God_of_Blood> a ona sranja kakos e zove [20:52:07] <DonVitoCorleone> Kviz? [20:52:16] <God_of_Blood> kiviz jebo ga ti
2013-12-04T02:28:43  *** protector sets mode: +qo eRepublikBot eRepublikBot
2013-12-04T02:32:09  *** eRepublikBot` <eRepublikBot`!~KraljevaG@184498CC.9F0C46F5.214689AC.IP> has quit IRC (Ping timeout: 240 seconds)
2013-12-07T21:18:58  *** eRepublikBot <eRepublikBot!~KraljevaG@184498CC.9F0C46F5.214689AC.IP> has joined #loto
2013-12-07T21:18:58  <protector> [eRepublikBot] [20:51:29] <God_of_Blood> da li ima tvoh bot komande za ona pitanja [20:51:39] <DonVitoCorleone> Koja pitanja? o-O[20:51:54] <God_of_Blood> a ona sranja kakos e zove [20:52:07] <DonVitoCorleone> Kviz? [20:52:16] <God_of_Blood> kiviz jebo ga ti
2013-12-07T21:18:58  *** protector sets mode: +qo eRepublikBot eRepublikBot
2013-12-09T08:09:35  *** DonVitoCorleone <DonVitoCorleone!~KG@Drzi.Prijatelje.BlizuA.Neprijatelje.Jos.Blize> has quit IRC (Ping timeout: 240 seconds)
2013-12-09T08:27:34  *** DonVitoCorleone <DonVitoCorleone!~KG@Drzi.Prijatelje.BlizuA.Neprijatelje.Jos.Blize> has joined #loto
2013-12-09T08:27:34  <protector> [DonVitoCorleone] [20:51:29] <God_of_Blood> da li ima tvoh bot komande za ona pitanja [20:51:39] <DonVitoCorleone> Koja pitanja? o-O[20:51:54] <God_of_Blood> a ona sranja kakos e zove [20:52:07] <DonVitoCorleone> Kviz? [20:52:16] <God_of_Blood> kiviz jebo ga ti
2013-12-09T08:27:34  *** protector sets mode: +qo DonVitoCorleone DonVitoCorleone
2013-12-10T04:24:27  *** eRepublikBot <eRepublikBot!~KraljevaG@184498CC.9F0C46F5.214689AC.IP> has joined #loto
2013-12-10T04:24:28  <protector> [eRepublikBot] [20:51:29] <God_of_Blood> da li ima tvoh bot komande za ona pitanja [20:51:39] <DonVitoCorleone> Koja pitanja? o-O[20:51:54] <God_of_Blood> a ona sranja kakos e zove [20:52:07] <DonVitoCorleone> Kviz? [20:52:16] <God_of_Blood> kiviz jebo ga ti
2013-12-10T04:24:28  *** protector sets mode: +qo eRepublikBot eRepublikBot
2013-12-11T01:10:09  *** eRepublikBot <eRepublikBot!~KraljevaG@184498CC.9F0C46F5.214689AC.IP> has joined #loto
2013-12-11T01:10:09  <protector> [eRepublikBot] [20:51:29] <God_of_Blood> da li ima tvoh bot komande za ona pitanja [20:51:39] <DonVitoCorleone> Koja pitanja? o-O[20:51:54] <God_of_Blood> a ona sranja kakos e zove [20:52:07] <DonVitoCorleone> Kviz? [20:52:16] <God_of_Blood> kiviz jebo ga ti
2013-12-11T01:10:09  *** protector sets mode: +qo eRepublikBot eRepublikBot
2013-12-11T01:10:22  <DonVitoCorleone> !prenos
2013-12-11T01:14:53  <DonVitoCorleone> !reload Pars
2013-12-11T01:14:53  <eRepublikBot> Done.
2013-12-11T01:14:55  <DonVitoCorleone> !prenos
2013-12-11T01:14:55  <eRepublikBot> There was 8081 tickets, last game fond was: 5026. There is 783 winners with 3 correct numbers, 75 winers with 4 corect numbers, 7 winners with 5 correct numbers, 1 winers with 6 correct numbers and 0 winners with 7 numbers. Prize for 5 numbers is: 8986.28571429, for 6 numbers is: 62904.0, and there was no winers with 7 correct numbers this time.
2013-12-11T01:15:18  <DonVitoCorleone> !reload Pars
2013-12-11T01:15:18  <eRepublikBot> Done.
2013-12-11T01:15:19  <DonVitoCorleone> !prenos
2013-12-11T01:15:20  <eRepublikBot> There was 8081 tickets, last game fond was: 5026. There is 783 winners with 3 correct numbers, 75 winers with 4 correct numbers, 7 winners with 5 correct numbers, 1 winers with 6 correct numbers and 0 winners with 7 numbers. Prize for 5 numbers is: 8986.28571429, for 6 numbers is: 62904.0, and there was no winers with 7 correct numbers this time.
2013-12-11T01:16:31  <DonVitoCorleone> My Uptime is: 4d 4h 51m 10s
2013-12-11T01:17:14  <DonVitoCorleone> My Uptime is: 4d 4h 52m 53s
2013-12-11T01:17:16  <DonVitoCorleone> My Uptime is: 4d 4h 52m 56s
2013-12-11T01:17:18  <DonVitoCorleone> My Uptime is: 4d 4h 52m 57s
2013-12-11T01:17:18  <DonVitoCorleone> My Uptime is: 4d 4h 52m 57s
2013-12-11T01:17:18  <DonVitoCorleone> My Uptime is: 4d 4h 52m 57s
2013-12-11T01:18:17  *** ristoII <ristoII!cgiirc@Rizon-FAFAE5B7.dynamic.sbb.rs> has joined #loto
2013-12-11T01:18:23  <ristoII> o/
2013-12-11T01:21:13  <DonVitoCorleone> !prenos
2013-12-11T01:21:13  <eRepublikBot> There was 8081 tickets, last game fond was: 5026. There is 783 winners with 3 correct numbers, 75 winers with 4 correct numbers, 7 winners with 5 correct numbers, 1 winers with 6 correct numbers and 0 winners with 7 numbers. Prize for 5 numbers is: 8986.28571429, for 6 numbers is: 62904.0, and there was no winers with 7 correct numbers this time.
2013-12-11T01:22:00  <DonVitoCorleone> Kod: http://prntscr.com/2a8tlb
2013-12-11T01:22:01  <KG-Bot> Title: Screenshot by Lightshot (at prntscr.com)
2013-12-11T01:23:02  <ristoII> zaokruži samo na 2 decimale
2013-12-11T01:23:09  <ristoII> Prize for 5 numbers is: 8986.28571429
2013-12-11T01:23:15  <DonVitoCorleone> Da da, znam to
2013-12-11T01:23:23  <DonVitoCorleone> bice celi brojevi sve
2013-12-11T01:23:37  <ristoII> :)
2013-12-11T01:24:28  <DonVitoCorleone> Samo sto ce ovde umesto ovih promenljivih stajati ovako, dajem primer za broj uplata
2013-12-11T01:25:25  <ristoII> ok
2013-12-11T01:25:55  <DonVitoCorleone> with open("Bingo/Bets/bets.json", 'r') as bets:
2013-12-11T01:25:55  <DonVitoCorleone>     b = json.loads(bets.read())
2013-12-11T01:25:55  <DonVitoCorleone> bets = len(b)
2013-12-11T01:26:54  *** DonVitoCorleone sets mode: +I *!*@Rizon-FAFAE5B7.dynamic.sbb.rs
2013-12-11T01:31:25  <DonVitoCorleone> Ne svidja mi se ovaj kod
2013-12-11T01:31:35  <DonVitoCorleone> Majke mi cu da obrisem sve i napisem ponovo
2013-12-11T01:32:52  <ristoII> ja sad gledam
2013-12-11T01:32:54  <ristoII> kod
2013-12-11T01:33:04  <ristoII> al ne razumem neke
2013-12-11T01:33:15  <ristoII> korake
2013-12-11T01:35:19  <DonVitoCorleone> Koje?
2013-12-11T01:35:36  <DonVitoCorleone> !reload Pars
2013-12-11T01:35:36  <eRepublikBot> Done.
2013-12-11T01:35:38  <DonVitoCorleone> !provera
2013-12-11T01:35:47  <DonVitoCorleone> !pars provera
2013-12-11T01:36:15  <DonVitoCorleone> !reload Pars
2013-12-11T01:36:15  <eRepublikBot> Done.
2013-12-11T01:36:16  <DonVitoCorleone> !pars provera
2013-12-11T01:36:22  <DonVitoCorleone> hm
2013-12-11T01:36:34  <DonVitoCorleone> !reload Pars
2013-12-11T01:36:34  <eRepublikBot> Done.
2013-12-11T01:36:38  <DonVitoCorleone> !pars provera
2013-12-11T01:40:02  <DonVitoCorleone> !reload Pars
2013-12-11T01:40:02  <eRepublikBot> Done.
2013-12-11T01:40:03  <DonVitoCorleone> !pars provera
2013-12-11T01:40:04  <eRepublikBot> done
2013-12-11T01:40:47  <DonVitoCorleone> !reload Pars
2013-12-11T01:40:47  <eRepublikBot> Done.
2013-12-11T01:40:48  <DonVitoCorleone> !pars provera
2013-12-11T01:40:49  <eRepublikBot> done
2013-12-11T01:41:12  <DonVitoCorleone> !reload Pars
2013-12-11T01:41:12  <eRepublikBot> Done.
2013-12-11T01:41:13  <DonVitoCorleone> !pars provera
2013-12-11T01:41:13  <eRepublikBot> []
2013-12-11T01:45:00  <ristoII> skapirao al i dalje ne znam
2013-12-11T01:45:06  <ristoII> ovo sa funkcijom prenos
2013-12-11T01:45:14  <ristoII> mislim ne znam program
2013-12-11T01:45:24  <ristoII> pa ne znam ni da definišem funkciju
2013-12-11T01:45:29  <ristoII> ove formule kontam,
2013-12-11T01:48:12  <DonVitoCorleone> Sta ti nije jasno kod prenosa, da ti pojasnim
2013-12-11T01:48:15  <DonVitoCorleone> !reload Pars
2013-12-11T01:48:15  <eRepublikBot> Done.
2013-12-11T01:48:23  <DonVitoCorleone> !pars provera
2013-12-11T01:48:24  <eRepublikBot> (pars provera <fajl>) -- I/O
2013-12-11T01:48:35  <DonVitoCorleone> !pars provera kramko.json
2013-12-11T01:49:04  <DonVitoCorleone> !reload Pars
2013-12-11T01:49:04  <eRepublikBot> Done.
2013-12-11T01:49:05  <DonVitoCorleone> !pars provera kramko.json
2013-12-11T01:49:44  <DonVitoCorleone> !reload Pars
2013-12-11T01:49:44  <eRepublikBot> Done.
2013-12-11T01:49:51  <DonVitoCorleone> !pars provera kramko.json
2013-12-11T01:50:33  <DonVitoCorleone> !reload Pars
2013-12-11T01:50:57  <DonVitoCorleone> !load Pars
2013-12-11T01:51:59  <DonVitoCorleone> !load Pars
2013-12-11T01:52:11  <DonVitoCorleone> !load Pars
2013-12-11T01:52:25  <DonVitoCorleone> !load Pars
2013-12-11T01:52:25  <eRepublikBot> Done.
2013-12-11T01:52:29  <DonVitoCorleone> !pars provera kramko.json
2013-12-11T01:52:47  <DonVitoCorleone> !reload Pars
2013-12-11T01:52:47  <eRepublikBot> Done.
2013-12-11T01:52:48  <DonVitoCorleone> !pars provera kramko.json
2013-12-11T01:54:38  <DonVitoCorleone> !reload Pars
2013-12-11T01:54:38  <eRepublikBot> Done.
2013-12-11T01:54:39  <DonVitoCorleone> !pars provera kramko.json
2013-12-11T01:54:40  <eRepublikBot> []
2013-12-11T01:55:25  <DonVitoCorleone> !reload Pars
2013-12-11T01:55:25  <eRepublikBot> Done.
2013-12-11T01:55:26  <DonVitoCorleone> !pars provera kramko.json
2013-12-11T01:55:27  <eRepublikBot> Citanje
2013-12-11T01:55:28  <eRepublikBot> []
2013-12-11T01:56:06  <DonVitoCorleone> !reload Pars
2013-12-11T01:56:06  <eRepublikBot> Done.
2013-12-11T01:56:07  <DonVitoCorleone> !pars provera kramko.json
2013-12-11T01:56:07  <eRepublikBot> Citanje
2013-12-11T01:56:34  <DonVitoCorleone> !reload Pars
2013-12-11T01:56:34  <eRepublikBot> Done.
2013-12-11T01:56:35  <DonVitoCorleone> !pars provera kramko.json
2013-12-11T01:56:36  <eRepublikBot> Citanje, []
2013-12-11T01:57:19  <DonVitoCorleone> ristoII, sta ti treba objasniti za funkcije prenosa?
2013-12-11T02:06:26  <ristoII> izvini ponovo kum
2013-12-11T02:06:28  <ristoII> :D
2013-12-11T02:06:59  <DonVitoCorleone> Pretpostavio sam xD
2013-12-11T02:50:20  <DonVitoCorleone> ristoII, necemo raditi vise nocas?
2013-12-11T02:50:53  <ristoII> ok
2013-12-11T02:51:05  <ristoII> šta bih ja trebao još da radim ?
2013-12-11T02:51:15  <ristoII> da sređujem onaj pravilnik
2013-12-11T02:51:29  <DonVitoCorleone> Pa da napises one ostale formule negde "na papir", za verovatnoce, i to je to za tebe
2013-12-11T02:51:52  <ristoII> ok
2013-12-11T02:51:55  <ristoII> :)
2013-12-11T02:52:02  <DonVitoCorleone> I procitaj ona pravila sto smo napisali, vidi ako ima negde, gresaka, obiljezi ili izmeni ono sto treba da se izmeni i to je to
2013-12-11T02:52:29  <DonVitoCorleone> Ja cu sada kad legnem u krevet da pocnem sa pisanjem help fajla za admine, mrzi me da sedim vise na stolici, polomih se xD
2013-12-11T02:53:55  <ristoII> ok
2013-12-11T02:54:02  <ristoII> Laka noć
2013-12-11T02:54:10  <ristoII> proveriću pravilnik
2013-12-11T02:54:14  <DonVitoCorleone> Lepo spavaj
2013-12-11T02:54:18  <ristoII> i uneti ti formule verovatnoće
2013-12-11T02:54:20  <ristoII> :D
2013-12-11T02:54:27  <DonVitoCorleone> A to ne moras odmah, proveri sutra, prekosutra, kad uhvatis vremena
2013-12-11T02:54:33  <ristoII> sweet dreams
2013-12-11T02:54:34  <ristoII> :)
2013-12-11T02:54:39  * DonVitoCorleone is Rolling On Floor Laughing My F***ing A** Off
2013-12-11T03:04:16  *** ristoII <ristoII!cgiirc@Rizon-FAFAE5B7.dynamic.sbb.rs> has quit IRC (Quit: http://www.mibbit.com ajax IRC Client)
2013-12-11T04:04:30  *** eRepublikBot` <eRepublikBot`!~KraljevaG@184498CC.9F0C46F5.214689AC.IP> has joined #loto
2013-12-11T04:04:30  *** eRepublikBot <eRepublikBot!~KraljevaG@184498CC.9F0C46F5.214689AC.IP> has quit IRC (Killed (NickServ (GHOST command used by eRepublikBot`)))
2013-12-11T04:04:31  *** eRepublikBot` is now known as eRepublikBot
2013-12-11T04:04:31  *** protector sets mode: +qo eRepublikBot eRepublikBot
2013-12-12T22:39:00  *** eRepublikBot <eRepublikBot!~KraljevaG@184498CC.9F0C46F5.214689AC.IP> has joined #loto
2013-12-12T22:39:01  <protector> [eRepublikBot] [20:51:29] <God_of_Blood> da li ima tvoh bot komande za ona pitanja [20:51:39] <DonVitoCorleone> Koja pitanja? o-O[20:51:54] <God_of_Blood> a ona sranja kakos e zove [20:52:07] <DonVitoCorleone> Kviz? [20:52:16] <God_of_Blood> kiviz jebo ga ti
2013-12-12T22:39:01  *** protector sets mode: +qo eRepublikBot eRepublikBot
2013-12-13T00:50:22  *** eRepublikBot <eRepublikBot!~KraljevaG@184498CC.9F0C46F5.214689AC.IP> has joined #loto
2013-12-13T00:50:23  <protector> [eRepublikBot] [20:51:29] <God_of_Blood> da li ima tvoh bot komande za ona pitanja [20:51:39] <DonVitoCorleone> Koja pitanja? o-O[20:51:54] <God_of_Blood> a ona sranja kakos e zove [20:52:07] <DonVitoCorleone> Kviz? [20:52:16] <God_of_Blood> kiviz jebo ga ti
2013-12-13T00:50:23  *** protector sets mode: +qo eRepublikBot eRepublikBot
2013-12-13T01:13:50  *** KG-Bot <KG-Bot!~KG@Kraljeva.Garda.official.bot> has quit IRC (Quit: Making changes)
2013-12-13T01:15:15  *** KG-Bot <KG-Bot!~KG@Kraljeva.Garda.official.bot> has joined #loto
2013-12-13T01:15:15  <protector> [KG-Bot] [20:51:29] <God_of_Blood> da li ima tvoh bot komande za ona pitanja [20:51:39] <DonVitoCorleone> Koja pitanja? o-O[20:51:54] <God_of_Blood> a ona sranja kakos e zove [20:52:07] <DonVitoCorleone> Kviz? [20:52:16] <God_of_Blood> kiviz jebo ga ti
2013-12-13T01:15:15  *** protector sets mode: +qo KG-Bot KG-Bot
2013-12-14T02:07:33  *** eRepublikBot <eRepublikBot!~KraljevaG@184498CC.9F0C46F5.214689AC.IP> has joined #loto
2013-12-14T02:07:33  <protector> [eRepublikBot] [20:51:29] <God_of_Blood> da li ima tvoh bot komande za ona pitanja [20:51:39] <DonVitoCorleone> Koja pitanja? o-O[20:51:54] <God_of_Blood> a ona sranja kakos e zove [20:52:07] <DonVitoCorleone> Kviz? [20:52:16] <God_of_Blood> kiviz jebo ga ti
2013-12-14T02:07:33  *** protector sets mode: +qo eRepublikBot eRepublikBot
2013-12-14T12:43:38  *** eRepublikBot <eRepublikBot!~KraljevaG@184498CC.9F0C46F5.214689AC.IP> has joined #loto
2013-12-14T12:43:38  <protector> [eRepublikBot] [20:51:29] <God_of_Blood> da li ima tvoh bot komande za ona pitanja [20:51:39] <DonVitoCorleone> Koja pitanja? o-O[20:51:54] <God_of_Blood> a ona sranja kakos e zove [20:52:07] <DonVitoCorleone> Kviz? [20:52:16] <God_of_Blood> kiviz jebo ga ti
2013-12-14T12:43:38  *** protector sets mode: +qo eRepublikBot eRepublikBot
2013-12-14T12:44:04  <DonVitoCorleone> !fetch
2013-12-14T12:44:04  <eRepublikBot> (fetch <url>) -- Returns the contents of <url>, or as much as is configured in supybot.plugins.Web.fetch.maximum. If that configuration variable is set to 0, this command will be effectively disabled. 
2013-12-14T12:44:07  <DonVitoCorleone> !fetch localhost/jomla/administrator/
2013-12-14T12:44:14  <DonVitoCorleone> !fetch http://localhost/jomla/administrator/
2013-12-14T12:44:29  <DonVitoCorleone> !fetch http://www.localhost/jomla/administrator/
2013-12-14T16:29:00  *** eRepublikBot <eRepublikBot!~KraljevaG@184498CC.9F0C46F5.214689AC.IP> has joined #loto
2013-12-14T16:29:00  <protector> [eRepublikBot] [20:51:29] <God_of_Blood> da li ima tvoh bot komande za ona pitanja [20:51:39] <DonVitoCorleone> Koja pitanja? o-O[20:51:54] <God_of_Blood> a ona sranja kakos e zove [20:52:07] <DonVitoCorleone> Kviz? [20:52:16] <God_of_Blood> kiviz jebo ga ti
2013-12-14T16:29:00  *** protector sets mode: +qo eRepublikBot eRepublikBot
2013-12-14T20:04:11  <KG-Bot> Announcement from my owner (DonVitoCorleone): eRepublik commands will be unavailable for some time, I'm implementing some new futures in that plugin. Thank you for your understanding.
2013-12-14T20:15:48  <KG-Bot> Announcement from my owner (DonVitoCorleone): Everything's back now, I've implemented command +linkid, now you can link eRepublik profile with your IRC nick, p.s. Command +duel doesn't work with that so you still have to enter both names from eRepublik in that command. If you find some bugs please report them to me, or leave as a message at #kg-bot
2013-12-15T14:27:28  *** eRepublikBot <eRepublikBot!~KraljevaG@184498CC.9F0C46F5.214689AC.IP> has joined #loto
2013-12-15T14:27:29  <protector> [eRepublikBot] [20:51:29] <God_of_Blood> da li ima tvoh bot komande za ona pitanja [20:51:39] <DonVitoCorleone> Koja pitanja? o-O[20:51:54] <God_of_Blood> a ona sranja kakos e zove [20:52:07] <DonVitoCorleone> Kviz? [20:52:16] <God_of_Blood> kiviz jebo ga ti
2013-12-15T14:27:29  *** protector sets mode: +qo eRepublikBot eRepublikBot
2013-12-15T19:24:44  *** KG-Bot <KG-Bot!~KG@Kraljeva.Garda.official.bot> has quit IRC (Quit: Making changes)
2013-12-15T19:25:45  *** KG-Bot <KG-Bot!~KG@Kraljeva.Garda.official.bot> has joined #loto
2013-12-15T19:25:45  <protector> [KG-Bot] [20:51:29] <God_of_Blood> da li ima tvoh bot komande za ona pitanja [20:51:39] <DonVitoCorleone> Koja pitanja? o-O[20:51:54] <God_of_Blood> a ona sranja kakos e zove [20:52:07] <DonVitoCorleone> Kviz? [20:52:16] <God_of_Blood> kiviz jebo ga ti
2013-12-15T19:25:45  *** protector sets mode: +qo KG-Bot KG-Bot
2013-12-15T19:37:14  *** KG-Bot <KG-Bot!~KG@Kraljeva.Garda.official.bot> has quit IRC (Quit: Making changes)
2013-12-15T19:38:00  *** KG-Bot <KG-Bot!~KG@Kraljeva.Garda.official.bot> has joined #loto
2013-12-15T19:38:01  <protector> [KG-Bot] [20:51:29] <God_of_Blood> da li ima tvoh bot komande za ona pitanja [20:51:39] <DonVitoCorleone> Koja pitanja? o-O[20:51:54] <God_of_Blood> a ona sranja kakos e zove [20:52:07] <DonVitoCorleone> Kviz? [20:52:16] <God_of_Blood> kiviz jebo ga ti
2013-12-15T19:38:01  *** protector sets mode: +qo KG-Bot KG-Bot
