2013-08-28T03:43:07  *** KG-Bot <KG-Bot!~Kraljeva_@Rizon-DD5219AC.server4you.net> has joined ##izbizbaceni
2013-08-28T03:43:07  *** irc.siglost.com sets mode: +nt 
2013-08-28T03:43:27  *** KG-Bot is now known as Guest361
2013-08-28T04:17:25  *** KG-Bot <KG-Bot!~Kraljeva_@Rizon-DD5219AC.server4you.net> has joined ##izbizbaceni
2013-08-28T04:17:25  *** irc.shakeababy.net sets mode: +nt 
2013-08-28T04:17:43  *** KG-Bot is now known as Guest36575
2013-08-28T04:19:17  *** Guest36575 is now known as KG-Bot
2013-08-28T04:36:39  *** KG-Bot <KG-Bot!~Kraljeva_@Kraljeva.Garda.official.bot> has joined ##izbizbaceni
2013-08-28T04:36:39  *** irc.siglost.com sets mode: +nt 
2013-08-28T04:47:51  *** KG-Bot <KG-Bot!~Kraljeva_@Kraljeva.Garda.official.bot> has joined ##izbizbaceni
2013-08-28T04:47:51  *** irc.siglost.com sets mode: +nt 
2013-08-28T12:00:18  *** KG-Bot <KG-Bot!~Kraljeva_@Kraljeva.Garda.official.bot> has joined ##izbizbaceni
2013-08-28T12:00:18  *** irc.shakeababy.net sets mode: +nt 
2013-08-28T14:07:39  *** KG-Bot <KG-Bot!~Kraljeva_@Kraljeva.Garda.official.bot> has joined ##izbizbaceni
2013-08-28T14:07:39  *** irc.shakeababy.net sets mode: +nt 
2013-08-28T21:56:05  *** KG-Bot <KG-Bot!~Kraljeva_@Kraljeva.Garda.official.bot> has joined ##izbizbaceni
2013-08-28T21:56:05  *** irc.siglost.com sets mode: +nt 
2013-08-29T20:42:46  *** KG-Bot <KG-Bot!~KraljevaG@Kraljeva.Garda.official.bot> has joined ##izbizbaceni
2013-08-29T20:42:46  *** irc.shakeababy.net sets mode: +nt 
2013-08-29T20:44:28  *** KG-Bot <KG-Bot!~KraljevaG@Kraljeva.Garda.official.bot> has joined ##izbizbaceni
2013-08-29T20:44:28  *** irc.siglost.com sets mode: +nt 
2013-09-06T19:54:48  <KG-Bot> Announcement from my owner (DonVitoCorleone): eRepublik komande ne rade dok se ne popravi stanje sa eRep serverima. Hvala na razumevanju. :)
2013-09-07T23:51:49  <KG-Bot> Announcement from my owner (DonVitoCorleone): eRepublik plugin won't work for some time, API is perma disabled and everything must be made from scratch
2013-09-10T23:33:00  *** KG-Bot <KG-Bot!~KraljevaG@Kraljeva.Garda.official.bot> has left ##izbizbaceni (DonVitoCorleone)
