2013-09-18T13:50:09  *** KG-Bot <KG-Bot!KraljevaGa@KiRaLiS-6F27204E.server4you.net> has joined #IdleRPG
2013-09-18T13:50:53  *** CookieBot sets mode: +qo KG-Bot KG-Bot
2013-09-18T13:51:08  <DonVitoCorleone> +cmd
2013-09-18T13:51:08  <KG-Bot> I offer a total of 373 commands in 52 command-based plugins. I have processed 293 commands.
2013-09-18T13:59:14  <DonVitoCorleone> I'm off to play some games xD
2013-09-18T13:59:20  <DonVitoCorleone> See you later Yevarid-Mobile
2013-09-18T14:01:11  <Yevarid-Mobile> nuuu
2013-09-18T14:01:46  <Yevarid-Mobile> i wanna show u ma bot and u leave -_-
2013-09-18T14:10:47  *** Yevarid-mIRC <Yevarid-mIRC!guess@wanna.eat.a.kebab.with.me> has joined #IdleRPG
2013-09-18T14:11:32  <Yevarid-Mobile> -oper
2013-09-18T14:11:54  <Yevarid-Mobile> -voice yevarid-mirc
2013-09-18T14:11:54  *** Yevarid-mIRC sets mode: +v Yevarid-mIRC
2013-09-18T15:58:42  *** Yevarid-mIRC <Yevarid-mIRC!guess@wanna.eat.a.kebab.with.me> has quit IRC (Quit: KiRaLiS-NET)
2013-09-18T16:19:23  <DonVitoCorleone> o_O
2013-09-18T16:19:38  <DonVitoCorleone> I'm still here but not all the time xD
2013-09-18T16:19:54  <DonVitoCorleone> Where's your bot?
2013-09-18T19:40:02  <Yevarid-Mobile> left
2013-09-18T19:40:10  <Yevarid-Mobile> cause had to go
2013-09-18T22:58:16  <DonVitoCorleone> :/
2013-09-18T23:00:08  <Yevarid-Mobile> srry man
2013-09-18T23:01:02  <Yevarid-Mobile> next time when i will get my bot to here u should not play any games
2013-09-18T23:01:58  <DonVitoCorleone> Going to take a shit
2013-09-18T23:01:58  <DonVitoCorleone> bbl
2013-09-18T23:02:15  <Yevarid-Mobile> lool ok
2013-09-18T23:02:28  <Yevarid-Mobile> maybe u will see my bot tomorrow
2013-09-18T23:06:22  <DonVitoCorleone> :(
2013-09-18T23:06:46  <Yevarid-Mobile> wat time is it for u now?
2013-09-18T23:07:06  <Yevarid-Mobile> 6:07pm?
2013-09-18T23:08:07  <DonVitoCorleone> 11:08PM
2013-09-18T23:08:25  <Yevarid-Mobile> wut
2013-09-18T23:08:34  <Yevarid-Mobile> then u have the same time as me
2013-09-18T23:08:56  <DonVitoCorleone> Yeah
2013-09-18T23:09:08  <Yevarid-Mobile> r u from italy like The Godfather?
2013-09-18T23:09:56  <DonVitoCorleone> I've already told you yesterday
2013-09-18T23:10:04  <Yevarid-Mobile> u did?
2013-09-18T23:10:15  <DonVitoCorleone> Yeah
2013-09-18T23:10:19  <Yevarid-Mobile> then i stoned it away
2013-09-18T23:10:26  <DonVitoCorleone> Serbia
2013-09-18T23:10:40  <Yevarid-Mobile> now i remember
2013-09-18T23:10:58  <Yevarid-Mobile> <----- forgetful srry
2013-09-18T23:11:27  <DonVitoCorleone> np
2013-09-18T23:11:31  <Yevarid-Mobile> from 9 to 12am my bot will be here
2013-09-18T23:11:46  <Yevarid-Mobile> but only tomorrow
2013-09-18T23:12:07  <DonVitoCorleone> I don't think I'll get up that early XD
2013-09-18T23:12:13  <Yevarid-Mobile> wut
2013-09-18T23:12:26  <Yevarid-Mobile> y not?
2013-09-18T23:12:54  <Yevarid-Mobile> to stoned?
2013-09-18T23:13:07  <DonVitoCorleone> Nope I won't even get up from bed xD
2013-09-18T23:13:19  <Yevarid-Mobile> ugh
2013-09-18T23:13:24  <Yevarid-Mobile> oghhhhh
2013-09-18T23:13:27  <Yevarid-Mobile> wait
2013-09-18T23:13:35  <Yevarid-Mobile> 9am to 12pm
2013-09-18T23:13:37  <Yevarid-Mobile> there
2013-09-18T23:13:48  <Yevarid-Mobile> that is not early
2013-09-18T23:14:08  <DonVitoCorleone> 9 to 12am
2013-09-18T23:14:11  <DonVitoCorleone> You said
2013-09-18T23:14:17  <Yevarid-Mobile> but
2013-09-18T23:14:30  <Yevarid-Mobile> 12am = midnight
2013-09-18T23:14:45  <Yevarid-Mobile> i ment 9am to 12pm
2013-09-18T23:14:54  <DonVitoCorleone> Oh, that's ok
2013-09-18T23:14:58  <Yevarid-Mobile> lool
2013-09-18T23:15:11  <Yevarid-Mobile> or 24h system
2013-09-18T23:15:22  <Yevarid-Mobile> from 9:00 to 12:00
2013-09-18T23:15:52  <DonVitoCorleone> Omg
2013-09-18T23:15:58  <DonVitoCorleone> It's ok, I understand xD
2013-09-18T23:17:08  <Yevarid-Mobile> u sure?
2013-09-18T23:17:17  <DonVitoCorleone> xD
2013-09-18T23:17:28  <DonVitoCorleone> You know any proggramming lang?
2013-09-18T23:17:36  <Yevarid-Mobile> nope
2013-09-18T23:17:57  <Yevarid-Mobile> how should i?
2013-09-18T23:18:08  <DonVitoCorleone> Study
2013-09-18T23:18:26  <Yevarid-Mobile> i do not studx
2013-09-18T23:18:32  <Yevarid-Mobile> study*
2013-09-18T23:19:12  <DonVitoCorleone> Me neither, I'm learning at home
2013-09-18T23:20:09  <Yevarid-Mobile> lool i do not learn either about programming
2013-09-18T23:21:09  <DonVitoCorleone> You should, you can make awesome things if you know how xD
2013-09-18T23:22:16  <Yevarid-Mobile> for me it is enough to script my bot per mIRC :P
2013-09-18T23:22:40  <DonVitoCorleone> It's not a bot then, it's just mIRC script, nothing else
2013-09-18T23:22:59  <Yevarid-Mobile> yes it is a bot :P
2013-09-18T23:23:10  <DonVitoCorleone> No, it's not
2013-09-18T23:23:17  <DonVitoCorleone> New network again xD
2013-09-18T23:23:22  <Yevarid-Mobile> nzuuu
2013-09-18T23:23:29  <DonVitoCorleone> Actually 2 nets xD
2013-09-18T23:23:29  <Yevarid-Mobile> and yes it is a bot
2013-09-18T23:23:46  <DonVitoCorleone> nope it's not
2013-09-18T23:24:00  <DonVitoCorleone> Can I work on that bot while your PC is off?
2013-09-18T23:24:19  <DonVitoCorleone> Or just mIRC
2013-09-18T23:24:29  <Yevarid-Mobile> yes
2013-09-18T23:24:38  <Yevarid-Mobile> just mIRC
2013-09-18T23:24:38  <DonVitoCorleone> Hmm, how?
2013-09-18T23:24:55  <DonVitoCorleone> When mIRC is turned off I can work on that bot?
2013-09-18T23:25:04  <Yevarid-Mobile> nuu how lool
2013-09-18T23:25:15  <DonVitoCorleone> Well that's script and not a bot :)
2013-09-18T23:25:29  <Yevarid-Mobile> agh
2013-09-18T23:25:53  <Yevarid-Mobile> only that it does not have a shell -_+
2013-09-18T23:25:57  <Yevarid-Mobile> -_-*
2013-09-18T23:26:34  <DonVitoCorleone> And you would run your "bot" from mIRC that is installed on shell?
2013-09-18T23:27:41  <Yevarid-Mobile> nuuuu
2013-09-18T23:28:08  <Yevarid-Mobile> if off then off
2013-09-18T23:28:16  <DonVitoCorleone> disconnect Because nothing interesting on this net
2013-09-18T23:28:19  <DonVitoCorleone> +disconnect Because nothing interesting on this net
