2013-08-28T03:43:07  *** KG-Bot <KG-Bot!~Kraljeva_@Rizon-DD5219AC.server4you.net> has joined #MyIRCHelp
2013-08-28T03:43:27  *** KG-Bot is now known as Guest361
2013-08-28T04:17:25  *** KG-Bot <KG-Bot!~Kraljeva_@Rizon-DD5219AC.server4you.net> has joined #MyIRCHelp
2013-08-28T04:17:43  *** KG-Bot is now known as Guest36575
2013-08-28T04:19:17  *** Guest36575 is now known as KG-Bot
2013-08-28T04:19:17  *** IceCold sets mode: +ao KG-Bot KG-Bot
2013-08-28T04:36:39  *** KG-Bot <KG-Bot!~Kraljeva_@Kraljeva.Garda.official.bot> has joined #MyIRCHelp
2013-08-28T04:36:39  <IceCold> [KG-Bot] http://tinyurl.com/l3j2f48 http://www.youtube.com/watch?v=CR8logunPzQ
2013-08-28T04:36:39  *** IceCold sets mode: +ao KG-Bot KG-Bot
2013-08-28T04:37:47  <KG-Bot> Title: Novi Reporter - br. 153, 15/2/2006 (at tinyurl.com)
2013-08-28T04:47:50  *** KG-Bot <KG-Bot!~Kraljeva_@Kraljeva.Garda.official.bot> has joined #MyIRCHelp
2013-08-28T04:47:51  <IceCold> [KG-Bot] http://tinyurl.com/l3j2f48 http://www.youtube.com/watch?v=CR8logunPzQ
2013-08-28T04:47:51  *** IceCold sets mode: +ao KG-Bot KG-Bot
2013-08-28T04:48:58  <KG-Bot> Title: Novi Reporter - br. 153, 15/2/2006 (at tinyurl.com)
2013-08-28T12:00:18  *** KG-Bot <KG-Bot!~Kraljeva_@Kraljeva.Garda.official.bot> has joined #MyIRCHelp
2013-08-28T12:00:18  <IceCold> [KG-Bot] http://tinyurl.com/l3j2f48 http://www.youtube.com/watch?v=CR8logunPzQ
2013-08-28T12:00:18  *** IceCold sets mode: +ao KG-Bot KG-Bot
2013-08-28T12:01:35  <KG-Bot> Title: Novi Reporter - br. 153, 15/2/2006 (at tinyurl.com)
2013-08-28T14:07:39  *** KG-Bot <KG-Bot!~Kraljeva_@Kraljeva.Garda.official.bot> has joined #MyIRCHelp
2013-08-28T14:07:40  <IceCold> [KG-Bot] http://tinyurl.com/l3j2f48 http://www.youtube.com/watch?v=CR8logunPzQ
2013-08-28T14:07:40  *** IceCold sets mode: +ao KG-Bot KG-Bot
2013-08-28T14:08:56  <KG-Bot> Title: Yolanda Be Cool Vrs DCup - We No Speak Americano (Official Music Video) - YouTube (at www.youtube.com)
2013-08-28T21:56:05  *** KG-Bot <KG-Bot!~Kraljeva_@Kraljeva.Garda.official.bot> has joined #MyIRCHelp
2013-08-28T21:56:06  <IceCold> [KG-Bot] http://tinyurl.com/l3j2f48 http://www.youtube.com/watch?v=CR8logunPzQ
2013-08-28T21:56:06  *** IceCold sets mode: +ao KG-Bot KG-Bot
2013-08-28T21:57:24  <KG-Bot> Title: Novi Reporter - br. 153, 15/2/2006 (at tinyurl.com)
2013-08-29T20:42:47  *** KG-Bot <KG-Bot!~KraljevaG@Kraljeva.Garda.official.bot> has joined #MyIRCHelp
2013-08-29T20:42:47  <IceCold> [KG-Bot] http://tinyurl.com/l3j2f48 http://www.youtube.com/watch?v=CR8logunPzQ
2013-08-29T20:42:47  *** IceCold sets mode: +ao KG-Bot KG-Bot
2013-08-29T20:44:28  *** KG-Bot <KG-Bot!~KraljevaG@Kraljeva.Garda.official.bot> has joined #MyIRCHelp
2013-08-29T20:44:29  <IceCold> [KG-Bot] http://tinyurl.com/l3j2f48 http://www.youtube.com/watch?v=CR8logunPzQ
2013-08-29T20:44:29  *** IceCold sets mode: +ao KG-Bot KG-Bot
2013-08-29T20:45:48  <KG-Bot> Title: Novi Reporter - br. 153, 15/2/2006 (at tinyurl.com)
2013-09-02T17:34:44  *** DonVitoCorleone <DonVitoCorleone!Stefan_Nin@Drzi.Prijatelje.BlizuA.Neprijatelje.Jos.Blize> has quit IRC (Killed (irc.siglost.com (4 joins/parts in #kraljeva_garda within 7 seconds.)))
2013-09-02T17:39:53  *** DonVitoCorleone <DonVitoCorleone!Stefan_Nin@Drzi.Prijatelje.Blizu.A.Neprijatelje.Jos.Blize> has joined #MyIRCHelp
2013-09-02T17:39:53  <IceCold> [DonVitoCorleone] http://tinyurl.com/l3j2f48 http://www.youtube.com/watch?v=CR8logunPzQ
2013-09-02T17:39:53  *** IceCold sets mode: +ao DonVitoCorleone DonVitoCorleone
2013-09-02T17:39:55  <KG-Bot> Title: Novi Reporter - br. 153, 15/2/2006 (at tinyurl.com)
2013-09-03T04:35:51  *** KG|DonVitoCorleone <KG|DonVitoCorleone!~DonVitoCo@I-m.not.bot.this.is.just.another.bnc.profile> has quit IRC (Quit: Quit)
2013-09-03T07:17:27  *** DonVitoC- <DonVitoC-!~DonVitoCo@Rizon-4F80C23B.furryland.net> has joined #MyIRCHelp
2013-09-05T02:07:47  *** KG|DonVitoCorleone <KG|DonVitoCorleone!~Kraljeva-@I-m.not.bot.this.is.just.another.bnc.profile> has joined #MyIRCHelp
2013-09-05T02:07:47  <IceCold> [KG|DonVitoCorleone] http://tinyurl.com/l3j2f48 http://www.youtube.com/watch?v=CR8logunPzQ
2013-09-05T02:07:47  *** IceCold sets mode: +ao KG|DonVitoCorleone KG|DonVitoCorleone
2013-09-05T02:07:48  <KG-Bot> Title: Novi Reporter - br. 153, 15/2/2006 (at tinyurl.com)
2013-09-05T02:18:07  *** DonVitoCorleone is now known as FurryLand
2013-09-05T02:18:55  *** KG|DonVitoCorleone is now known as DonVitoCorleone
2013-09-05T21:29:21  *** ChanStat <ChanStat!ChanStat@hub.bot.chanstat.net> has quit IRC (Ping timeout: 240 seconds)
2013-09-05T21:33:41  *** ChanStat <ChanStat!ChanStat@hub.bot.chanstat.net> has joined #MyIRCHelp
2013-09-05T21:33:45  *** IceCold sets mode: +o ChanStat
2013-09-06T16:53:47  *** Monsi <Monsi!Monsi@Offline.literally.means.offline> has joined #MyIRCHelp
2013-09-06T16:53:47  *** IceCold sets mode: +h Monsi
2013-09-06T16:58:09  *** Monsi <Monsi!Monsi@Offline.literally.means.offline> has left #MyIRCHelp
2013-09-06T19:54:59  <KG-Bot> Announcement from my owner (DonVitoCorleone): eRepublik komande ne rade dok se ne popravi stanje sa eRep serverima. Hvala na razumevanju. :)
2013-09-07T23:52:00  <KG-Bot> Announcement from my owner (DonVitoCorleone): eRepublik plugin won't work for some time, API is perma disabled and everything must be made from scratch
2013-09-12T19:22:35  *** KG-Bot <KG-Bot!~KraljevaG@Kraljeva.Garda.official.bot> has joined #MyIRCHelp
2013-09-12T19:24:24  *** KG-Bot <KG-Bot!~KraljevaG@Kraljeva.Garda.official.bot> has joined #MyIRCHelp
2013-09-12T19:24:27  <IceCold> [KG-Bot] http://tinyurl.com/l3j2f48 http://www.youtube.com/watch?v=CR8logunPzQ
2013-09-12T19:24:28  *** IceCold sets mode: +ao KG-Bot KG-Bot
2013-09-12T19:25:54  <KG-Bot> Title: Novi Reporter - br. 153, 15/2/2006 (at tinyurl.com)
2013-09-16T14:17:01  *** KG-Bot <KG-Bot!~KraljevaG@Kraljeva.Garda.official.bot> has joined #MyIRCHelp
2013-09-16T14:17:07  <IceCold> [KG-Bot] http://tinyurl.com/l3j2f48 http://www.youtube.com/watch?v=CR8logunPzQ
2013-09-16T14:17:07  *** IceCold sets mode: +ao KG-Bot KG-Bot
2013-09-16T14:18:56  <KG-Bot> Title: Novi Reporter - br. 153, 15/2/2006 (at tinyurl.com)
2013-09-16T15:14:37  *** SlobodanTrkulja <SlobodanTrkulja!SlobodanTr@Ponosni.clan.SHSS.bratstva> has quit IRC (Ping timeout: 243 seconds)
2013-09-16T15:16:04  *** FurryLand <FurryLand!Stefan_Nin@Drzi.Prijatelje.BlizuA.Neprijatelje.Jos.Blize> has quit IRC (Ping timeout: 243 seconds)
2013-09-16T15:16:08  *** xbot <xbot!xbot@Anonymity.is.everything.for.me> has quit IRC (Ping timeout: 243 seconds)
2013-09-16T15:33:06  *** xbot <xbot!xbot@Rizon-E7E30477.rizonbnc.eu.rizon.net> has joined #MyIRCHelp
2013-09-16T15:33:08  *** SlobodanTrkulja <SlobodanTrkulja!SlobodanTr@Rizon-731F9563.rizonbnc.eu.rizon.net> has joined #MyIRCHelp
2013-09-16T15:33:17  *** xbot is now known as Guest31130
2013-09-16T15:36:16  *** Guest56724 <Guest56724!Stefan_Nin@Rizon-72A5E527.rizonbnc.eu.rizon.net> has joined #MyIRCHelp
2013-09-16T21:47:22  *** Guest56724 is now known as FurryLand
2013-09-16T21:47:22  *** IceCold sets mode: +ao FurryLand FurryLand
2013-09-16T22:09:09  *** Guest31130 is now known as xbot
2013-09-16T22:09:28  *** IceCold sets mode: +ao xbot xbot
2013-09-16T22:17:01  *** IceCold sets mode: +qo SlobodanTrkulja SlobodanTrkulja
2013-09-16T22:36:01  *** DonVitoC- is now known as RizonBot
2013-09-16T22:36:04  *** IceCold sets mode: +ao RizonBot RizonBot
2013-09-16T22:51:56  *** RizonBot <RizonBot!~DonVitoCo@Rizon-4F80C23B.furryland.net> has quit IRC (Killed (mink (unwise)))
2013-09-16T22:52:26  *** DonVitoC- <DonVitoC-!~DonVitoCo@Rizon-44644B3.electronirc.tk> has joined #MyIRCHelp
2013-09-16T23:02:03  *** DonVitoC- is now known as KG|DonVitoCorleone
2013-09-16T23:02:08  *** IceCold sets mode: +ao KG|DonVitoCorleone KG|DonVitoCorleone
2013-09-19T15:27:01  *** DonVitoCorleone <DonVitoCorleone!~Kraljeva-@Drzi.Prijatelje.BlizuA.Neprijatelje.Jos.Blize> has quit IRC (Quit: ZNC - http://znc.in)
2013-09-19T15:27:08  *** eRepublikBot <eRepublikBot!~KG@Rizon-DD5219AC.server4you.net> has joined #MyIRCHelp
2013-09-19T15:27:23  *** eRepublikBot is now known as Guest22567
2013-09-19T15:29:01  *** Guest22567 is now known as DonVitoCorleone
2013-09-19T15:29:11  *** IceCold sets mode: +ao DonVitoCorleone DonVitoCorleone
