2014-01-07T03:35:47  *** eRepublikBot <eRepublikBot!~KraljevaG@FDFDB705.BFECDD3B.214689AC.IP> has joined #ACCMS_REQUEST
2014-01-07T03:35:47  <protector> [eRepublikBot] [20:51:29] <God_of_Blood> da li ima tvoh bot komande za ona pitanja [20:51:39] <DonVitoCorleone> Koja pitanja? o-O[20:51:54] <God_of_Blood> a ona sranja kakos e zove [20:52:07] <DonVitoCorleone> Kviz? [20:52:16] <God_of_Blood> kiviz jebo ga ti
2014-01-07T03:35:48  *** protector sets mode: +qo eRepublikBot eRepublikBot
2014-01-07T03:35:59  <DonVitoCorleone> !reload BitMine
2014-01-07T03:35:59  <eRepublikBot> Done.
2014-01-07T03:37:06  <DonVitoCorleone> !order
2014-01-07T03:37:06  <eRepublikBot> (order <name> <surname> <username> <email>) -- You can order a BitcoinMining application with this command.
2014-01-07T03:37:25  <DonVitoCorleone> !order Stefan Ninic KgBot ninicstefan94@gmail.com
2014-01-07T03:39:08  <DonVitoCorleone> !confirm KgBot 795671798060706
2014-01-07T03:39:09  <eRepublikBot> You have confirmed your email successfully, please be patient while we and the bank process your request/payment. If you have any questions feel free to come to #ACCMS_HELP and ask.
2014-01-07T03:45:02  <DonVitoCorleone> !reload BitMine
2014-01-07T03:45:02  <eRepublikBot> Done.
2014-01-07T03:45:05  <DonVitoCorleone> !order Stefan Ninic KgBot ninicstefan94@gmail.com
2014-01-07T03:45:07  <eRepublikBot> We have sent you confirmation email, please read it carefully and do everything what it says to do. If you have any questions come to #ACCMS_HELP and ask.
2014-01-07T03:45:45  <DonVitoCorleone> !confirm KgBot 802518378954243
2014-01-07T03:45:45  <eRepublikBot> You have confirmed your email successfully, please be patient while we and the bank process your request/payment. If you have any questions feel free to come to #ACCMS_HELP and ask.
2014-01-08T01:34:41  <KG-Bot> Announcement from my owner (DonVitoCorleone): +yt <keyword> is back with some new things xD
2014-01-08T06:03:34  *** eRepublikBot <eRepublikBot!~KraljevaG@FDFDB705.BFECDD3B.214689AC.IP> has joined #ACCMS_REQUEST
2014-01-08T06:03:35  <protector> [eRepublikBot] [20:51:29] <God_of_Blood> da li ima tvoh bot komande za ona pitanja [20:51:39] <DonVitoCorleone> Koja pitanja? o-O[20:51:54] <God_of_Blood> a ona sranja kakos e zove [20:52:07] <DonVitoCorleone> Kviz? [20:52:16] <God_of_Blood> kiviz jebo ga ti
2014-01-08T06:03:35  *** protector sets mode: +qo eRepublikBot eRepublikBot
2014-01-08T06:21:05  *** eRepublikBot <eRepublikBot!~KraljevaG@FDFDB705.BFECDD3B.214689AC.IP> has joined #ACCMS_REQUEST
2014-01-08T06:21:06  <protector> [eRepublikBot] [20:51:29] <God_of_Blood> da li ima tvoh bot komande za ona pitanja [20:51:39] <DonVitoCorleone> Koja pitanja? o-O[20:51:54] <God_of_Blood> a ona sranja kakos e zove [20:52:07] <DonVitoCorleone> Kviz? [20:52:16] <God_of_Blood> kiviz jebo ga ti
2014-01-08T06:21:06  *** protector sets mode: +qo eRepublikBot eRepublikBot
2014-01-08T11:31:19  <KG-Bot> Announcement from my owner (DonVitoCorleone): New type of Quiz is now available on KG-Bot, if you want Quiz on your channel please contact my owner or admins on #KG-Bot
2014-01-08T17:04:14  *** KG-Bot <KG-Bot!~KG@Kraljeva.Garda.official.bot> has quit IRC (Quit: Making changes)
2014-01-08T17:08:01  *** KG-Bot <KG-Bot!~KG@Kraljeva.Garda.official.bot> has joined #ACCMS_REQUEST
2014-01-08T17:08:01  <protector> [KG-Bot] [20:51:29] <God_of_Blood> da li ima tvoh bot komande za ona pitanja [20:51:39] <DonVitoCorleone> Koja pitanja? o-O[20:51:54] <God_of_Blood> a ona sranja kakos e zove [20:52:07] <DonVitoCorleone> Kviz? [20:52:16] <God_of_Blood> kiviz jebo ga ti
2014-01-08T17:08:02  *** protector sets mode: +qo KG-Bot KG-Bot
2014-01-09T21:18:38  *** eRepublikBot <eRepublikBot!~KraljevaG@FDFDB705.BFECDD3B.214689AC.IP> has joined #ACCMS_REQUEST
2014-01-09T21:18:38  <protector> [eRepublikBot] [20:51:29] <God_of_Blood> da li ima tvoh bot komande za ona pitanja [20:51:39] <DonVitoCorleone> Koja pitanja? o-O[20:51:54] <God_of_Blood> a ona sranja kakos e zove [20:52:07] <DonVitoCorleone> Kviz? [20:52:16] <God_of_Blood> kiviz jebo ga ti
2014-01-09T21:18:38  *** protector sets mode: +qo eRepublikBot eRepublikBot
2014-01-12T05:51:32  *** eRepublikBot <eRepublikBot!~KraljevaG@FDFDB705.BFECDD3B.214689AC.IP> has joined #ACCMS_REQUEST
2014-01-12T05:51:32  <protector> [eRepublikBot] [20:51:29] <God_of_Blood> da li ima tvoh bot komande za ona pitanja [20:51:39] <DonVitoCorleone> Koja pitanja? o-O[20:51:54] <God_of_Blood> a ona sranja kakos e zove [20:52:07] <DonVitoCorleone> Kviz? [20:52:16] <God_of_Blood> kiviz jebo ga ti
2014-01-12T05:51:32  *** protector sets mode: +qo eRepublikBot eRepublikBot
2014-01-12T05:55:16  <DonVitoCorleone> +reload BitMine
2014-01-12T05:55:31  <DonVitoCorleone> !reload BitMine
2014-01-12T05:55:38  <DonVitoCorleone> !load BitMine
2014-01-12T05:55:50  <DonVitoCorleone> !load BitMine
2014-01-12T05:56:06  <DonVitoCorleone> !load BitMine
2014-01-12T05:56:06  <eRepublikBot> Done.
2014-01-12T05:56:11  <DonVitoCorleone> !req
2014-01-12T05:56:20  <DonVitoCorleone> !bitmine req
2014-01-12T05:56:22  <eRepublikBot> Channel will now create and invite will be sent to you, please keep track of your Rizon tab (and every other tab, it all depends where your client sends invite message).
2014-01-12T05:57:21  <DonVitoCorleone> !part #zbgxkle11em87vf
2014-01-12T05:57:22  <eRepublikBot> Done.
2014-01-12T05:59:03  <DonVitoCorleone> !reload BitMine
2014-01-12T05:59:03  <eRepublikBot> Done.
2014-01-12T05:59:06  <DonVitoCorleone> !bitmine req
2014-01-12T05:59:06  <eRepublikBot> Channel will now create and invite will be sent to you, please keep track of your Rizon tab (and every other tab, it all depends where your client sends invite message).
2014-01-12T05:59:24  <DonVitoCorleone> !reload BitMine
2014-01-12T05:59:24  <eRepublikBot> Done.
2014-01-12T05:59:26  <DonVitoCorleone> !bitmine req
2014-01-12T05:59:26  <eRepublikBot> Channel will now create and invite will be sent to you, please keep track of your Rizon tab (and every other tab, it all depends where your client sends invite message).
2014-01-12T06:00:31  <DonVitoCorleone> gologuziANDbeba  ovako cemo da resimo problem oko sakrivanja informacija :)
2014-01-12T06:01:23  <DonVitoCorleone> Poseban kanal se napravi, odradi invite, ceka 15m da odradis request, ako ne odradis kikuje te i izadje sa kanala, i naravno, onemoguci ponovni zahtev dok ne kontaktiras admine (nas) i mi te skinemo sa "ban" liste :)
2014-01-12T06:06:04  <DonVitoCorleone> +reload Misc1
2014-01-12T06:06:04  <KG-Bot> Done.
2014-01-12T06:06:18  <DonVitoCorleone> +list misc1
2014-01-12T06:06:18  <KG-Bot> allowchan, banchan, viewban, and viewchan
2014-01-12T06:06:31  <DonVitoCorleone> +banchan #BorgiaFamily "I don't like you"
2014-01-12T06:06:33  <KG-Bot> Channel #BorgiaFamily is not in channel list, I can't ban it.
2014-01-12T06:06:46  <DonVitoCorleone> +allowchan #BorgiaFamily DonVitoCorleone
2014-01-12T06:07:24  <DonVitoCorleone> +list
2014-01-12T06:07:24  <KG-Bot> Admin, Alias, Anonymous, CRep, Casino, Channel, Coffee, Config, Currency, Debug, Dict, ERep, ESim, Eureka, Gimg, Goog, IMDb, Internet, Izmeri, Kviz, Mass, Math, Memo, MessageParser, Misc, Network, NoSleep, Note, Owner, Plugin, Qdb, RSDJ, Relay, Reply, Scheduler, Services, ShrinkUrl, Status, SupySandbox, TPB, Time, Timebomb, Tomp3, Topic, Translate, Twit, URL, Unix, Uno, Untiny, Urban, User,
2014-01-12T06:07:25  <KG-Bot> Utilities, Vreme, Web, Wiki, and Yt
2014-01-12T06:08:24  <DonVitoCorleone> +viewchan
2014-01-12T06:08:25  <KG-Bot> Channel #alb.supp has been added on 11/1/2014 - 11:59:24 on otoringo's initiative.
2014-01-12T06:08:27  <KG-Bot> Channel #e-sim.suna.support has been added on 11/1/2014 - 12:0:54 on Anqa's initiative.
2014-01-12T06:08:27  <KG-Bot> Channel #e-sim.secura.support has been added on 11/1/2014 - 12:0:45 on SahandM's initiative.
2014-01-12T06:08:28  <KG-Bot> Channel #Gromovnici has been added on 11/1/2014 - 12:1:10 on Sasaika's initiative.
2014-01-12T06:08:29  <KG-Bot> Channel #BorgiaFamily has been added on 12/1/2014 - 6:6:45 on DonVitoCorleone's initiative.
2014-01-12T06:08:30  <KG-Bot> Channel #gvozdenipuk has been added on 11/1/2014 - 11:40:33 on Demeratus's initiative.
2014-01-12T06:08:31  <KG-Bot> Channel #shtek has been added on 11/1/2014 - 20:6:5 on TrSiCaNaC91's initiative.
2014-01-12T06:08:32  <KG-Bot> Channel #S.A.S has been added on 11/1/2014 - 12:2:45 on God_of_Blood's initiative.
2014-01-12T06:08:33  <KG-Bot> Channel #fallen.angels has been added on 11/1/2014 - 11:55:54 on Elyna's initiative.
2014-01-12T06:08:34  <KG-Bot> Channel #e-sim.bd has been added on 11/1/2014 - 12:0:20 on Phoenix's initiative.
2014-01-12T06:08:34  *** KG-Bot was kicked by eRepublikBot (message flood detected)
2014-01-12T06:08:34  *** KG-Bot <KG-Bot!~KG@Kraljeva.Garda.official.bot> has joined #ACCMS_REQUEST
2014-01-12T06:08:35  <protector> [KG-Bot] [20:51:29] <God_of_Blood> da li ima tvoh bot komande za ona pitanja [20:51:39] <DonVitoCorleone> Koja pitanja? o-O[20:51:54] <God_of_Blood> a ona sranja kakos e zove [20:52:07] <DonVitoCorleone> Kviz? [20:52:16] <God_of_Blood> kiviz jebo ga ti
2014-01-12T06:08:35  *** protector sets mode: +qo KG-Bot KG-Bot
2014-01-12T06:08:38  <KG-Bot> Channel #lt has been added on 11/1/2014 - 11:56:6 on vivek's initiative.
2014-01-12T06:08:39  <KG-Bot> Channel #spec has been added on 11/1/2014 - 12:3:29 on Special-G's initiative.
2014-01-12T06:08:40  <KG-Bot> Channel #ir.primera has been added on 11/1/2014 - 12:2:8 on Siliconic's initiative.
2014-01-12T06:10:35  <DonVitoCorleone> +reload Misc1
2014-01-12T06:10:35  <KG-Bot> Done.
2014-01-12T06:10:39  <DonVitoCorleone> +allowchan #BorgiaFamily DonVitoCorleone
2014-01-12T06:10:40  <KG-Bot> Channel #BorgiaFamily is already in channels list, you have to remove it first and then you can add it again.
2014-01-12T06:11:01  <DonVitoCorleone> +banchan #BorgiaFamily "I don't love you"
2014-01-12T06:11:04  <KG-Bot> Channel #BorgiaFamily is added to ban list.
2014-01-12T06:11:25  <DonVitoCorleone> Nice :)
2014-01-12T06:11:33  <DonVitoCorleone> +allowchan #BorgiaFamily DonVitoCorleone
2014-01-12T06:11:37  <KG-Bot> Channel #BorgiaFamily has been added to the channels list.
2014-01-12T06:11:53  <DonVitoCorleone> +banchan #BorgiaFamily "I don't love you"
2014-01-12T06:11:56  <KG-Bot> Channel #BorgiaFamily is added to ban list.
2014-01-12T06:14:18  <DonVitoCorleone> +reload Misc1
2014-01-12T06:14:18  <KG-Bot> Done.
2014-01-12T06:14:26  <DonVitoCorleone> +allowchan #20145 DonVitoCorleone
2014-01-12T06:14:30  <KG-Bot> Channel #20145 has been added to the channels list.
2014-01-12T06:15:30  <DonVitoCorleone> +banchan #20145 "Loool"
2014-01-12T06:15:38  <KG-Bot> Channel #20145 is added to ban list.
2014-01-12T06:15:52  <DonVitoCorleone> +viewban #20145
2014-01-12T06:15:53  <KG-Bot> Channel #20145 has been banned on 12/1/2014 - 6:15:28 with reason: Loool.
2014-01-12T06:16:02  <DonVitoCorleone> +viewchan #BorgiaFamily
2014-01-12T06:16:03  <KG-Bot> Channel #BorgiaFamily is not on channel list.
2014-01-12T06:16:10  <DonVitoCorleone> +viewban #BorgiaFamily
2014-01-12T06:16:11  <KG-Bot> Channel #BorgiaFamily has been banned on 12/1/2014 - 6:11:52 with reason: I don't love you.
2014-01-12T06:16:24  <DonVitoCorleone> +allowchan #BorgiaFamily DonVitoCorleone
2014-01-12T06:16:28  <KG-Bot> Channel #BorgiaFamily has been added to the channels list.
2014-01-12T06:16:52  <DonVitoCorleone> +allowchan #20145 DonVitoCorleone
2014-01-12T06:16:56  <KG-Bot> Channel #20145 has been added to the channels list.
2014-01-12T06:17:21  <DonVitoCorleone> +banchan #20145 "Hate you"
2014-01-12T06:17:29  <KG-Bot> Channel #20145 is added to ban list.
2014-01-12T10:06:44  <gologuziANDbeba> !bitmine req
2014-01-12T10:06:45  <eRepublikBot> Channel will now create and invite will be sent to you, please keep track of your Rizon tab (and every other tab, it all depends where your client sends invite message).
2014-01-13T03:38:44  *** eRepublikBot <eRepublikBot!~KraljevaG@FDFDB705.BFECDD3B.214689AC.IP> has joined #ACCMS_REQUEST
2014-01-13T03:38:45  <protector> [eRepublikBot] [20:51:29] <God_of_Blood> da li ima tvoh bot komande za ona pitanja [20:51:39] <DonVitoCorleone> Koja pitanja? o-O[20:51:54] <God_of_Blood> a ona sranja kakos e zove [20:52:07] <DonVitoCorleone> Kviz? [20:52:16] <God_of_Blood> kiviz jebo ga ti
2014-01-13T03:38:45  *** protector sets mode: +qo eRepublikBot eRepublikBot
2014-01-13T17:17:21  *** eRepublikBot <eRepublikBot!~KraljevaG@FDFDB705.BFECDD3B.214689AC.IP> has joined #ACCMS_REQUEST
2014-01-13T17:17:21  <protector> [eRepublikBot] [20:51:29] <God_of_Blood> da li ima tvoh bot komande za ona pitanja [20:51:39] <DonVitoCorleone> Koja pitanja? o-O[20:51:54] <God_of_Blood> a ona sranja kakos e zove [20:52:07] <DonVitoCorleone> Kviz? [20:52:16] <God_of_Blood> kiviz jebo ga ti
2014-01-13T17:17:21  *** protector sets mode: +qo eRepublikBot eRepublikBot
2014-01-14T15:26:05  *** eRepublikBot <eRepublikBot!~KraljevaG@FDFDB705.BFECDD3B.214689AC.IP> has joined #ACCMS_REQUEST
2014-01-14T15:26:05  <protector> [eRepublikBot] [20:51:29] <God_of_Blood> da li ima tvoh bot komande za ona pitanja [20:51:39] <DonVitoCorleone> Koja pitanja? o-O[20:51:54] <God_of_Blood> a ona sranja kakos e zove [20:52:07] <DonVitoCorleone> Kviz? [20:52:16] <God_of_Blood> kiviz jebo ga ti
2014-01-14T15:26:05  *** protector sets mode: +qo eRepublikBot eRepublikBot
2014-01-15T11:48:53  <KG-Bot> Announcement from my owner (DonVitoCorleone): New eRep command, +tccalc, Training Calculator. If you find some bug please notify my owner (DonVitoCorleone) about it.
2014-01-16T06:26:13  *** eRepublikBot <eRepublikBot!~KraljevaG@FDFDB705.BFECDD3B.214689AC.IP> has joined #ACCMS_REQUEST
2014-01-16T06:26:13  <protector> [eRepublikBot] [20:51:29] <God_of_Blood> da li ima tvoh bot komande za ona pitanja [20:51:39] <DonVitoCorleone> Koja pitanja? o-O[20:51:54] <God_of_Blood> a ona sranja kakos e zove [20:52:07] <DonVitoCorleone> Kviz? [20:52:16] <God_of_Blood> kiviz jebo ga ti
2014-01-16T06:26:13  *** protector sets mode: +qo eRepublikBot eRepublikBot
2014-01-16T07:45:24  *** eRepublikBot <eRepublikBot!~KraljevaG@FDFDB705.BFECDD3B.214689AC.IP> has joined #ACCMS_REQUEST
2014-01-16T07:45:25  <protector> [eRepublikBot] [20:51:29] <God_of_Blood> da li ima tvoh bot komande za ona pitanja [20:51:39] <DonVitoCorleone> Koja pitanja? o-O[20:51:54] <God_of_Blood> a ona sranja kakos e zove [20:52:07] <DonVitoCorleone> Kviz? [20:52:16] <God_of_Blood> kiviz jebo ga ti
2014-01-16T07:45:25  *** protector sets mode: +qo eRepublikBot eRepublikBot
2014-01-16T08:00:50  *** eRepublikBot <eRepublikBot!~KraljevaG@FDFDB705.BFECDD3B.214689AC.IP> has joined #ACCMS_REQUEST
2014-01-16T08:00:50  <protector> [eRepublikBot] [20:51:29] <God_of_Blood> da li ima tvoh bot komande za ona pitanja [20:51:39] <DonVitoCorleone> Koja pitanja? o-O[20:51:54] <God_of_Blood> a ona sranja kakos e zove [20:52:07] <DonVitoCorleone> Kviz? [20:52:16] <God_of_Blood> kiviz jebo ga ti
2014-01-16T08:00:50  *** protector sets mode: +qo eRepublikBot eRepublikBot
2014-01-16T08:03:19  *** eRepublikBot <eRepublikBot!~KraljevaG@FDFDB705.BFECDD3B.214689AC.IP> has joined #ACCMS_REQUEST
2014-01-16T08:03:19  <protector> [eRepublikBot] [20:51:29] <God_of_Blood> da li ima tvoh bot komande za ona pitanja [20:51:39] <DonVitoCorleone> Koja pitanja? o-O[20:51:54] <God_of_Blood> a ona sranja kakos e zove [20:52:07] <DonVitoCorleone> Kviz? [20:52:16] <God_of_Blood> kiviz jebo ga ti
2014-01-16T08:03:19  *** protector sets mode: +qo eRepublikBot eRepublikBot
2014-01-16T08:12:04  *** eRepublikBot <eRepublikBot!~KraljevaG@FDFDB705.BFECDD3B.214689AC.IP> has joined #ACCMS_REQUEST
2014-01-16T08:12:05  <protector> [eRepublikBot] [20:51:29] <God_of_Blood> da li ima tvoh bot komande za ona pitanja [20:51:39] <DonVitoCorleone> Koja pitanja? o-O[20:51:54] <God_of_Blood> a ona sranja kakos e zove [20:52:07] <DonVitoCorleone> Kviz? [20:52:16] <God_of_Blood> kiviz jebo ga ti
2014-01-16T08:12:05  *** protector sets mode: +qo eRepublikBot eRepublikBot
2014-01-16T09:42:45  *** eRepublikBot <eRepublikBot!~KraljevaG@FDFDB705.BFECDD3B.214689AC.IP> has joined #ACCMS_REQUEST
2014-01-16T09:42:45  <protector> [eRepublikBot] [20:51:29] <God_of_Blood> da li ima tvoh bot komande za ona pitanja [20:51:39] <DonVitoCorleone> Koja pitanja? o-O[20:51:54] <God_of_Blood> a ona sranja kakos e zove [20:52:07] <DonVitoCorleone> Kviz? [20:52:16] <God_of_Blood> kiviz jebo ga ti
2014-01-16T09:42:45  *** protector sets mode: +qo eRepublikBot eRepublikBot
2014-01-16T10:25:00  <KG-Bot> Announcement from my owner (DonVitoCorleone): New eRepublik command, +fmo, don't use it too much because it takes much CPU from server. IF you find any bug please notify my owner ### DonVitoCorleone ### about it.
2014-01-16T12:02:03  *** eRepublikBot <eRepublikBot!~KraljevaG@FDFDB705.BFECDD3B.214689AC.IP> has joined #ACCMS_REQUEST
2014-01-16T12:02:03  <protector> [eRepublikBot] [20:51:29] <God_of_Blood> da li ima tvoh bot komande za ona pitanja [20:51:39] <DonVitoCorleone> Koja pitanja? o-O[20:51:54] <God_of_Blood> a ona sranja kakos e zove [20:52:07] <DonVitoCorleone> Kviz? [20:52:16] <God_of_Blood> kiviz jebo ga ti
2014-01-16T12:02:03  *** protector sets mode: +qo eRepublikBot eRepublikBot
2014-01-16T12:43:51  *** eRepublikBot <eRepublikBot!~KraljevaG@FDFDB705.BFECDD3B.214689AC.IP> has joined #ACCMS_REQUEST
2014-01-16T12:43:51  <protector> [eRepublikBot] [20:51:29] <God_of_Blood> da li ima tvoh bot komande za ona pitanja [20:51:39] <DonVitoCorleone> Koja pitanja? o-O[20:51:54] <God_of_Blood> a ona sranja kakos e zove [20:52:07] <DonVitoCorleone> Kviz? [20:52:16] <God_of_Blood> kiviz jebo ga ti
2014-01-16T12:43:51  *** protector sets mode: +qo eRepublikBot eRepublikBot
2014-01-16T13:54:40  <KG-Bot> Announcement from my owner (DonVitoCorleone): New eRepublik command, +fjo, don't use it too much because it takes much CPU from server. IF you find any bug please notify my owner ### DonVitoCorleone ### about it.
2014-01-16T23:53:39  *** eRepublikBot` <eRepublikBot`!~KraljevaG@FDFDB705.BFECDD3B.214689AC.IP> has joined #ACCMS_REQUEST
2014-01-16T23:53:40  *** eRepublikBot <eRepublikBot!~KraljevaG@FDFDB705.BFECDD3B.214689AC.IP> has quit IRC (Killed (NickServ (GHOST command used by eRepublikBot`)))
2014-01-16T23:53:40  *** eRepublikBot` is now known as eRepublikBot
2014-01-16T23:53:41  *** protector sets mode: +qo eRepublikBot eRepublikBot
2014-01-17T15:51:47  *** KG-Bot <KG-Bot!~KG@Kraljeva.Garda.official.bot> has quit IRC (Quit: Making changes)
2014-01-17T15:54:00  *** KG-Bot <KG-Bot!~KG@Kraljeva.Garda.official.bot> has joined #ACCMS_REQUEST
2014-01-17T15:54:00  <protector> [KG-Bot] [20:51:29] <God_of_Blood> da li ima tvoh bot komande za ona pitanja [20:51:39] <DonVitoCorleone> Koja pitanja? o-O[20:51:54] <God_of_Blood> a ona sranja kakos e zove [20:52:07] <DonVitoCorleone> Kviz? [20:52:16] <God_of_Blood> kiviz jebo ga ti
2014-01-17T15:54:00  *** protector sets mode: +qo KG-Bot KG-Bot
2014-01-17T20:55:20  *** gologuziANDbeba <gologuziANDbeba!gologuziAN@Rizon-8BDD3228.rizonbnc.eu.rizon.net> has quit IRC (*.net *.split)
2014-01-17T21:02:54  *** gologuziANDbeba <gologuziANDbeba!gologuziAN@Rizon-8BDD3228.rizonbnc.eu.rizon.net> has joined #ACCMS_REQUEST
2014-01-17T21:02:54  *** irc.x2x.cc sets mode: +ao gologuziANDbeba gologuziANDbeba
2014-01-20T17:31:05  *** eRepublikBot <eRepublikBot!~KraljevaG@FDFDB705.BFECDD3B.214689AC.IP> has joined #ACCMS_REQUEST
2014-01-20T17:31:06  <protector> [eRepublikBot] [20:51:29] <God_of_Blood> da li ima tvoh bot komande za ona pitanja [20:51:39] <DonVitoCorleone> Koja pitanja? o-O[20:51:54] <God_of_Blood> a ona sranja kakos e zove [20:52:07] <DonVitoCorleone> Kviz? [20:52:16] <God_of_Blood> kiviz jebo ga ti
2014-01-20T17:31:06  *** protector sets mode: +qo eRepublikBot eRepublikBot
2014-01-20T17:43:36  *** eRepublikBot <eRepublikBot!~KraljevaG@FDFDB705.BFECDD3B.214689AC.IP> has joined #ACCMS_REQUEST
2014-01-20T17:43:37  <protector> [eRepublikBot] [20:51:29] <God_of_Blood> da li ima tvoh bot komande za ona pitanja [20:51:39] <DonVitoCorleone> Koja pitanja? o-O[20:51:54] <God_of_Blood> a ona sranja kakos e zove [20:52:07] <DonVitoCorleone> Kviz? [20:52:16] <God_of_Blood> kiviz jebo ga ti
2014-01-20T17:43:37  *** protector sets mode: +qo eRepublikBot eRepublikBot
2014-01-22T01:47:12  *** eRepublikBot` <eRepublikBot`!~KraljevaG@FDFDB705.BFECDD3B.214689AC.IP> has joined #ACCMS_REQUEST
2014-01-22T01:47:12  *** eRepublikBot <eRepublikBot!~KraljevaG@FDFDB705.BFECDD3B.214689AC.IP> has quit IRC (Killed (NickServ (GHOST command used by eRepublikBot`)))
2014-01-22T01:47:13  *** eRepublikBot` is now known as eRepublikBot
2014-01-22T01:47:17  *** protector sets mode: +qo eRepublikBot eRepublikBot
2014-01-22T15:14:56  *** DonVitoCorleone <DonVitoCorleone!~KG@Drzi.Prijatelje.BlizuA.Neprijatelje.Jos.Blize> has quit IRC (Killed (irc.shakeababy.net (4 joins/parts in #cor within 9 seconds.)))
2014-01-22T15:15:11  *** DonVitoCorleone <DonVitoCorleone!~KG@Drzi.Prijatelje.BlizuA.Neprijatelje.Jos.Blize> has joined #ACCMS_REQUEST
2014-01-22T15:15:11  <protector> [DonVitoCorleone] [20:51:29] <God_of_Blood> da li ima tvoh bot komande za ona pitanja [20:51:39] <DonVitoCorleone> Koja pitanja? o-O[20:51:54] <God_of_Blood> a ona sranja kakos e zove [20:52:07] <DonVitoCorleone> Kviz? [20:52:16] <God_of_Blood> kiviz jebo ga ti
2014-01-22T15:15:11  *** protector sets mode: +qo DonVitoCorleone DonVitoCorleone
2014-01-23T09:32:48  *** eRepublikBot <eRepublikBot!~KraljevaG@FDFDB705.BFECDD3B.214689AC.IP> has joined #ACCMS_REQUEST
2014-01-23T09:32:48  <protector> [eRepublikBot] [20:51:29] <God_of_Blood> da li ima tvoh bot komande za ona pitanja [20:51:39] <DonVitoCorleone> Koja pitanja? o-O[20:51:54] <God_of_Blood> a ona sranja kakos e zove [20:52:07] <DonVitoCorleone> Kviz? [20:52:16] <God_of_Blood> kiviz jebo ga ti
2014-01-23T09:32:48  *** protector sets mode: +qo eRepublikBot eRepublikBot
2014-01-24T16:46:20  *** eRepublikBot <eRepublikBot!~KraljevaG@FDFDB705.BFECDD3B.214689AC.IP> has joined #ACCMS_REQUEST
2014-01-24T16:46:21  <protector> [eRepublikBot] [20:51:29] <God_of_Blood> da li ima tvoh bot komande za ona pitanja [20:51:39] <DonVitoCorleone> Koja pitanja? o-O[20:51:54] <God_of_Blood> a ona sranja kakos e zove [20:52:07] <DonVitoCorleone> Kviz? [20:52:16] <God_of_Blood> kiviz jebo ga ti
2014-01-24T16:46:21  *** protector sets mode: +qo eRepublikBot eRepublikBot
2014-01-24T17:02:27  *** gologuziANDbeba <gologuziANDbeba!gologuziAN@Rizon-8BDD3228.rizonbnc.eu.rizon.net> has joined #ACCMS_REQUEST
2014-01-24T17:02:27  *** irc.rizon.no sets mode: +ao gologuziANDbeba gologuziANDbeba
2014-01-24T17:09:08  *** gologuziANDbeba <gologuziANDbeba!gologuziAN@Rizon-8BDD3228.rizonbnc.eu.rizon.net> has quit IRC (*.net *.split)
2014-01-24T18:19:27  *** gologuziANDbeba <gologuziANDbeba!gologuziAN@Rizon-8BDD3228.rizonbnc.eu.rizon.net> has joined #ACCMS_REQUEST
2014-01-24T18:19:27  *** irc.rizon.no sets mode: +ao gologuziANDbeba gologuziANDbeba
2014-01-26T13:09:08  *** eRepublikBot <eRepublikBot!~KraljevaG@FDFDB705.BFECDD3B.214689AC.IP> has joined #ACCMS_REQUEST
2014-01-26T13:09:09  <protector> [eRepublikBot] [20:51:29] <God_of_Blood> da li ima tvoh bot komande za ona pitanja [20:51:39] <DonVitoCorleone> Koja pitanja? o-O[20:51:54] <God_of_Blood> a ona sranja kakos e zove [20:52:07] <DonVitoCorleone> Kviz? [20:52:16] <God_of_Blood> kiviz jebo ga ti
2014-01-26T13:09:09  *** protector sets mode: +qo eRepublikBot eRepublikBot
2014-01-30T01:24:18  *** eRepublikBot <eRepublikBot!~KraljevaG@FDFDB705.BFECDD3B.214689AC.IP> has joined #ACCMS_REQUEST
2014-01-30T01:24:19  <protector> [eRepublikBot] [20:51:29] <God_of_Blood> da li ima tvoh bot komande za ona pitanja [20:51:39] <DonVitoCorleone> Koja pitanja? o-O[20:51:54] <God_of_Blood> a ona sranja kakos e zove [20:52:07] <DonVitoCorleone> Kviz? [20:52:16] <God_of_Blood> kiviz jebo ga ti
2014-01-30T01:24:19  *** protector sets mode: +qo eRepublikBot eRepublikBot
2014-01-30T10:23:13  *** eRepublikBot <eRepublikBot!~KraljevaG@FDFDB705.BFECDD3B.214689AC.IP> has joined #ACCMS_REQUEST
2014-01-30T10:23:14  <protector> [eRepublikBot] [20:51:29] <God_of_Blood> da li ima tvoh bot komande za ona pitanja [20:51:39] <DonVitoCorleone> Koja pitanja? o-O[20:51:54] <God_of_Blood> a ona sranja kakos e zove [20:52:07] <DonVitoCorleone> Kviz? [20:52:16] <God_of_Blood> kiviz jebo ga ti
2014-01-30T10:23:14  *** protector sets mode: +qo eRepublikBot eRepublikBot
2014-01-30T21:19:27  <KG-Bot> Announcement from my owner (DonVitoCorleone): New changes are made to eRepublik plugin, linked profiles will be deleted, please link your eRepublik name with your IRC nick again if you want, command is +linkid CITIZEN-ID
2014-02-01T15:32:45  *** gologuziANDbeba is now known as GARDA|||Gologuzan
2014-02-01T16:28:51  *** GARDA|||Gologuzan is now known as gologuziANDbeba
2014-02-03T16:29:28  *** KG-Bot <KG-Bot!~KG@Kraljeva.Garda.official.bot> has quit IRC (Killed (irc.uworld.se (4 joins/parts in #ir.primera within 6 seconds.)))
2014-02-03T16:29:31  *** KG-Bot <KG-Bot!~KG@Kraljeva.Garda.official.bot> has joined #ACCMS_REQUEST
2014-02-03T16:29:32  <protector> [KG-Bot] [20:51:29] <God_of_Blood> da li ima tvoh bot komande za ona pitanja [20:51:39] <DonVitoCorleone> Koja pitanja? o-O[20:51:54] <God_of_Blood> a ona sranja kakos e zove [20:52:07] <DonVitoCorleone> Kviz? [20:52:16] <God_of_Blood> kiviz jebo ga ti
2014-02-03T16:29:32  *** protector sets mode: +qo KG-Bot KG-Bot
2014-02-05T12:59:40  *** eRepublikBot <eRepublikBot!~KraljevaG@FDFDB705.BFECDD3B.214689AC.IP> has joined #ACCMS_REQUEST
2014-02-05T12:59:40  <protector> [eRepublikBot] [20:51:29] <God_of_Blood> da li ima tvoh bot komande za ona pitanja [20:51:39] <DonVitoCorleone> Koja pitanja? o-O[20:51:54] <God_of_Blood> a ona sranja kakos e zove [20:52:07] <DonVitoCorleone> Kviz? [20:52:16] <God_of_Blood> kiviz jebo ga ti
2014-02-05T12:59:40  *** protector sets mode: +qo eRepublikBot eRepublikBot
2014-02-05T23:14:19  <KG-Bot> Announcement from my owner (DonVitoCorleone): I had to remove ERep linked profiles database, and guess what, I forgot to make backup. I'm sorry!!!
2014-02-06T02:14:28  *** eRepublikBot <eRepublikBot!~KraljevaG@FDFDB705.BFECDD3B.214689AC.IP> has joined #ACCMS_REQUEST
2014-02-06T02:14:29  <protector> [eRepublikBot] [20:51:29] <God_of_Blood> da li ima tvoh bot komande za ona pitanja [20:51:39] <DonVitoCorleone> Koja pitanja? o-O[20:51:54] <God_of_Blood> a ona sranja kakos e zove [20:52:07] <DonVitoCorleone> Kviz? [20:52:16] <God_of_Blood> kiviz jebo ga ti
2014-02-06T02:14:29  *** protector sets mode: +qo eRepublikBot eRepublikBot
2014-02-06T20:31:06  *** eRepublikBot <eRepublikBot!~KraljevaG@FDFDB705.BFECDD3B.214689AC.IP> has joined #ACCMS_REQUEST
2014-02-06T20:31:06  <protector> [eRepublikBot] [20:51:29] <God_of_Blood> da li ima tvoh bot komande za ona pitanja [20:51:39] <DonVitoCorleone> Koja pitanja? o-O[20:51:54] <God_of_Blood> a ona sranja kakos e zove [20:52:07] <DonVitoCorleone> Kviz? [20:52:16] <God_of_Blood> kiviz jebo ga ti
2014-02-06T20:31:06  *** protector sets mode: +qo eRepublikBot eRepublikBot
2014-02-06T20:35:35  *** eRepublikBot <eRepublikBot!~KraljevaG@FDFDB705.BFECDD3B.214689AC.IP> has joined #ACCMS_REQUEST
2014-02-06T20:35:36  <protector> [eRepublikBot] [20:51:29] <God_of_Blood> da li ima tvoh bot komande za ona pitanja [20:51:39] <DonVitoCorleone> Koja pitanja? o-O[20:51:54] <God_of_Blood> a ona sranja kakos e zove [20:52:07] <DonVitoCorleone> Kviz? [20:52:16] <God_of_Blood> kiviz jebo ga ti
2014-02-06T20:35:36  *** protector sets mode: +qo eRepublikBot eRepublikBot
2014-02-06T22:04:21  *** KG-Bot <KG-Bot!~KG@Kraljeva.Garda.official.bot> has quit IRC (Quit: Making changes)
2014-02-06T22:05:06  *** KG-Bot <KG-Bot!~KG@Kraljeva.Garda.official.bot> has joined #ACCMS_REQUEST
2014-02-06T22:05:07  <protector> [KG-Bot] [20:51:29] <God_of_Blood> da li ima tvoh bot komande za ona pitanja [20:51:39] <DonVitoCorleone> Koja pitanja? o-O[20:51:54] <God_of_Blood> a ona sranja kakos e zove [20:52:07] <DonVitoCorleone> Kviz? [20:52:16] <God_of_Blood> kiviz jebo ga ti
2014-02-06T22:05:07  *** protector sets mode: +qo KG-Bot KG-Bot
2014-02-07T01:23:04  *** eRepublikBot <eRepublikBot!~KraljevaG@FDFDB705.BFECDD3B.214689AC.IP> has joined #ACCMS_REQUEST
2014-02-07T01:23:04  <protector> [eRepublikBot] [20:51:29] <God_of_Blood> da li ima tvoh bot komande za ona pitanja [20:51:39] <DonVitoCorleone> Koja pitanja? o-O[20:51:54] <God_of_Blood> a ona sranja kakos e zove [20:52:07] <DonVitoCorleone> Kviz? [20:52:16] <God_of_Blood> kiviz jebo ga ti
2014-02-07T01:23:04  *** protector sets mode: +qo eRepublikBot eRepublikBot
2014-02-07T12:40:21  *** eRepublikBot` <eRepublikBot`!~KraljevaG@Rizon-430B911A.e-code.in> has joined #ACCMS_REQUEST
2014-02-07T12:40:24  *** eRepublikBot` <eRepublikBot`!~KraljevaG@FDFDB705.BFECDD3B.214689AC.IP> has joined #ACCMS_REQUEST
2014-02-07T12:40:24  *** eRepublikBot <eRepublikBot!~KraljevaG@Rizon-430B911A.e-code.in> has quit IRC (Killed (NickServ (GHOST command used by eRepublikBot`)))
2014-02-07T12:40:25  *** eRepublikBot` is now known as eRepublikBot
2014-02-07T12:40:25  *** protector sets mode: +qo eRepublikBot eRepublikBot
2014-02-07T13:58:31  *** KG-Bot <KG-Bot!~KG@Kraljeva.Garda.official.bot> has quit IRC (Quit: Making changes)
2014-02-07T20:06:36  *** KG-Bot <KG-Bot!~KG@Kraljeva.Garda.official.bot> has joined #ACCMS_REQUEST
2014-02-07T20:06:36  <protector> [KG-Bot] [20:51:29] <God_of_Blood> da li ima tvoh bot komande za ona pitanja [20:51:39] <DonVitoCorleone> Koja pitanja? o-O[20:51:54] <God_of_Blood> a ona sranja kakos e zove [20:52:07] <DonVitoCorleone> Kviz? [20:52:16] <God_of_Blood> kiviz jebo ga ti
2014-02-07T20:06:36  *** protector sets mode: +qo KG-Bot KG-Bot
2014-02-07T20:17:19  *** KG-Bot <KG-Bot!~KG@Kraljeva.Garda.official.bot> has quit IRC (Quit: Making changes)
2014-02-07T20:17:31  *** KG-Bot <KG-Bot!~KG@Kraljeva.Garda.official.bot> has joined #ACCMS_REQUEST
2014-02-07T20:17:31  <protector> [KG-Bot] [20:51:29] <God_of_Blood> da li ima tvoh bot komande za ona pitanja [20:51:39] <DonVitoCorleone> Koja pitanja? o-O[20:51:54] <God_of_Blood> a ona sranja kakos e zove [20:52:07] <DonVitoCorleone> Kviz? [20:52:16] <God_of_Blood> kiviz jebo ga ti
2014-02-07T20:17:31  *** protector sets mode: +qo KG-Bot KG-Bot
2014-02-07T23:33:54  *** KG-Bot <KG-Bot!~KG@Kraljeva.Garda.official.bot> has quit IRC (Quit: Making changes)
2014-02-08T00:27:23  *** KG-Bot <KG-Bot!~KG@Kraljeva.Garda.official.bot> has joined #ACCMS_REQUEST
2014-02-08T00:27:23  <protector> [KG-Bot] [20:51:29] <God_of_Blood> da li ima tvoh bot komande za ona pitanja [20:51:39] <DonVitoCorleone> Koja pitanja? o-O[20:51:54] <God_of_Blood> a ona sranja kakos e zove [20:52:07] <DonVitoCorleone> Kviz? [20:52:16] <God_of_Blood> kiviz jebo ga ti
2014-02-08T00:27:23  *** protector sets mode: +qo KG-Bot KG-Bot
2014-02-08T00:42:45  *** KG-Bot <KG-Bot!~KG@Kraljeva.Garda.official.bot> has quit IRC (Quit: Making changes)
2014-02-08T00:48:08  *** KG-Bot <KG-Bot!~KG@Kraljeva.Garda.official.bot> has joined #ACCMS_REQUEST
2014-02-08T00:48:09  <protector> [KG-Bot] [20:51:29] <God_of_Blood> da li ima tvoh bot komande za ona pitanja [20:51:39] <DonVitoCorleone> Koja pitanja? o-O[20:51:54] <God_of_Blood> a ona sranja kakos e zove [20:52:07] <DonVitoCorleone> Kviz? [20:52:16] <God_of_Blood> kiviz jebo ga ti
2014-02-08T00:48:09  *** protector sets mode: +qo KG-Bot KG-Bot
2014-02-08T01:25:45  *** eRepublikBot` <eRepublikBot`!~KraljevaG@FDFDB705.BFECDD3B.214689AC.IP> has joined #ACCMS_REQUEST
2014-02-08T01:25:48  *** eRepublikBot` <eRepublikBot`!~KraljevaG@FDFDB705.BFECDD3B.214689AC.IP> has joined #ACCMS_REQUEST
2014-02-08T01:25:49  *** eRepublikBot <eRepublikBot!~KraljevaG@FDFDB705.BFECDD3B.214689AC.IP> has quit IRC (Killed (NickServ (GHOST command used by eRepublikBot`)))
2014-02-08T01:25:49  *** eRepublikBot` is now known as eRepublikBot
2014-02-08T01:25:50  *** protector sets mode: +qo eRepublikBot eRepublikBot
2014-02-08T01:25:53  *** eRepublikBot` <eRepublikBot`!~KraljevaG@FDFDB705.BFECDD3B.214689AC.IP> has joined #ACCMS_REQUEST
2014-02-08T01:27:37  *** eRepublikBot` <eRepublikBot`!~KraljevaG@FDFDB705.BFECDD3B.214689AC.IP> has quit IRC ()
2014-02-08T01:28:04  *** xbot` <xbot`!~KraljevaG@FDFDB705.BFECDD3B.214689AC.IP> has joined #ACCMS_REQUEST
2014-02-08T01:35:47  *** KG-Bot <KG-Bot!~KG@Kraljeva.Garda.official.bot> has quit IRC (Quit: Making changes)
2014-02-08T02:18:00  *** KG-Bot <KG-Bot!~KG@Kraljeva.Garda.official.bot> has joined #ACCMS_REQUEST
2014-02-08T02:18:01  <protector> [KG-Bot] [20:51:29] <God_of_Blood> da li ima tvoh bot komande za ona pitanja [20:51:39] <DonVitoCorleone> Koja pitanja? o-O[20:51:54] <God_of_Blood> a ona sranja kakos e zove [20:52:07] <DonVitoCorleone> Kviz? [20:52:16] <God_of_Blood> kiviz jebo ga ti
2014-02-08T02:18:01  *** protector sets mode: +qo KG-Bot KG-Bot
2014-02-08T02:21:05  *** KG-Bot <KG-Bot!~KG@Kraljeva.Garda.official.bot> has quit IRC ()
2014-02-08T02:30:25  *** KG-Bot <KG-Bot!~KG@Kraljeva.Garda.official.bot> has joined #ACCMS_REQUEST
2014-02-08T02:30:26  <protector> [KG-Bot] [20:51:29] <God_of_Blood> da li ima tvoh bot komande za ona pitanja [20:51:39] <DonVitoCorleone> Koja pitanja? o-O[20:51:54] <God_of_Blood> a ona sranja kakos e zove [20:52:07] <DonVitoCorleone> Kviz? [20:52:16] <God_of_Blood> kiviz jebo ga ti
2014-02-08T02:30:26  *** protector sets mode: +qo KG-Bot KG-Bot
2014-02-08T02:35:25  *** KG-Bot <KG-Bot!~KG@Kraljeva.Garda.official.bot> has quit IRC ()
2014-02-08T02:36:34  *** KG-Bot <KG-Bot!~KG@Kraljeva.Garda.official.bot> has joined #ACCMS_REQUEST
2014-02-08T02:36:34  <protector> [KG-Bot] [20:51:29] <God_of_Blood> da li ima tvoh bot komande za ona pitanja [20:51:39] <DonVitoCorleone> Koja pitanja? o-O[20:51:54] <God_of_Blood> a ona sranja kakos e zove [20:52:07] <DonVitoCorleone> Kviz? [20:52:16] <God_of_Blood> kiviz jebo ga ti
2014-02-08T02:36:34  *** protector sets mode: +qo KG-Bot KG-Bot
2014-02-08T03:11:36  *** KG-Bot <KG-Bot!~KG@Kraljeva.Garda.official.bot> has quit IRC (Read error: Connection reset by peer)
2014-02-08T03:12:08  *** KG-Bot <KG-Bot!~KG@Kraljeva.Garda.official.bot> has joined #ACCMS_REQUEST
2014-02-08T03:12:09  <protector> [KG-Bot] [20:51:29] <God_of_Blood> da li ima tvoh bot komande za ona pitanja [20:51:39] <DonVitoCorleone> Koja pitanja? o-O[20:51:54] <God_of_Blood> a ona sranja kakos e zove [20:52:07] <DonVitoCorleone> Kviz? [20:52:16] <God_of_Blood> kiviz jebo ga ti
2014-02-08T03:12:09  *** protector sets mode: +qo KG-Bot KG-Bot
2014-02-08T05:34:36  *** KG-Bot <KG-Bot!~KG@Kraljeva.Garda.official.bot> has quit IRC (Quit: Making changes)
2014-02-08T05:35:15  *** KG-Bot <KG-Bot!~KG@Kraljeva.Garda.official.bot> has joined #ACCMS_REQUEST
2014-02-08T05:35:15  <protector> [KG-Bot] [20:51:29] <God_of_Blood> da li ima tvoh bot komande za ona pitanja [20:51:39] <DonVitoCorleone> Koja pitanja? o-O[20:51:54] <God_of_Blood> a ona sranja kakos e zove [20:52:07] <DonVitoCorleone> Kviz? [20:52:16] <God_of_Blood> kiviz jebo ga ti
2014-02-08T05:35:15  *** protector sets mode: +qo KG-Bot KG-Bot
2014-02-08T05:49:54  *** KG-Bot <KG-Bot!~KG@Kraljeva.Garda.official.bot> has quit IRC (Quit: Making changes)
2014-02-08T05:50:41  *** KG-Bot <KG-Bot!~KG@Rizon-DD5219AC.server4you.net> has joined #ACCMS_REQUEST
2014-02-08T05:50:41  <protector> [KG-Bot] [20:51:29] <God_of_Blood> da li ima tvoh bot komande za ona pitanja [20:51:39] <DonVitoCorleone> Koja pitanja? o-O[20:51:54] <God_of_Blood> a ona sranja kakos e zove [20:52:07] <DonVitoCorleone> Kviz? [20:52:16] <God_of_Blood> kiviz jebo ga ti
2014-02-08T05:50:41  *** protector sets mode: +qo KG-Bot KG-Bot
2014-02-08T06:10:46  *** KG-Bot <KG-Bot!~KG@Kraljeva.Garda.official.bot> has quit IRC (Quit: Making changes)
2014-02-08T06:11:02  *** KG-Bot <KG-Bot!~KG@Kraljeva.Garda.official.bot> has joined #ACCMS_REQUEST
2014-02-08T06:11:02  <protector> [KG-Bot] [20:51:29] <God_of_Blood> da li ima tvoh bot komande za ona pitanja [20:51:39] <DonVitoCorleone> Koja pitanja? o-O[20:51:54] <God_of_Blood> a ona sranja kakos e zove [20:52:07] <DonVitoCorleone> Kviz? [20:52:16] <God_of_Blood> kiviz jebo ga ti
2014-02-08T06:11:02  *** protector sets mode: +qo KG-Bot KG-Bot
2014-02-08T15:05:16  *** xbot` <xbot`!~KraljevaG@FDFDB705.BFECDD3B.214689AC.IP> has quit IRC (Quit: Making changes)
2014-02-08T21:09:55  *** eRepublikBot <eRepublikBot!~KraljevaG@FDFDB705.BFECDD3B.214689AC.IP> has joined #ACCMS_REQUEST
2014-02-08T21:09:55  <protector> [eRepublikBot] [20:51:29] <God_of_Blood> da li ima tvoh bot komande za ona pitanja [20:51:39] <DonVitoCorleone> Koja pitanja? o-O[20:51:54] <God_of_Blood> a ona sranja kakos e zove [20:52:07] <DonVitoCorleone> Kviz? [20:52:16] <God_of_Blood> kiviz jebo ga ti
2014-02-08T21:09:55  *** protector sets mode: +qo eRepublikBot eRepublikBot
2014-02-08T21:14:52  *** eRepublikBot <eRepublikBot!~KraljevaG@FDFDB705.BFECDD3B.214689AC.IP> has joined #ACCMS_REQUEST
2014-02-08T21:14:53  <protector> [eRepublikBot] [20:51:29] <God_of_Blood> da li ima tvoh bot komande za ona pitanja [20:51:39] <DonVitoCorleone> Koja pitanja? o-O[20:51:54] <God_of_Blood> a ona sranja kakos e zove [20:52:07] <DonVitoCorleone> Kviz? [20:52:16] <God_of_Blood> kiviz jebo ga ti
2014-02-08T21:14:53  *** protector sets mode: +qo eRepublikBot eRepublikBot
2014-02-08T21:19:15  *** eRepublikBot <eRepublikBot!~KraljevaG@FDFDB705.BFECDD3B.214689AC.IP> has joined #ACCMS_REQUEST
2014-02-08T21:19:16  <protector> [eRepublikBot] [20:51:29] <God_of_Blood> da li ima tvoh bot komande za ona pitanja [20:51:39] <DonVitoCorleone> Koja pitanja? o-O[20:51:54] <God_of_Blood> a ona sranja kakos e zove [20:52:07] <DonVitoCorleone> Kviz? [20:52:16] <God_of_Blood> kiviz jebo ga ti
2014-02-08T21:19:16  *** protector sets mode: +qo eRepublikBot eRepublikBot
2014-02-09T02:29:00  *** KG-Bot <KG-Bot!~KG@Kraljeva.Garda.official.bot> has quit IRC (Quit: Making changes)
2014-02-09T15:07:38  *** KG-Bot <KG-Bot!~KG@Rizon-DD5219AC.server4you.net> has joined #ACCMS_REQUEST
2014-02-09T15:07:38  <protector> [KG-Bot] [20:51:29] <God_of_Blood> da li ima tvoh bot komande za ona pitanja [20:51:39] <DonVitoCorleone> Koja pitanja? o-O[20:51:54] <God_of_Blood> a ona sranja kakos e zove [20:52:07] <DonVitoCorleone> Kviz? [20:52:16] <God_of_Blood> kiviz jebo ga ti
2014-02-09T15:07:38  *** protector sets mode: +qo KG-Bot KG-Bot
2014-02-09T15:22:50  <KG-Bot> Announcement from my owner (DonVitoCorleone): You can use command now, please, if you see some eroor messages on notice PLEASE notify my owner about them. Thank you very much for you patiente last night and today.
2014-02-09T15:39:26  *** KG-Bot <KG-Bot!~KG@Kraljeva.Garda.official.bot> has quit IRC (Quit: Making changes)
2014-02-09T15:40:17  *** KG-Bot <KG-Bot!~KG@Kraljeva.Garda.official.bot> has joined #ACCMS_REQUEST
2014-02-09T15:40:18  <protector> [KG-Bot] [20:51:29] <God_of_Blood> da li ima tvoh bot komande za ona pitanja [20:51:39] <DonVitoCorleone> Koja pitanja? o-O[20:51:54] <God_of_Blood> a ona sranja kakos e zove [20:52:07] <DonVitoCorleone> Kviz? [20:52:16] <God_of_Blood> kiviz jebo ga ti
2014-02-09T15:40:18  *** protector sets mode: +qo KG-Bot KG-Bot
2014-02-10T10:04:37  *** KG-Bot <KG-Bot!~KG@Kraljeva.Garda.official.bot> has quit IRC (Quit: Making changes)
2014-02-10T10:05:21  *** KG-Bot <KG-Bot!~KG@Kraljeva.Garda.official.bot> has joined #ACCMS_REQUEST
2014-02-10T10:05:22  <protector> [KG-Bot] [20:51:29] <God_of_Blood> da li ima tvoh bot komande za ona pitanja [20:51:39] <DonVitoCorleone> Koja pitanja? o-O[20:51:54] <God_of_Blood> a ona sranja kakos e zove [20:52:07] <DonVitoCorleone> Kviz? [20:52:16] <God_of_Blood> kiviz jebo ga ti
2014-02-10T10:05:22  *** protector sets mode: +qo KG-Bot KG-Bot
2014-02-10T10:22:57  *** KG-Bot <KG-Bot!~KG@Kraljeva.Garda.official.bot> has quit IRC (Quit: Making changes)
2014-02-10T10:23:20  *** KG-Bot <KG-Bot!~KG@Kraljeva.Garda.official.bot> has joined #ACCMS_REQUEST
2014-02-10T10:23:21  <protector> [KG-Bot] [20:51:29] <God_of_Blood> da li ima tvoh bot komande za ona pitanja [20:51:39] <DonVitoCorleone> Koja pitanja? o-O[20:51:54] <God_of_Blood> a ona sranja kakos e zove [20:52:07] <DonVitoCorleone> Kviz? [20:52:16] <God_of_Blood> kiviz jebo ga ti
2014-02-10T10:23:21  *** protector sets mode: +qo KG-Bot KG-Bot
2014-02-10T10:32:17  *** KG-Bot <KG-Bot!~KG@Kraljeva.Garda.official.bot> has quit IRC ()
2014-02-10T10:32:54  *** KG-Bot <KG-Bot!~KG@Kraljeva.Garda.official.bot> has joined #ACCMS_REQUEST
2014-02-10T10:32:55  <protector> [KG-Bot] [20:51:29] <God_of_Blood> da li ima tvoh bot komande za ona pitanja [20:51:39] <DonVitoCorleone> Koja pitanja? o-O[20:51:54] <God_of_Blood> a ona sranja kakos e zove [20:52:07] <DonVitoCorleone> Kviz? [20:52:16] <God_of_Blood> kiviz jebo ga ti
2014-02-10T10:32:55  *** protector sets mode: +qo KG-Bot KG-Bot
2014-02-10T10:49:11  *** KG-Bot <KG-Bot!~KG@Kraljeva.Garda.official.bot> has quit IRC (Remote host closed the connection)
2014-02-10T10:49:44  *** KG-Bot <KG-Bot!~KG@Kraljeva.Garda.official.bot> has joined #ACCMS_REQUEST
2014-02-10T10:49:44  <protector> [KG-Bot] [20:51:29] <God_of_Blood> da li ima tvoh bot komande za ona pitanja [20:51:39] <DonVitoCorleone> Koja pitanja? o-O[20:51:54] <God_of_Blood> a ona sranja kakos e zove [20:52:07] <DonVitoCorleone> Kviz? [20:52:16] <God_of_Blood> kiviz jebo ga ti
2014-02-10T10:49:44  *** protector sets mode: +qo KG-Bot KG-Bot
2014-02-10T11:50:17  *** KG-Bot <KG-Bot!~KG@Kraljeva.Garda.official.bot> has quit IRC (Remote host closed the connection)
2014-02-10T11:50:20  *** KG-Bot <KG-Bot!~KG@Kraljeva.Garda.official.bot> has joined #ACCMS_REQUEST
2014-02-10T11:50:20  <protector> [KG-Bot] [20:51:29] <God_of_Blood> da li ima tvoh bot komande za ona pitanja [20:51:39] <DonVitoCorleone> Koja pitanja? o-O[20:51:54] <God_of_Blood> a ona sranja kakos e zove [20:52:07] <DonVitoCorleone> Kviz? [20:52:16] <God_of_Blood> kiviz jebo ga ti
2014-02-10T11:50:20  *** protector sets mode: +qo KG-Bot KG-Bot
2014-02-10T16:49:46  *** KG-Bot <KG-Bot!~KG@Kraljeva.Garda.official.bot> has quit IRC (Remote host closed the connection)
2014-02-10T16:50:54  *** KG-Bot <KG-Bot!~KG@Kraljeva.Garda.official.bot> has joined #ACCMS_REQUEST
2014-02-10T16:50:55  <protector> [KG-Bot] [20:51:29] <God_of_Blood> da li ima tvoh bot komande za ona pitanja [20:51:39] <DonVitoCorleone> Koja pitanja? o-O[20:51:54] <God_of_Blood> a ona sranja kakos e zove [20:52:07] <DonVitoCorleone> Kviz? [20:52:16] <God_of_Blood> kiviz jebo ga ti
2014-02-10T16:50:55  *** protector sets mode: +qo KG-Bot KG-Bot
2014-02-10T19:17:41  *** KG-Bot <KG-Bot!~KG@Kraljeva.Garda.official.bot> has quit IRC (Remote host closed the connection)
2014-02-10T19:30:43  *** KG-Bot <KG-Bot!~KG@Kraljeva.Garda.official.bot> has joined #ACCMS_REQUEST
2014-02-10T19:30:43  <protector> [KG-Bot] [20:51:29] <God_of_Blood> da li ima tvoh bot komande za ona pitanja [20:51:39] <DonVitoCorleone> Koja pitanja? o-O[20:51:54] <God_of_Blood> a ona sranja kakos e zove [20:52:07] <DonVitoCorleone> Kviz? [20:52:16] <God_of_Blood> kiviz jebo ga ti
2014-02-10T19:30:43  *** protector sets mode: +qo KG-Bot KG-Bot
2014-02-10T19:37:29  *** KG-Bot <KG-Bot!~KG@Kraljeva.Garda.official.bot> has quit IRC ()
2014-02-10T19:39:18  *** KG-Bot <KG-Bot!~KG@Kraljeva.Garda.official.bot> has joined #ACCMS_REQUEST
2014-02-10T19:39:18  <protector> [KG-Bot] [20:51:29] <God_of_Blood> da li ima tvoh bot komande za ona pitanja [20:51:39] <DonVitoCorleone> Koja pitanja? o-O[20:51:54] <God_of_Blood> a ona sranja kakos e zove [20:52:07] <DonVitoCorleone> Kviz? [20:52:16] <God_of_Blood> kiviz jebo ga ti
2014-02-10T19:39:18  *** protector sets mode: +qo KG-Bot KG-Bot
2014-02-10T19:44:09  *** KG-Bot <KG-Bot!~KG@Kraljeva.Garda.official.bot> has quit IRC ()
2014-02-10T19:46:42  *** KG-Bot <KG-Bot!~KG@Kraljeva.Garda.official.bot> has joined #ACCMS_REQUEST
2014-02-10T19:46:42  <protector> [KG-Bot] [20:51:29] <God_of_Blood> da li ima tvoh bot komande za ona pitanja [20:51:39] <DonVitoCorleone> Koja pitanja? o-O[20:51:54] <God_of_Blood> a ona sranja kakos e zove [20:52:07] <DonVitoCorleone> Kviz? [20:52:16] <God_of_Blood> kiviz jebo ga ti
2014-02-10T19:46:42  *** protector sets mode: +qo KG-Bot KG-Bot
2014-02-11T04:46:42  *** eRepublikBot <eRepublikBot!~KraljevaG@FDFDB705.BFECDD3B.214689AC.IP> has joined #ACCMS_REQUEST
2014-02-11T04:46:43  <protector> [eRepublikBot] [20:51:29] <God_of_Blood> da li ima tvoh bot komande za ona pitanja [20:51:39] <DonVitoCorleone> Koja pitanja? o-O[20:51:54] <God_of_Blood> a ona sranja kakos e zove [20:52:07] <DonVitoCorleone> Kviz? [20:52:16] <God_of_Blood> kiviz jebo ga ti
2014-02-11T04:46:43  *** protector sets mode: +qo eRepublikBot eRepublikBot
2014-02-11T04:57:00  *** eRepublikBot <eRepublikBot!~KraljevaG@FDFDB705.BFECDD3B.214689AC.IP> has joined #ACCMS_REQUEST
2014-02-11T04:57:01  <protector> [eRepublikBot] [20:51:29] <God_of_Blood> da li ima tvoh bot komande za ona pitanja [20:51:39] <DonVitoCorleone> Koja pitanja? o-O[20:51:54] <God_of_Blood> a ona sranja kakos e zove [20:52:07] <DonVitoCorleone> Kviz? [20:52:16] <God_of_Blood> kiviz jebo ga ti
2014-02-11T04:57:01  *** protector sets mode: +qo eRepublikBot eRepublikBot
2014-02-11T05:04:27  *** eRepublikBot` <eRepublikBot`!~KraljevaG@FDFDB705.BFECDD3B.214689AC.IP> has joined #ACCMS_REQUEST
2014-02-11T05:04:42  *** eRepublikBot` is now known as eRepublikBot
2014-02-11T05:04:51  *** protector sets mode: +qo eRepublikBot eRepublikBot
2014-02-11T05:12:39  *** eRepublikBot <eRepublikBot!~KraljevaG@FDFDB705.BFECDD3B.214689AC.IP> has joined #ACCMS_REQUEST
2014-02-11T05:12:39  <protector> [eRepublikBot] [20:51:29] <God_of_Blood> da li ima tvoh bot komande za ona pitanja [20:51:39] <DonVitoCorleone> Koja pitanja? o-O[20:51:54] <God_of_Blood> a ona sranja kakos e zove [20:52:07] <DonVitoCorleone> Kviz? [20:52:16] <God_of_Blood> kiviz jebo ga ti
2014-02-11T05:12:39  *** protector sets mode: +qo eRepublikBot eRepublikBot
2014-02-11T05:19:07  *** eRepublikBot <eRepublikBot!~KraljevaG@FDFDB705.BFECDD3B.214689AC.IP> has joined #ACCMS_REQUEST
2014-02-11T05:19:09  <protector> [eRepublikBot] [20:51:29] <God_of_Blood> da li ima tvoh bot komande za ona pitanja [20:51:39] <DonVitoCorleone> Koja pitanja? o-O[20:51:54] <God_of_Blood> a ona sranja kakos e zove [20:52:07] <DonVitoCorleone> Kviz? [20:52:16] <God_of_Blood> kiviz jebo ga ti
2014-02-11T05:19:09  *** protector sets mode: +qo eRepublikBot eRepublikBot
2014-02-11T05:35:04  *** eRepublikBot <eRepublikBot!~KraljevaG@FDFDB705.BFECDD3B.214689AC.IP> has joined #ACCMS_REQUEST
2014-02-11T05:35:05  <protector> [eRepublikBot] [20:51:29] <God_of_Blood> da li ima tvoh bot komande za ona pitanja [20:51:39] <DonVitoCorleone> Koja pitanja? o-O[20:51:54] <God_of_Blood> a ona sranja kakos e zove [20:52:07] <DonVitoCorleone> Kviz? [20:52:16] <God_of_Blood> kiviz jebo ga ti
2014-02-11T05:35:05  *** protector sets mode: +qo eRepublikBot eRepublikBot
2014-02-11T05:58:50  *** eRepublikBot <eRepublikBot!~KraljevaG@FDFDB705.BFECDD3B.214689AC.IP> has joined #ACCMS_REQUEST
2014-02-11T05:58:51  <protector> [eRepublikBot] [20:51:29] <God_of_Blood> da li ima tvoh bot komande za ona pitanja [20:51:39] <DonVitoCorleone> Koja pitanja? o-O[20:51:54] <God_of_Blood> a ona sranja kakos e zove [20:52:07] <DonVitoCorleone> Kviz? [20:52:16] <God_of_Blood> kiviz jebo ga ti
2014-02-11T05:58:51  *** protector sets mode: +qo eRepublikBot eRepublikBot
2014-02-11T11:57:57  *** gologuziANDbeba <gologuziANDbeba!gologuziAN@Rizon-8BDD3228.rizonbnc.eu.rizon.net> has quit IRC (*.net *.split)
2014-02-11T11:57:57  *** KG-Bot <KG-Bot!~KG@Kraljeva.Garda.official.bot> has quit IRC (*.net *.split)
2014-02-11T11:57:57  *** protector <protector!protector@lovelyaniverse.tk> has quit IRC (*.net *.split)
2014-02-11T11:57:57  *** DonVitoCorleone <DonVitoCorleone!~KG@Drzi.Prijatelje.BlizuA.Neprijatelje.Jos.Blize> has quit IRC (*.net *.split)
2014-02-11T12:00:45  *** protector <protector!protector@lovelyaniverse.tk> has joined #ACCMS_REQUEST
2014-02-11T12:00:45  *** DonVitoCorleone <DonVitoCorleone!~KG@Drzi.Prijatelje.BlizuA.Neprijatelje.Jos.Blize> has joined #ACCMS_REQUEST
2014-02-11T12:00:45  *** irc.x2x.cc sets mode: +oqo protector DonVitoCorleone DonVitoCorleone
2014-02-11T12:05:18  *** KG-Bot <KG-Bot!~KG@Kraljeva.Garda.official.bot> has joined #ACCMS_REQUEST
2014-02-11T12:05:19  *** irc.x2x.cc sets mode: +qo KG-Bot KG-Bot
2014-02-11T12:07:33  *** gologuziANDbeba <gologuziANDbeba!gologuziAN@Rizon-8BDD3228.rizonbnc.eu.rizon.net> has joined #ACCMS_REQUEST
2014-02-11T12:07:33  *** irc.x2x.cc sets mode: +ao gologuziANDbeba gologuziANDbeba
2014-02-11T14:17:29  *** eRepublikBot <eRepublikBot!~KraljevaG@FDFDB705.BFECDD3B.214689AC.IP> has joined #ACCMS_REQUEST
2014-02-11T14:17:29  <protector> [eRepublikBot] [20:51:29] <God_of_Blood> da li ima tvoh bot komande za ona pitanja [20:51:39] <DonVitoCorleone> Koja pitanja? o-O[20:51:54] <God_of_Blood> a ona sranja kakos e zove [20:52:07] <DonVitoCorleone> Kviz? [20:52:16] <God_of_Blood> kiviz jebo ga ti
2014-02-11T14:17:29  *** protector sets mode: +qo eRepublikBot eRepublikBot
2014-02-13T01:45:00  *** eRepublikBot` <eRepublikBot`!~KraljevaG@FDFDB705.BFECDD3B.214689AC.IP> has joined #ACCMS_REQUEST
2014-02-13T01:45:00  *** eRepublikBot` is now known as eRepublikBot
2014-02-13T01:45:21  *** eRepublikBot is now known as Guest17409
2014-09-13T16:34:18  *** eRepublikBot <eRepublikBot!~KraljevaG@FDFDB705.BFECDD3B.214689AC.IP> has joined #ACCMS_REQUEST
