2013-08-28T04:49:05  *** KG-Bot <KG-Bot!~Kraljeva_@Kraljeva.Garda.official.bot> has joined #staffi
2013-08-28T12:00:18  *** KG-Bot <KG-Bot!~Kraljeva_@Kraljeva.Garda.official.bot> has joined #staffi
2013-08-28T14:07:39  *** KG-Bot <KG-Bot!~Kraljeva_@Kraljeva.Garda.official.bot> has joined #staffi
2013-08-28T17:15:47  *** Labern <Labern!Labern@Honestly.i.dont.give.a.fuck> has left #staffi
2013-08-28T17:16:37  *** NikuAlbania <NikuAlbania!cgiirc@EF18837D.26950919.E83F0718.IP> has joined #staffi
2013-08-28T17:16:44  *** NikuAlbania <NikuAlbania!cgiirc@EF18837D.26950919.E83F0718.IP> has left #staffi
2013-08-28T21:56:05  *** KG-Bot <KG-Bot!~Kraljeva_@Kraljeva.Garda.official.bot> has joined #staffi
2013-08-29T20:42:46  *** KG-Bot <KG-Bot!~KraljevaG@Kraljeva.Garda.official.bot> has joined #staffi
2013-08-29T20:44:28  *** KG-Bot <KG-Bot!~KraljevaG@Kraljeva.Garda.official.bot> has joined #staffi
2013-08-30T00:50:53  *** Labern <Labern!Labern@Honestly.i.dont.give.a.fuck> has joined #staffi
2013-08-30T00:50:53  <mi5> [Labern] http://tinyurl.com/HelloHaters - Remember this, when you say Labern!
2013-08-30T00:50:53  *** mi5 sets mode: +qo Labern Labern
2013-08-30T01:12:02  *** Labern <Labern!Labern@Honestly.i.dont.give.a.fuck> has left #staffi
2013-08-31T12:43:57  *** NikuAlbania <NikuAlbania!cgiirc@EF18837D.26950919.E83F0718.IP> has joined #staffi
2013-08-31T12:44:09  *** NikuAlbania <NikuAlbania!cgiirc@EF18837D.26950919.E83F0718.IP> has left #staffi
2013-08-31T18:54:42  *** Labern <Labern!Labern@Honestly.i.dont.give.a.fuck> has joined #staffi
2013-08-31T18:54:42  <mi5> [Labern] http://tinyurl.com/HelloHaters - Remember this, when you say Labern!
2013-08-31T18:54:42  *** mi5 sets mode: +qo Labern Labern
2013-09-01T00:17:22  *** LabernOFF <LabernOFF!~Labern@8BC70066.3F0D1668.49D9CB95.IP> has joined #staffi
2013-09-02T17:34:44  *** DonVitoCorleone <DonVitoCorleone!Stefan_Nin@Drzi.Prijatelje.BlizuA.Neprijatelje.Jos.Blize> has quit IRC (Killed (irc.siglost.com (4 joins/parts in #kraljeva_garda within 7 seconds.)))
2013-09-02T17:42:23  *** DonVitoCorleone <DonVitoCorleone!Stefan_Nin@Drzi.Prijatelje.Blizu.A.Neprijatelje.Jos.Blize> has joined #staffi
2013-09-02T21:44:47  *** RoNiGJoKa <RoNiGJoKa!cgiirc@C3DAC08A.F53721C7.B5F3DA58.IP> has joined #staffi
2013-09-02T21:44:51  *** RoNiGJoKa <RoNiGJoKa!cgiirc@C3DAC08A.F53721C7.B5F3DA58.IP> has left #staffi
2013-09-02T21:44:58  *** RoNiGJoKa <RoNiGJoKa!cgiirc@C3DAC08A.F53721C7.B5F3DA58.IP> has joined #staffi
2013-09-02T21:45:01  *** RoNiGJoKa <RoNiGJoKa!cgiirc@C3DAC08A.F53721C7.B5F3DA58.IP> has left #staffi
2013-09-05T01:59:03  *** KG|DonVitoCorleone <KG|DonVitoCorleone!~Kraljeva-@I-m.not.bot.this.is.just.another.bnc.profile> has joined #staffi
2013-09-05T02:18:07  *** DonVitoCorleone is now known as FurryLand
2013-09-05T02:18:55  *** KG|DonVitoCorleone is now known as DonVitoCorleone
2013-09-05T21:42:11  *** Labern <Labern!Labern@Honestly.i.dont.give.a.fuck> has left #staffi
2013-09-06T19:54:49  <KG-Bot> Announcement from my owner (DonVitoCorleone): eRepublik komande ne rade dok se ne popravi stanje sa eRep serverima. Hvala na razumevanju. :)
2013-09-07T23:51:50  <KG-Bot> Announcement from my owner (DonVitoCorleone): eRepublik plugin won't work for some time, API is perma disabled and everything must be made from scratch
2013-09-10T23:30:08  <DonVitoCorleone> +seen labern
2013-09-10T23:30:08  <KG-Bot> I have not seen labern.
2013-09-10T23:30:14  <DonVitoCorleone> +part
2013-09-10T23:30:14  *** KG-Bot <KG-Bot!~KraljevaG@Kraljeva.Garda.official.bot> has left #staffi (DonVitoCorleone)
