2014-01-22T10:04:47  *** eRepublikBot <eRepublikBot!~KraljevaG@FDFDB705.BFECDD3B.214689AC.IP> has joined #KG_Market
2014-01-22T10:04:47  <protector> [eRepublikBot] [20:51:29] <God_of_Blood> da li ima tvoh bot komande za ona pitanja [20:51:39] <DonVitoCorleone> Koja pitanja? o-O[20:51:54] <God_of_Blood> a ona sranja kakos e zove [20:52:07] <DonVitoCorleone> Kviz? [20:52:16] <God_of_Blood> kiviz jebo ga ti
2014-01-22T10:04:47  *** protector sets mode: +qo eRepublikBot eRepublikBot
2014-01-22T10:04:53  <DonVitoCorleone> !load KG_Market
2014-01-22T10:05:20  <DonVitoCorleone> !load KG_Market
2014-01-22T10:06:05  <DonVitoCorleone> !load KG_Market
2014-01-22T10:06:05  <eRepublikBot> Done.
2014-01-22T10:06:09  <DonVitoCorleone> !addoffer
2014-01-22T10:06:09  <eRepublikBot> (addoffer <game> <item> <amount> <price>) -- Adds <item> in database for your profile.
2014-01-22T10:06:20  <DonVitoCorleone> !addoffer eRep wrm 10000 0.09
2014-01-22T10:06:31  <DonVitoCorleone> !addoffer eRep wrm 10000 009
2014-01-22T10:06:53  <DonVitoCorleone> !reload KG_Market
2014-01-22T10:06:53  <eRepublikBot> Done.
2014-01-22T10:06:56  <DonVitoCorleone> !addoffer eRep wrm 10000 0.09
2014-01-22T10:07:25  <DonVitoCorleone> !reload KG_Market
2014-01-22T10:07:25  <eRepublikBot> Done.
2014-01-22T10:07:27  <DonVitoCorleone> !addoffer eRep wrm 10000 0.09
2014-01-22T10:08:01  <DonVitoCorleone> !addoffer eRep wrm 10000 0.09
2014-01-22T10:08:14  <DonVitoCorleone> !reload KG_Market
2014-01-22T10:08:14  <eRepublikBot> Done.
2014-01-22T10:08:15  <DonVitoCorleone> !addoffer eRep wrm 10000 0.09
2014-01-22T10:12:03  <DonVitoCorleone> !reload KG_Market
2014-01-22T10:12:03  <eRepublikBot> Done.
2014-01-22T10:12:04  <DonVitoCorleone> !addoffer eRep wrm 10000 0.09
2014-01-22T10:12:04  <eRepublikBot> Successfully added donvitocorleone in the sellers database with following data; Product: wrm, Price: 0.09, Amount: 10000.
2014-01-22T10:14:43  <DonVitoCorleone> !reload KG_Market
2014-01-22T10:14:43  <eRepublikBot> Done.
2014-01-22T10:14:47  <DonVitoCorleone> !addoffer eRep wrm 10000 0.08
2014-01-22T10:14:47  <eRepublikBot> Successfully updated wrm amount, and it is 20000 now.
2014-01-22T10:15:22  <DonVitoCorleone> !addoffer eRep frm 10000 0.08
2014-01-22T10:15:44  <DonVitoCorleone> !addoffer eRep frm 10000 0,08
2014-01-22T10:16:20  <DonVitoCorleone> !reload KG_Market
2014-01-22T10:16:20  <eRepublikBot> Done.
2014-01-22T10:16:21  <DonVitoCorleone> !addoffer eRep frm 10000 0,08
2014-01-22T10:16:21  <eRepublikBot> Successfully added frm in the current sellers database with following data; Price: 0,08, Amount: 10000.
2014-01-22T10:19:42  <DonVitoCorleone> !addoffer eRe frm 10000 0,08
2014-01-22T10:19:42  <eRepublikBot> This game is not yet implemented, games that we currently serve are: eRep.
2014-01-22T10:19:59  <DonVitoCorleone> !addoffer eRep frmo 10000 0,08
2014-01-22T10:19:59  <eRepublikBot> This type of product is not yet implemented for this game, products that we currently support are: wrm, frm, weapons, food, ticket, gold, cc.
2014-01-22T10:24:19  <DonVitoCorleone> !reload KG_Market
2014-01-22T10:24:19  <eRepublikBot> Done.
2014-01-22T10:24:23  <DonVitoCorleone> !addoffer eRep frmo 10000 0,08
2014-01-22T10:24:23  <eRepublikBot> This type of product is not yet implemented for this game, products that we currently support are: wrm, frm, weapons, food, ticket, gold, cc.
2014-01-22T10:24:28  <DonVitoCorleone> !addoffer eRep frm 10000 0,08
2014-01-22T10:24:41  <DonVitoCorleone> !reload KG_Market
2014-01-22T10:24:41  <eRepublikBot> Done.
2014-01-22T10:24:43  <DonVitoCorleone> !addoffer eRep frm 10000 0,08
2014-01-22T10:24:44  <eRepublikBot> You can't add offer because you're not registered as seller. First you must register as one with command +regseller.
2014-01-22T10:37:20  <DonVitoCorleone> !reload KG_Market
2014-01-22T10:37:20  <eRepublikBot> Done.
2014-01-22T10:37:25  <DonVitoCorleone> !regseller
2014-01-22T10:37:25  <eRepublikBot> (regseller <profile link>) -- Register as seller with <link>.
2014-01-22T10:37:28  <DonVitoCorleone> !addoffer eRep frm 10000 0,08
2014-01-22T10:37:28  <eRepublikBot> You can't add offer because you're not registered as seller. First you must register as one with command +regseller.
2014-01-22T10:37:41  <DonVitoCorleone> !regseller http://www.erepublik.com/en/citizen/profile/6476534
2014-01-22T10:39:34  <DonVitoCorleone> !addoffer eRep frm 10000 0,08
2014-01-22T10:39:34  <eRepublikBot> You can't add offer because you're not registered as seller. First you must register as one with command +regseller.
2014-01-22T10:39:38  <DonVitoCorleone> !reload KG_Market
2014-01-22T10:39:38  <eRepublikBot> Done.
2014-01-22T10:39:39  <DonVitoCorleone> !regseller http://www.erepublik.com/en/citizen/profile/6476534
2014-01-22T10:40:41  <DonVitoCorleone> !list
2014-01-22T10:40:41  <eRepublikBot> Admin, Alias, Anonymous, AttackProtector, AutoMode, BDPing, BitMine, BlJack, Bots, Casino, Channel, ChannelLogger, ChannelRelay, Coffee, Config, Currency, Cyri, Debug, ERep, ERepublik, ESim, Eureka, Filter, Format, GP, Gimg, GitHub, Goog, Google, Holdem, IMDb, Ic, IceDice, InstaPaper, Internet, Iwant, Izmeri, KG_Market, Kviz, Later, Limiter, ListEmpty, Mass, Math, Memo,
2014-01-22T10:40:42  <eRepublikBot> MessageParser, Misc, Misc1, Network, NoSleep, Note, Owner, Paste, Plugin, PluginDownloader, Python, Quote, RSDJ, Relay, Reply, SahadHelp, Scheduler, Services, ShrinkUrl, Ss_Kviz, Status, Success, Supybot, TPB, Time, Timebomb, Tomp3, Topic, Translate, Twit, TwitterStream, URL, Untiny, Urban, User, Utilities, Vreme, War, Web, Wiki, and Yt
2014-01-22T10:42:56  <DonVitoCorleone> !reload KG_Market
2014-01-22T10:42:56  <eRepublikBot> Done.
2014-01-22T10:42:58  <DonVitoCorleone> !regseller http://www.erepublik.com/en/citizen/profile/6476534
2014-01-22T10:42:58  <eRepublikBot> Successfully registered as seller.
2014-01-22T10:43:01  <DonVitoCorleone> !regseller http://www.erepublik.com/en/citizen/profile/6476534
2014-01-22T10:43:01  <eRepublikBot> You can't register again.
2014-01-22T10:43:29  *** KG-Bot <KG-Bot!~KG@Kraljeva.Garda.official.bot> has joined #KG_Market
2014-01-22T10:43:29  <protector> [KG-Bot] [20:51:29] <God_of_Blood> da li ima tvoh bot komande za ona pitanja [20:51:39] <DonVitoCorleone> Koja pitanja? o-O[20:51:54] <God_of_Blood> a ona sranja kakos e zove [20:52:07] <DonVitoCorleone> Kviz? [20:52:16] <God_of_Blood> kiviz jebo ga ti
2014-01-22T10:43:29  *** protector sets mode: +qo KG-Bot KG-Bot
2014-01-22T10:44:01  <KG-Bot> !regseller http://www.erepublik.com/en/citizen/profile/6476534
2014-01-22T10:44:01  <eRepublikBot> You can't register with this nick because someone has already used it to register.
2014-01-22T10:44:28  <KG-Bot> !regseller http://www.erepublik.com/en/citizen/profile/647653
2014-01-22T10:44:28  <eRepublikBot> Successfully registered as seller.
2014-01-22T10:45:19  <KG-Bot> !regseller http://www.erepublik.com/en/citizen/profile/647653
2014-01-22T10:45:19  <eRepublikBot> You can't register with this nick because someone has already used it to register.
2014-01-22T10:45:30  <KG-Bot> !regseller http://www.erepublik.com/en/citizen/profile/64765
2014-01-22T10:45:30  <eRepublikBot> Successfully registered as seller.
2014-01-22T10:45:46  <DonVitoCorleone> !reload KG_Market
2014-01-22T10:45:46  <eRepublikBot> Done.
2014-01-22T10:45:48  <KG-Bot> !regseller http://www.erepublik.com/en/citizen/profile/64765
2014-01-22T10:45:50  <eRepublikBot> You can't register with this link because someone has already used it to register.
2014-01-22T10:46:00  <KG-Bot> !regseller http://www.erepublik.com/en/citizen/profile/6476534
2014-01-22T10:46:00  <eRepublikBot> Successfully registered as seller.
2014-01-22T10:46:48  <KG-Bot> !regseller http://www.erepublik.com/en/citizen/profile/6476534
2014-01-22T10:46:48  <eRepublikBot> You can't register again.
2014-01-22T10:52:38  <DonVitoCorleone> !reload KG_Market
2014-01-22T10:52:38  <eRepublikBot> Done.
2014-01-22T10:52:53  <DonVitoCorleone> !regseller http://www.erepublik.com/en/citizen/profile/6476534
2014-01-22T10:52:54  <KG-Bot> Title: Corleone Michael - Citizen of The New World (at www.erepublik.com)
2014-01-22T10:53:17  <DonVitoCorleone> !reload KG_Market
2014-01-22T10:53:17  <eRepublikBot> Done.
2014-01-22T10:53:18  <DonVitoCorleone> !regseller http://www.erepublik.com/en/citizen/profile/6476534
2014-01-22T10:53:19  <KG-Bot> Title: Corleone Michael - Citizen of The New World (at www.erepublik.com)
2014-01-22T10:53:21  <eRepublikBot> Successfully registered as seller.
2014-01-22T10:53:28  <DonVitoCorleone> .access list
2014-01-22T11:18:50  <DonVitoCorleone> !reload kg_market
2014-01-22T11:19:00  <DonVitoCorleone> !reload KG_Market
2014-01-22T11:19:00  <eRepublikBot> Done.
2014-01-22T11:19:04  <DonVitoCorleone> !viewoffer
2014-01-22T11:19:04  <eRepublikBot> (viewoffer <item>) -- Returns current offers of <item>.
2014-01-22T11:19:08  <DonVitoCorleone> !viewoffer wrm
2014-01-22T11:19:08  <eRepublikBot> Seller: donvitocorleone, Amount: 20000, Price: 0.09.
2014-01-22T11:19:16  <DonVitoCorleone> !viewoffer weapons
2014-01-22T11:19:21  <DonVitoCorleone> !viewoffer frm
2014-01-22T11:19:21  <eRepublikBot> Seller: donvitocorleone, Amount: 10000, Price: 0,08.
2014-01-22T11:21:28  <DonVitoCorleone> !reload KG_Market
2014-01-22T11:21:28  <eRepublikBot> Done.
2014-01-22T11:21:30  <DonVitoCorleone> !viewoffer weapons
2014-01-22T11:21:30  <eRepublikBot> Currently there are no offers for weapons.
2014-01-22T11:21:36  <DonVitoCorleone> !viewoffer frm
2014-01-22T11:21:36  <eRepublikBot> Seller: donvitocorleone, Amount: 10000, Price: 0,08.
2014-01-22T11:42:59  <DonVitoCorleone> !reload KG_Market
2014-01-22T11:43:18  <DonVitoCorleone> !load KG_Market
2014-01-22T11:43:18  <eRepublikBot> Done.
2014-01-22T11:43:22  <DonVitoCorleone> !buyoffer
2014-01-22T11:43:22  <eRepublikBot> (buyoffer <seller name> <game> <product> <amount>) -- Marks offer as bought.
2014-01-22T11:43:49  <DonVitoCorleone> !buyoffer DonVitoCorleone el wrm 5000
2014-01-22T11:43:49  <eRepublikBot> This game is not yet implemented, games that we currently serve are: eRep.
2014-01-22T11:43:58  <DonVitoCorleone> !buyoffer DonVitoCorleone erep wr 5000
2014-01-22T11:43:58  <eRepublikBot> This game is not yet implemented, games that we currently serve are: eRep.
2014-01-22T11:44:05  <DonVitoCorleone> !buyoffer DonVitoCorleone eRep wr 5000
2014-01-22T11:44:05  <eRepublikBot> This type of product is not yet implemented for this game, products that we currently support are: wrm, frm, weapons, food, ticket, gold, cc.
2014-01-22T11:44:10  <DonVitoCorleone> !buyoffer DonVitoCorleone eRep wrm 5000
2014-01-22T11:44:10  <eRepublikBot> DonVitoCorleone doesn't have offers for eRep.
2014-01-22T11:54:41  <DonVitoCorleone> !reload KG_Market
2014-01-22T11:54:41  <eRepublikBot> Done.
2014-01-22T11:54:45  <DonVitoCorleone> !addoffer
2014-01-22T11:54:45  <eRepublikBot> (addoffer <game> <item> <amount> <price>) -- Adds <item> in database for your profile.
2014-01-22T11:54:57  <DonVitoCorleone> !addoffer eRep wrm 50000 0.09
2014-01-22T11:54:57  <eRepublikBot> Successfully added wrm in the current sellers database with following data; Price: 0.09, Amount: 50000.
2014-01-22T11:55:12  <DonVitoCorleone> !addoffer eRep wrm 50000 0.09
2014-01-22T11:55:12  <eRepublikBot> Successfully updated wrm amount, and it is 100000 now.
2014-01-22T11:55:24  <DonVitoCorleone> !addoffer eRep wrm -50000 0.09
2014-01-22T11:55:24  <eRepublikBot> Successfully updated wrm amount, and it is 50000 now.
2014-01-22T11:55:34  <DonVitoCorleone> !addoffer eRep frm -50000 0.09
2014-01-22T11:55:34  <eRepublikBot> Successfully added frm in the current sellers database with following data; Price: 0.09, Amount: -50000.
2014-01-22T11:56:41  <DonVitoCorleone> !reload KG_Market
2014-01-22T11:56:41  <eRepublikBot> Done.
2014-01-22T11:56:43  <DonVitoCorleone> !addoffer eRep wrm -50000 0.09
2014-01-22T11:56:43  <eRepublikBot> Successfully added wrm in the current sellers database with following data; Price: 0.09, Amount: -50000.
2014-01-22T11:56:58  <DonVitoCorleone> !addoffer eRep wrm 50000 0.09
2014-01-22T11:56:58  <eRepublikBot> Successfully updated wrm amount, and it is 0 now.
2014-01-22T11:57:12  <DonVitoCorleone> !buyoffer
2014-01-22T11:57:12  <eRepublikBot> (buyoffer <seller name> <game> <product> <amount>) -- Marks offer as bought.
2014-01-22T11:57:23  <DonVitoCorleone> !buyoffer DonVitoCorleone eRep frm 10
2014-01-22T11:57:23  <eRepublikBot> You can't buy more amount of this product than it's available.
2014-01-22T11:57:36  <DonVitoCorleone> !buyoffer DonVitoCorleone eRep wrm 10
2014-01-22T11:57:36  <eRepublikBot> You can't buy more amount of this product than it's available.
2014-01-22T11:57:41  <DonVitoCorleone> !addoffer eRep wrm 50000 0.09
2014-01-22T11:57:42  <eRepublikBot> Successfully updated wrm amount, and it is 50000 now.
2014-01-22T11:57:45  <DonVitoCorleone> !buyoffer DonVitoCorleone eRep wrm 10
2014-01-22T11:57:47  <eRepublikBot> You have successfully bought this product. Seller has been notified about this and he will remove this offer from market next time he comes online, you should know that he can report you for false buy if you didn't really bought this.
2014-01-22T12:01:48  <DonVitoCorleone> !reload KG_Market
2014-01-22T12:01:48  <eRepublikBot> Done.
2014-01-22T12:01:50  <DonVitoCorleone> !buyoffer DonVitoCorleone eRep wrm 10
2014-01-22T12:01:52  <eRepublikBot> You have successfully bought this product. Seller has been notified about this and he will remove this offer from market next time he comes online, you should know that he can report you for false buy if you didn't really bought this.
2014-01-22T12:14:07  <DonVitoCorleone> !reload KG_Market
2014-01-22T12:14:53  <DonVitoCorleone> !load KG_Market
2014-01-22T12:14:53  <eRepublikBot> Done.
2014-01-22T12:14:57  <DonVitoCorleone> !rmoffer
2014-01-22T12:14:57  <eRepublikBot> (rmoffer <game> <product> <amount>) -- Removes your offer from market for given values.
2014-01-22T12:15:03  <DonVitoCorleone> !rmoffer eRep wrm 5
2014-01-22T12:15:29  <DonVitoCorleone> !reload KG_Market
2014-01-22T12:15:29  <eRepublikBot> Done.
2014-01-22T12:15:30  <DonVitoCorleone> !rmoffer eRep wrm 5
2014-01-22T12:16:58  <DonVitoCorleone> !reload KG_Market
2014-01-22T12:16:58  <eRepublikBot> Done.
2014-01-22T12:16:59  <DonVitoCorleone> !rmoffer eRep wrm 5
2014-01-22T12:18:04  <DonVitoCorleone> !reload KG_Market
2014-01-22T12:18:04  <eRepublikBot> Done.
2014-01-22T12:18:05  <DonVitoCorleone> !rmoffer eRep wrm 5
2014-01-22T12:18:39  <DonVitoCorleone> !reload KG_Market
2014-01-22T12:18:39  <eRepublikBot> Done.
2014-01-22T12:18:40  <DonVitoCorleone> !rmoffer eRep wrm 5
2014-01-22T12:19:07  <DonVitoCorleone> !reload KG_Market
2014-01-22T12:19:07  <eRepublikBot> Done.
2014-01-22T12:19:08  <DonVitoCorleone> !rmoffer eRep wrm 5
2014-01-22T12:21:06  <DonVitoCorleone> !reload KG_Market
2014-01-22T12:21:06  <eRepublikBot> Done.
2014-01-22T12:21:07  <DonVitoCorleone> !rmoffer eRep wrm 5
2014-01-22T12:21:08  <eRepublikBot> Successfully removed 5 amount of wrm from your eRep offers. Current amount of wrm in eRep offers is 49970.
2014-01-22T12:23:09  <DonVitoCorleone> !rmoffer eRep wrm 49970
2014-01-22T12:23:54  <DonVitoCorleone> !reload KG_Market
2014-01-22T12:23:54  <eRepublikBot> Done.
2014-01-22T12:23:55  <DonVitoCorleone> !rmoffer eRep wrm 49970
2014-01-22T12:24:46  <DonVitoCorleone> !reload KG_Market
2014-01-22T12:24:46  <eRepublikBot> Done.
2014-01-22T12:24:47  <DonVitoCorleone> !rmoffer eRep wrm 49970
2014-01-22T12:25:26  <DonVitoCorleone> !reload KG_Market
2014-01-22T12:25:26  <eRepublikBot> Done.
2014-01-22T12:25:27  <DonVitoCorleone> !rmoffer eRep wrm 49970
2014-01-22T12:25:28  <eRepublikBot> donvitocorleone doesn't have wrm in offers for eRep.
2014-01-22T12:25:38  <DonVitoCorleone> !rmoffer eRep frm 49970
2014-01-22T12:25:38  <eRepublikBot> You can't remove more amount of this product than it's available.
2014-01-22T12:25:47  <DonVitoCorleone> !rmoffer eRep frm -10
2014-01-22T12:25:47  <eRepublikBot> You can't remove more amount of this product than it's available.
2014-01-22T12:32:27  <DonVitoCorleone> +calc 5+(-1)
2014-01-22T12:32:27  <KG-Bot> 4
2014-01-22T12:32:42  <DonVitoCorleone> +calc -5+(-1)
2014-01-22T12:32:43  <KG-Bot> -6
2014-01-22T12:32:55  <DonVitoCorleone> +calc -5+(1)
2014-01-22T12:32:55  <KG-Bot> -4
2014-01-22T12:41:29  <DonVitoCorleone> !reload KG_Market
2014-01-22T12:41:40  <DonVitoCorleone> !load KG_Market
2014-01-22T12:41:40  <eRepublikBot> Done.
2014-01-22T12:41:43  <DonVitoCorleone> !mvote
2014-01-22T12:41:44  <eRepublikBot> (mvote <seller> <votes>) -- You can give + or - to the seller.
2014-01-22T12:41:51  <DonVitoCorleone> !mvote KG-Bot -5
2014-01-22T12:41:51  <eRepublikBot> You can't give this vote for the seller, possible votes are: +, -.
2014-01-22T12:41:56  <DonVitoCorleone> !mvote KG-Bot -
2014-01-22T12:41:56  <eRepublikBot> You can't vote for kg-bot because he's not even a seller.
2014-01-22T12:42:03  <DonVitoCorleone> !mvote DonVitoCorleone +
2014-01-22T12:43:28  <DonVitoCorleone> !reload KG_Market
2014-01-22T12:43:28  <eRepublikBot> Done.
2014-01-22T12:43:30  <DonVitoCorleone> !mvote DonVitoCorleone +
2014-01-22T12:44:16  <DonVitoCorleone> !reload KG_Market
2014-01-22T12:44:16  <eRepublikBot> Done.
2014-01-22T12:44:17  <DonVitoCorleone> !mvote DonVitoCorleone +
2014-01-22T12:44:18  <eRepublikBot> Number of donvitocorleone's votes is 1.
2014-01-22T12:44:36  <DonVitoCorleone> !mvote DonVitoCorleone +
2014-01-22T12:44:36  <eRepublikBot> Number of donvitocorleone's votes is 2.
2014-01-22T12:44:40  <DonVitoCorleone> !mvote DonVitoCorleone -
2014-01-22T12:44:40  <eRepublikBot> Number of donvitocorleone's votes is 1.
2014-01-22T12:44:43  <DonVitoCorleone> !mvote DonVitoCorleone -
2014-01-22T12:44:43  <eRepublikBot> Number of donvitocorleone's votes is 0.
2014-01-22T12:44:44  <DonVitoCorleone> !mvote DonVitoCorleone -
2014-01-22T12:44:45  <eRepublikBot> Number of donvitocorleone's votes is -1.
2014-01-22T12:44:47  <DonVitoCorleone> !mvote DonVitoCorleone -
2014-01-22T12:44:47  <eRepublikBot> Number of donvitocorleone's votes is -2.
2014-01-22T12:44:49  <DonVitoCorleone> !mvote DonVitoCorleone -
2014-01-22T12:44:49  <eRepublikBot> Number of donvitocorleone's votes is -3.
2014-01-22T12:44:53  <DonVitoCorleone> !mvote DonVitoCorleone +
2014-01-22T12:44:53  <eRepublikBot> Number of donvitocorleone's votes is -2.
2014-01-22T12:44:55  <DonVitoCorleone> !mvote DonVitoCorleone +
2014-01-22T12:44:56  <eRepublikBot> Number of donvitocorleone's votes is -1.
2014-01-22T12:44:57  <DonVitoCorleone> !mvote DonVitoCorleone +
2014-01-22T12:44:57  <eRepublikBot> Number of donvitocorleone's votes is 0.
2014-01-22T12:44:58  <DonVitoCorleone> !mvote DonVitoCorleone +
2014-01-22T12:44:58  <eRepublikBot> Number of donvitocorleone's votes is 1.
2014-01-22T12:45:01  <DonVitoCorleone> !mvote DonVitoCorleone -
2014-01-22T12:45:01  <eRepublikBot> Number of donvitocorleone's votes is 0.
2014-01-22T13:01:29  <DonVitoCorleone> !reload KG_Market
2014-01-22T13:02:07  <DonVitoCorleone> !reload KG_Market
2014-01-22T13:02:11  <DonVitoCorleone> !list
2014-01-22T13:02:11  <eRepublikBot> Admin, Alias, Anonymous, AttackProtector, AutoMode, BDPing, BitMine, BlJack, Bots, Casino, Channel, ChannelLogger, ChannelRelay, Coffee, Config, Currency, Cyri, Debug, ERep, ERepublik, ESim, Eureka, Filter, Format, GP, Gimg, GitHub, Goog, Google, Holdem, IMDb, Ic, IceDice, InstaPaper, Internet, Iwant, Izmeri, Kviz, Later, Limiter, ListEmpty, Mass, Math, Memo, MessageParser, Misc,
2014-01-22T13:02:12  <eRepublikBot> Misc1, Network, NoSleep, Note, Owner, Paste, Plugin, PluginDownloader, Python, Quote, RSDJ, Relay, Reply, SahadHelp, Scheduler, Services, ShrinkUrl, Ss_Kviz, Status, Success, Supybot, TPB, Time, Timebomb, Tomp3, Topic, Translate, Twit, TwitterStream, URL, Untiny, Urban, User, Utilities, Vreme, War, Web, Wiki, and Yt
2014-01-22T13:02:17  <DonVitoCorleone> !load KG_Market
2014-01-22T13:08:16  <DonVitoCorleone> !load KG_Market
2014-01-22T13:08:46  <DonVitoCorleone> !load KG_Market
2014-01-22T13:08:46  <eRepublikBot> Done.
2014-01-22T13:08:50  <DonVitoCorleone> !addscam
2014-01-22T13:08:51  <eRepublikBot> (addscam <name> <reason>) -- Adds <name> to the scam list.
2014-01-22T13:09:05  <DonVitoCorleone> !addscam KG-Bot Tried to cheat few times.
2014-01-22T13:09:26  <DonVitoCorleone> !reload KG_Market
2014-01-22T13:09:26  <eRepublikBot> Done.
2014-01-22T13:09:27  <DonVitoCorleone> !addscam KG-Bot Tried to cheat few times.
2014-01-22T13:09:49  <DonVitoCorleone> !addscam KG-Bot Tried to cheat few times.
2014-01-22T13:11:26  <DonVitoCorleone> !reload KG_Market
2014-01-22T13:11:26  <eRepublikBot> Done.
2014-01-22T13:11:36  <DonVitoCorleone> !addscam KG-Bot Tried to cheat few times.
2014-01-22T13:12:06  <DonVitoCorleone> !reload KG_Market
2014-01-22T13:12:07  <DonVitoCorleone> !addscam KG-Bot Tried to cheat few times.
2014-01-22T13:12:22  <DonVitoCorleone> !load KG_Market
2014-01-22T13:12:22  <eRepublikBot> Done.
2014-01-22T13:12:24  <DonVitoCorleone> !addscam KG-Bot Tried to cheat few times.
2014-01-22T13:12:24  <eRepublikBot> eRepublikBot, DonVitoCorleone, KG-Bot, protector
2014-01-22T13:12:25  <eRepublikBot> Be aware of kg-bot he's added to the scam list. Reason: Tried to cheat few times., Time: 22/1/2014 - 13:12:24.
2014-01-22T13:17:16  <DonVitoCorleone> !reload KG_Market
2014-01-22T13:17:16  <eRepublikBot> Done.
2014-01-22T13:17:20  <DonVitoCorleone> !scammers
2014-01-22T13:17:20  <eRepublikBot> kg-bot added on 22/1/2014 - 13:12:24 with reason: Tried to cheat few times..
2014-01-22T13:23:24  <DonVitoCorleone> !reload KG_Market
2014-01-22T13:23:24  <eRepublikBot> Done.
2014-01-22T13:23:27  <DonVitoCorleone> !rmscam
2014-01-22T13:23:27  <eRepublikBot> (rmscam <name>) -- Removes <name> from scam list.
2014-01-22T13:23:30  <DonVitoCorleone> !rmscam KG-Bot
2014-01-22T13:23:30  <eRepublikBot> eRepublikBot, DonVitoCorleone, KG-Bot, protector
2014-01-22T13:23:31  <eRepublikBot> KG-Bot removed from scam list.
2014-01-22T13:24:20  <DonVitoCorleone> +part
2014-01-22T13:24:20  *** KG-Bot <KG-Bot!~KG@Kraljeva.Garda.official.bot> has left #KG_Market (DonVitoCorleone)
2014-01-22T13:25:03  <DonVitoCorleone> !list kg_market
2014-01-22T13:25:03  <eRepublikBot> addoffer, addscam, buyoffer, mvote, regseller, rmoffer, rmscam, scammers, and viewoffer
2014-01-22T13:25:19  *** Crazy_Hospy <Crazy_Hospy!Crazy_Hosp@Rizon-320A017E.rizonbnc.eu.rizon.net> has joined #KG_Market
2014-01-22T13:25:23  <DonVitoCorleone> !list kg_market
2014-01-22T13:25:23  <eRepublikBot> addoffer, addscam, buyoffer, mvote, regseller, rmoffer, rmscam, scammers, and viewoffer
2014-01-22T13:25:28  <DonVitoCorleone> Igraj se malo
2014-01-22T13:25:37  <DonVitoCorleone> Tj. testiraj :)
2014-01-22T13:26:03  <Crazy_Hospy> jjajffiajsifja
2014-01-22T13:26:10  <Crazy_Hospy> !scammers
2014-01-22T13:26:10  <eRepublikBot> Scam list is empty right now.
2014-01-22T13:26:19  <Crazy_Hospy> !addofer
2014-01-22T13:26:21  <Crazy_Hospy> !addoffer
2014-01-22T13:26:21  <eRepublikBot> (addoffer <game> <item> <amount> <price>) -- Adds <item> in database for your profile.
2014-01-22T13:26:46  <Crazy_Hospy> !addoffer erep q5 food 200 0.4
2014-01-22T13:26:59  <Crazy_Hospy> !info addoffer
2014-01-22T13:27:10  <Crazy_Hospy> !info erep addoffer
2014-01-22T13:27:13  <Crazy_Hospy> mars
2014-01-22T13:27:17  <DonVitoCorleone> dobro me podseti da ubacim kvalitet
2014-01-22T13:27:32  <Crazy_Hospy> !addoffer erep wep 200 0.4
2014-01-22T13:27:32  <eRepublikBot> This game is not yet implemented, games that we currently serve are: eRep.
2014-01-22T13:27:57  <Crazy_Hospy> !addoffer eRep wep 200 0.4
2014-01-22T13:27:57  <eRepublikBot> This type of product is not yet implemented for this game, products that we currently support are: wrm, frm, weapons, food, ticket, gold, cc.
2014-01-22T13:28:14  <Crazy_Hospy> !addoffer eRep weapons 200 0.4
2014-01-22T13:28:14  <eRepublikBot> You can't add offer because you're not registered as seller. First you must register as one with command +regseller.
2014-01-22T13:28:21  <Crazy_Hospy> x#d
2014-01-22T13:28:44  <Crazy_Hospy> +regseller 4693953
2014-01-22T13:28:56  <Crazy_Hospy> +regseller
2014-01-22T13:30:01  <DonVitoCorleone> Konjino !
2014-01-22T13:30:10  <DonVitoCorleone> + stoji jer ce sve ici na KG-Bot -a xD
2014-01-22T13:30:21  <Crazy_Hospy> :{p
2014-01-22T13:30:35  <Crazy_Hospy> !regseller 4693953
2014-01-22T13:30:49  <Crazy_Hospy> !regseller http://www.erepublik.com/en/citizen/profile/4693953
2014-01-22T13:30:50  *** protector sets mode: +v Crazy_Hospy
2014-01-22T13:30:51  <eRepublikBot> Successfully registered as seller.
2014-01-22T13:30:59  <Crazy_Hospy> !addoffer eRep weapons 200 0.4
2014-01-22T13:30:59  <eRepublikBot> Successfully added crazy_hospy in the sellers database with following data; Product: weapons, Price: 0.4, Amount: 200.
2014-01-22T13:31:21  <Crazy_Hospy> !mvore
2014-01-22T13:31:22  <Crazy_Hospy> !mvote
2014-01-22T13:31:22  <eRepublikBot> (mvote <seller> <votes>) -- You can give + or - to the seller.
2014-01-22T13:31:31  <Crazy_Hospy> !mvote Crazy_Hospy +
2014-01-22T13:31:31  <eRepublikBot> Number of crazy_hospy's votes is 1.
2014-01-22T13:31:36  <Crazy_Hospy> !mvote Crazy_Hospy +
2014-01-22T13:31:36  <eRepublikBot> Number of crazy_hospy's votes is 2.
2014-01-22T13:31:39  <Crazy_Hospy> !mvote Crazy_Hospy +
2014-01-22T13:31:39  <eRepublikBot> Number of crazy_hospy's votes is 3.
2014-01-22T13:31:42  <Crazy_Hospy> muahahaha!
2014-01-22T13:31:43  <Crazy_Hospy> !mvote Crazy_Hospy +
2014-01-22T13:31:43  <eRepublikBot> Number of crazy_hospy's votes is 4.
2014-01-22T13:32:13  <Crazy_Hospy> !viewoffer
2014-01-22T13:32:14  <eRepublikBot> (viewoffer <item>) -- Returns current offers of <item>.
2014-01-22T13:32:18  <Crazy_Hospy> !viewoffer weapons
2014-01-22T13:32:18  <eRepublikBot> Currently there are no offers for weapons.
2014-01-22T13:32:22  <Crazy_Hospy> !viewoffer food
2014-01-22T13:32:22  <eRepublikBot> Currently there are no offers for food.
2014-01-22T13:32:34  <Crazy_Hospy> kako ba nema
2014-01-22T13:33:07  <DonVitoCorleone> !reload KG_Market
2014-01-22T13:33:12  <DonVitoCorleone> =.=
2014-01-22T13:33:26  <DonVitoCorleone> !load KG_Market
2014-01-22T13:33:26  <eRepublikBot> Done.
2014-01-22T13:34:40  <Crazy_Hospy> !viewoffer food
2014-01-22T13:34:40  <eRepublikBot> Currently there are no offers for food.
2014-01-22T13:34:44  <Crazy_Hospy> !addoffer eRep weapons 200 0.4
2014-01-22T13:34:44  <eRepublikBot> (addoffer <game> <item> <amount> <price>) -- Adds <item> in database for your profile.
2014-01-22T13:35:17  <Crazy_Hospy> !addoffer eRep weapons 200 0.4
2014-01-22T13:35:17  <eRepublikBot> (addoffer <game> <item> <amount> <price>) -- Adds <item> in database for your profile.
2014-01-22T13:36:49  <DonVitoCorleone> !reload KG_Market
2014-01-22T13:36:49  <eRepublikBot> Done.
2014-01-22T13:36:58  <DonVitoCorleone> !viewoffer wrm
2014-01-22T13:37:50  <DonVitoCorleone> !reload KG_Market
2014-01-22T13:37:50  <eRepublikBot> Done.
2014-01-22T13:37:54  <DonVitoCorleone> !viewoffer wrm eRep
2014-01-22T13:37:54  <eRepublikBot> Currently there are no offers for wrm.
2014-01-22T13:38:05  <DonVitoCorleone> !viewoffer weapons eRep
2014-01-22T13:38:05  <eRepublikBot> Seller: crazy_hospy, Amount: 200, Price: 0.4, Quality: q200
2014-01-22T13:38:24  <Crazy_Hospy> !buyoffer weapons
2014-01-22T13:38:24  <eRepublikBot> (buyoffer <seller name> <game> <product> <amount>) -- Marks offer as bought.
2014-01-22T13:38:32  <DonVitoCorleone> !reload KG_Market
2014-01-22T13:38:32  <eRepublikBot> Done.
2014-01-22T13:38:35  <DonVitoCorleone> !viewoffer weapons eRep
2014-01-22T13:38:40  <Crazy_Hospy> !buyoffer crazy_hospy eRep weapons 200
2014-01-22T13:38:42  <eRepublikBot> You have successfully bought this product. Seller has been notified about this and he will remove this offer from market next time he comes online, you should know that he can report you for false buy if you didn't really bought this.
2014-01-22T13:39:30  <Crazy_Hospy> !report Crazy_Hospy
2014-01-22T13:39:33  <Crazy_Hospy> sisa nije kupila
2014-01-22T13:39:35  <Crazy_Hospy> :D
2014-01-22T13:39:39  <DonVitoCorleone> xD
2014-01-22T13:40:33  <DonVitoCorleone> Stani sada malo, moram da popravim ovo za kvalitet
2014-01-22T13:40:40  <DonVitoCorleone> Nzm kako sam to konj zaboravio xD
2014-01-22T13:41:11  <Crazy_Hospy> lako, jer niko ne kupuje nista osim q5 vekni, q7  hleba i rawa :D
2014-01-22T13:41:21  <Crazy_Hospy> q7 tenkova*
2014-01-22T14:11:26  <DonVitoCorleone> !reload KG_Market
2014-01-22T14:11:48  <DonVitoCorleone> !load KG_Market
2014-01-22T14:11:58  <DonVitoCorleone> !load KG_Market
2014-01-22T14:11:58  <eRepublikBot> Done.
2014-01-22T14:12:38  <DonVitoCorleone> !list KG_Market
2014-01-22T14:12:38  <eRepublikBot> addoffer, addscam, buyoffer, mvote, regseller, rmoffer, rmscam, scammers, and viewoffer
2014-01-22T14:12:47  <DonVitoCorleone> !viewoffer
2014-01-22T14:12:47  <eRepublikBot> (viewoffer <game> <item>) -- Returns current offers of <item>.
2014-01-22T14:13:09  <DonVitoCorleone> !reload KG_Market
2014-01-22T14:13:09  <eRepublikBot> Done.
2014-01-22T14:13:10  <DonVitoCorleone> !viewoffer
2014-01-22T14:13:10  <eRepublikBot> (viewoffer <game> <item> <quality>) -- Returns current offers of <item>.
2014-01-22T14:13:16  <DonVitoCorleone> !viewoffer eRep wrm 7
2014-01-22T14:13:16  <eRepublikBot> This type of product is not yet implemented for this game, products that we currently support are: wrm, frm, weapons, food, ticket, gold, cc.
2014-01-22T14:13:42  <DonVitoCorleone> !reload KG_Market
2014-01-22T14:13:42  <eRepublikBot> Done.
2014-01-22T14:13:43  <DonVitoCorleone> !viewoffer eRep wrm 7
2014-01-22T14:13:44  <eRepublikBot> This type of product is not yet implemented for this game, products that we currently support are: wrm, frm, weapons, food, ticket, gold, cc.
2014-01-22T14:13:52  <DonVitoCorleone> !viewoffer wrm eRep 7
2014-01-22T14:13:52  <eRepublikBot> Currently there are no offers for wrm.
2014-01-22T14:14:08  <DonVitoCorleone> !regseller
2014-01-22T14:14:08  <eRepublikBot> (regseller <profile link>) -- Register as seller with <link>.
2014-01-22T14:14:20  <DonVitoCorleone> !regseller http://www.erepublik.com/en/citizen/profile/6476534
2014-01-22T14:14:23  <eRepublikBot> Successfully registered as seller.
2014-01-22T14:14:31  <DonVitoCorleone> !addoffer
2014-01-22T14:14:31  <eRepublikBot> (addoffer <game> <item> <amount> <price>) -- Adds <item> in database for your profile.
2014-01-22T14:14:56  <DonVitoCorleone> !reload KG_Market
2014-01-22T14:14:56  <eRepublikBot> Done.
2014-01-22T14:14:57  <DonVitoCorleone> !addoffer
2014-01-22T14:14:57  <eRepublikBot> (addoffer <game> <item> <amount> <price> <quality>) -- Adds <item> in database for your profile.
2014-01-22T14:15:14  <DonVitoCorleone> !addoffer eRep wrm 50000 0.09 7
2014-01-22T14:15:14  <eRepublikBot> Successfully added donvitocorleone in the sellers database with following data; Product: wrm, Price: 0.09, Amount: 50000.
2014-01-22T14:16:36  <DonVitoCorleone> !reload KG_Market
2014-01-22T14:16:36  <eRepublikBot> Done.
2014-01-22T14:16:37  <DonVitoCorleone> !addoffer eRep wrm 50000 0.09 7
2014-01-22T14:16:37  <eRepublikBot> Successfully added donvitocorleone in the sellers database with following data; Product: wrm, Price: 0.09, Amount: 50000.
2014-01-22T14:16:51  <DonVitoCorleone> !addoffer eRep wrm 45000 0.09 7
2014-01-22T14:16:51  <eRepublikBot> Successfully added wrm in the current sellers database with following data; Price: 0.09, Amount: 45000.
2014-01-22T14:18:26  <DonVitoCorleone> !reload KG_Market
2014-01-22T14:18:26  <eRepublikBot> Done.
2014-01-22T14:18:27  <DonVitoCorleone> !addoffer eRep wrm 45000 0.09 7
2014-01-22T14:18:58  <DonVitoCorleone> !reload KG_Market
2014-01-22T14:18:58  <eRepublikBot> Done.
2014-01-22T14:18:59  <DonVitoCorleone> !addoffer eRep wrm 45000 0.09 7
2014-01-22T14:18:59  <eRepublikBot> Successfully updated wrm amount, and it is 90000 now.
2014-01-22T14:19:56  <DonVitoCorleone> !reload KG_Market
2014-01-22T14:19:56  <eRepublikBot> Done.
2014-01-22T14:19:57  <DonVitoCorleone> !addoffer eRep wrm 45000 0.09 7
2014-01-22T14:19:57  <eRepublikBot> Successfully updated wrm amount, and it is 135000 now.
2014-01-22T14:20:12  <DonVitoCorleone> !addoffer eRep weapons 50 7
2014-01-22T14:20:12  <eRepublikBot> (addoffer <game> <item> <amount> <price> <quality>) -- Adds <item> in database for your profile.
2014-01-22T14:20:22  <DonVitoCorleone> !addoffer eRep weapons 50 11.01 7
2014-01-22T14:20:22  <eRepublikBot> Successfully added weapons in the current sellers database with following data; Price: 11.01, Amount: 50.
2014-01-22T14:22:07  <DonVitoCorleone> !reload KG_Market
2014-01-22T14:22:07  <eRepublikBot> Done.
2014-01-22T14:22:12  <DonVitoCorleone> !viewoffer
2014-01-22T14:22:12  <eRepublikBot> (viewoffer <item> <game> <quality>) -- Returns current offers of <item>.
2014-01-22T14:22:19  <DonVitoCorleone> !viewoffer weapons eRep 7
2014-01-22T14:23:35  <DonVitoCorleone> !reload KG_Market
2014-01-22T14:23:35  <eRepublikBot> Done.
2014-01-22T14:23:36  <DonVitoCorleone> !viewoffer weapons eRep 7
2014-01-22T14:23:36  <eRepublikBot> Seller: donvitocorleone, Amount: 50, Price: 11.01, Quality: q7
2014-01-22T14:23:42  <DonVitoCorleone> !viewoffer weapons eRep 4
2014-01-22T14:23:42  <eRepublikBot> Currently there are no offers for weapons.
2014-01-22T14:25:15  <DonVitoCorleone> !reload KG_Market
2014-01-22T14:25:15  <eRepublikBot> Done.
2014-01-22T14:25:20  <DonVitoCorleone> !addoffer eRep weapons 50 11.01 7
2014-01-22T14:25:20  <eRepublikBot> This quality is not allowed, current possible qualities are: 1, 2, 3, 4, 5, 6, 7.
2014-01-22T14:25:52  <DonVitoCorleone> !reload KG_Market
2014-01-22T14:25:52  <eRepublikBot> Done.
2014-01-22T14:25:53  <DonVitoCorleone> !addoffer eRep weapons 50 11.01 7
2014-01-22T14:25:53  <eRepublikBot> Successfully updated weapons amount, and it is 100 now.
2014-01-22T14:26:06  <DonVitoCorleone> !list kg_marke
2014-01-22T14:26:08  <DonVitoCorleone> !list kg_market
2014-01-22T14:26:08  <eRepublikBot> addoffer, addscam, buyoffer, mvote, regseller, rmoffer, rmscam, scammers, and viewoffer
2014-01-22T14:26:13  <DonVitoCorleone> !buyoffer
2014-01-22T14:26:13  <eRepublikBot> (buyoffer <seller name> <game> <product> <amount>) -- Marks offer as bought.
2014-01-22T14:26:32  <DonVitoCorleone> !list kg_market
2014-01-22T14:26:32  <eRepublikBot> addoffer, addscam, buyoffer, mvote, regseller, rmoffer, rmscam, scammers, and viewoffer
2014-01-22T14:26:34  <DonVitoCorleone> !reload KG_Market
2014-01-22T14:26:34  <eRepublikBot> Done.
2014-01-22T14:26:36  <DonVitoCorleone> !buyoffer
2014-01-22T14:26:36  <eRepublikBot> (buyoffer <seller name> <game> <product> <amount> <quality>) -- Marks offer as bought.
2014-01-22T14:26:53  <DonVitoCorleone> !buyoffer DonVitoCorleone eRep weapons 5 7
2014-01-22T14:26:53  <eRepublikBot> There is no q7 for this offer.
2014-01-22T14:27:28  <DonVitoCorleone> !reload KG_Market
2014-01-22T14:27:28  <eRepublikBot> Done.
2014-01-22T14:27:29  <DonVitoCorleone> !buyoffer DonVitoCorleone eRep weapons 5 7
2014-01-22T14:27:30  <eRepublikBot> You have successfully bought this product. Seller has been notified about this and he will remove this offer from market next time he comes online, you should know that he can report you for false buy if you didn't really bought this.
2014-01-22T14:27:43  <DonVitoCorleone> !viewoffer
2014-01-22T14:27:43  <eRepublikBot> (viewoffer <item> <game> <quality>) -- Returns current offers of <item>.
2014-01-22T14:27:49  <DonVitoCorleone> !viewoffer wrm eRep 7
2014-01-22T14:27:49  <eRepublikBot> Currently there are no offers for wrm.
2014-01-22T14:29:32  <DonVitoCorleone> !reload KG_Market
2014-01-22T14:29:32  <eRepublikBot> Done.
2014-01-22T14:29:34  <DonVitoCorleone> !viewoffer wrm eRep 7
2014-01-22T14:29:34  <eRepublikBot> Currently there are no offers for wrm.
2014-01-22T14:29:49  <DonVitoCorleone> !reload KG_Market
2014-01-22T14:29:49  <eRepublikBot> Done.
2014-01-22T14:29:50  <DonVitoCorleone> !viewoffer wrm eRep 7
2014-01-22T14:29:50  <eRepublikBot> Seller: donvitocorleone, Amount: 135000, Price: 0.09, Quality: q1
2014-01-22T14:30:07  <DonVitoCorleone> !list kg_market
2014-01-22T14:30:07  <eRepublikBot> addoffer, addscam, buyoffer, mvote, regseller, rmoffer, rmscam, scammers, and viewoffer
2014-01-22T14:30:14  <DonVitoCorleone> !mvote
2014-01-22T14:30:14  <eRepublikBot> (mvote <seller> <votes>) -- You can give + or - to the seller.
2014-01-22T14:30:19  <DonVitoCorleone> !mvote DonVitoCorleone +
2014-01-22T14:30:19  <eRepublikBot> You can't add/remove votes for yourself.
2014-01-22T14:30:25  <DonVitoCorleone> !mvote DonVitoCorleone -
2014-01-22T14:30:25  <eRepublikBot> You can't add/remove votes for yourself.
2014-01-22T14:30:39  <DonVitoCorleone> !regseller http://www.erepublik.com/en/citizen/profile/6476534
2014-01-22T14:30:39  <eRepublikBot> You can't register again.
2014-01-22T14:30:50  <DonVitoCorleone> !rmofer
2014-01-22T14:30:54  <DonVitoCorleone> !rmoffer
2014-01-22T14:30:54  <eRepublikBot> (rmoffer <game> <product> <amount>) -- Removes your offer from market for given values.
2014-01-22T14:31:02  <DonVitoCorleone> !rmoffer eRep wrm 1
2014-01-22T14:31:02  <eRepublikBot> (rmoffer <game> <product> <amount>) -- Removes your offer from market for given values.
2014-01-22T14:32:00  <DonVitoCorleone> !reload KG_Market
2014-01-22T14:32:00  <eRepublikBot> Done.
2014-01-22T14:32:02  <DonVitoCorleone> !rmoffer eRep wrm 1
2014-01-22T14:32:02  <eRepublikBot> (rmoffer <game> <product> <amount> <quality>) -- Removes your offer from market for given values.
2014-01-22T14:32:06  <DonVitoCorleone> !rmoffer eRep wrm 1 7
2014-01-22T14:32:06  <eRepublikBot> There is no q7 for this offer.
2014-01-22T14:33:12  <DonVitoCorleone> !rmoffer eRep wrm 1 1
2014-01-22T14:33:12  <eRepublikBot> Successfully removed 1 amount of wrm from your eRep offers. Current amount of wrm in eRep offers is 134999.
2014-01-22T14:33:22  <DonVitoCorleone> !list kg_market
2014-01-22T14:33:22  <eRepublikBot> addoffer, addscam, buyoffer, mvote, regseller, rmoffer, rmscam, scammers, and viewoffer
2014-01-22T14:33:33  <DonVitoCorleone> !scammers
2014-01-22T14:33:33  <eRepublikBot> Scam list is empty right now.
2014-01-22T14:33:41  <DonVitoCorleone> !rmscam me
2014-01-22T14:33:47  <DonVitoCorleone> !rmscam
2014-01-22T14:33:47  <eRepublikBot> (rmscam <name>) -- Removes <name> from scam list.
2014-01-22T14:33:50  <DonVitoCorleone> !rmscam me
2014-01-22T14:34:34  <DonVitoCorleone> !reload KG_Market
2014-01-22T14:34:34  <eRepublikBot> Done.
2014-01-22T14:34:36  <DonVitoCorleone> !rmscam me
2014-01-22T14:34:36  <eRepublikBot> me is not in scam list.
2014-01-22T14:34:41  <DonVitoCorleone> !rmscam Me
2014-01-22T14:34:41  <eRepublikBot> me is not in scam list.
2014-01-22T14:35:03  <DonVitoCorleone> !addscam Crazy_Hospy Test
2014-01-22T14:35:03  <eRepublikBot> eRepublikBot, DonVitoCorleone, Crazy_Hospy, protector
2014-01-22T14:35:04  <eRepublikBot> Be aware of crazy_hospy he's added to the scam list. Reason: Test, Time: 22/1/2014 - 14:35:3.
2014-01-22T14:35:16  <DonVitoCorleone> !rmscam Crazy_Hospy
2014-01-22T14:35:16  <eRepublikBot> eRepublikBot, DonVitoCorleone, Crazy_Hospy, protector
2014-01-22T14:35:17  <eRepublikBot> Crazy_Hospy removed from scam list.
2014-01-22T14:35:54  <DonVitoCorleone> !addoffer
2014-01-22T14:35:54  <eRepublikBot> (addoffer <game> <item> <amount> <price> <quality>) -- Adds <item> in database for your profile.
2014-01-22T14:36:09  <DonVitoCorleone> !addoffer kl ticket 5 0.06 7
2014-01-22T14:36:09  <eRepublikBot> This game is not yet implemented, games that we currently serve are: eRep.
2014-01-22T14:36:18  <DonVitoCorleone> !addoffer eRep tick 5 0.06 7
2014-01-22T14:36:18  <eRepublikBot> This type of product is not yet implemented for this game, products that we currently support are: wrm, frm, weapons, food, ticket, gold, cc.
2014-01-22T14:36:30  <DonVitoCorleone> !addoffer eRep ticket 5 0.06 20
2014-01-22T14:36:30  <eRepublikBot> This quality is not allowed, current possible qualities are: 1, 2, 3, 4, 5, 6, 7.
2014-01-22T14:36:41  <DonVitoCorleone> Crazy_Hospy  sta kazes?
2014-01-22T15:14:56  *** DonVitoCorleone <DonVitoCorleone!~KG@Drzi.Prijatelje.BlizuA.Neprijatelje.Jos.Blize> has quit IRC (Killed (irc.shakeababy.net (4 joins/parts in #cor within 9 seconds.)))
2014-01-22T15:15:11  *** DonVitoCorleone <DonVitoCorleone!~KG@Drzi.Prijatelje.BlizuA.Neprijatelje.Jos.Blize> has joined #KG_Market
2014-01-22T15:15:12  <protector> [DonVitoCorleone] [20:51:29] <God_of_Blood> da li ima tvoh bot komande za ona pitanja [20:51:39] <DonVitoCorleone> Koja pitanja? o-O[20:51:54] <God_of_Blood> a ona sranja kakos e zove [20:52:07] <DonVitoCorleone> Kviz? [20:52:16] <God_of_Blood> kiviz jebo ga ti
2014-01-22T15:15:12  *** protector sets mode: +qo DonVitoCorleone DonVitoCorleone
2014-01-22T15:15:17  <Crazy_Hospy> DonVitoCorleone jesi li ovo ti
2014-01-22T15:15:18  <Crazy_Hospy> http://www.erepublik.com/en/citizen/profile/6867354
2014-01-22T15:18:27  <DonVitoCorleone> Nope
2014-01-22T15:18:28  <DonVitoCorleone> Tj. daj ime
2014-01-22T15:19:33  <Crazy_Hospy> DonVitoCorleone998
2014-01-22T15:20:00  <DonVitoCorleone> Nope
2014-01-22T15:21:00  <Crazy_Hospy> nakacio se kod mene i ne radi vec 3 dana -_-
2014-01-22T15:21:28  <DonVitoCorleone> Daj mu otkaz jebo te on xD
2014-01-22T15:22:59  <DonVitoCorleone> Jel se videlo sada malopre kada sam quit -ao?
2014-01-22T15:24:55  <Crazy_Hospy> Killed (irc.shakeababy.net (4 joins/parts in #cor within 9 seconds.)))
2014-01-22T15:25:03  <DonVitoCorleone> xD
2014-01-22T15:25:10  <DonVitoCorleone> Fala
2014-01-22T15:32:52  <DonVitoCorleone> Crazy_Hospy  sta kazes ti za ovaj market?
2014-01-22T15:33:57  <Crazy_Hospy> no ajdia, ti si na primer postavio tenkove, ja udarim tenkove, kupim, tebi stigne memo i kako gde i kada se obavlja uopste transakcija?
2014-01-22T15:36:38  <DonVitoCorleone> Pa ovo je beta verzija, sada se rade provere, testovi i sl. gleda se sta hvali, sta je visak itd.
2014-01-22T15:36:43  <DonVitoCorleone> Daj predlog
2014-01-22T15:40:00  <Crazy_Hospy> ma znam, nego kako si zamislio to tacno, nisam skontao
2014-01-22T15:40:47  <DonVitoCorleone> Zamislio sam da se ne koristi market iz igre za one proizvode koji mogu da se doniraju
2014-01-22T15:41:05  <DonVitoCorleone> Da ne placas porez, ne jebes se sa trazenjem ofera na marketu
2014-01-22T15:41:09  <DonVitoCorleone> Bla bla
2014-01-22T15:41:24  <Crazy_Hospy> i sve ide preko donacije?
2014-01-22T15:41:36  <DonVitoCorleone> Pa ono sto moze tako da
2014-01-22T15:41:59  <Crazy_Hospy> a recimo
2014-01-22T15:42:06  <Crazy_Hospy> u 9 ti postavis 200 tenkova komandom tom
2014-01-22T15:42:10  <Crazy_Hospy> i odes off, nema te do ponoci
2014-01-22T15:42:17  <Crazy_Hospy> i neko u 4 posle podne udari komandu da kupuje
2014-01-22T15:42:24  <Crazy_Hospy> sta se onda radi?
2014-01-22T15:42:39  <DonVitoCorleone> Pa ne vidim zasto bi kupovao ako znas da nije tu taj neko
2014-01-22T15:42:46  <Crazy_Hospy> aham :D
2014-01-22T15:42:59  <DonVitoCorleone> Ali ako bude aktivan kanal uvek ce da bude neko ko prodaje tu
2014-01-22T15:43:11  <DonVitoCorleone> Nije kanal zamisljen da ti i ja budemo na njemu sami xD
2014-01-22T15:43:52  <DonVitoCorleone> A i plus sto bi ovde imao sve markete na jednom mestu, eSim, eRep itd.
2014-01-22T15:44:29  <Crazy_Hospy> samo mi nemoj reci da ces praviti komande i za ono ajs apl sranje? :D
2014-01-22T15:44:55  <DonVitoCorleone> Komanda je jedna, argumenti mogu da se menjaju
2014-01-22T15:45:11  <DonVitoCorleone> Samo sto ta igra mora da bude u _allowed_games listi xD
2014-01-22T15:45:58  <DonVitoCorleone> _sellers_db = 'KG_Market/Sellers.json'
2014-01-22T15:46:00  <DonVitoCorleone> _registar = 'KG_Market/Registar.json'
2014-01-22T15:46:02  <DonVitoCorleone> _allowed_items = ['wrm', 'frm', 'weapons', 'food', 'ticket', 'gold', 'cc']
2014-01-22T15:46:04  <DonVitoCorleone> _allowed_games = ['eRep']
2014-01-22T15:46:06  <DonVitoCorleone> _allowed_channels = ['#KG_Market']
2014-01-22T15:46:08  <DonVitoCorleone> _votes_db = 'KG_Market/Votes.json'
2014-01-22T15:46:10  <DonVitoCorleone> _scamers_db = 'KG_Market/Scamers.json'
2014-01-22T15:46:12  <DonVitoCorleone> _allowed_votes = ['+', '-']
2014-01-22T15:46:14  <DonVitoCorleone> _admins = ['DonVitoCorleone']
2014-01-22T15:46:16  <DonVitoCorleone> _raw_qualities = 1
2014-01-22T15:46:18  <DonVitoCorleone> _allowed_qualities = ['1', '2', '3', '4', '5', '6', '7']
2014-01-22T19:22:55  * Crazy_Hospy slaps DonVitoCorleone around a bit with a large trout
2014-01-22T21:41:13  <DonVitoCorleone> ?
2014-01-22T21:59:57  <Crazy_Hospy> pojma nemam xD
2014-01-22T23:43:06  *** Crazy_Hospy is now known as Crazy_Hospy_Away
2014-01-23T09:32:48  *** eRepublikBot <eRepublikBot!~KraljevaG@FDFDB705.BFECDD3B.214689AC.IP> has joined #KG_Market
2014-01-23T09:32:48  <protector> [eRepublikBot] [20:51:29] <God_of_Blood> da li ima tvoh bot komande za ona pitanja [20:51:39] <DonVitoCorleone> Koja pitanja? o-O[20:51:54] <God_of_Blood> a ona sranja kakos e zove [20:52:07] <DonVitoCorleone> Kviz? [20:52:16] <God_of_Blood> kiviz jebo ga ti
2014-01-23T09:32:48  *** protector sets mode: +qo eRepublikBot eRepublikBot
2014-01-23T09:37:54  *** Crazy_Hospy_Away is now known as Crazy_Hospy
2014-01-23T09:49:00  *** Crazy_Hospy is now known as Crazy_Hospy_Away
2014-01-23T13:42:33  *** Crazy_Hospy_Away is now known as Crazy_Hospy
2014-01-23T19:24:57  *** Povratnik012 <Povratnik012!cgiirc@Rizon-C96C812B.dynamic.isp.telekom.rs> has joined #KG_Market
2014-01-23T19:26:24  *** Povratnik012 <Povratnik012!cgiirc@Rizon-C96C812B.dynamic.isp.telekom.rs> has left #KG_Market
2014-01-24T02:33:50  *** Crazy_Hospy is now known as Crazy_Hospy_Away
2014-01-24T09:02:35  *** Crazy_Hospy_Away is now known as Crazy_Hospy
2014-01-24T10:19:43  *** Crazy_Hospy is now known as Crazy_Hospy_Away
2014-01-24T16:18:07  *** Crazy_Hospy_Away is now known as Crazy_Hospy
2014-01-24T16:46:20  *** eRepublikBot <eRepublikBot!~KraljevaG@FDFDB705.BFECDD3B.214689AC.IP> has joined #KG_Market
2014-01-24T16:46:21  <protector> [eRepublikBot] [20:51:29] <God_of_Blood> da li ima tvoh bot komande za ona pitanja [20:51:39] <DonVitoCorleone> Koja pitanja? o-O[20:51:54] <God_of_Blood> a ona sranja kakos e zove [20:52:07] <DonVitoCorleone> Kviz? [20:52:16] <God_of_Blood> kiviz jebo ga ti
2014-01-24T16:46:21  *** protector sets mode: +qo eRepublikBot eRepublikBot
2014-01-24T16:47:04  *** dfghj <dfghj!~Crazy_Hos@Rizon-5857137D.dynamic.isp.telekom.rs> has quit IRC ()
2014-01-24T16:47:36  *** Crazy_Hospy <Crazy_Hospy!~Crazy_Hos@Rizon-5857137D.dynamic.isp.telekom.rs> has joined #KG_Market
2014-01-24T16:48:01  *** protector sets mode: +v Crazy_Hospy
2014-01-24T16:56:35  <DonVitoCorleone> Crazy_Hospy  jesi dobar? xD
2014-01-24T16:56:47  <Crazy_Hospy> jebo split u dupe
2014-01-24T16:57:08  <DonVitoCorleone> xD
2014-01-24T17:02:26  *** Crazy_Hospy <Crazy_Hospy!~Crazy_Hos@Rizon-5857137D.dynamic.isp.telekom.rs> has quit IRC (Killed (irc.rizon.no (Nick collision (new))))
2014-01-24T17:02:26  *** Crazy_Hospy <Crazy_Hospy!Crazy_Hosp@Rizon-320A017E.rizonbnc.eu.rizon.net> has joined #KG_Market
2014-01-24T17:02:26  *** irc.rizon.no sets mode: +v Crazy_Hospy
2014-01-24T17:02:34  *** dfghj <dfghj!~Crazy_Hos@Rizon-5857137D.dynamic.isp.telekom.rs> has joined #KG_Market
2014-01-24T17:05:39  *** dfghj <dfghj!~Crazy_Hos@Rizon-5857137D.dynamic.isp.telekom.rs> has quit IRC ()
2014-01-24T17:09:08  *** Crazy_Hospy <Crazy_Hospy!Crazy_Hosp@Rizon-320A017E.rizonbnc.eu.rizon.net> has quit IRC (*.net *.split)
2014-01-24T18:19:27  *** Crazy_Hospy <Crazy_Hospy!Crazy_Hosp@Rizon-320A017E.rizonbnc.eu.rizon.net> has joined #KG_Market
2014-01-24T18:19:27  *** irc.rizon.no sets mode: +v Crazy_Hospy
2014-01-25T01:40:24  *** Crazy_Hospy is now known as Crazy_Hospy_Away
2014-01-25T09:07:58  *** Crazy_Hospy_Away is now known as Crazy_Hospy
2014-01-25T13:15:49  *** Crazy_Hospy is now known as Crazy_Hospy_Away
2014-01-25T13:55:36  *** Crazy_Hospy_Away is now known as Crazy_Hospy
2014-01-26T01:00:34  *** Crazy_Hospy is now known as Crazy_Hospy_Away
2014-01-26T13:09:08  *** eRepublikBot <eRepublikBot!~KraljevaG@FDFDB705.BFECDD3B.214689AC.IP> has joined #KG_Market
2014-01-26T13:09:09  <protector> [eRepublikBot] [20:51:29] <God_of_Blood> da li ima tvoh bot komande za ona pitanja [20:51:39] <DonVitoCorleone> Koja pitanja? o-O[20:51:54] <God_of_Blood> a ona sranja kakos e zove [20:52:07] <DonVitoCorleone> Kviz? [20:52:16] <God_of_Blood> kiviz jebo ga ti
2014-01-26T13:09:09  *** protector sets mode: +qo eRepublikBot eRepublikBot
2014-01-26T13:39:24  *** Crazy_Hospy_Away is now known as Crazy_Hospy
2014-01-26T19:24:11  *** Crazy_Hospy is now known as Crazy_Hospy_Away
2014-01-26T22:39:56  *** Crazy_Hospy_Away is now known as Crazy_Hospy
2014-01-27T01:58:09  *** Crazy_Hospy is now known as Crazy_Hospy_Away
2014-01-27T05:01:27  *** IFoXgaugdX <IFoXgaugdX!~ISTDrsOOC@64189DE5.D2B99EE.74435B0F.IP> has joined #KG_Market
2014-01-27T05:01:27  *** IFoXgaugdX <IFoXgaugdX!~ISTDrsOOC@64189DE5.D2B99EE.74435B0F.IP> has left #KG_Market
2014-01-27T07:15:29  *** DonVitoCorleone sets mode: +s 
2014-01-27T09:22:08  *** Crazy_Hospy_Away is now known as Crazy_Hospy
2014-01-27T15:53:07  *** Crazy_Hospy is now known as Crazy_Hospy_Away
2014-01-27T19:31:42  *** Crazy_Hospy_Away is now known as Crazy_Hospy
2014-01-27T23:35:17  *** Crazy_Hospy is now known as Crazy_Hospy_Away
2014-01-28T08:19:18  *** Crazy_Hospy_Away is now known as Crazy_Hospy
2014-01-28T13:04:15  *** dfghj <dfghj!~Crazy_Hos@Rizon-870C6264.dynamic.isp.telekom.rs> has joined #KG_Market
2014-01-28T13:08:17  *** dfghj <dfghj!~Crazy_Hos@Rizon-870C6264.dynamic.isp.telekom.rs> has quit IRC (Ping timeout: 240 seconds)
2014-01-28T15:57:48  *** Crazy_Hospy is now known as Crazy_Hospy_Busy
2014-01-28T18:08:11  *** Crazy_Hospy_Busy is now known as Crazy_Hospy
2014-01-28T18:53:21  *** Crazy_Hospy is now known as Crazy_Hospy_dinrtajm
2014-01-28T19:39:02  *** Crazy_Hospy_dinrtajm is now known as Crazy_Hospy
2014-01-28T20:05:26  *** Crazy_Hospy is now known as Crazy_Hospy_pejnkejkbejking
2014-01-28T20:46:32  *** Crazy_Hospy_pejnkejkbejking is now known as Crazy_Hospy
2014-01-28T23:58:03  *** Crazy_Hospy is now known as Crazy_Hospy_Away
2014-01-29T14:38:03  *** Crazy_Hospy_Away is now known as Crazy_Hospy
2014-01-29T17:21:55  *** Crazy_Hospy is now known as Crazy_Hospy_Away
2014-01-29T19:30:41  *** Crazy_Hospy_Away is now known as Crazy_Hospy
2014-01-30T00:02:34  *** Crazy_Hospy is now known as Crazy_Hospy_Away
2014-01-30T01:24:19  *** eRepublikBot <eRepublikBot!~KraljevaG@FDFDB705.BFECDD3B.214689AC.IP> has joined #KG_Market
2014-01-30T01:24:19  <protector> [eRepublikBot] [20:51:29] <God_of_Blood> da li ima tvoh bot komande za ona pitanja [20:51:39] <DonVitoCorleone> Koja pitanja? o-O[20:51:54] <God_of_Blood> a ona sranja kakos e zove [20:52:07] <DonVitoCorleone> Kviz? [20:52:16] <God_of_Blood> kiviz jebo ga ti
2014-01-30T01:24:19  *** protector sets mode: +qo eRepublikBot eRepublikBot
2014-01-30T10:23:13  *** eRepublikBot <eRepublikBot!~KraljevaG@FDFDB705.BFECDD3B.214689AC.IP> has joined #KG_Market
2014-01-30T10:23:14  <protector> [eRepublikBot] [20:51:29] <God_of_Blood> da li ima tvoh bot komande za ona pitanja [20:51:39] <DonVitoCorleone> Koja pitanja? o-O[20:51:54] <God_of_Blood> a ona sranja kakos e zove [20:52:07] <DonVitoCorleone> Kviz? [20:52:16] <God_of_Blood> kiviz jebo ga ti
2014-01-30T10:23:14  *** protector sets mode: +qo eRepublikBot eRepublikBot
2014-01-30T13:39:23  *** Crazy_Hospy is now known as Crazy_Hospy_Away
2014-01-30T20:24:36  *** Crazy_Hospy_Away is now known as Crazy_Hospy
2014-01-30T22:11:45  *** Crazy_Hospy is now known as Crazy_Hospy_Busy
2014-01-30T23:36:33  *** Crazy_Hospy_Busy is now known as Crazy_Hospy_Away
2014-01-31T09:06:36  *** Crazy_Hospy_Away is now known as Crazy_Hospy
2014-01-31T09:54:32  *** Crazy_Hospy is now known as Crazy_Hospy_Busy
2014-01-31T17:16:11  *** Crazy_Hospy_Busy is now known as Crazy_Hospy
2014-01-31T20:18:20  *** Crazy_Hospy is now known as Crazy_Hospy_dinrtajm
2014-01-31T20:38:13  *** Crazy_Hospy_dinrtajm is now known as Crazy_Hospy
2014-02-01T01:55:32  *** Crazy_Hospy is now known as Crazy_Hospy_Away
2014-02-01T09:07:51  *** Crazy_Hospy_Away is now known as Crazy_Hospy
2014-02-01T10:10:51  *** Crazy_Hospy is now known as Crazy_Hospy_Away
2014-02-01T17:27:53  *** Crazy_Hospy_Away is now known as Crazy_Hospy
2014-02-01T17:41:18  *** Crazy_Hospy is now known as Crazy_Hospy_Busy
2014-02-01T22:18:04  *** Crazy_Hospy_Busy is now known as Crazy_Hospy
2014-02-01T23:53:27  *** Crazy_Hospy is now known as Crazy_Hospy_Away
2014-02-02T09:25:21  *** Crazy_Hospy_Away is now known as Crazy_Hospy
2014-02-02T09:28:42  *** Crazy_Hospy is now known as Crazy_Hospy_Away
2014-02-02T14:23:43  *** Crazy_Hospy_Away is now known as Crazy_Hospy
2014-02-02T14:27:21  *** Crazy_Hospy is now known as Crazy_Hospy_Busy
2014-02-02T16:35:46  *** Crazy_Hospy_Busy is now known as Crazy_Hospy
2014-02-02T16:48:57  *** Crazy_Hospy is now known as Crazy_Hospy_Away
2014-02-02T18:21:43  *** Crazy_Hospy_Away is now known as Crazy_Hospy
2014-02-03T00:17:55  *** Crazy_Hospy is now known as Crazy_Hospy_Away
2014-02-03T14:01:06  *** Crazy_Hospy_Away is now known as Crazy_Hospy
2014-02-03T14:05:49  *** Crazy_Hospy is now known as Crazy_Hospy_Away
2014-02-03T20:04:08  *** Crazy_Hospy_Away is now known as Crazy_Hospy
2014-02-03T23:40:02  *** Crazy_Hospy is now known as Crazy_Hospy_Away
2014-02-04T09:07:49  *** Crazy_Hospy_Away is now known as Crazy_Hospy
2014-02-04T19:21:33  *** Crazy_Hospy is now known as Crazy_Hospy_brb
2014-02-04T19:26:21  *** Crazy_Hospy_brb is now known as Crazy_Hospy
2014-02-05T02:04:00  *** Crazy_Hospy is now known as Crazy_Hospy_Away
2014-02-05T12:59:40  *** eRepublikBot <eRepublikBot!~KraljevaG@FDFDB705.BFECDD3B.214689AC.IP> has joined #KG_Market
2014-02-05T12:59:40  <protector> [eRepublikBot] [20:51:29] <God_of_Blood> da li ima tvoh bot komande za ona pitanja [20:51:39] <DonVitoCorleone> Koja pitanja? o-O[20:51:54] <God_of_Blood> a ona sranja kakos e zove [20:52:07] <DonVitoCorleone> Kviz? [20:52:16] <God_of_Blood> kiviz jebo ga ti
2014-02-05T12:59:40  *** protector sets mode: +qo eRepublikBot eRepublikBot
2014-02-05T22:32:41  *** Crazy_Hospy is now known as Crazy_Hospy_Busy
2014-02-05T23:56:05  *** Crazy_Hospy_Busy is now known as Crazy_Hospy
2014-02-06T02:14:29  *** eRepublikBot <eRepublikBot!~KraljevaG@FDFDB705.BFECDD3B.214689AC.IP> has joined #KG_Market
2014-02-06T02:14:29  <protector> [eRepublikBot] [20:51:29] <God_of_Blood> da li ima tvoh bot komande za ona pitanja [20:51:39] <DonVitoCorleone> Koja pitanja? o-O[20:51:54] <God_of_Blood> a ona sranja kakos e zove [20:52:07] <DonVitoCorleone> Kviz? [20:52:16] <God_of_Blood> kiviz jebo ga ti
2014-02-06T02:14:29  *** protector sets mode: +qo eRepublikBot eRepublikBot
2014-02-06T09:48:11  *** Crazy_Hospy_Away is now known as Crazy_Hospy
2014-02-06T09:48:27  *** Crazy_Hospy is now known as Crazy_Hospy_Away
2014-02-06T12:20:51  *** Crazy_Hospy_Away is now known as Crazy_Hospy
2014-02-06T12:21:19  *** Crazy_Hospy is now known as Crazy_Hospy_Away
2014-02-06T14:35:10  *** Crazy_Hospy_Away is now known as Crazy_Hospy
2014-02-06T14:42:50  *** Crazy_Hospy is now known as Crazy_Hospy_Busy
2014-02-06T17:02:18  *** Crazy_Hospy_Busy is now known as Crazy_Hospy
2014-02-06T20:31:06  *** eRepublikBot <eRepublikBot!~KraljevaG@FDFDB705.BFECDD3B.214689AC.IP> has joined #KG_Market
2014-02-06T20:31:06  <protector> [eRepublikBot] [20:51:29] <God_of_Blood> da li ima tvoh bot komande za ona pitanja [20:51:39] <DonVitoCorleone> Koja pitanja? o-O[20:51:54] <God_of_Blood> a ona sranja kakos e zove [20:52:07] <DonVitoCorleone> Kviz? [20:52:16] <God_of_Blood> kiviz jebo ga ti
2014-02-06T20:31:06  *** protector sets mode: +qo eRepublikBot eRepublikBot
2014-02-06T20:35:35  *** eRepublikBot <eRepublikBot!~KraljevaG@FDFDB705.BFECDD3B.214689AC.IP> has joined #KG_Market
2014-02-06T20:35:36  <protector> [eRepublikBot] [20:51:29] <God_of_Blood> da li ima tvoh bot komande za ona pitanja [20:51:39] <DonVitoCorleone> Koja pitanja? o-O[20:51:54] <God_of_Blood> a ona sranja kakos e zove [20:52:07] <DonVitoCorleone> Kviz? [20:52:16] <God_of_Blood> kiviz jebo ga ti
2014-02-06T20:35:36  *** protector sets mode: +qo eRepublikBot eRepublikBot
2014-02-07T00:11:24  *** Crazy_Hospy is now known as Crazy_Hospy_Away
2014-02-07T01:23:04  *** eRepublikBot <eRepublikBot!~KraljevaG@FDFDB705.BFECDD3B.214689AC.IP> has joined #KG_Market
2014-02-07T01:23:04  <protector> [eRepublikBot] [20:51:29] <God_of_Blood> da li ima tvoh bot komande za ona pitanja [20:51:39] <DonVitoCorleone> Koja pitanja? o-O[20:51:54] <God_of_Blood> a ona sranja kakos e zove [20:52:07] <DonVitoCorleone> Kviz? [20:52:16] <God_of_Blood> kiviz jebo ga ti
2014-02-07T01:23:05  *** protector sets mode: +qo eRepublikBot eRepublikBot
2014-02-07T09:28:53  *** Crazy_Hospy_Away is now known as Crazy_Hospy
2014-02-07T12:34:38  *** Crazy_Hospy is now known as Crazy_Hospy_Busy
2014-02-07T12:40:21  *** eRepublikBot` <eRepublikBot`!~KraljevaG@Rizon-430B911A.e-code.in> has joined #KG_Market
2014-02-07T12:40:24  *** eRepublikBot` <eRepublikBot`!~KraljevaG@FDFDB705.BFECDD3B.214689AC.IP> has joined #KG_Market
2014-02-07T12:40:24  *** eRepublikBot <eRepublikBot!~KraljevaG@Rizon-430B911A.e-code.in> has quit IRC (Killed (NickServ (GHOST command used by eRepublikBot`)))
2014-02-07T12:40:25  *** eRepublikBot` is now known as eRepublikBot
2014-02-07T12:40:25  *** protector sets mode: +qo eRepublikBot eRepublikBot
2014-02-07T14:08:39  *** Crazy_Hospy_Busy is now known as Crazy_Hospy
2014-02-07T16:41:39  *** Crazy_Hospy is now known as Crazy_Hospy_Away
2014-02-07T18:42:21  *** Crazy_Hospy_Away is now known as Crazy_Hospy
2014-02-07T22:16:03  *** Crazy_Hospy is now known as Crazy_Hospy_Away
2014-02-08T01:25:45  *** eRepublikBot` <eRepublikBot`!~KraljevaG@FDFDB705.BFECDD3B.214689AC.IP> has joined #KG_Market
2014-02-08T01:25:49  *** eRepublikBot` <eRepublikBot`!~KraljevaG@FDFDB705.BFECDD3B.214689AC.IP> has joined #KG_Market
2014-02-08T01:25:49  *** eRepublikBot <eRepublikBot!~KraljevaG@FDFDB705.BFECDD3B.214689AC.IP> has quit IRC (Killed (NickServ (GHOST command used by eRepublikBot`)))
2014-02-08T01:25:49  *** eRepublikBot` is now known as eRepublikBot
2014-02-08T01:25:50  *** protector sets mode: +qo eRepublikBot eRepublikBot
2014-02-08T01:25:53  *** eRepublikBot` <eRepublikBot`!~KraljevaG@FDFDB705.BFECDD3B.214689AC.IP> has joined #KG_Market
2014-02-08T01:27:37  *** eRepublikBot` <eRepublikBot`!~KraljevaG@FDFDB705.BFECDD3B.214689AC.IP> has quit IRC ()
2014-02-08T01:28:04  *** xbot` <xbot`!~KraljevaG@FDFDB705.BFECDD3B.214689AC.IP> has joined #KG_Market
2014-02-08T15:05:16  *** xbot` <xbot`!~KraljevaG@FDFDB705.BFECDD3B.214689AC.IP> has quit IRC (Quit: Making changes)
2014-02-08T21:09:55  *** eRepublikBot <eRepublikBot!~KraljevaG@FDFDB705.BFECDD3B.214689AC.IP> has joined #KG_Market
2014-02-08T21:09:56  <protector> [eRepublikBot] [20:51:29] <God_of_Blood> da li ima tvoh bot komande za ona pitanja [20:51:39] <DonVitoCorleone> Koja pitanja? o-O[20:51:54] <God_of_Blood> a ona sranja kakos e zove [20:52:07] <DonVitoCorleone> Kviz? [20:52:16] <God_of_Blood> kiviz jebo ga ti
2014-02-08T21:09:56  *** protector sets mode: +qo eRepublikBot eRepublikBot
2014-02-08T21:14:53  *** eRepublikBot <eRepublikBot!~KraljevaG@FDFDB705.BFECDD3B.214689AC.IP> has joined #KG_Market
2014-02-08T21:14:53  <protector> [eRepublikBot] [20:51:29] <God_of_Blood> da li ima tvoh bot komande za ona pitanja [20:51:39] <DonVitoCorleone> Koja pitanja? o-O[20:51:54] <God_of_Blood> a ona sranja kakos e zove [20:52:07] <DonVitoCorleone> Kviz? [20:52:16] <God_of_Blood> kiviz jebo ga ti
2014-02-08T21:14:53  *** protector sets mode: +qo eRepublikBot eRepublikBot
2014-02-08T21:19:16  *** eRepublikBot <eRepublikBot!~KraljevaG@FDFDB705.BFECDD3B.214689AC.IP> has joined #KG_Market
2014-02-08T21:19:16  <protector> [eRepublikBot] [20:51:29] <God_of_Blood> da li ima tvoh bot komande za ona pitanja [20:51:39] <DonVitoCorleone> Koja pitanja? o-O[20:51:54] <God_of_Blood> a ona sranja kakos e zove [20:52:07] <DonVitoCorleone> Kviz? [20:52:16] <God_of_Blood> kiviz jebo ga ti
2014-02-08T21:19:16  *** protector sets mode: +qo eRepublikBot eRepublikBot
2014-02-08T23:14:52  *** Crazy_Hospy_Busy is now known as Crazy_Hospy
2014-02-08T23:58:42  *** Crazy_Hospy is now known as Crazy_Hospy_Away
2014-02-09T12:54:22  *** Crazy_Hospy_Away is now known as Crazy_Hospy
2014-02-09T13:49:15  *** Crazy_Hospy is now known as Crazy_Hospy_Away
2014-02-09T14:40:32  *** Crazy_Hospy_Away is now known as Crazy_Hospy
2014-02-09T18:31:13  *** newbie|4 <newbie|4!~kvirc@Rizon-11185133.dynamic.isp.telekom.rs> has joined #KG_Market
2014-02-09T18:31:19  <newbie|4>  AJKULE_Nacika [~kvirc@Rizon-6A943DC4.cpe.vektor.net] is now known as Nacika
2014-02-09T18:31:21  <newbie|4> [18:24:53] victor [papania@Rizon-F281ABF.bham.res.rr.com] has joined #iTrade
2014-02-09T18:31:23  <newbie|4> [18:24:57] NikolaPartizan [~p9c4z7p5o@Rizon-E904B418.dynamic.isp.telekom.rs] is now known as NikolaPartizan_afk
2014-02-09T18:31:25  <newbie|4> [18:25:27] [VeS]Legija|Evelet007 [~Evelet007@Rizon-8A5A20B4.dynamic.isp.telekom.rs] is now known as Evelet007
2014-02-09T18:31:27  <newbie|4> [18:25:54] <@G-Bot>  Attention! Most recent scammers: Godfather Corleone & basat. Make sure you dont trade with them!
2014-02-09T18:31:40  *** newbie|4 <newbie|4!~kvirc@Rizon-11185133.dynamic.isp.telekom.rs> has quit IRC ()
2014-02-09T18:33:08  <Crazy_Hospy> ll
2014-02-09T18:38:53  <Crazy_Hospy> kako kick ban i to
2014-02-09T18:39:06  <Crazy_Hospy> a da vidim ban listu kanala
2014-02-09T19:01:22  <Crazy_Hospy> DonVitoCorleone,eRepublikBot,protector,Crazy_Hospy >>>>>>>>>>>>>>KK<<<<<<<<<<<<<<
2014-02-09T19:03:20  <Crazy_Hospy> YouTube - ELITNI ODREDI - NE KOCI (OFFICIAL VIDEO) - Link: http://www.youtube.com/watch?v=b9k889LgJp0 - Rating: 4,6/5, Votes: 52962, uploaded on 21/08/2012 11:21:53
2014-02-09T19:04:55  <Crazy_Hospy> YouTube - Vuco-Volim piti i ljubiti - Link: http://www.youtube.com/watch?v=GhVBYY6o7Nc - Rating: 4,7/5, Votes: 1985, uploaded on 29/08/2007 18:54:26
2014-02-09T19:17:50  <Crazy_Hospy> OS: Microsoft Windows 7 Ultimate  | CPU: Intel(R) Core(TM) i3 CPU       M 350  @ 2.27GHz @ 2.266GHz | Mem: 1836MB/3072MB 60% used | Swap: 2317MB/5865MB used | HDD: Total: 298GB Free: 71GB Used: 76% | Net: 307.16MB in 400.11MB out on Broadcom 4313 802.11b/g/n | Display:  x  @ 60Hz on ATI Mobility Radeon HD 5470 | Procs: 84 | UpTime: 0d 1:20:3
2014-02-09T19:18:27  <Crazy_Hospy> E, imam li ja onu mreznu karticu pomocu koje mogu razbiti wep proteksn
2014-02-09T19:20:16  <Crazy_Hospy> My Uptime is: 0d 1h 22m 29s
2014-02-09T19:20:39  <DonVitoCorleone> nisam ni ja puno bolji
2014-02-09T19:20:40  <DonVitoCorleone> Ja msm
2014-02-09T19:20:56  <DonVitoCorleone> My Uptime is: 1d 1h 42m 28s
2014-02-09T19:22:40  * Crazy_Hospy is Laughing Out Loud
2014-02-09T19:22:43  * Crazy_Hospy is Rolling On Floor Laughing
2014-02-09T19:22:45  * Crazy_Hospy is Rolling On Floor Laughing My F***ing A** Off
2014-02-09T19:23:32  * Crazy_Hospy je glas naroda a narod je uvek u pravu!
2014-02-09T19:35:07  * Crazy_Hospy is Laughing Out Loud
2014-02-09T19:35:08  <Crazy_Hospy> lol
2014-02-09T19:35:08  <Crazy_Hospy> lol
2014-02-09T19:35:10  <Crazy_Hospy> asg
2014-02-09T19:35:10  <Crazy_Hospy> asg
2014-02-09T19:35:10  <Crazy_Hospy> asg
2014-02-09T19:35:10  <Crazy_Hospy> asg
2014-02-09T19:35:11  <Crazy_Hospy> xD
2014-02-09T19:35:11  <Crazy_Hospy> xD
2014-02-09T19:35:12  <Crazy_Hospy> xD
2014-02-09T19:35:12  <Crazy_Hospy> xD
2014-02-09T19:35:13  *** Crazy_Hospy was kicked by eRepublikBot (message flood detected)
2014-02-09T19:37:46  *** Crazy_Hospy <Crazy_Hospy!Crazy_Hosp@Rizon-320A017E.rizonbnc.eu.rizon.net> has joined #KG_Market
2014-02-09T19:37:46  *** protector sets mode: +v Crazy_Hospy
2014-02-09T19:37:52  * Crazy_Hospy is Laughing Out Loud
2014-02-09T19:38:23  * Crazy_Hospy is Laughing Out Loud
2014-02-09T19:38:52  * Crazy_Hospy is Laughing Out Loud
2014-02-09T19:38:55  <Crazy_Hospy> kk
2014-02-09T19:39:42  <DonVitoCorleone> brb
2014-02-09T19:43:11  <Crazy_Hospy> jebes ti ovaj kvirc, 2 minuta mu treba da otvori gromovnici log od 50 mb xD i da, je l' on sad meni nastavlja log sa gromovnika na taj stari log ili pravi nov?
2014-02-09T19:46:19  <DonVitoCorleone> Zavisi
2014-02-09T19:46:35  <DonVitoCorleone> Ako promenis sve logove sa mIRC kao ja onaj za lab sto sam menjao onda ce da nastavi
2014-02-09T19:47:16  <DonVitoCorleone> I da, KVIrc razdvaja sve po datumima fino
2014-02-09T19:47:42  <DonVitoCorleone> Kad otvoris imas ime kanala, kad kliknes na njega dobijes datume logova
2014-02-09T19:47:52  <Crazy_Hospy> e jbm te ja, da si mi to rekao ranije ne bih ni prelazio :P sta sad, ako hocu da mi nastavlja, moram editovati svaki log kanala koji hocu da mi nastavlja?
2014-02-09T19:48:50  <DonVitoCorleone> Ama bre imaces logove sa mirca u to Others
2014-02-09T19:49:05  <DonVitoCorleone> A ovi novi ce ici Channel, Queries, Console
2014-02-09T19:49:11  <DonVitoCorleone> I imaces po imenima i datumima
2014-02-09T19:50:41  <Crazy_Hospy> cek da ja to proverim, posto sada imam samo onu alabaniju valjda ce restartum kvirca ubaciti nove, de sta treba, samo ga upalim i konektuje se?
2014-02-09T19:51:08  <DonVitoCorleone> Treba da ugasis Log tab i da otvoris opet da prihvati promene logova
2014-02-09T19:51:45  <DonVitoCorleone> A mozes da promenis na koliko se radi update sam
2014-02-09T19:51:49  <DonVitoCorleone> Meni je na 30m
2014-02-09T19:52:49  <Crazy_Hospy> moram ove boje sve menjati inace cu popizdeti ako ga ovakvog budem koristio :D
2014-02-09T19:53:33  <Crazy_Hospy>  <Crazy_Hospy> Saliery,  ne moze, e sad ne znam, ovo sto dobijas na 1k poena 60 coksi to je malo, ne verujem da moze
2014-02-09T19:53:35  <Crazy_Hospy> [19:46:16] <~Gresnik>     -    
2014-02-09T19:53:37  <Crazy_Hospy> [19:51:07] Saliery [~Mibbit@Saliery.TheGreat] has quit IRC:
2014-02-09T19:53:41  <Crazy_Hospy> ne vidim gresnika -_-
2014-02-09T19:54:25  <DonVitoCorleone> A?
2014-02-09T19:54:36  <DonVitoCorleone> Sta ne vidis gresnika?
2014-02-09T19:54:39  <DonVitoCorleone> Gde ga ne vidis?
2014-02-09T19:55:29  <Crazy_Hospy> ne vidim ga na #gromovnici kad kuca cirilicom
2014-02-09T19:55:43  <Crazy_Hospy> tj ono sto je napisao ne vidim
2014-02-09T19:56:15  <Crazy_Hospy> i ajd pinguj me ovde da vidim izbaci li mi negde da si me cimao na ovom kanalu
2014-02-09T19:56:30  <DonVitoCorleone> E za to moras da izadjes sa KVIrc -a, to je ono UTF sto sam stavio
2014-02-09T19:56:35  <DonVitoCorleone> Crazy_Hospy
2014-02-09T19:56:53  <Crazy_Hospy> nope :(
2014-02-09T19:57:01  <DonVitoCorleone> Alert level
2014-02-09T19:57:04  <DonVitoCorleone> Boja kanala
2014-02-09T19:57:16  <DonVitoCorleone> Da si ostavio sve custom bio bi crven kanal
2014-02-09T19:57:17  <Crazy_Hospy> jebo boju hocu ono hajlajts s zvuk bre :D
2014-02-09T19:57:29  <DonVitoCorleone> Za zvuk sam ti rekao da cemo stimati
2014-02-09T19:57:42  <DonVitoCorleone> A pokusaj da odes na browser a ja da te pingujem
2014-02-09T19:57:46  <Crazy_Hospy> ok, odoh da hasam, znaci upalim kvirc i sam se konektuje?
2014-02-09T19:57:49  <Crazy_Hospy> aj
2014-02-09T19:57:56  <DonVitoCorleone> Crazy_Hospy
2014-02-09T19:57:58  <DonVitoCorleone> Crazy_Hospy
2014-02-09T19:57:58  <DonVitoCorleone> Crazy_Hospy
2014-02-09T19:57:58  <DonVitoCorleone> Crazy_Hospy
2014-02-09T19:57:58  <DonVitoCorleone> Crazy_Hospy
2014-02-09T19:57:59  <DonVitoCorleone> Crazy_Hospy
2014-02-09T19:57:59  <DonVitoCorleone> Crazy_Hospy
2014-02-09T19:58:05  <Crazy_Hospy> aham iskace dole desno
2014-02-09T19:58:16  <DonVitoCorleone> I treperi ikona dole
2014-02-09T19:58:18  <Crazy_Hospy> korisno ^_^
2014-02-09T19:58:20  <DonVitoCorleone> Ako nije sakrivena
2014-02-09T19:58:27  <DonVitoCorleone> I tu mozes odmah i da odgovoris
2014-02-09T19:58:32  <DonVitoCorleone> Samo kucas na onu malu liniju
2014-02-09T19:58:50  <DonVitoCorleone> Za zvuk mozemo da sredimo kad odradim podelu
2014-02-09T19:59:12  <DonVitoCorleone> Samoprebaci zvukove koje hoces da koristis za koju vrstu poruke u C:\Kvirc_Zvukovi
2014-02-09T19:59:23  <DonVitoCorleone> I neka budu sve jedna rec ili gde ide razmak stavi _
2014-02-09T19:59:28  <DonVitoCorleone> Mrzi me da sredjujem path
2014-02-09T19:59:38  <DonVitoCorleone> I neka budu mp3 ili wav
2014-02-09T20:01:22  <Crazy_Hospy> odoh ja da hasam
2014-02-09T20:40:20  *** Crazy_Hospy is now known as Crazy_Hospy_drug_time
2014-02-09T21:42:50  *** Crazy_Hospy_drug_time is now known as Crazy_Hospy
2014-02-10T00:57:58  *** Crazy_Hospy is now known as Crazy_Hospy_Away
2014-02-10T09:20:30  *** Crazy_Hospy_Away is now known as Crazy_Hospy
2014-02-10T11:42:59  *** Crazy_Hospy is now known as Crazy_Hospy_Away
2014-02-10T15:39:07  *** Crazy_Hospy_Away is now known as Crazy_Hospy
2014-02-10T16:02:19  *** Crazy_Hospy is now known as Crazy_Hospy_Busy
2014-02-10T17:39:39  *** Crazy_Hospy_Busy is now known as Crazy_Hospy_Away
2014-02-10T19:43:08  *** Crazy_Hospy_Away is now known as Crazy_Hospy
2014-02-11T04:46:42  *** eRepublikBot <eRepublikBot!~KraljevaG@FDFDB705.BFECDD3B.214689AC.IP> has joined #KG_Market
2014-02-11T04:46:43  <protector> [eRepublikBot] [20:51:29] <God_of_Blood> da li ima tvoh bot komande za ona pitanja [20:51:39] <DonVitoCorleone> Koja pitanja? o-O[20:51:54] <God_of_Blood> a ona sranja kakos e zove [20:52:07] <DonVitoCorleone> Kviz? [20:52:16] <God_of_Blood> kiviz jebo ga ti
2014-02-11T04:46:43  *** protector sets mode: +qo eRepublikBot eRepublikBot
2014-02-11T04:57:01  *** eRepublikBot <eRepublikBot!~KraljevaG@FDFDB705.BFECDD3B.214689AC.IP> has joined #KG_Market
2014-02-11T04:57:02  <protector> [eRepublikBot] [20:51:29] <God_of_Blood> da li ima tvoh bot komande za ona pitanja [20:51:39] <DonVitoCorleone> Koja pitanja? o-O[20:51:54] <God_of_Blood> a ona sranja kakos e zove [20:52:07] <DonVitoCorleone> Kviz? [20:52:16] <God_of_Blood> kiviz jebo ga ti
2014-02-11T04:57:02  *** protector sets mode: +qo eRepublikBot eRepublikBot
2014-02-11T05:04:28  *** eRepublikBot` <eRepublikBot`!~KraljevaG@FDFDB705.BFECDD3B.214689AC.IP> has joined #KG_Market
2014-02-11T05:04:42  *** eRepublikBot` is now known as eRepublikBot
2014-02-11T05:04:51  *** protector sets mode: +qo eRepublikBot eRepublikBot
2014-02-11T05:12:39  *** eRepublikBot <eRepublikBot!~KraljevaG@FDFDB705.BFECDD3B.214689AC.IP> has joined #KG_Market
2014-02-11T05:12:39  <protector> [eRepublikBot] [20:51:29] <God_of_Blood> da li ima tvoh bot komande za ona pitanja [20:51:39] <DonVitoCorleone> Koja pitanja? o-O[20:51:54] <God_of_Blood> a ona sranja kakos e zove [20:52:07] <DonVitoCorleone> Kviz? [20:52:16] <God_of_Blood> kiviz jebo ga ti
2014-02-11T05:12:39  *** protector sets mode: +qo eRepublikBot eRepublikBot
2014-02-11T05:19:09  *** eRepublikBot <eRepublikBot!~KraljevaG@FDFDB705.BFECDD3B.214689AC.IP> has joined #KG_Market
2014-02-11T05:19:09  <protector> [eRepublikBot] [20:51:29] <God_of_Blood> da li ima tvoh bot komande za ona pitanja [20:51:39] <DonVitoCorleone> Koja pitanja? o-O[20:51:54] <God_of_Blood> a ona sranja kakos e zove [20:52:07] <DonVitoCorleone> Kviz? [20:52:16] <God_of_Blood> kiviz jebo ga ti
2014-02-11T05:19:09  *** protector sets mode: +qo eRepublikBot eRepublikBot
2014-02-11T05:35:05  *** eRepublikBot <eRepublikBot!~KraljevaG@FDFDB705.BFECDD3B.214689AC.IP> has joined #KG_Market
2014-02-11T05:35:05  <protector> [eRepublikBot] [20:51:29] <God_of_Blood> da li ima tvoh bot komande za ona pitanja [20:51:39] <DonVitoCorleone> Koja pitanja? o-O[20:51:54] <God_of_Blood> a ona sranja kakos e zove [20:52:07] <DonVitoCorleone> Kviz? [20:52:16] <God_of_Blood> kiviz jebo ga ti
2014-02-11T05:35:05  *** protector sets mode: +qo eRepublikBot eRepublikBot
2014-02-11T05:58:51  *** eRepublikBot <eRepublikBot!~KraljevaG@FDFDB705.BFECDD3B.214689AC.IP> has joined #KG_Market
2014-02-11T05:58:51  <protector> [eRepublikBot] [20:51:29] <God_of_Blood> da li ima tvoh bot komande za ona pitanja [20:51:39] <DonVitoCorleone> Koja pitanja? o-O[20:51:54] <God_of_Blood> a ona sranja kakos e zove [20:52:07] <DonVitoCorleone> Kviz? [20:52:16] <God_of_Blood> kiviz jebo ga ti
2014-02-11T05:58:51  *** protector sets mode: +qo eRepublikBot eRepublikBot
2014-02-11T09:07:06  *** Crazy_Hospy_Away is now known as Crazy_Hospy
2014-02-11T10:14:55  *** Crazy_Hospy is now known as Crazy_Hospy_Busy
2014-02-11T11:57:57  *** Crazy_Hospy_Busy <Crazy_Hospy_Busy!Crazy_Hosp@Rizon-320A017E.rizonbnc.eu.rizon.net> has quit IRC (*.net *.split)
2014-02-11T11:57:57  *** protector <protector!protector@lovelyaniverse.tk> has quit IRC (*.net *.split)
2014-02-11T11:57:57  *** DonVitoCorleone <DonVitoCorleone!~KG@Drzi.Prijatelje.BlizuA.Neprijatelje.Jos.Blize> has quit IRC (*.net *.split)
2014-02-11T12:00:45  *** protector <protector!protector@lovelyaniverse.tk> has joined #KG_Market
2014-02-11T12:00:45  *** DonVitoCorleone <DonVitoCorleone!~KG@Drzi.Prijatelje.BlizuA.Neprijatelje.Jos.Blize> has joined #KG_Market
2014-02-11T12:00:45  *** irc.x2x.cc sets mode: +oqo protector DonVitoCorleone DonVitoCorleone
2014-02-11T12:07:32  *** Crazy_Hospy_Busy <Crazy_Hospy_Busy!Crazy_Hosp@Rizon-320A017E.rizonbnc.eu.rizon.net> has joined #KG_Market
2014-02-11T12:07:32  *** irc.x2x.cc sets mode: +v Crazy_Hospy_Busy
2014-02-11T13:49:25  *** Crazy_Hospy_Busy is now known as Crazy_Hospy_Away
2014-02-11T14:17:29  *** eRepublikBot <eRepublikBot!~KraljevaG@FDFDB705.BFECDD3B.214689AC.IP> has joined #KG_Market
2014-02-11T14:17:29  <protector> [eRepublikBot] [20:51:29] <God_of_Blood> da li ima tvoh bot komande za ona pitanja [20:51:39] <DonVitoCorleone> Koja pitanja? o-O[20:51:54] <God_of_Blood> a ona sranja kakos e zove [20:52:07] <DonVitoCorleone> Kviz? [20:52:16] <God_of_Blood> kiviz jebo ga ti
2014-02-11T14:17:29  *** protector sets mode: +qo eRepublikBot eRepublikBot
2014-02-11T19:08:50  *** Crazy_Hospy_Away is now known as Crazy_Hospy
2014-02-11T19:09:50  *** Crazy_Hospy is now known as Guest4752
2014-02-11T19:15:18  *** Guest4752 is now known as Crazy_Hospy
2014-02-12T00:27:03  *** Crazy_Hospy is now known as Crazy_Hospy_Away
2014-02-12T09:39:47  *** Crazy_Hospy_Away is now known as Crazy_Hospy
2014-02-12T13:38:50  *** Crazy_Hospy is now known as Crazy_Hospy_Away
2014-02-12T20:20:07  *** Crazy_Hospy_Away is now known as Crazy_Hospy
2014-02-12T21:07:29  *** Crazy_Hospy is now known as Crazy_Hospy_Brb
2014-02-12T21:31:10  *** Crazy_Hospy_Brb is now known as Crazy_Hospy
2014-02-12T22:06:00  *** Crazy_Hospy is now known as Crazy_Hospy_Away
2014-02-13T00:24:18  <DonVitoCorleone> +newinsta http://irc.netsplit.de/networks/top100.php
2014-02-13T00:24:29  <DonVitoCorleone> +instanew http://irc.netsplit.de/networks/top100.php
2014-02-13T00:24:33  <DonVitoCorleone> +addinsta http://irc.netsplit.de/networks/top100.php
2014-02-13T00:24:38  <DonVitoCorleone> +instaadd http://irc.netsplit.de/networks/top100.php
2014-02-13T00:25:48  <DonVitoCorleone> +apropos insta
2014-02-13T00:25:58  *** KG-Bot <KG-Bot!~KG@Kraljeva.Garda.official.bot> has joined #KG_Market
2014-02-13T00:25:59  <protector> [KG-Bot] [20:51:29] <God_of_Blood> da li ima tvoh bot komande za ona pitanja [20:51:39] <DonVitoCorleone> Koja pitanja? o-O[20:51:54] <God_of_Blood> a ona sranja kakos e zove [20:52:07] <DonVitoCorleone> Kviz? [20:52:16] <God_of_Blood> kiviz jebo ga ti
2014-02-13T00:25:59  *** protector sets mode: +qo KG-Bot KG-Bot
2014-02-13T00:26:01  <DonVitoCorleone> +apropos insta
2014-02-13T00:26:03  <KG-Bot> InstaPaper newinsta
2014-02-13T00:26:09  <DonVitoCorleone> +newinsta http://irc.netsplit.de/networks/top100.php
2014-02-13T00:26:13  <KG-Bot> New Insta has been created.
2014-02-13T00:26:24  <DonVitoCorleone> +newinsta https://forum.rizon.net/showthread.php?4505
2014-02-13T00:26:27  <KG-Bot> New Insta has been created.
2014-02-13T00:26:41  <DonVitoCorleone> +alias add ni "newinsta *"
2014-02-13T00:26:41  <KG-Bot> Done.
2014-02-13T00:26:46  <DonVitoCorleone> +ni https://forum.rizon.net/showthread.php?4505
2014-02-13T00:27:27  <DonVitoCorleone> +alias add ni "newinsta $*"
2014-02-13T00:27:27  <KG-Bot> Done.
2014-02-13T00:27:29  <DonVitoCorleone> +ni https://forum.rizon.net/showthread.php?4505
2014-02-13T00:27:31  <KG-Bot> New Insta has been created.
2014-02-13T00:27:41  <DonVitoCorleone> +ni https://github.com/KG-Bot
2014-02-13T00:27:43  <KG-Bot> New Insta has been created.
2014-02-13T00:27:51  <DonVitoCorleone> +ni http://worldoftanks.eu/game/
2014-02-13T00:27:53  <KG-Bot> New Insta has been created.
2014-02-13T00:28:01  <DonVitoCorleone> +ni https://eu.wargaming.net/developers/applications/
2014-02-13T00:28:04  <KG-Bot> New Insta has been created.
2014-02-13T00:28:08  <DonVitoCorleone> +ni https://eu.wargaming.net/developers/api_reference/wot/account/list/
2014-02-13T00:28:12  <KG-Bot> New Insta has been created.
2014-02-13T00:28:20  <DonVitoCorleone> +ni https://eu.wargaming.net/developers/api_explorer/wot/account/ratings/?application_id=demo&http_method=GET
2014-02-13T00:28:24  <KG-Bot> New Insta has been created.
2014-02-13T00:28:34  <DonVitoCorleone> +ni https://api.worldoftanks.eu/wot/account/ratings/?application_id=012d535daca8db423a440d15fa02558c&account_id=503226427
2014-02-13T00:28:37  <KG-Bot> New Insta has been created.
2014-02-13T00:28:43  <DonVitoCorleone> +ni http://www.unrealircd.com/
2014-02-13T00:28:46  <KG-Bot> New Insta has been created.
2014-02-13T00:28:53  <DonVitoCorleone> +ni www.irchelp.org/irchelp/ircd/numerics.html
2014-02-13T00:29:02  <DonVitoCorleone> +ni en.wikipedia.org/wiki/List_of_Internet_Relay_Chat_commands
2014-02-13T00:29:22  <DonVitoCorleone> +ni http://en.wikipedia.org/wiki/List_of_Internet_Relay_Chat_commands
2014-02-13T00:29:25  <KG-Bot> New Insta has been created.
2014-02-13T00:29:31  <DonVitoCorleone> +ni tools.ietf.org/html/rfc1459.html#section-2.4
2014-02-13T00:29:37  <DonVitoCorleone> +ni http://tools.ietf.org/html/rfc1459.html#section-2.4
2014-02-13T00:29:41  <KG-Bot> New Insta has been created.
2014-02-13T00:29:46  <DonVitoCorleone> +ni https://www.alien.net.au/irc/irc2numerics.html
2014-02-13T00:29:49  <KG-Bot> New Insta has been created.
2014-02-13T00:30:00  <DonVitoCorleone> +ni http://www.tutorialspoint.com/python/tk_radiobutton.htm
2014-02-13T00:30:03  <KG-Bot> New Insta has been created.
2014-02-13T00:30:10  <DonVitoCorleone> +ni http://www.wxpython.org/docs/api/
2014-02-13T00:30:15  <KG-Bot> New Insta has been created.
2014-02-13T00:30:22  <DonVitoCorleone> +ni http://docs.wxwidgets.org/2.8.4/wx_wxaboutdialoginfo.html#wxaboutdialoginfo
2014-02-13T00:30:24  <KG-Bot> New Insta has been created.
2014-02-13T00:30:29  <DonVitoCorleone> +ni http://wiki.wxpython.org/wxPython%20Cookbook
2014-02-13T00:30:33  <KG-Bot> New Insta has been created.
2014-02-13T00:30:38  <DonVitoCorleone> +ni http://www.taskcoach.org
2014-02-13T00:30:40  <KG-Bot> New Insta has been created.
2014-02-13T00:30:47  <DonVitoCorleone> +ni http://wiki.wxpython.org/Getting%20Started
2014-02-13T00:30:49  <KG-Bot> New Insta has been created.
2014-02-13T00:30:55  <DonVitoCorleone> +ni http://www.zetcode.com/wxpython/menustoolbars/
2014-02-13T00:30:57  <KG-Bot> New Insta has been created.
2014-02-13T00:31:05  <DonVitoCorleone> +ni http://wiki.wxpython.org/FullyFunctionalDemo
2014-02-13T00:31:10  <KG-Bot> New Insta has been created.
2014-02-13T00:31:14  <DonVitoCorleone> +ni http://wiki.wxpython.org/ObstacleCourse
2014-02-13T00:31:16  <KG-Bot> New Insta has been created.
2014-02-13T00:31:23  <DonVitoCorleone> +ni http://wiki.wxpython.org/How%20to%20Learn%20wxPython
2014-02-13T00:31:28  <KG-Bot> New Insta has been created.
2014-02-13T00:31:34  <DonVitoCorleone> +ni www.worldalpha.com/portal/dash
2014-02-13T00:31:49  <DonVitoCorleone> +ni http://www.worldalpha.com/portal/dash
2014-02-13T00:31:51  <KG-Bot> New Insta has been created.
2014-02-13T00:32:05  <DonVitoCorleone> +ni http://grebgreb.rs/instant-srecke/#1
2014-02-13T00:32:11  <KG-Bot> New Insta has been created.
2014-02-13T00:32:36  <DonVitoCorleone> +ni help.forumotion.com/t77104-how-to-make-a-stylish-legend
2014-02-13T00:32:40  <DonVitoCorleone> +ni http://help.forumotion.com/t77104-how-to-make-a-stylish-legend
2014-02-13T00:32:42  <KG-Bot> New Insta has been created.
2014-02-13T00:32:53  <DonVitoCorleone> +ni http://help.forumotion.com/t61210-list-of-tricks-tips
2014-02-13T00:32:56  <KG-Bot> New Insta has been created.
2014-02-13T00:33:05  <DonVitoCorleone> +ni http://help.forumotion.com/t10773-guide-to-mod-tools
2014-02-13T00:33:07  <KG-Bot> New Insta has been created.
2014-02-13T00:33:17  <DonVitoCorleone> +ni http://help.forumotion.com/t57477-how-to-use-the-templates
2014-02-13T00:33:19  <KG-Bot> New Insta has been created.
2014-02-13T00:33:52  <DonVitoCorleone> +ni http://www.2createawebsite.com/build/hex-colors.html
2014-02-13T00:33:55  <KG-Bot> New Insta has been created.
2014-02-13T00:34:03  <DonVitoCorleone> +ni http://css-tricks.com/almanac/properties/t/transform/
2014-02-13T00:34:05  <KG-Bot> New Insta has been created.
2014-02-13T00:34:28  <DonVitoCorleone> +ni http://www.w3schools.com/html/default.asp
2014-02-13T00:34:30  <KG-Bot> New Insta has been created.
2014-02-13T00:34:45  <DonVitoCorleone> +ni http://www.w3schools.com/css/default.asp
2014-02-13T00:34:47  <KG-Bot> New Insta has been created.
2014-02-13T00:34:52  <DonVitoCorleone> +ni http://www.w3schools.com/js/default.asp
2014-02-13T00:34:55  <KG-Bot> New Insta has been created.
2014-02-13T00:35:01  <DonVitoCorleone> +ni http://www.w3schools.com/jquery/default.asp
2014-02-13T00:35:03  <KG-Bot> New Insta has been created.
2014-02-13T00:35:07  <DonVitoCorleone> +ni http://www.w3schools.com/xml/default.asp
2014-02-13T00:35:10  <KG-Bot> New Insta has been created.
2014-02-13T00:35:14  <DonVitoCorleone> +ni http://www.w3schools.com/php/default.asp
2014-02-13T00:35:17  <KG-Bot> New Insta has been created.
2014-02-13T00:35:21  <DonVitoCorleone> +ni http://www.w3schools.com/sql/default.asp
2014-02-13T00:35:24  <KG-Bot> New Insta has been created.
2014-02-13T00:35:57  <DonVitoCorleone> +ni http://www.lutrija.rs/loto.php#
2014-02-13T00:36:00  <KG-Bot> New Insta has been created.
2014-02-13T00:36:06  <DonVitoCorleone> +ni http://www.kladionicasoccer.com/pravila-kladjenja/
2014-02-13T00:36:10  <KG-Bot> New Insta has been created.
2014-02-13T00:36:14  <DonVitoCorleone> +ni http://www.fudbal91.com/statistika_i_kvote/2014-02-05
2014-02-13T00:36:17  <KG-Bot> New Insta has been created.
2014-02-13T00:36:21  <DonVitoCorleone> +ni http://www.flashscore.com/#
2014-02-13T00:36:23  <KG-Bot> New Insta has been created.
2014-02-13T00:37:22  <DonVitoCorleone> +ni http://localhost/forum/adm/index.php?sid=35490b408a2099718bf4c5e3650ab370
2014-02-13T00:38:12  <DonVitoCorleone> +ni http://www.crkva.ch/index.php?id=484&L=2
2014-02-13T00:38:15  <KG-Bot> New Insta has been created.
2014-02-13T00:38:22  <DonVitoCorleone> +ni http://guides.gamepressure.com/farmingsimulator2013/guide.asp?ID=22106
2014-02-13T00:38:24  <KG-Bot> New Insta has been created.
2014-02-13T00:38:37  <DonVitoCorleone> +ni http://www.alloscomp.com/bitcoin/calculator
2014-02-13T00:38:41  <KG-Bot> New Insta has been created.
2014-02-13T00:38:49  <DonVitoCorleone> +ni www.coinwarz.com/cryptocurrency/?sha256HashRate=200000.00&sha256Power=500.00&sha256PowerCost=0.1000&scryptHashRate=1000.00&scryptPower=500.00&scryptPowerCost=0.1000&sha256Check=true&scryptCheck=false
2014-02-13T00:38:54  <DonVitoCorleone> +ni http://www.coinwarz.com/cryptocurrency/?sha256HashRate=200000.00&sha256Power=500.00&sha256PowerCost=0.1000&scryptHashRate=1000.00&scryptPower=500.00&scryptPowerCost=0.1000&sha256Check=true&scryptCheck=false
2014-02-13T00:38:56  <KG-Bot> New Insta has been created.
2014-02-13T00:39:12  <DonVitoCorleone> +ni http://html.net/tutorials/html/lesson7.php
2014-02-13T00:39:14  <KG-Bot> New Insta has been created.
2014-02-13T00:48:27  <DonVitoCorleone> +ni http://www.quirksmode.org/dom/core/
2014-02-13T00:48:31  <KG-Bot> New Insta has been created.
2014-02-13T00:48:41  <DonVitoCorleone> +ni http://commons.oreilly.com/wiki/index.php/Greasemonkey_Hacks/Getting_Started
2014-02-13T00:48:44  <KG-Bot> New Insta has been created.
2014-02-13T00:48:52  <DonVitoCorleone> +ni http://commons.oreilly.com/wiki/index.php/Greasemonkey_Hacks/Preface
2014-02-13T00:48:56  <KG-Bot> New Insta has been created.
2014-02-13T00:49:03  <DonVitoCorleone> +ni http://www.w3schools.com/jsref/
2014-02-13T00:49:05  <KG-Bot> New Insta has been created.
2014-02-13T01:22:07  <DonVitoCorleone> +ni https://developer.mozilla.org/en-US/docs/DOM/DOM_Reference/Introduction
2014-02-13T01:22:10  <KG-Bot> New Insta has been created.
2014-02-13T01:22:14  <DonVitoCorleone> +ni https://developer.mozilla.org/en-US/docs/DOM/DOM_Reference?redirectlocale=en-US&redirectslug=Gecko_DOM_Reference
2014-02-13T01:22:20  <KG-Bot> New Insta has been created.
2014-02-13T01:22:22  <DonVitoCorleone> +ni https://developer.mozilla.org/en-US/docs/Tools/Web_Console
2014-02-13T01:22:25  <KG-Bot> New Insta has been created.
2014-02-13T01:22:28  <DonVitoCorleone> +ni https://developer.mozilla.org/en-US/docs/Tools/Debugger
2014-02-13T01:22:31  <KG-Bot> New Insta has been created.
2014-02-13T01:22:34  <DonVitoCorleone> +ni https://developer.mozilla.org/en-US/docs/Tools
2014-02-13T01:22:37  <KG-Bot> New Insta has been created.
2014-02-13T01:22:45  <DonVitoCorleone> +ni http://jibbering.com/faq/notes/closures/
2014-02-13T01:22:56  <DonVitoCorleone> +ni http://www.quirksmode.org/js/contents.html
2014-02-13T01:22:58  <KG-Bot> New Insta has been created.
2014-02-13T01:23:02  <DonVitoCorleone> +ni http://www.tizag.com/javascriptT/
2014-02-13T01:23:04  <KG-Bot> New Insta has been created.
2014-02-13T01:23:08  <DonVitoCorleone> +ni https://developer.mozilla.org/en-US/docs/Web/JavaScript/Guide?redirectlocale=en-US&redirectslug=JavaScript%2FGuide
2014-02-13T01:23:11  <KG-Bot> New Insta has been created.
2014-02-13T01:23:15  <DonVitoCorleone> +ni http://wiki.greasespot.net/Tutorials
2014-02-13T01:23:17  <KG-Bot> New Insta has been created.
2014-02-13T01:23:23  <DonVitoCorleone> +ni http://wiki.greasespot.net/Greasemonkey_Manual:API
2014-02-13T01:23:28  <KG-Bot> New Insta has been created.
2014-02-13T01:23:32  <DonVitoCorleone> +ni http://userscripts.org/guides/22
2014-02-13T01:23:34  <KG-Bot> New Insta has been created.
2014-02-13T01:45:00  *** eRepublikBot` <eRepublikBot`!~KraljevaG@FDFDB705.BFECDD3B.214689AC.IP> has joined #KG_Market
2014-02-13T01:45:00  *** eRepublikBot` is now known as eRepublikBot
2014-02-13T01:45:21  *** eRepublikBot is now known as Guest17409
2014-09-13T16:34:18  *** eRepublikBot <eRepublikBot!~KraljevaG@FDFDB705.BFECDD3B.214689AC.IP> has joined #KG_Market
