2013-08-28T03:43:07  *** KG-Bot <KG-Bot!~Kraljeva_@Rizon-DD5219AC.server4you.net> has joined #it.only
2013-08-28T03:43:27  *** KG-Bot is now known as Guest361
2013-08-28T04:17:25  *** KG-Bot <KG-Bot!~Kraljeva_@Rizon-DD5219AC.server4you.net> has joined #it.only
2013-08-28T04:17:43  *** KG-Bot is now known as Guest36575
2013-08-28T04:19:17  *** Guest36575 is now known as KG-Bot
2013-08-28T04:19:17  *** IceCold sets mode: +qo KG-Bot KG-Bot
2013-08-28T04:36:39  *** KG-Bot <KG-Bot!~Kraljeva_@Kraljeva.Garda.official.bot> has joined #it.only
2013-08-28T04:36:39  <IceCold> [KG-Bot] http://tinyurl.com/l3j2f48 http://www.youtube.com/watch?v=CR8logunPzQ
2013-08-28T04:36:39  *** IceCold sets mode: +qo KG-Bot KG-Bot
2013-08-28T04:37:52  <KG-Bot> Title: Novi Reporter - br. 153, 15/2/2006 (at tinyurl.com)
2013-08-28T04:47:51  *** KG-Bot <KG-Bot!~Kraljeva_@Kraljeva.Garda.official.bot> has joined #it.only
2013-08-28T04:47:51  <IceCold> [KG-Bot] http://tinyurl.com/l3j2f48 http://www.youtube.com/watch?v=CR8logunPzQ
2013-08-28T04:47:51  *** IceCold sets mode: +qo KG-Bot KG-Bot
2013-08-28T04:49:02  <KG-Bot> Title: Novi Reporter - br. 153, 15/2/2006 (at tinyurl.com)
2013-08-28T12:00:17  *** KG-Bot <KG-Bot!~Kraljeva_@Kraljeva.Garda.official.bot> has joined #it.only
2013-08-28T12:00:18  <IceCold> [KG-Bot] http://tinyurl.com/l3j2f48 http://www.youtube.com/watch?v=CR8logunPzQ
2013-08-28T12:00:18  *** IceCold sets mode: +qo KG-Bot KG-Bot
2013-08-28T12:01:29  <KG-Bot> Title: Novi Reporter - br. 153, 15/2/2006 (at tinyurl.com)
2013-08-28T14:07:39  *** KG-Bot <KG-Bot!~Kraljeva_@Kraljeva.Garda.official.bot> has joined #it.only
2013-08-28T14:07:40  <IceCold> [KG-Bot] http://tinyurl.com/l3j2f48 http://www.youtube.com/watch?v=CR8logunPzQ
2013-08-28T14:07:40  *** IceCold sets mode: +qo KG-Bot KG-Bot
2013-08-28T14:08:50  <KG-Bot> Title: Yolanda Be Cool Vrs DCup - We No Speak Americano (Official Music Video) - YouTube (at www.youtube.com)
2013-08-28T16:55:40  *** Cuprijanac <Cuprijanac!cgiirc@779FEBD2.7802514D.1D0A32F.IP> has joined #it.only
2013-08-28T16:55:49  *** IceCold sets mode: +ao Cuprijanac Cuprijanac
2013-08-28T17:08:34  *** Cuprijanac <Cuprijanac!cgiirc@779FEBD2.7802514D.1D0A32F.IP> has quit IRC (Quit: http://www.mibbit.com ajax IRC Client)
2013-08-28T21:56:05  *** KG-Bot <KG-Bot!~Kraljeva_@Kraljeva.Garda.official.bot> has joined #it.only
2013-08-28T21:56:05  <IceCold> [KG-Bot] http://tinyurl.com/l3j2f48 http://www.youtube.com/watch?v=CR8logunPzQ
2013-08-28T21:56:06  *** IceCold sets mode: +qo KG-Bot KG-Bot
2013-08-28T21:57:18  <KG-Bot> Title: Novi Reporter - br. 153, 15/2/2006 (at tinyurl.com)
2013-08-29T15:31:27  *** Cuprijanac <Cuprijanac!cgiirc@779FEBD2.7802514D.1D0A32F.IP> has joined #it.only
2013-08-29T15:36:03  *** Cuprijanac <Cuprijanac!cgiirc@779FEBD2.7802514D.1D0A32F.IP> has quit IRC ()
2013-08-29T20:42:46  *** KG-Bot <KG-Bot!~KraljevaG@Kraljeva.Garda.official.bot> has joined #it.only
2013-08-29T20:42:47  <IceCold> [KG-Bot] http://tinyurl.com/l3j2f48 http://www.youtube.com/watch?v=CR8logunPzQ
2013-08-29T20:42:47  *** IceCold sets mode: +qo KG-Bot KG-Bot
2013-08-29T20:44:28  *** KG-Bot <KG-Bot!~KraljevaG@Kraljeva.Garda.official.bot> has joined #it.only
2013-08-29T20:44:28  <IceCold> [KG-Bot] http://tinyurl.com/l3j2f48 http://www.youtube.com/watch?v=CR8logunPzQ
2013-08-29T20:44:28  *** IceCold sets mode: +qo KG-Bot KG-Bot
2013-08-29T20:45:42  <KG-Bot> Title: Novi Reporter - br. 153, 15/2/2006 (at tinyurl.com)
2013-08-30T15:47:04  *** Cuprijanac <Cuprijanac!cgiirc@779FEBD2.7802514D.1D0A32F.IP> has joined #it.only
2013-08-30T15:53:17  *** IceCold sets mode: +ao Cuprijanac Cuprijanac
2013-08-30T17:18:49  *** Cuprijanac <Cuprijanac!cgiirc@779FEBD2.7802514D.1D0A32F.IP> has quit IRC (Quit: http://www.mibbit.com ajax IRC Client)
2013-08-31T00:43:17  *** Cuprijanac <Cuprijanac!cgiirc@779FEBD2.7802514D.1D0A32F.IP> has joined #it.only
2013-08-31T00:43:26  *** IceCold sets mode: +ao Cuprijanac Cuprijanac
2013-08-31T01:00:00  *** Cuprijanac <Cuprijanac!cgiirc@779FEBD2.7802514D.1D0A32F.IP> has quit IRC (Quit: http://www.mibbit.com ajax IRC Client)
2013-08-31T14:55:43  *** Cuprijanac <Cuprijanac!cgiirc@779FEBD2.7802514D.1D0A32F.IP> has joined #it.only
2013-08-31T15:46:46  *** Cuprijanac <Cuprijanac!cgiirc@779FEBD2.7802514D.1D0A32F.IP> has quit IRC (Quit: http://www.mibbit.com ajax IRC Client)
2013-08-31T22:42:04  *** Cuprijanac <Cuprijanac!cgiirc@779FEBD2.7802514D.1D0A32F.IP> has joined #it.only
2013-08-31T23:07:28  *** Cuprijanac <Cuprijanac!cgiirc@779FEBD2.7802514D.1D0A32F.IP> has quit IRC (Quit: http://www.mibbit.com ajax IRC Client)
2013-09-02T17:34:44  *** DonVitoCorleone <DonVitoCorleone!Stefan_Nin@Drzi.Prijatelje.BlizuA.Neprijatelje.Jos.Blize> has quit IRC (Killed (irc.siglost.com (4 joins/parts in #kraljeva_garda within 7 seconds.)))
2013-09-02T17:39:23  *** DonVitoCorleone <DonVitoCorleone!Stefan_Nin@Drzi.Prijatelje.Blizu.A.Neprijatelje.Jos.Blize> has joined #it.only
2013-09-02T17:39:23  <IceCold> [DonVitoCorleone] http://tinyurl.com/l3j2f48 http://www.youtube.com/watch?v=CR8logunPzQ
2013-09-02T17:39:23  *** IceCold sets mode: +qo DonVitoCorleone DonVitoCorleone
2013-09-02T17:39:24  <KG-Bot> Title: Novi Reporter - br. 153, 15/2/2006 (at tinyurl.com)
2013-09-03T04:35:51  *** KG|DonVitoCorleone <KG|DonVitoCorleone!~DonVitoCo@I-m.not.bot.this.is.just.another.bnc.profile> has quit IRC (Quit: Quit)
2013-09-03T04:35:51  *** Guest11167 <Guest11167!~Michael@Rizon-4F80C23B.furryland.net> has quit IRC (Quit: FurryBNC - http://furryland.net/furrybnc)
2013-09-03T07:17:27  *** DonVitoC- <DonVitoC-!~DonVitoCo@Rizon-4F80C23B.furryland.net> has joined #it.only
2013-09-03T07:17:57  *** MichaelCorleone <MichaelCorleone!~Michael@Rizon-4F80C23B.furryland.net> has joined #it.only
2013-09-03T07:18:11  *** MichaelCorleone is now known as Guest43405
2013-09-03T22:15:38  *** Cuprijanac <Cuprijanac!cgiirc@779FEBD2.7802514D.1D0A32F.IP> has joined #it.only
2013-09-03T22:23:13  *** Cuprijanac <Cuprijanac!cgiirc@779FEBD2.7802514D.1D0A32F.IP> has quit IRC ()
2013-09-03T23:24:57  *** Cuprijanac <Cuprijanac!cgiirc@779FEBD2.7802514D.1D0A32F.IP> has joined #it.only
2013-09-03T23:34:58  *** Cuprijanac <Cuprijanac!cgiirc@779FEBD2.7802514D.1D0A32F.IP> has quit IRC (Quit: http://www.mibbit.com ajax IRC Client)
2013-09-04T01:12:03  *** Cuprijanac <Cuprijanac!cgiirc@779FEBD2.7802514D.1D0A32F.IP> has joined #it.only
2013-09-04T01:31:42  *** Cuprijanac <Cuprijanac!cgiirc@779FEBD2.7802514D.1D0A32F.IP> has quit IRC (Quit: http://www.mibbit.com ajax IRC Client)
2013-09-05T02:08:01  *** KG|DonVitoCorleone <KG|DonVitoCorleone!~Kraljeva-@I-m.not.bot.this.is.just.another.bnc.profile> has joined #it.only
2013-09-05T02:08:01  <IceCold> [KG|DonVitoCorleone] http://tinyurl.com/l3j2f48 http://www.youtube.com/watch?v=CR8logunPzQ
2013-09-05T02:08:01  *** IceCold sets mode: +qo KG|DonVitoCorleone KG|DonVitoCorleone
2013-09-05T02:08:03  <KG-Bot> Title: Novi Reporter - br. 153, 15/2/2006 (at tinyurl.com)
2013-09-05T02:18:07  *** DonVitoCorleone is now known as FurryLand
2013-09-05T02:18:55  *** KG|DonVitoCorleone is now known as DonVitoCorleone
2013-09-05T16:34:38  *** Cuprijanac <Cuprijanac!cgiirc@779FEBD2.7802514D.1D0A32F.IP> has joined #it.only
2013-09-05T16:39:33  *** IceCold sets mode: +ao Cuprijanac Cuprijanac
2013-09-05T17:12:56  *** Cuprijanac <Cuprijanac!cgiirc@779FEBD2.7802514D.1D0A32F.IP> has quit IRC (Quit: http://www.mibbit.com ajax IRC Client)
2013-09-05T21:29:21  *** ChanStat <ChanStat!ChanStat@hub.bot.chanstat.net> has quit IRC (Ping timeout: 240 seconds)
2013-09-05T21:33:41  *** ChanStat <ChanStat!ChanStat@hub.bot.chanstat.net> has joined #it.only
2013-09-05T21:33:45  *** IceCold sets mode: +v ChanStat
2013-09-06T13:26:18  *** Cuprijanac <Cuprijanac!cgiirc@779FEBD2.7802514D.1D0A32F.IP> has joined #it.only
2013-09-06T13:26:36  *** IceCold sets mode: +ao Cuprijanac Cuprijanac
2013-09-06T14:18:36  *** Cuprijanac <Cuprijanac!cgiirc@779FEBD2.7802514D.1D0A32F.IP> has quit IRC (Quit: http://www.mibbit.com ajax IRC Client)
2013-09-06T15:10:47  *** Cuprijanac <Cuprijanac!cgiirc@779FEBD2.7802514D.1D0A32F.IP> has joined #it.only
2013-09-06T15:11:00  *** IceCold sets mode: +ao Cuprijanac Cuprijanac
2013-09-06T15:28:18  *** Cuprijanac <Cuprijanac!cgiirc@779FEBD2.7802514D.1D0A32F.IP> has quit IRC (Quit: http://www.mibbit.com ajax IRC Client)
2013-09-06T19:35:39  *** Cuprijanac <Cuprijanac!cgiirc@779FEBD2.7802514D.1D0A32F.IP> has joined #it.only
2013-09-06T19:41:30  *** Cuprijanac <Cuprijanac!cgiirc@779FEBD2.7802514D.1D0A32F.IP> has quit IRC ()
2013-09-06T19:54:42  <KG-Bot> Announcement from my owner (DonVitoCorleone): eRepublik komande ne rade dok se ne popravi stanje sa eRep serverima. Hvala na razumevanju. :)
2013-09-06T21:20:19  *** Cuprijanac <Cuprijanac!cgiirc@779FEBD2.7802514D.1D0A32F.IP> has joined #it.only
2013-09-06T21:21:54  *** IceCold sets mode: +ao Cuprijanac Cuprijanac
2013-09-06T21:42:42  *** Cuprijanac <Cuprijanac!cgiirc@779FEBD2.7802514D.1D0A32F.IP> has quit IRC (Quit: http://www.mibbit.com ajax IRC Client)
2013-09-07T11:28:50  *** Cuprijanac <Cuprijanac!cgiirc@779FEBD2.7802514D.1D0A32F.IP> has joined #it.only
2013-09-07T11:33:01  *** IceCold sets mode: +ao Cuprijanac Cuprijanac
2013-09-07T12:06:13  *** Cuprijanac <Cuprijanac!cgiirc@779FEBD2.7802514D.1D0A32F.IP> has quit IRC (Quit: http://www.mibbit.com ajax IRC Client)
2013-09-07T12:49:38  *** Cuprijanac <Cuprijanac!cgiirc@779FEBD2.7802514D.1D0A32F.IP> has joined #it.only
2013-09-07T15:18:23  *** Cuprijanac <Cuprijanac!cgiirc@779FEBD2.7802514D.1D0A32F.IP> has quit IRC (Quit: http://www.mibbit.com ajax IRC Client)
2013-09-07T21:57:06  *** Cuprijanac <Cuprijanac!cgiirc@779FEBD2.7802514D.1D0A32F.IP> has joined #it.only
2013-09-07T21:57:28  *** IceCold sets mode: +ao Cuprijanac Cuprijanac
2013-09-07T22:19:02  *** Cuprijanac <Cuprijanac!cgiirc@779FEBD2.7802514D.1D0A32F.IP> has quit IRC (Quit: http://www.mibbit.com ajax IRC Client)
2013-09-07T22:20:49  *** Cuprijanac <Cuprijanac!cgiirc@779FEBD2.7802514D.1D0A32F.IP> has joined #it.only
2013-09-07T22:22:14  *** IceCold sets mode: +ao Cuprijanac Cuprijanac
2013-09-07T22:46:13  *** Cuprijanac <Cuprijanac!cgiirc@779FEBD2.7802514D.1D0A32F.IP> has quit IRC (Quit: http://www.mibbit.com ajax IRC Client)
2013-09-07T23:51:43  <KG-Bot> Announcement from my owner (DonVitoCorleone): eRepublik plugin won't work for some time, API is perma disabled and everything must be made from scratch
2013-09-08T11:59:35  *** Cuprijanac <Cuprijanac!cgiirc@779FEBD2.7802514D.1D0A32F.IP> has joined #it.only
2013-09-08T11:59:45  *** IceCold sets mode: +ao Cuprijanac Cuprijanac
2013-09-08T13:24:52  *** Cuprijanac <Cuprijanac!cgiirc@779FEBD2.7802514D.1D0A32F.IP> has quit IRC (Quit: http://www.mibbit.com ajax IRC Client)
2013-09-08T14:35:11  *** Cuprijanac <Cuprijanac!cgiirc@779FEBD2.7802514D.1D0A32F.IP> has joined #it.only
2013-09-08T14:45:34  *** Cuprijanac <Cuprijanac!cgiirc@779FEBD2.7802514D.1D0A32F.IP> has quit IRC (Quit: http://www.mibbit.com ajax IRC Client)
2013-09-08T18:02:51  *** Cuprijanac <Cuprijanac!cgiirc@779FEBD2.7802514D.1D0A32F.IP> has joined #it.only
2013-09-08T19:02:54  *** Cuprijanac <Cuprijanac!cgiirc@779FEBD2.7802514D.1D0A32F.IP> has quit IRC (Quit: http://www.mibbit.com ajax IRC Client)
2013-09-10T23:03:29  *** Cuprijanac <Cuprijanac!cgiirc@779FEBD2.7802514D.1D0A32F.IP> has joined #it.only
2013-09-10T23:14:30  *** Cuprijanac <Cuprijanac!cgiirc@779FEBD2.7802514D.1D0A32F.IP> has quit IRC (Quit: http://www.mibbit.com ajax IRC Client)
2013-09-10T23:40:12  *** Cuprijanac <Cuprijanac!cgiirc@779FEBD2.7802514D.1D0A32F.IP> has joined #it.only
2013-09-10T23:40:26  *** IceCold sets mode: +ao Cuprijanac Cuprijanac
2013-09-11T00:11:52  *** Cuprijanac <Cuprijanac!cgiirc@779FEBD2.7802514D.1D0A32F.IP> has quit IRC (Quit: http://www.mibbit.com ajax IRC Client)
2013-09-12T19:22:33  *** KG-Bot <KG-Bot!~KraljevaG@Kraljeva.Garda.official.bot> has joined #it.only
2013-09-12T19:24:22  *** KG-Bot <KG-Bot!~KraljevaG@Kraljeva.Garda.official.bot> has joined #it.only
2013-09-12T19:24:26  <IceCold> [KG-Bot] http://tinyurl.com/l3j2f48 http://www.youtube.com/watch?v=CR8logunPzQ
2013-09-12T19:24:26  *** IceCold sets mode: +qo KG-Bot KG-Bot
2013-09-12T19:25:46  <KG-Bot> Title: Novi Reporter - br. 153, 15/2/2006 (at tinyurl.com)
2013-09-12T22:10:36  *** Cuprijanac <Cuprijanac!cgiirc@779FEBD2.7802514D.1D0A32F.IP> has joined #it.only
2013-09-12T22:49:48  *** Cuprijanac <Cuprijanac!cgiirc@779FEBD2.7802514D.1D0A32F.IP> has quit IRC (Quit: http://www.mibbit.com ajax IRC Client)
2013-09-12T23:39:05  *** Cuprijanac <Cuprijanac!cgiirc@779FEBD2.7802514D.1D0A32F.IP> has joined #it.only
2013-09-13T00:03:23  *** Cuprijanac <Cuprijanac!cgiirc@779FEBD2.7802514D.1D0A32F.IP> has left #it.only
2013-09-13T23:30:15  *** Cuprijanac <Cuprijanac!cgiirc@779FEBD2.7802514D.1D0A32F.IP> has joined #it.only
2013-09-13T23:38:32  *** IceCold sets mode: +ao Cuprijanac Cuprijanac
2013-09-14T00:11:50  *** Cuprijanac <Cuprijanac!cgiirc@779FEBD2.7802514D.1D0A32F.IP> has quit IRC (Quit: http://www.mibbit.com ajax IRC Client)
2013-09-14T00:21:20  *** Cuprijanac <Cuprijanac!cgiirc@779FEBD2.7802514D.1D0A32F.IP> has joined #it.only
2013-09-14T00:55:03  *** Cuprijanac <Cuprijanac!cgiirc@779FEBD2.7802514D.1D0A32F.IP> has quit IRC (Quit: http://www.mibbit.com ajax IRC Client)
2013-09-15T09:21:11  *** Cuprijanac <Cuprijanac!cgiirc@779FEBD2.7802514D.1D0A32F.IP> has joined #it.only
2013-09-15T09:21:22  *** IceCold sets mode: +ao Cuprijanac Cuprijanac
2013-09-15T10:20:55  *** Cuprijanac <Cuprijanac!cgiirc@779FEBD2.7802514D.1D0A32F.IP> has quit IRC (Quit: http://www.mibbit.com ajax IRC Client)
2013-09-15T18:28:00  *** Cuprijanac <Cuprijanac!cgiirc@779FEBD2.7802514D.1D0A32F.IP> has joined #it.only
2013-09-15T18:28:44  *** IceCold sets mode: +ao Cuprijanac Cuprijanac
2013-09-15T18:28:46  *** Guest43405 <Guest43405!~Michael@Rizon-4F80C23B.furryland.net> has quit IRC (Quit: FurryBNC - http://furryland.net/furrybnc)
2013-09-15T18:46:11  *** Cuprijanac <Cuprijanac!cgiirc@779FEBD2.7802514D.1D0A32F.IP> has quit IRC (Quit: http://www.mibbit.com ajax IRC Client)
2013-09-15T21:59:44  *** Cuprijanac <Cuprijanac!cgiirc@779FEBD2.7802514D.1D0A32F.IP> has joined #it.only
2013-09-15T21:59:59  *** IceCold sets mode: +ao Cuprijanac Cuprijanac
2013-09-15T23:34:45  *** Cuprijanac <Cuprijanac!cgiirc@779FEBD2.7802514D.1D0A32F.IP> has quit IRC (Quit: http://www.mibbit.com ajax IRC Client)
2013-09-16T14:16:56  *** KG-Bot <KG-Bot!~KraljevaG@Kraljeva.Garda.official.bot> has joined #it.only
2013-09-16T14:17:04  <IceCold> [KG-Bot] http://tinyurl.com/l3j2f48 http://www.youtube.com/watch?v=CR8logunPzQ
2013-09-16T14:17:04  *** IceCold sets mode: +qo KG-Bot KG-Bot
2013-09-16T14:18:47  <KG-Bot> Title: Novi Reporter - br. 153, 15/2/2006 (at tinyurl.com)
2013-09-16T15:16:00  *** FurryLand-2 <FurryLand-2!MichaelCor@Im.going.to.make.you.an.offer.you.cant.refuse> has quit IRC (Ping timeout: 246 seconds)
2013-09-16T15:16:04  *** FurryLand <FurryLand!Stefan_Nin@Drzi.Prijatelje.BlizuA.Neprijatelje.Jos.Blize> has quit IRC (Ping timeout: 243 seconds)
2013-09-16T15:33:06  *** MichaelCorleone <MichaelCorleone!MichaelCor@Rizon-A23FF9DE.rizonbnc.eu.rizon.net> has joined #it.only
2013-09-16T15:33:17  *** MichaelCorleone is now known as Guest24567
2013-09-16T15:34:11  *** Guest56724 <Guest56724!Stefan_Nin@Rizon-72A5E527.rizonbnc.eu.rizon.net> has joined #it.only
2013-09-16T15:38:19  *** Guest24567 <Guest24567!MichaelCor@Rizon-A23FF9DE.rizonbnc.eu.rizon.net> has quit IRC (Ping timeout: 240 seconds)
2013-09-16T15:40:58  *** Guest22109 <Guest22109!MichaelCor@Rizon-A23FF9DE.rizonbnc.eu.rizon.net> has joined #it.only
2013-09-16T21:47:22  *** Guest56724 is now known as FurryLand
2013-09-16T21:47:23  *** IceCold sets mode: +qo FurryLand FurryLand
2013-09-16T22:36:01  *** DonVitoC- is now known as RizonBot
2013-09-16T22:36:04  *** IceCold sets mode: +qo RizonBot RizonBot
2013-09-16T22:51:56  *** RizonBot <RizonBot!~DonVitoCo@Rizon-4F80C23B.furryland.net> has quit IRC (Killed (mink (unwise)))
2013-09-16T22:52:26  *** DonVitoC- <DonVitoC-!~DonVitoCo@Rizon-44644B3.electronirc.tk> has joined #it.only
2013-09-16T23:02:03  *** DonVitoC- is now known as KG|DonVitoCorleone
2013-09-16T23:02:08  *** IceCold sets mode: +qo KG|DonVitoCorleone KG|DonVitoCorleone
2013-09-17T22:33:55  *** Cuprijanac <Cuprijanac!cgiirc@779FEBD2.7802514D.1D0A32F.IP> has joined #it.only
2013-09-17T22:38:52  *** Cuprijanac <Cuprijanac!cgiirc@779FEBD2.7802514D.1D0A32F.IP> has quit IRC ()
2013-09-17T22:40:54  *** Cuprijanac <Cuprijanac!cgiirc@779FEBD2.7802514D.1D0A32F.IP> has joined #it.only
2013-09-17T23:11:04  *** Cuprijanac <Cuprijanac!cgiirc@779FEBD2.7802514D.1D0A32F.IP> has quit IRC (Quit: http://www.mibbit.com ajax IRC Client)
2013-09-18T21:54:28  *** Cuprijanac <Cuprijanac!cgiirc@779FEBD2.7802514D.1D0A32F.IP> has joined #it.only
2013-09-18T21:56:16  *** Cuprijanac <Cuprijanac!cgiirc@779FEBD2.7802514D.1D0A32F.IP> has quit IRC ()
2013-09-19T15:27:01  *** DonVitoCorleone <DonVitoCorleone!~Kraljeva-@Drzi.Prijatelje.BlizuA.Neprijatelje.Jos.Blize> has quit IRC (Quit: ZNC - http://znc.in)
2013-09-19T15:27:08  *** eRepublikBot <eRepublikBot!~KG@Rizon-DD5219AC.server4you.net> has joined #it.only
2013-09-19T15:27:23  *** eRepublikBot is now known as Guest22567
2013-09-19T15:29:01  *** Guest22567 is now known as DonVitoCorleone
2013-09-19T15:29:11  *** IceCold sets mode: +qo DonVitoCorleone DonVitoCorleone
