2013-08-28T03:43:07  *** KG-Bot <KG-Bot!~Kraljeva_@Rizon-DD5219AC.server4you.net> has joined #pomoc
2013-08-28T03:43:27  *** KG-Bot is now known as Guest361
2013-08-28T04:17:24  *** KG-Bot <KG-Bot!~Kraljeva_@Rizon-DD5219AC.server4you.net> has joined #pomoc
2013-08-28T04:17:43  *** KG-Bot is now known as Guest36575
2013-08-28T04:19:17  *** Guest36575 is now known as KG-Bot
2013-08-28T04:19:17  *** ChanServ sets mode: +o KG-Bot
2013-08-28T04:36:38  *** KG-Bot <KG-Bot!~Kraljeva_@Kraljeva.Garda.official.bot> has joined #pomoc
2013-08-28T04:36:39  *** ChanServ sets mode: +o KG-Bot
2013-08-28T04:47:50  *** KG-Bot <KG-Bot!~Kraljeva_@Kraljeva.Garda.official.bot> has joined #pomoc
2013-08-28T04:47:51  *** ChanServ sets mode: +o KG-Bot
2013-08-28T09:36:31  *** Zerksis <Zerksis!Zerksis@Red.Svetog.Djordja.S.S.S.S> has joined #pomoc
2013-08-28T09:36:31  *** ChanServ sets mode: +o Zerksis
2013-08-28T09:41:38  *** Zerksis <Zerksis!Zerksis@Red.Svetog.Djordja.S.S.S.S> has quit IRC ()
2013-08-28T10:24:32  *** BOSKE5555 <BOSKE5555!~SNAGATOR@boske.SNAGATOR.rs> has joined #pomoc
2013-08-28T12:00:18  *** KG-Bot <KG-Bot!~Kraljeva_@Kraljeva.Garda.official.bot> has joined #pomoc
2013-08-28T12:00:18  *** ChanServ sets mode: +o KG-Bot
2013-08-28T12:22:28  *** BOSKE5555 <BOSKE5555!~SNAGATOR@boske.SNAGATOR.rs> has quit IRC (Quit: KVIrc 4.0.2 Insomnia http://www.kvirc.net/)
2013-08-28T13:30:16  <DonVitoCorleone> Digital_Lemon: sta je bilo sa serverom, sto se restartovao?
2013-08-28T14:07:39  *** KG-Bot <KG-Bot!~Kraljeva_@Kraljeva.Garda.official.bot> has joined #pomoc
2013-08-28T14:07:40  *** ChanServ sets mode: +o KG-Bot
2013-08-28T21:26:35  <DonVitoCorleone> Ping Digital_Lemon
2013-08-28T21:26:38  <DonVitoCorleone> Ping Milos
2013-08-28T21:28:06  <Digital_Lemon> Oj nigga
2013-08-28T21:29:19  <DonVitoCorleone> Odg na PM na Milos
2013-08-28T21:29:20  <DonVitoCorleone> [20:07:32] <DonVitoCorleone> I ti si to radio sad kad sam ja sve napravio i kad sve radi normalno xD
2013-08-28T21:29:20  <DonVitoCorleone> [20:07:32] Milos is away: Auto Away at Wed Aug 28 18:28:26 2013
2013-08-28T21:29:20  <DonVitoCorleone> [20:07:38] <DonVitoCorleone> Nemoguc si majke mi
2013-08-28T21:29:20  <DonVitoCorleone> [20:07:38] Milos is away: Auto Away at Wed Aug 28 18:28:26 2013
2013-08-28T21:29:24  <Digital_Lemon> DonVitoCorleone, PONG MOTHERFUCKER, DO YOU SPEAK IT
2013-08-28T21:29:24  <DonVitoCorleone> xD
2013-08-28T21:29:33  <DonVitoCorleone> finger
2013-08-28T21:29:34  <DonVitoCorleone> :D
2013-08-28T21:29:35  <Digital_Lemon> Nisam tamo
2013-08-28T21:29:38  <Digital_Lemon> Na Windowsu sam
2013-08-28T21:29:42  <Digital_Lemon> a obzirom da sam sada na wifiju
2013-08-28T21:29:45  <Digital_Lemon> mogao bih i da se prebacim.
2013-08-28T21:29:53  <Digital_Lemon> Jebi ga, bio u kaficu
2013-08-28T21:29:58  <Digital_Lemon> pa uradio nesto
2013-08-28T21:30:00  <DonVitoCorleone> Pa evo ti ovde odgovor, nema nista osim ovoga
2013-08-28T21:30:08  <Digital_Lemon> Sada sam na wifiju na mobilan, mogao sam to odmah
2013-08-28T21:30:12  <Digital_Lemon> mada je sporo u bozju mater
2013-08-28T21:31:46  <DonVitoCorleone> Ubijas ti mene
2013-08-28T21:32:01  <DonVitoCorleone> Ja sve podesim i napravim da jede malu decu i ti onda nesto promenis i opet sve popravljaj xD
2013-08-28T21:43:23  <Digital_Lemon> lol
2013-08-28T21:43:26  <Digital_Lemon> Opet se sjebalo?
2013-08-28T21:44:37  <DonVitoCorleone> Nisam restartovao a za sada sve izgleda ok
2013-08-28T21:44:42  <DonVitoCorleone> Kad si ti radio update?
2013-08-28T21:48:27  <Digital_Lemon> Tada kada sam ti poslao pm
2013-08-28T21:48:32  <Digital_Lemon> + 3 do 5 min
2013-08-28T21:48:38  <Digital_Lemon> ili - 3 do 5
2013-08-28T21:49:05  <DonVitoCorleone> E u kurac
2013-08-28T21:49:07  <DonVitoCorleone> Imam osecaj da je sve otislo u pizdu lepu materinu
2013-08-28T21:49:12  <Digital_Lemon> :D
2013-08-28T21:49:20  <Digital_Lemon> Napravi jos jedan config
2013-08-28T21:49:27  <Digital_Lemon> promeni adresu, stavi neki drugi server
2013-08-28T21:49:29  <Digital_Lemon> i podigni ga
2013-08-28T21:49:29  <DonVitoCorleone> Ma daj bre
2013-08-28T21:49:31  <Digital_Lemon> vidi da li ima errora
2013-08-28T21:49:34  <Digital_Lemon> 2 min posla
2013-08-28T21:49:34  <Digital_Lemon> :D
2013-08-28T21:49:36  <Digital_Lemon> Jbg.
2013-08-28T21:51:32  <DonVitoCorleone> Sto si radio update? xD
2013-08-28T21:55:54  <DonVitoCorleone> Digital_Lemon: uradicu reconnect, sta bude bude, sta bi ja sad
2013-08-28T21:56:02  <DonVitoCorleone> +reconnect TEST
2013-08-28T21:56:05  *** KG-Bot <KG-Bot!~Kraljeva_@Kraljeva.Garda.official.bot> has joined #pomoc
2013-08-28T21:56:06  *** ChanServ sets mode: +o KG-Bot
2013-08-28T21:58:45  <DonVitoCorleone> Sve je isto kao i malopre
2013-08-28T21:58:54  <DonVitoCorleone> Izgleda ovaj put nista nisi razjebao xDDD
2013-08-28T22:00:31  <DonVitoCorleone> Digital_Lemon: pogadjaj koju sam ocenu dobio iz onog rada sto sam radio, maturski xD
2013-08-28T22:49:17  <Digital_Lemon> Khm khm 6 khm khm
2013-08-28T22:49:33  <Digital_Lemon> 8?
2013-08-28T22:50:37  <DonVitoCorleone> Srednja skola je u pitanju =.=
2013-08-28T22:50:49  <Digital_Lemon> A da
2013-08-28T22:50:53  <Digital_Lemon> lolololololololololololol
2013-08-28T22:50:56  <Digital_Lemon> Sa kime li sam te pomesao
2013-08-28T22:50:57  <Digital_Lemon> tj
2013-08-28T22:51:00  <Digital_Lemon> rekao si mi ispit!
2013-08-28T22:51:06  <DonVitoCorleone> Maturski ispit
2013-08-28T22:51:08  <Digital_Lemon> 3+? :D
2013-08-28T22:51:09  <Digital_Lemon> A da
2013-08-28T22:51:11  <Digital_Lemon> fail
2013-08-28T22:51:17  <DonVitoCorleone> Cista 5 :)
2013-08-28T22:51:20  <DonVitoCorleone> Bez greske :)
2013-08-28T22:52:11  <DonVitoCorleone> E hteo sam da te pitam
2013-08-28T22:52:30  <DonVitoCorleone> Da li je swap particija obavezna za Kubuntu i ako jeste kolika je minimalna velicina
2013-08-29T00:18:03  <Digital_Lemon> DonVitoCorleone, foo je samo pokazivac na fajl
2013-08-29T00:18:09  <Digital_Lemon> tj na bajt na HDDu prakticno
2013-08-29T00:18:18  <Digital_Lemon> ne znam tacno, ne znam dovoljno princip skladistenja podataka
2013-08-29T00:18:23  <Digital_Lemon> ali u sustini
2013-08-29T00:19:31  <DonVitoCorleone> slef.fd = open(filename)
2013-08-29T00:19:34  <DonVitoCorleone> To imam
2013-08-29T00:19:36  <DonVitoCorleone> self*
2013-08-29T00:19:48  <DonVitoCorleone> Ako stavim self.fd = open(filename, 'r')
2013-08-29T00:20:02  <DonVitoCorleone> Da li ce citati celi fajl
2013-08-29T00:20:20  <DonVitoCorleone> A readline() nema nigde u pluginu
2013-08-29T00:21:21  <Digital_Lemon> [00:16:31] <@Digital_Lemon> ali u sustini
2013-08-29T00:21:24  <Digital_Lemon> C je backend naravno
2013-08-29T00:21:31  <Digital_Lemon> pogledaj malo file handling
2013-08-29T00:21:44  <Digital_Lemon> dacu ti prezentaciju ujutru sa lekcije u skoli ako ne resis
2013-08-29T00:22:10  <DonVitoCorleone> Pa gledao sam danas pola dana o tome
2013-08-29T00:22:15  <DonVitoCorleone> r za read
2013-08-29T00:22:18  <DonVitoCorleone> w za write
2013-08-29T00:22:23  <DonVitoCorleone> itd.
2013-08-29T00:22:39  <Digital_Lemon> Ili mozes a, append, da ne moras da pises ceo fajl
2013-08-29T00:22:43  <Digital_Lemon> zavisi sta zelis da uradis
2013-08-29T00:22:53  <Digital_Lemon> iskreno, nikada sa fajlovima u Pythonu radio nisam osim obican read i onda split
2013-08-29T00:23:00  <Digital_Lemon> imas readline
2013-08-29T00:23:17  <Digital_Lemon> koji ako se ne varam ide karakter po karakter dok ne dodje do \n i tu ostavi pokazivac
2013-08-29T00:23:23  <DonVitoCorleone> Ma pokusavam da napravim da mi pitanja izbacuje random a ne redom, pa moram da procitam citav fajl odjednom a ne liniju po liniju sto radi sada
2013-08-29T00:23:30  <Digital_Lemon> i onda ako uradis read(), on ce od pokazivaca ici do kraja fajla
2013-08-29T00:23:37  <Digital_Lemon> lol
2013-08-29T00:23:41  <Digital_Lemon> fail :p
2013-08-29T00:23:49  <Digital_Lemon> open().read() i ucitace ti ceo fajl.
2013-08-29T00:23:58  <Digital_Lemon> zatvori posle fajl da ne jede RAM bez potrebe
2013-08-29T00:24:00  <Digital_Lemon> ili najbolje
2013-08-29T00:24:09  <Digital_Lemon> with open() as fd:
2013-08-29T00:24:14  <Digital_Lemon> text = fd.read()
2013-08-29T00:24:16  <Digital_Lemon> ---
2013-08-29T00:24:21  <Digital_Lemon> i onda koristi text var
2013-08-29T00:24:23  <Digital_Lemon> odo' spavam
2013-08-29T00:24:23  <Digital_Lemon> :D
2013-08-29T00:24:42  <DonVitoCorleone> Danas pokusao sa open().read() nije htelo jebo mu pas mater
2013-08-29T00:24:53  <DonVitoCorleone> To je prvo sto sam pokusao kod sebe na lokali, ne na serveru
2013-08-29T00:25:06  <Digital_Lemon> top kek
2013-08-29T00:25:07  <Digital_Lemon> Nema me!
2013-08-29T00:29:25  *** DarkRay|OFF| is now known as DarkRay
2013-08-29T01:10:00  *** DarkRay is now known as DarkRay|OFF|
2013-08-29T20:42:47  *** KG-Bot <KG-Bot!~KraljevaG@Kraljeva.Garda.official.bot> has joined #pomoc
2013-08-29T20:42:47  *** ChanServ sets mode: +o KG-Bot
2013-08-29T20:44:28  *** KG-Bot <KG-Bot!~KraljevaG@Kraljeva.Garda.official.bot> has joined #pomoc
2013-08-29T20:44:28  *** ChanServ sets mode: +o KG-Bot
2013-08-31T19:08:32  *** Digital_Lemon is now known as GARDA|||Vortex
2013-08-31T19:49:41  *** GARDA|||Vortex is now known as Digital_Lemon
2013-09-01T18:44:10  *** Digital_Lemon is now known as GARDA|||vortex
2013-09-01T19:00:59  *** DonVitoDon <DonVitoDon!~pocketirc@Rizon-69E612B2.teol.net> has joined #pomoc
2013-09-01T19:01:21  <DonVitoDon> alo vortex :D
2013-09-01T19:02:07  <DonVitoDon> a svadbe i govneta, selendra, jedva nadjoh wifi da se skopcam xD
2013-09-01T19:02:59  <GARDA|||vortex> Jesi probao SLUCAJNO hspa?
2013-09-01T19:03:00  <GARDA|||vortex> :D
2013-09-01T19:06:51  <DonVitoDon> hspa o_O
2013-09-01T19:11:54  *** GARDA|||vortex is now known as Digital_Lemon
2013-09-01T19:36:19  *** DonVitoDon <DonVitoDon!~pocketirc@Rizon-69E612B2.teol.net> has quit IRC (Read error: Connection reset by peer)
2013-09-01T20:09:45  *** Zerksis <Zerksis!Zerksis@Red.Svetog.Djordja.S.S.S.S> has joined #pomoc
2013-09-01T20:09:45  *** ChanServ sets mode: +o Zerksis
2013-09-01T20:10:12  *** Zerksis <Zerksis!Zerksis@Red.Svetog.Djordja.S.S.S.S> has quit IRC ()
2013-09-02T17:34:44  *** DonVitoCorleone <DonVitoCorleone!Stefan_Nin@Drzi.Prijatelje.BlizuA.Neprijatelje.Jos.Blize> has quit IRC (Killed (irc.siglost.com (4 joins/parts in #kraljeva_garda within 7 seconds.)))
2013-09-02T17:38:23  *** DonVitoCorleone <DonVitoCorleone!Stefan_Nin@Drzi.Prijatelje.Blizu.A.Neprijatelje.Jos.Blize> has joined #pomoc
2013-09-02T17:38:23  *** ChanServ sets mode: +o DonVitoCorleone
2013-09-03T04:35:51  *** KG|DonVitoCorleone <KG|DonVitoCorleone!~DonVitoCo@I-m.not.bot.this.is.just.another.bnc.profile> has quit IRC (Quit: Quit)
2013-09-03T07:17:27  *** DonVitoC- <DonVitoC-!~DonVitoCo@Rizon-4F80C23B.furryland.net> has joined #pomoc
2013-09-03T07:17:57  *** MichaelCorleone <MichaelCorleone!~Michael@Rizon-4F80C23B.furryland.net> has joined #pomoc
2013-09-03T07:18:11  *** MichaelCorleone is now known as Guest43405
2013-09-03T13:27:12  <DonVitoCorleone> Milos, Digital_Lemon PING xD
2013-09-03T16:27:03  <Iota> o,o
2013-09-03T19:17:58  <Milos> pong
2013-09-03T20:52:29  *** aLe_93 <aLe_93!~KMELE@Rizon-2C326015.dynamic.isp.telekom.rs> has joined #pomoc
2013-09-03T20:52:42  <aLe_93> PoZzZ :-)
2013-09-03T20:52:57  <aLe_93> jel ima nekog ko mi moze pomoci ?
2013-09-03T20:53:38  *** aLe_93 <aLe_93!~KMELE@Rizon-2C326015.dynamic.isp.telekom.rs> has left #pomoc
2013-09-04T04:01:47  <DonVitoCorleone> Milos, Digital_Lemon PING xD
2013-09-04T10:41:25  <Milos> pong
2013-09-04T11:31:31  <DonVitoCorleone> Milos: tu si jos uvek? xD
2013-09-04T11:32:32  <Milos> Mozda
2013-09-04T11:32:41  <DonVitoCorleone> Da te pitam nesto
2013-09-04T11:32:59  <DonVitoCorleone> Sta bi sa onim sto si pisao adminima u vezi BNC promena?
2013-09-04T11:33:27  <Milos> Jos me podseti sta to bese?
2013-09-04T11:33:28  <Milos> xD
2013-09-04T11:33:43  <DonVitoCorleone> Cek da nadjem u logovima
2013-09-04T11:35:26  <DonVitoCorleone> Oces ovde ili na PM?
2013-09-04T11:35:42  <Milos> Nebitno
2013-09-04T11:35:45  <Milos> tj bitno
2013-09-04T11:35:47  <Milos> :D
2013-09-04T11:35:47  <Milos> pm
2013-09-04T11:35:52  <DonVitoCorleone> Haha :D
2013-09-04T11:36:32  <Milos> Aha
2013-09-04T11:36:33  <Milos> Nista.
2013-09-04T11:36:39  <Milos> Infrastruktura manjka.
2013-09-04T11:36:45  <DonVitoCorleone> Pu jebem im kru :D
2013-09-04T11:37:43  <DonVitoCorleone> Aj ti meni daj da ja instaliram znc kod tebe na server i da ga koristim, naravno samo ja i nikome ne dajem
2013-09-04T11:37:56  <DonVitoCorleone> I kome ti dozvolis ofc
2013-09-04T11:37:56  <DonVitoCorleone> :D
2013-09-04T11:38:15  <Milos> ._.
2013-09-04T11:38:27  <Milos> Vidim ja da ce mi trebati 20 SLIja do kraja godine
2013-09-04T11:38:51  <DonVitoCorleone> Gdje ima to da se kupi da ti idem uzeti jedno 3-4 komada :D
2013-09-04T11:38:54  <DonVitoCorleone> Hhahahah xD
2013-09-04T11:39:50  <DonVitoCorleone> A jbt, Nero se instalira 2 sata
2013-09-04T11:40:30  <DonVitoCorleone> Al oce to kad ja necu recommended install nego ja odaberem sve sto ima u paketu pa instaliram xD
2013-09-04T11:40:39  <DonVitoCorleone> Cak i help i manual fajlove :D
2013-09-04T11:40:58  <Milos> Ti nisi citav
2013-09-04T11:41:05  <Milos> Ne bih se ja igrao tako, nemam ni antivirus.
2013-09-04T11:41:33  <DonVitoCorleone> Sto nemas?
2013-09-04T11:41:53  <Milos> Smrdi mi bez razloga :D
2013-09-04T11:42:05  <DonVitoCorleone> Hhahahaha, antivirus ti smrdi :D
2013-09-04T11:42:08  <Milos> Slab mi je CPU, pa sam hteo da ga ne usporavam dodatno
2013-09-04T11:42:20  <Milos> Mada je poceo da jebe malo
2013-09-04T11:42:22  <Milos> ideja mi je
2013-09-04T11:42:36  <Milos> uradim backup /home /var i D:
2013-09-04T11:42:40  <Milos> obrisem ih
2013-09-04T11:42:45  <Milos> realociram na manji prostor
2013-09-04T11:42:49  <Milos> i vratim
2013-09-04T11:42:56  <Milos> posto mi je D: manje od 50gb
2013-09-04T11:42:57  <DonVitoCorleone> Cek, ti pricas o Win ili o Linux?
2013-09-04T11:43:09  <Milos> Oba
2013-09-04T11:43:17  <Milos> a /home mi je 183GB
2013-09-04T11:43:26  <Milos> od toga iskorisceno 86
2013-09-04T11:43:44  <DonVitoCorleone> Ni ja na Linu nemam antivirus, niti skidam razna sranja, mada tamo i ne treba antivirus ni firewall i sl.
2013-09-04T11:43:52  <Milos> Od cega je 18 backup koji sam gurnuo na linux sa windowsa posto na windowsu mesta imao nisam
2013-09-04T11:43:57  <Milos> Ma
2013-09-04T11:44:00  <Milos> Na Windowsu nemam AV
2013-09-04T11:44:11  <Milos> Koji ce mi kurac na Linuxu
2013-09-04T11:44:26  <Milos> Najbolji AV na Linuxu je zdrav razum i skill. Nista drugo.
2013-09-04T11:44:49  <DonVitoCorleone> Moram da restartujem =.=
2013-09-04T11:44:55  <DonVitoCorleone> Pa da instaliram patch
2013-09-04T11:44:59  <DonVitoCorleone> brb
2013-09-04T11:45:22  <Milos> Ae
2013-09-04T11:47:15  <Milos> Evo ti je moja tabla
2013-09-04T11:47:16  <Milos> NAME        MAJ:MIN RM   SIZE RO TYPE MOUNTPOINT
2013-09-04T11:47:16  <Milos> /dev/sda      8:0    0 298.1G  0 disk
2013-09-04T11:47:16  <Milos> ├─/dev/sda1   8:1    0 368.7M  0 part /boot
2013-09-04T11:47:16  <Milos> ├─/dev/sda2   8:2    0  19.1G  0 part /
2013-09-04T11:47:16  <Milos> ├─/dev/sda3   8:3    0  33.4G  0 part
2013-09-04T11:47:17  <Milos> ├─/dev/sda4   8:4    0     1K  0 part
2013-09-04T11:47:17  <Milos> ├─/dev/sda5   8:5    0  47.7G  0 part
2013-09-04T11:47:19  <Milos> ├─/dev/sda6   8:6    0   1.9G  0 part [SWAP]
2013-09-04T11:47:19  <Milos> ├─/dev/sda7   8:7    0   9.6G  0 part /var
2013-09-04T11:47:19  *** Milos was kicked by KG-Bot (message flood detected)
2013-09-04T11:47:23  *** Milos <Milos!BombSHELL@helpstaff.rizon.net> has joined #pomoc
2013-09-04T11:47:23  *** ChanServ sets mode: +o Milos
2013-09-04T11:47:37  *** Milos sets mode: -o+h KG-Bot KG-Bot
2013-09-04T11:47:40  <Milos> .
2013-09-04T11:47:40  <Milos> .
2013-09-04T11:47:41  <Milos> .
2013-09-04T11:47:51  <Milos> Aj opet.
2013-09-04T11:47:51  <Milos> NAME        MAJ:MIN RM   SIZE RO TYPE MOUNTPOINT
2013-09-04T11:47:52  <Milos> /dev/sda      8:0    0 298.1G  0 disk
2013-09-04T11:47:52  <Milos> ├─/dev/sda1   8:1    0 368.7M  0 part /boot
2013-09-04T11:47:52  <Milos> ├─/dev/sda2   8:2    0  19.1G  0 part /
2013-09-04T11:47:52  <Milos> ├─/dev/sda3   8:3    0  33.4G  0 part
2013-09-04T11:47:53  <Milos> ├─/dev/sda4   8:4    0     1K  0 part
2013-09-04T11:47:53  <Milos> ├─/dev/sda5   8:5    0  47.7G  0 part
2013-09-04T11:47:55  <Milos> ├─/dev/sda6   8:6    0   1.9G  0 part [SWAP]
2013-09-04T11:47:55  <Milos> ├─/dev/sda7   8:7    0   9.6G  0 part /var
2013-09-04T11:47:57  <Milos> └─/dev/sda8   8:8    0 186.2G  0 part /home
2013-09-04T11:48:19  <Milos> sda3 mi je C, sda5 mi je D
2013-09-04T11:48:37  <Milos> Ideja mi je da uradim backup particija posle cetvorke
2013-09-04T11:48:39  <Milos> i da ih obrisem
2013-09-04T11:48:55  <Milos> da D-u alociram malo veci prostor
2013-09-04T11:48:57  <Milos> i da ih vratim
2013-09-04T11:49:14  <Milos> Ipak je to Linux power, mogu da radim sta hocu, a ne Windows da se jebem pola sata :D
2013-09-04T11:49:25  <Milos> Mada, nemam externi, moracu da uzmem od nekoga
2013-09-04T11:53:41  <DonVitoCorleone> To sam ja hteo da uradim kod sebe ali isto nemam ext a nemam od koga da posudim
2013-09-04T11:53:49  <DonVitoCorleone> Zato sad kupujem hdd od 1 TB
2013-09-04T11:53:53  <DonVitoCorleone> Pa da se igram malo :D
2013-09-04T11:54:01  <DonVitoCorleone> A moram i na ovima da uradim defrag
2013-09-04T11:55:50  <DonVitoCorleone> Jbt, moram na sud za nekih 10ak minuta
2013-09-04T11:55:53  <DonVitoCorleone> Imam rociste xD
2013-09-04T11:58:45  <DonVitoCorleone> Odo srati :D
2013-09-04T12:04:56  <DonVitoCorleone> Milos: i sta rece za znc, moze el jok? xD
2013-09-04T12:05:32  <Milos> Ugasi jednu konekciju pa digni tu :P
2013-09-04T12:05:41  <Milos> Bzvz da pitam na 10 dana xD
2013-09-04T12:05:43  <Milos> https://fbcdn-sphotos-h-a.akamaihd.net/hphotos-ak-frc3/1175010_588429641212291_1922860768_n.jpg
2013-09-04T12:05:52  <DonVitoCorleone> Pa sta mi je upaljeno
2013-09-04T12:05:56  <DonVitoCorleone> Ja msm da je samo bot
2013-09-04T12:06:05  <DonVitoCorleone> Ali provericu kad se vrnem sa suda
2013-09-04T12:06:24  <DonVitoCorleone> I da, jel treba da instaliram ili ces ti sve uraditi dok se ja vratim :DDDD
2013-09-04T12:07:07  <DonVitoCorleone> 20021 ?        S      0:00 sshd: don@pts/1
2013-09-04T12:07:09  <DonVitoCorleone> 20022 pts/1    Ss     0:00 -bash
2013-09-04T12:07:11  <DonVitoCorleone> 20027 pts/1    R+     0:00 ps x
2013-09-04T12:07:13  <DonVitoCorleone> 22976 ?        Ss     0:00 SCREEN
2013-09-04T12:07:15  <DonVitoCorleone> 22977 pts/8    Ss     0:00 /bin/bash
2013-09-04T12:07:17  <DonVitoCorleone> 23009 pts/8    Sl+    9:24 /usr/bin/python /usr/local/bin/supybot KG-Bot.conf
2013-09-04T12:07:25  <DonVitoCorleone> To je sve sto mi je upaljeno
2013-09-04T12:07:42  <DonVitoCorleone> Znaci da gasim bota pa onda znc, e malo sutra xD
2013-09-04T12:08:21  <DonVitoCorleone> Pitacu ja na drugom serveru, mozda mi oni dozvole, tamo nemam nista konektovano :D
2013-09-04T12:09:01  <Milos> W8
2013-09-04T12:09:05  <Milos> zar nemas 2 bota?
2013-09-04T12:09:13  <DonVitoCorleone> Ne
2013-09-04T12:09:14  <Milos> Gde ti je jaje?
2013-09-04T12:09:19  <DonVitoCorleone> Nisam palio
2013-09-04T12:09:21  <Milos> lol
2013-09-04T12:09:24  <DonVitoCorleone> Ispizdeo sam totalno
2013-09-04T12:09:28  <DonVitoCorleone> Zbog njega
2013-09-04T12:09:29  <Milos> Podigni onda znc, sto pitas?
2013-09-04T12:09:36  <Milos> tj
2013-09-04T12:09:38  <Milos> cekaj
2013-09-04T12:09:42  <Milos> jesam li ja uopste dobio ponovo SLI?
2013-09-04T12:09:43  <Milos> xD
2013-09-04T12:09:51  <DonVitoCorleone> mene pitas
2013-09-04T12:09:52  <Milos> Sada imam 6, tako?
2013-09-04T12:09:59  <Milos> Cekaj min
2013-09-04T12:10:03  <Milos> samo mi jos akill fali xD
2013-09-04T12:10:09  <DonVitoCorleone> Dobio si =.=
2013-09-04T12:10:27  <Milos> lol
2013-09-04T12:10:47  <Milos> Okay
2013-09-04T12:10:48  <DonVitoCorleone> U roku od 5 minuta kad si zatrazio
2013-09-04T12:10:48  <DonVitoCorleone> :D
2013-09-04T12:10:50  <Milos> imas 2 conn
2013-09-04T12:10:55  <Milos> pa radi sta hoces
2013-09-04T12:11:08  <Milos> dokle dok mi ne navuces ddos ili neki forkbomb
2013-09-04T12:11:08  <DonVitoCorleone> Bas da radim sta hocu?
2013-09-04T12:11:09  <Milos> xD
2013-09-04T12:11:22  <DonVitoCorleone> Mogu i klonove da konektujem? xD
2013-09-04T12:11:30  <Milos> Pa dobro, sta god zelis u granici razuma xD
2013-09-04T12:11:34  <DonVitoCorleone> :/
2013-09-04T12:11:47  <DonVitoCorleone> Ali ja nemam taj, kako ono rece, razum :D
2013-09-04T12:11:56  <Milos> Predlozi mi nesto za gubljenje vremena u skoli
2013-09-04T12:12:01  <DonVitoCorleone> Hmm
2013-09-04T12:12:05  <Milos> Potajno sam se nadao da se necu smoriti ove godine
2013-09-04T12:12:06  <Milos> jos gore
2013-09-04T12:12:08  <Milos> xD
2013-09-04T12:12:13  <Milos> Inace, razredna mi rekla
2013-09-04T12:12:14  <DonVitoCorleone> Cek da se setim sta smo mi radili
2013-09-04T12:12:22  <Milos> Prvi dan, prvi cas, vec se osecam kao da razgovaram sa pravnikom
2013-09-04T12:12:23  <Milos> xD
2013-09-04T12:12:44  <DonVitoCorleone> E da
2013-09-04T12:12:55  <DonVitoCorleone> Mi smo kad nam je dosadno razvaljivali inventar
2013-09-04T12:13:14  <Milos> xD
2013-09-04T12:13:16  <DonVitoCorleone> Otkidali noge od stolica, ploce sa stolova kidali pa onda na sred casa neko se namerno nasloni da sve popada
2013-09-04T12:13:24  <Milos> Mi to radimo i kada nam nije dosadno
2013-09-04T12:13:31  <Milos> inace, prvi sam klupu u skoli ja razbio
2013-09-04T12:13:35  <Milos> prve nedelje
2013-09-04T12:13:41  <DonVitoCorleone> o/////
2013-09-04T12:13:42  <DonVitoCorleone> xD
2013-09-04T12:13:51  <Milos> Igrao se tramboline.
2013-09-04T12:14:09  <Milos> ili druge
2013-09-04T12:14:09  <DonVitoCorleone> Na casu informatike smo kidali one prednje ploce od racunara i cupali zice, ram, procesor itd.
2013-09-04T12:14:10  <Milos> ne secam se
2013-09-04T12:14:17  <Milos> Ma daj
2013-09-04T12:14:20  <Milos> to je vec debilizam xD
2013-09-04T12:14:27  <Milos> Jadan komp unistavate
2013-09-04T12:14:34  <Milos> Mada ne mogu reci da nisam isto radio :D
2013-09-04T12:14:39  <Milos> Ali ja nisam lomio
2013-09-04T12:14:44  <Milos> ja sam uzimao za rezervne delove xD
2013-09-04T12:14:45  <DonVitoCorleone> Brate, kaze covek otvori Catiu, ja dvoklik i cekam 10 minuta bukvalno da krene nesto
2013-09-04T12:14:58  <DonVitoCorleone> I onda udje i nakon 2 minute izbaci ono Send Don't send
2013-09-04T12:15:02  <Milos> haha
2013-09-04T12:15:07  <DonVitoCorleone> I kako ja da radim na tome
2013-09-04T12:15:15  <Milos> Ponesi od kuce :D
2013-09-04T12:15:24  <Milos> zavrsi projekat za 5 minuta
2013-09-04T12:15:27  <Milos> i napusti ucionicu :D
2013-09-04T12:15:46  <DonVitoCorleone> Nije dalo govno, pitao sam ja i to :D
2013-09-04T12:16:01  <Milos> A sme li metak u celo? xD
2013-09-04T12:16:05  <Milos> Po kratkom postupku xD
2013-09-04T12:16:16  <Milos> Odo' se tusnem, jbt prodje celo jutro
2013-09-04T12:16:20  <DonVitoCorleone> A pitam profesora da mi pomogne nesto oko enkripcije dekripcije, on gleda u mene i kaze nzm ja ni sta ti je to
2013-09-04T12:16:28  <Milos> Typical.
2013-09-04T12:16:30  <DonVitoCorleone> I sta ja vise da pricam sa njim, a profesor mi
2013-09-04T12:16:34  <Milos> Da su nesto znali, ne bi bili u prosveti.
2013-09-04T12:16:42  <DonVitoCorleone> Odo ja na sud, dodjem posle :D
2013-09-04T12:16:46  <Milos> Predaje mi programiranje jedan GENIJE
2013-09-04T12:16:51  <Milos> ja sam je bukvalno pitao
2013-09-04T12:16:55  <Milos> sta vi radite ovde
2013-09-04T12:16:58  <Milos> u skoli
2013-09-04T12:16:58  <Milos> xD
2013-09-04T12:17:19  <Milos> kada mozete da odete bukvalno bilo gde
2013-09-04T12:17:23  <Milos> i da upadnete lagano
2013-09-04T12:17:32  <Milos> Zeni odgovara ovako, stroga je, deca je slusaju, ne nervira se
2013-09-04T12:17:44  <Milos> plata 400 umesto 4k evra ali zivi se
2013-09-04T12:17:47  <Milos> i ide zivot
2013-09-04T12:17:49  <Milos> :D
2013-09-04T12:55:33  *** DonVitoDon <DonVitoDon!~pocketirc@Rizon-9220A189.teol.net> has joined #pomoc
2013-09-04T12:55:58  <DonVitoDon> Hahaha
2013-09-04T12:56:14  <DonVitoDon> evo me iz sudnuce uhvatio wifi
2013-09-04T12:56:22  <DonVitoDon> sudnice*
2013-09-04T12:58:16  <DonVitoDon> sad jos jedno rociste kao osteceni, treba inaci pare da platim ovo sa prvog rocista xD
2013-09-04T13:02:21  *** DonVitoDon <DonVitoDon!~pocketirc@Rizon-9220A189.teol.net> has quit IRC (Remote host closed the connection)
2013-09-04T14:59:20  <DonVitoCorleone> Milos:
2013-09-04T14:59:21  <DonVitoCorleone> Digital_Lemon:
2013-09-04T14:59:24  <DonVitoCorleone> PING!!!
2013-09-04T15:36:27  <DonVitoCorleone> sudo aptitude install znc-dev
2013-09-04T15:36:36  <DonVitoCorleone> Milos: uradi ovo kad vidis poruku xD
2013-09-04T20:40:04  <Digital_Lemon> DonVitoCorleone, no no no
2013-09-04T20:40:13  <Digital_Lemon> Instaliraj ti to lokalno :P
2013-09-04T20:40:19  <DonVitoCorleone> Nece
2013-09-04T20:40:21  <DonVitoCorleone> Ne moze
2013-09-04T20:40:28  <Digital_Lemon> .-.
2013-09-04T20:40:37  <DonVitoCorleone> Ne samo ova komanda, ne moze uopste ne lokalu
2013-09-04T20:40:40  <Digital_Lemon> Sto?
2013-09-04T20:40:41  <DonVitoCorleone> Ko da je zivo :D
2013-09-04T21:07:16  <DonVitoCorleone> Hhahahahha, jebo te craea Digital_Lemon xD
2013-09-04T21:08:08  <Digital_Lemon> lol
2013-09-04T21:08:22  <Digital_Lemon> Uzmi jedan jebeni nick i teraj po istom xD
2013-09-04T21:08:33  <DonVitoCorleone> Nmg vise da ulazim stalno sa Slavisa_Vuco, dopizdio sam ljudima xD
2013-09-04T21:08:42  <DonVitoCorleone> A mrzi me da ulazim na DonVitoCorleone tamo
2013-09-04T21:09:36  <Digital_Lemon> lol
2013-09-04T21:10:10  <Digital_Lemon> Koji ce ti pa qrac sad botina za esim
2013-09-04T21:10:48  <DonVitoCorleone> Ja sam rekao jos prije nego sto sam i taknuo python i botove da cu da spojim sve Rizon botove 'pod jedan krov' xD
2013-09-04T21:11:20  <DonVitoCorleone> Quotes, Trivia, Internets, ServiceBots, LimitServ itd. vec imaju
2013-09-04T21:11:33  <DonVitoCorleone> eRep je napravio prog
2013-09-04T21:11:51  <DonVitoCorleone> Sad cu da pravim e-sim, nekidan sam malo radio na wharrgarbl ali me smorio :D
2013-09-04T21:12:36  <Digital_Lemon> "vec imaju"?
2013-09-04T21:12:52  <Digital_Lemon> Bolje radi na e-Simu na Rizonu
2013-09-04T21:12:59  <DonVitoCorleone> Pa na supy -u vec postoje
2013-09-05T00:23:42  <Digital_Lemon> Noobe.
2013-09-05T00:23:43  <Digital_Lemon> xD
2013-09-05T00:26:21  <DonVitoCorleone> Sta je bio problem?
2013-09-05T00:26:27  <DonVitoCorleone> Pametni xD
2013-09-05T00:28:36  <Digital_Lemon> >halp I cannot
2013-09-05T00:28:38  <Digital_Lemon> >1 minute later
2013-09-05T00:28:41  <Digital_Lemon> >o work
2013-09-05T00:28:44  <Digital_Lemon> Lazy ass :P
2013-09-05T00:28:50  <Digital_Lemon> Pomuci se malo vise :D
2013-09-05T00:29:24  <Digital_Lemon> Jbt sutra putujem
2013-09-05T00:29:26  <Digital_Lemon> odo' kuntam
2013-09-05T00:29:33  <Digital_Lemon> PRIJEM
2013-09-05T00:29:39  <DonVitoCorleone> Mucim se od 23:11
2013-09-05T00:29:54  <DonVitoCorleone> A pokusavao sam i prije par dana
2013-09-05T00:30:02  <DonVitoCorleone> I sada nije savrseno, opet negde ima bug
2013-09-05T00:30:18  <DonVitoCorleone> Msm radi sve sto i treba da radi, ali dodaje nepotrebni dio na kraju
2013-09-05T02:08:24  *** KG|DonVitoCorleone <KG|DonVitoCorleone!~Kraljeva-@I-m.not.bot.this.is.just.another.bnc.profile> has joined #pomoc
2013-09-05T02:08:24  *** ChanServ sets mode: +o KG|DonVitoCorleone
2013-09-05T02:18:07  *** DonVitoCorleone is now known as FurryLand
2013-09-05T02:18:55  *** KG|DonVitoCorleone is now known as DonVitoCorleone
2013-09-05T13:27:05  *** Iota <Iota!Iota@Rizon-F9E93F15.furryland.net> has quit IRC (Quit: ZNC - http://znc.in)
2013-09-05T13:28:41  *** Mr_J <Mr_J!~Iota@Rizon-D4452227.furryland.net> has joined #pomoc
2013-09-05T13:31:50  *** Mr_J is now known as Iota
2013-09-05T17:30:31  <DonVitoCorleone> Digital_Lemon, Milos PING!!! xD
2013-09-05T17:36:00  <Digital_Lemon> Oy
2013-09-05T22:38:17  <DonVitoCorleone> E jesi tu Digital_Lemon?
2013-09-05T22:38:26  <DonVitoCorleone> Zaspo ja, sad ustao xD
2013-09-06T00:02:04  <DonVitoCorleone> [00:01:22] [irc.siglost.com][405] DonVitoCorleone #europe :You have joined too many channels :OOOOO Noooooooooo
2013-09-06T03:07:27  <DonVitoCorleone> Digital_Lemon:
2013-09-06T03:07:28  <DonVitoCorleone> Digital_Lemon:
2013-09-06T03:07:28  <DonVitoCorleone> Digital_Lemon:
2013-09-06T03:07:28  <DonVitoCorleone> Digital_Lemon:
2013-09-06T03:07:28  <DonVitoCorleone> Digital_Lemon:
2013-09-06T03:07:29  <DonVitoCorleone> Digital_Lemon:
2013-09-06T03:08:07  <DonVitoCorleone> A jebem te, samo cmaris u krevetu
2013-09-06T03:08:08  <DonVitoCorleone> :D
2013-09-06T05:29:48  <DonVitoCorleone> Kad vidis odgovori, da li ja mogu na znc da dajem nekome profile ili samo ja mogu da korisim znc, sto se tice Rizona
2013-09-06T07:22:30  <DonVitoCorleone> Daj me nemoj, jos nisi ulazio xD
2013-09-06T14:56:53  <[JAN]martink8> ejj
2013-09-06T14:56:53  <[JAN]martink8> :D
2013-09-06T19:13:11  <DonVitoCorleone> Ojjj [JAN]martink8 xD
2013-09-06T19:54:55  <KG-Bot> Announcement from my owner (DonVitoCorleone): eRepublik komande ne rade dok se ne popravi stanje sa eRep serverima. Hvala na razumevanju. :)
2013-09-07T12:05:02  <Milos> DonVitoCorleone, 1 - Sta je eRepu
2013-09-07T12:05:13  <Milos> 2 - Ja ti rekoh, 1 konekcija; dok ne napravis sranje :P
2013-09-07T16:57:18  <DonVitoCorleone> Kakvo sranje mogu da napravim sa jednom konekciom, znas da ja ne pravim sranja po IRC -u xD
2013-09-07T16:57:25  <DonVitoCorleone> Bar ne tamo gde admini mogu da me vide
2013-09-07T16:57:42  <DonVitoCorleone> A eRep je izgubio dovod struje u data centar pa su serveri zakazali :)
2013-09-07T23:51:56  <KG-Bot> Announcement from my owner (DonVitoCorleone): eRepublik plugin won't work for some time, API is perma disabled and everything must be made from scratch
2013-09-08T15:20:52  <Milos> DonVitoCorleone, Da si skilled coder, ne bi ti trebalo vise od 20 minuta da resis problem sa APIjem :P
2013-09-08T15:21:18  <DonVitoCorleone> A/
2013-09-08T15:21:25  <Milos> xD
2013-09-08T15:21:29  <Milos> [15:03:43] <%KG-Bot> [22:51:56] Announcement from my owner (DonVitoCorleone): eRepublik plugin won't work for some time, API is perma disabled and everything must be made from scratch
2013-09-08T15:21:39  <DonVitoCorleone> Ma bezi bre, ne da mi se :D
2013-09-08T15:21:47  <DonVitoCorleone> Pravio sam eSim sranje :D
2013-09-08T15:21:55  <Milos> lol
2013-09-08T15:22:00  <Milos> I smorio si se k'o q?
2013-09-08T15:22:01  <DonVitoCorleone> +citinfo secura Stefan_Ninic
2013-09-08T15:22:06  <KG-Bot> Name: Stefan Ninic, Strength: 2116, Rank-name: Captain, Damage: 2838021, Damage with: q1-4977, q2-5806, q3-6636, q4-7465, q5-8295, Level: 13, Age: 348, Eco skill: 9.5625, News: No newspaper, MU: Kraljeva Garda, MU id: 621Online: False, Ban: False, Party: No party, ID: 30202, Avatar:
2013-09-08T15:22:07  <KG-Bot> http://secura.e-sim.org:3000/avatars/35861_normal
2013-09-08T15:22:40  <DonVitoCorleone> Ne da sam se smorio
2013-09-08T15:22:43  <DonVitoCorleone> Zamro sam
2013-09-08T15:26:55  <Milos> Know ze feelin
2013-09-08T15:27:10  <Milos> Jos da ti napomenem da ti je format ocaj?
2013-09-08T15:27:10  <Milos> :D
2013-09-08T15:27:28  <DonVitoCorleone> Sto?
2013-09-08T15:27:40  <Milos> Eto, ruzno je.
2013-09-08T15:27:44  <Milos> Nemoj tako suvoparno
2013-09-08T15:27:48  <Milos> napravi neku grupaciju, tipa
2013-09-08T15:29:16  <Milos> = Stefan Ninic [Lv13] = Captain [rank level], 2116 strength = 348 days old = Eco skill: 9.5625 = Todays' damage: 2838021
2013-09-08T15:29:17  <Milos> etc
2013-09-08T15:29:19  <Milos> ili tako nesto
2013-09-08T15:29:27  <Milos> Nemoj samo da nabadas informacije, nekako je ocajno
2013-09-08T15:29:42  <Milos> online: false, ban: false, party: no party ti ne treba
2013-09-08T15:29:48  <Milos> to sto je false, ne ubacuj
2013-09-08T15:29:54  <Milos> a online/offline recimo mozes uraditi kreativnije
2013-09-08T15:30:05  <DonVitoCorleone> Ma znam da moze, recimo sa bojama
2013-09-08T15:30:11  <Milos> Upravo
2013-09-08T15:30:25  <Milos> = Stefan Ninic _ [Lv13] = Captain [rank level], 2116 strength = 348 days old = Eco skill: 9.5625 = Todays' damage: 2838021 =
2013-09-08T15:30:30  <Milos> = Stefan Ninic _ [Lv13] = Captain [rank level], 2116 strength = 348 days old = Eco skill: 9.5625 = Todays' damage: 2838021 =
2013-09-08T15:30:30  <DonVitoCorleone> A ne da mi se sada praviti nema picke xD
2013-09-08T15:30:32  <Milos> xD
2013-09-08T15:30:36  <Milos> lol
2013-09-08T15:31:05  <DonVitoCorleone> I moram nesto za medalje skontati
2013-09-08T15:31:12  <DonVitoCorleone> Nikako nmg da ih formatiram
2013-09-08T15:31:14  <Milos> Nemoj sve u jednu komandu
2013-09-08T15:31:15  <Milos> lol
2013-09-08T15:31:22  <Milos> Hm
2013-09-08T15:31:23  <DonVitoCorleone> Pa necu medalje ovde
2013-09-08T15:31:24  <Milos> znas sta bi mogao? :D
2013-09-08T15:31:29  <Milos> Pogledas da li je mibbit
2013-09-08T15:31:30  <DonVitoCorleone> Za medalje ce posebna komanda
2013-09-08T15:31:37  <Milos> i ako jeste, umesto imena medalje gurnes URL slicke :D
2013-09-08T15:31:52  <DonVitoCorleone> Ahahahahha, pa nisam puko
2013-09-08T15:31:53  <DonVitoCorleone> xD
2013-09-08T15:32:02  <Milos> :DDD
2013-09-08T15:32:13  <Milos> BEzim, prevodim nesto
2013-09-08T15:32:26  <DonVitoCorleone> Nzm sta cu za medalje
2013-09-08T15:32:32  <DonVitoCorleone> Lista u listi :D
2013-09-08T15:32:41  <DonVitoCorleone> Nema picke da skontam kako
2013-09-08T15:33:10  <DonVitoCorleone> A inace json + python sam poceo da ucim kad sa krenuo da pravim esim
2013-09-08T15:33:16  <DonVitoCorleone> Tako da je i ovo extra xD
2013-09-08T15:33:24  <DonVitoCorleone> Odo trazit cigaru negde
2013-09-08T15:34:46  <Milos> E
2013-09-08T15:34:50  <Milos> reci mi kako ovo da prevedem
2013-09-08T15:35:03  <Milos> These players can run things as such
2013-09-08T15:35:14  <Milos> can run
2013-09-08T15:35:25  <Milos> mozes da kazes "odrzavati", ali nije prikladno
2013-09-08T15:35:32  <Milos> "uticati", ali ce biti ponavljanja
2013-09-08T15:35:40  <Milos> "pokretaci", ali onda nece biti precizno.
2013-09-08T15:38:49  <DonVitoCorleone> Ovi igraci mogu da koriste to nesto kao takvo?
2013-09-08T15:39:28  <Milos> da KORISTE?
2013-09-08T15:39:29  <Milos> xD
2013-09-08T15:39:30  <Milos> Ne
2013-09-08T15:39:36  <Milos> misli se u ovom kontextu
2013-09-08T15:39:49  <Milos> kao, to run something, biti neki mudonja koji se stara o tome
2013-09-08T15:39:51  <Milos> ili kako god xD
2013-09-08T15:40:34  <DonVitoCorleone> pa stavi odrzavati, zasto nije prikladno?? O_O
2013-09-08T15:41:43  <DonVitoCorleone> Sta mislis, da li da kupim hdd od 500 ili od 1000 GB -a?
2013-09-08T15:41:51  <DonVitoCorleone> Da li ce 500 biti dovoljno :/
2013-09-08T15:43:16  <Milos> 1k naravno
2013-09-08T15:43:16  <Milos> :D
2013-09-08T15:43:21  <Milos> Because, you'll need it later.
2013-09-08T15:43:43  <DonVitoCorleone> Ako imas rekete idi uzmi BH
2013-09-08T15:43:46  <DonVitoCorleone> Niko ne moze da udara u bitkama osim sa raketama xD
2013-09-08T15:45:14  <Milos> lol
2013-09-08T15:45:33  <DonVitoCorleone> E jbg kasno, 505 error :(
2013-09-08T15:45:42  <DonVitoCorleone> 500*
2013-09-08T15:46:04  <Milos> :D
2013-09-08T15:46:17  <Milos> Mozda bih mogao da lupim request za udarac
2013-09-08T15:46:24  <Milos> mada me csrf verovatno ne bi pustio
2013-09-08T15:46:39  <DonVitoCorleone> pokusaj
2013-09-08T15:46:43  <DonVitoCorleone> nista te ne kosta :D
2013-09-08T15:47:37  <DonVitoCorleone> Nego jel mogu ja da hostujem sajt neki manji na serveru?
2013-09-08T15:48:06  <Milos> Za erpk api? xD
2013-09-08T15:48:10  <DonVitoCorleone> Ne
2013-09-08T15:48:22  <DonVitoCorleone> I za to ali i nesto drugo
2013-09-08T15:48:26  <Milos> Sajt za sta?
2013-09-08T15:48:41  <Milos> Za API ne mozes, ja sam vec ulogovan odande, imali bi IP conflict
2013-09-08T15:48:53  <DonVitoCorleone> Ma dugacko je da ti objasnjavam, uglavnom fazon votersa ali nece biti radnika
2013-09-08T15:49:17  <Milos> vec 3-4 meseca mi automatski jede hranu sa servera
2013-09-08T15:49:31  <Milos> Moze, ako stavis moje reklame :D
2013-09-08T15:49:51  <DonVitoCorleone> Reklame za sta?
2013-09-08T15:50:55  <Milos> Google ads
2013-09-08T15:51:27  <DonVitoCorleone> Zaradjujes li ista od toga?
2013-09-08T15:52:57  <Milos> Nikad probao
2013-09-08T15:53:01  <Milos> trebao bih nesto sitno kao
2013-09-08T15:53:28  <DonVitoCorleone> Ok, stavicu nije problem, nego ti meni treba da instaliras Joomla! ili da ja puknem na lokalu XD
2013-09-08T15:54:53  <Milos> Koji ce ti to qrac xD
2013-09-08T15:54:55  <Milos> To php?
2013-09-08T15:55:11  <DonVitoCorleone> Pa preko toga hocu da ravim
2013-09-08T15:55:13  <DonVitoCorleone> pravim
2013-09-08T15:55:24  <DonVitoCorleone> PHP da
2013-09-08T22:16:28  *** Zerksis <Zerksis!Zerksis@Red.Svetog.Djordja.S.S.S.S> has joined #pomoc
2013-09-08T22:16:28  *** ChanServ sets mode: +o Zerksis
2013-09-08T22:17:52  <DonVitoCorleone> o/
2013-09-08T22:43:54  <Milos> lol
2013-09-08T22:43:57  <Milos> Zaboravio.
2013-09-08T22:44:11  <Milos> Joomlu ces morati rucno
2013-09-08T22:44:26  <Milos> ali ne mogu da ti napravim public_html/u tvom folderu
2013-09-08T22:45:14  <DonVitoCorleone> Zasto ne mozes?
2013-09-08T22:49:13  <Milos> Webmin.
2013-09-08T22:50:49  <[JAN]martink8> peeri
2013-09-08T22:50:50  <[JAN]martink8> wassup
2013-09-08T22:51:11  <Milos> Nothing of value.
2013-09-08T22:51:15  <Milos> You?
2013-09-08T23:05:41  <DonVitoCorleone> Si vido legende
2013-09-08T23:05:59  <DonVitoCorleone> Dao mu lik hop i ovaj uradi quit pa connect opet da odradis sync xD
2013-09-08T23:11:03  <Milos> Ko?
2013-09-08T23:11:04  <Milos> lol
2013-09-08T23:15:57  *** Zerksis <Zerksis!Zerksis@Red.Svetog.Djordja.S.S.S.S> has quit IRC ()
2013-09-08T23:16:01  <DonVitoCorleone> Na #erpk
2013-09-08T23:19:43  <Milos> lol
2013-09-08T23:20:23  <DonVitoCorleone> A ono i ja treba da radim za API
2013-09-08T23:20:26  <DonVitoCorleone> A mrzi me :D
2013-09-08T23:20:37  <DonVitoCorleone> Necu ni da radim jos jedno mesec dva sigurno :D
2013-09-09T22:16:53  *** Digital_Lemon is now known as GARDA|||Vortex
2013-09-09T22:52:21  *** GARDA|||Vortex is now known as Vortex
2013-09-10T17:26:20  <DonVitoCorleone> Vortex, Milos PING!
2013-09-10T22:07:14  *** Vortex is now known as GARDA|||Vortex
2013-09-10T22:10:00  <DonVitoCorleone> Ali sinak
2013-09-10T22:10:01  <DonVitoCorleone> xD
2013-09-10T22:10:12  <DonVitoCorleone> Joomla mora na root xd
2013-09-10T22:10:15  <GARDA|||Vortex> Ne vidim ping kada se logujem
2013-09-10T22:10:17  <GARDA|||Vortex> meh
2013-09-10T22:10:32  <DonVitoCorleone> MySQL 5.1+
2013-09-10T22:10:42  <DonVitoCorleone> PHP ne secam se koji
2013-09-10T22:10:51  <DonVitoCorleone> apache zadovoljava xD
2013-09-10T22:10:55  <GARDA|||Vortex> Dzabe ti root
2013-09-10T22:10:59  <GARDA|||Vortex> kada webmin ne f-onise tako
2013-09-10T22:11:49  <GARDA|||Vortex> Cak ni django nije hteo da namesti automatski
2013-09-10T22:11:52  <GARDA|||Vortex> pa sam odustao, neki drugi put cu
2013-09-10T22:12:00  <GARDA|||Vortex> moras sam da mu skrpis apache config
2013-09-10T22:12:01  <DonVitoCorleone> Ma mora da se extraktuje na root da bi uopste mogao da pocnem instalaciju i kreiranje usera u MySQL osim ako ga vec nemam
2013-09-10T22:12:12  <GARDA|||Vortex> ...
2013-09-10T22:12:23  <DonVitoCorleone> Ne moze da ide u /home/don/Joomla
2013-09-10T22:12:24  <GARDA|||Vortex> Ako mislis da instalaciju radis pod rootom, varas se :D
2013-09-10T22:12:35  <GARDA|||Vortex> Ne moze nista da ti ide u /home/don/
2013-09-10T22:12:48  <GARDA|||Vortex> moras da se preko posebnog usera kacis na apache, preko webmina, koji pravi novi user
2013-09-10T22:13:04  <GARDA|||Vortex> ili mozda ne mora, ne secam se, ali ti ne treba sav taj junk na "primarnom"
2013-09-10T22:13:06  <DonVitoCorleone> Pa de reci mi koji je taj user i kako da se kacim  xD
2013-09-10T22:46:23  <GARDA|||Vortex> lol
2013-09-10T22:46:26  <GARDA|||Vortex> Nisam ga ni napravio
2013-09-10T22:46:27  <GARDA|||Vortex> :D
2013-09-10T22:46:33  <GARDA|||Vortex> Ae podseti me posle
2013-09-10T22:46:36  <GARDA|||Vortex> poceo rundu
2013-09-10T22:46:44  *** GARDA|||Vortex is now known as Vortsex
2013-09-10T22:47:00  *** Vortsex is now known as Vortex
2013-09-10T22:49:28  <DonVitoCorleone> kad posle
2013-09-10T22:49:35  <DonVitoCorleone> Veras ili sutra? xd
2013-09-11T01:09:06  <DonVitoCorleone> Vortex: Joomla
2013-09-11T06:31:29  *** aphedox <aphedox!~aphedox@Rizon-27019C0C.hsd1.il.comcast.net> has joined #pomoc
2013-09-11T07:56:59  *** aphedox <aphedox!~aphedox@Rizon-27019C0C.hsd1.il.comcast.net> has quit IRC (Ping timeout: 240 seconds)
2013-09-11T15:07:39  *** aphedox <aphedox!~aphedox@Rizon-27019C0C.hsd1.il.comcast.net> has joined #pomoc
2013-09-11T15:53:39  *** aphedox <aphedox!~aphedox@Rizon-27019C0C.hsd1.il.comcast.net> has quit IRC (Ping timeout: 240 seconds)
2013-09-11T18:06:52  *** Spartak88 <Spartak88!Spartak88@blood.and.bone> has joined #pomoc
2013-09-11T18:07:14  <Spartak88> pozz drustvo
2013-09-11T18:19:41  <Milos> DonVitoCorleone, :D
2013-09-11T18:23:57  <DonVitoCorleone> Sta je Milose? xD
2013-09-11T18:25:59  <Milos> Zaboravio sam opet xD
2013-09-11T18:26:06  <Milos> Koji ti je domen?
2013-09-11T18:26:26  <DonVitoCorleone> Nema domena
2013-09-11T18:26:27  <DonVitoCorleone> Jos
2013-09-11T18:26:40  <DonVitoCorleone> Nisam krenuo ni da pravim sajt a da znam koji je domen xD
2013-09-11T18:26:50  <DonVitoCorleone> Budi ti normalan :DDD
2013-09-11T18:28:55  <Milos> Ne smem da se igram
2013-09-11T18:29:06  <Milos> kada budes imao domen, napravicu ti tada
2013-09-11T18:29:14  <Milos> po defaultu odmah ubacujes domen kada pravis "nalog"
2013-09-11T18:29:14  <DonVitoCorleone> Pa nece niko ulaziti na to osim mene dok ne budem imao domen
2013-09-11T18:29:28  <Milos> Ne zelim da se petljam posle po virtualhostu sam, sjebacu nesto.
2013-09-11T18:29:50  <DonVitoCorleone> Ja msm da se domen moze promeniti u podesavanjima na kojima cu ja raditi
2013-09-11T18:31:18  <Milos> Sam nalog se zove kao domen
2013-09-11T18:32:06  <DonVitoCorleone> Pff
2013-09-11T18:32:45  <DonVitoCorleone> A jel moram da imam domen da bi napravio ili mozes da napravis pa da posle kupim taj domen
2013-09-11T18:33:11  <Milos> Mogu da napravim
2013-09-11T18:33:17  <Milos> ali ces moci samo da udjes FTP na njega
2013-09-11T18:33:20  <Milos> neces moci da mu pristupis preko IPja
2013-09-11T18:33:42  <Milos> Digni XAMPP pa se igraj, ne znam sta da ti kazem
2013-09-11T18:33:47  <Milos> ovako je stvarno neizvodljivo
2013-09-11T18:34:03  <Milos> ili skini sebi nginx ili tako nesto i digni ga na nekom shlj portu pa se igraj odatle
2013-09-11T18:34:20  <DonVitoCorleone> A cek, ako uzmem sada recimo onaj neki free domen fazon noip mozes na njega da stavis da se ja sada igram i podesavam pa posle da mi napravis novi user kada kupim pravi domen i na njega da podesis?
2013-09-11T18:34:50  <Milos> Ne zadrzavaju se podesavanja izmedju domena
2013-09-11T18:35:05  <Milos> Moraces sve da prebacujes posle
2013-09-11T18:35:09  <Milos> a da li moze na free, ne znam.
2013-09-11T18:35:13  <Milos> Verovatno moze.
2013-09-11T18:35:28  <DonVitoCorleone> Ajde onda idem da uzmem free domen pa podesi
2013-09-11T18:35:39  <DonVitoCorleone> A prebacicu podesavanja ako napravim da valja, nije mi problem
2013-09-11T18:35:39  <Milos> dot.cc
2013-09-11T18:35:58  <DonVitoCorleone> Sta dot.cc ??
2013-09-11T18:38:34  <Milos> free top level domen
2013-09-11T18:38:39  <Milos> hm, nije dot.cc
2013-09-11T18:38:47  <Milos> Uzmes free something.cc
2013-09-11T18:38:55  *** Spartak88 <Spartak88!Spartak88@blood.and.bone> has left #pomoc (Do sledećeg viđenja. o/)
2013-09-11T18:40:48  <DonVitoCorleone> Evo nasao sam
2013-09-11T18:41:05  <DonVitoCorleone> famigliecorleone.co.nr
2013-09-11T18:41:08  <DonVitoCorleone> Moze to?
2013-09-11T19:26:18  *** aphedox <aphedox!~aphedox@E0756517.918C8818.DBA7DEA0.IP> has joined #pomoc
2013-09-11T19:27:26  <Milos> aphedox, Balkanian IRC help channel here :>
2013-09-11T19:31:21  *** aphedox <aphedox!~aphedox@E0756517.918C8818.DBA7DEA0.IP> has quit IRC (Ping timeout: 240 seconds)
2013-09-11T19:36:57  *** aphedox <aphedox!~aphedox@F590FACC.918C8818.DBA7DEA0.IP> has joined #pomoc
2013-09-11T19:44:59  *** aphedox <aphedox!~aphedox@F590FACC.918C8818.DBA7DEA0.IP> has quit IRC (Ping timeout: 240 seconds)
2013-09-11T19:56:52  *** aphedox <aphedox!~aphedox@F590FACC.918C8818.DBA7DEA0.IP> has joined #pomoc
2013-09-12T03:13:59  *** aphedox <aphedox!~aphedox@F590FACC.918C8818.DBA7DEA0.IP> has quit IRC (Ping timeout: 240 seconds)
2013-09-12T04:08:12  *** aphedox <aphedox!~aphedox@Rizon-27019C0C.hsd1.il.comcast.net> has joined #pomoc
2013-09-12T09:45:01  *** aphedox <aphedox!~aphedox@Rizon-27019C0C.hsd1.il.comcast.net> has quit IRC (Ping timeout: 240 seconds)
2013-09-12T19:22:35  *** KG-Bot <KG-Bot!~KraljevaG@Kraljeva.Garda.official.bot> has joined #pomoc
2013-09-12T19:24:23  *** KG-Bot <KG-Bot!~KraljevaG@Kraljeva.Garda.official.bot> has joined #pomoc
2013-09-12T19:24:27  *** ChanServ sets mode: +o KG-Bot
2013-09-13T02:22:56  *** aphedox <aphedox!~aphedox@Rizon-27019C0C.hsd1.il.comcast.net> has joined #pomoc
2013-09-13T03:19:43  *** Iota <Iota!~Iota@I.dont.give.1.fucking.Iota> has quit IRC (Killed (irc.siglost.com (4 joins/parts in #Iota within 3 seconds.)))
2013-09-13T03:21:11  *** Mr_J <Mr_J!Iota@Rizon-52C41297.electronirc.tk> has joined #pomoc
2013-09-13T04:55:19  *** Mr_J is now known as Iota
2013-09-13T06:55:41  *** aphedox <aphedox!~aphedox@Rizon-27019C0C.hsd1.il.comcast.net> has quit IRC (Ping timeout: 240 seconds)
2013-09-13T15:32:07  *** aphedox <aphedox!~aphedox@Rizon-27019C0C.hsd1.il.comcast.net> has joined #pomoc
2013-09-13T16:57:56  *** aphedox <aphedox!~aphedox@Rizon-27019C0C.hsd1.il.comcast.net> has quit IRC (Ping timeout: 240 seconds)
2013-09-14T05:29:46  *** aphedox <aphedox!~aphedox@Rizon-27019C0C.hsd1.il.comcast.net> has joined #pomoc
2013-09-14T08:43:29  *** aphedox <aphedox!~aphedox@Rizon-27019C0C.hsd1.il.comcast.net> has quit IRC (Ping timeout: 240 seconds)
2013-09-14T12:39:01  <DonVitoCorleone> Milos: sta cemo za server? xD
2013-09-14T12:57:37  <Milos> ._.
2013-09-14T12:57:43  <Milos> Znaci
2013-09-14T12:58:03  <Milos> ja ne znam vise sta ti hoces, sta si hteo, niti bilo sta drugo xD
2013-09-14T12:58:05  <Milos> Ajmo opet.
2013-09-14T12:58:12  <Milos> Zasto ne uzmes free domen sa DNS pristupom? xD
2013-09-14T13:06:00  <Milos> DonVitoCorleone, ^
2013-09-14T13:06:26  <DonVitoCorleone> Jel ti znas za sta meni treba server?
2013-09-14T13:06:55  <Milos> Za neki sitan blog ili tako nesto pretpostavljam.
2013-09-14T13:07:20  <Milos> U jbt
2013-09-14T13:07:23  <Milos> setih se genijalne ideje
2013-09-14T13:07:29  <Milos> koja resava posao za 3 minuta
2013-09-14T13:07:30  <Milos> lol
2013-09-14T13:07:34  <Milos> ali moras biti na mom poddomenu
2013-09-14T13:07:37  <DonVitoCorleone> Treba mi da bi instalirao Joomla! i da mogu da pravim sajt zasnovan na Joomla! i da ljudi mogu da ulaze na sajt
2013-09-14T13:07:40  <Milos> donvito.klined.org ili nesto
2013-09-14T13:07:48  <DonVitoCorleone> Pa to bi trebalo da
2013-09-14T13:07:52  <DonVitoCorleone> To sam te prvo pitao
2013-09-14T13:07:52  <Milos> Moze?
2013-09-14T13:07:58  <Milos> Nisi lol
2013-09-14T13:08:03  <Milos> ili sam te pogresno razumeo
2013-09-14T13:08:13  <DonVitoCorleone> Da jesam, kad sam ti pokazivao ono za regovanje pokazao sam ti to
2013-09-14T13:08:23  <DonVitoCorleone> Regovanje domena
2013-09-14T13:08:30  <Milos> Ma
2013-09-14T13:08:31  <Milos> ._.
2013-09-14T13:08:45  <Milos> Jedno je poddomen nekoga ko kontrolise DNS i ko ti ne daje pristup
2013-09-14T13:08:54  <DonVitoCorleone> A jbt
2013-09-14T13:09:01  <DonVitoCorleone> To je ono sranje ona neka URL sto sam te pitao
2013-09-14T13:09:04  <Milos> ja imam pristup svojim DNS rekordima
2013-09-14T13:09:14  <DonVitoCorleone> Da imam logove sad bi ti pokazao na sta mislim
2013-09-14T13:11:05  <DonVitoCorleone> A sad sledeca 3-4 pitanja se postavljaju, da li ce moci Joomla!, koji PHP imas instaliran, da li mogu da uzmem free domen za forward to toga domena donvito.klined.org
2013-09-14T13:11:33  <DonVitoCorleone> Primer free forward domena FAMIGLIECORLEONE.TK
2013-09-14T13:11:52  <Milos> PHP je isti kao system-wide i ne moze da se menja
2013-09-14T13:12:07  <Milos> Mozda ima virtualmin skripta za joomlu
2013-09-14T13:12:12  <Milos> sto ce te spasiti muka
2013-09-14T13:12:23  <Milos> Ja cu tebe da obesim covece
2013-09-14T13:12:30  <Milos> Zasto da pravis redirekciju
2013-09-14T13:12:33  <Milos> kada mogu da ti uradim direktno
2013-09-14T13:13:14  <Milos> Okay, onda cemo ovako.
2013-09-14T13:13:19  <Milos> Pravim ja tebi FAMIGLIECORLEONE.TK
2013-09-14T13:13:28  <Milos> al' nemoj da me mucis posle da ga prebacujem negde drugde :D
2013-09-14T13:13:44  <Milos> Domain already taken, please select another.
2013-09-14T13:13:44  <Milos> 
2013-09-14T13:15:04  <Milos> Jbt bio free leach
2013-09-14T13:15:21  <Milos> i skinem ja 1080p FLAC audio anime
2013-09-14T13:15:42  <Milos> oko 2 do 2.2GB mi je jedna epizoda, 12 komada, po 20tak minuta xD
2013-09-14T13:17:07  <Milos> http://xkcd.com/583/
2013-09-14T13:17:08  <KG-Bot> Title: xkcd: CNR (at xkcd.com)
2013-09-14T13:17:09  <Milos> l o l
2013-09-14T13:24:24  <DonVitoCorleone> http://www.freedomain.co.nr/help.php?w=url
2013-09-14T13:24:25  <KG-Bot> Title: CO.NR : Help Center (at www.freedomain.co.nr)
2013-09-14T13:24:27  <DonVitoCorleone> Evo vidis
2013-09-14T13:24:46  <DonVitoCorleone> To je to, TARGET URL xD
2013-09-14T13:25:21  <Milos> To je cname
2013-09-14T13:25:24  <DonVitoCorleone> pa verovatno sam ja uzeo taj domen =.=
2013-09-14T13:25:31  <DonVitoCorleone> [13:13:55] <@Milos> Domain already taken, please select another.
2013-09-14T13:25:37  <Milos> hm
2013-09-14T13:25:39  <Milos> tj ne
2013-09-14T13:25:51  <Milos> cname moze samo na hostname root koliko znam
2013-09-14T13:25:57  <Milos> onda otvara javascriptom stranu
2013-09-14T13:25:58  <Milos> lol
2013-09-14T13:26:01  <Milos> Glupost.
2013-09-14T13:26:10  <Milos> Jesi li mu namestio nameservere?
2013-09-14T13:26:22  <DonVitoCorleone> Pa to mi treba da bi mogao da uzmem redirect za taj domen sto ces ti napraviti
2013-09-14T13:26:27  <DonVitoCorleone> Hahhaha
2013-09-14T13:26:33  <DonVitoCorleone> Nisam nista podesavao, cek da vidim
2013-09-14T13:26:49  <DonVitoCorleone> Daj mi opet koje da stavim
2013-09-14T13:54:51  *** Vortex is now known as Digital_Lemon
2013-09-14T16:47:07  *** aphedox <aphedox!~aphedox@Rizon-27019C0C.hsd1.il.comcast.net> has joined #pomoc
2013-09-14T16:49:21  <DonVitoCorleone> Who are you aphedox?
2013-09-14T16:49:32  <DonVitoCorleone> And why are you in this channel?
2013-09-14T16:52:06  *** aphedox was kicked by ChanServ (Come back when you decide to tell us who are you. :))
2013-09-14T17:14:41  <Milos> Od kada smo postali NoIdleHere #?
2013-09-14T17:19:01  <DonVitoCorleone> Od kada ne zele ni da se predstave ko su xD
2013-09-14T17:19:40  <Milos> [17:13:06] aphedox's idle time: 0d 0h 28m 13s
2013-09-14T17:19:40  <Milos> [17:13:06] aphedox's signon time: Sat Sep 14 16:47:04 2013
2013-09-14T17:19:42  <DonVitoCorleone> Covek ulazi ima vec 10 dana i nikako da odg. na bilo koje pitanje/poruku/notice/pm etc.
2013-09-14T17:20:03  <DonVitoCorleone> [16:47:18] aphedox [~aphedox@Rizon-27019C0C.hsd1.il.comcast.net] has joined #pomoc
2013-09-14T17:20:03  <DonVitoCorleone> [16:49:31] <@DonVitoCorleone> Who are you aphedox?
2013-09-14T17:20:13  <Milos> A da imas 70 usera, trazio bi i dalje da se pretstavi?
2013-09-14T17:20:35  <DonVitoCorleone> Pa ne tada
2013-09-14T17:20:40  <Milos> Ocigledno prisutan nije, nego se reconnectovao i samo upao.
2013-09-14T17:20:55  <DonVitoCorleone> I tako proslih ~10 dana?
2013-09-14T17:21:02  <Milos> Sta ga znam.
2013-09-14T17:21:24  <Milos> Ne vidim potrebu da ne dozvolis bilo kome da sedi sve dok ne smeta u razgovoru sa drugima.
2013-09-14T17:21:26  <DonVitoCorleone> Nemoj da ukljucim da kikuje nakon 10 minuta idle -a kao na #services xD
2013-09-14T17:23:55  <Milos> Osnovna stvar koncepta help kanala je opustenost i neobaveznost.
2013-09-14T17:24:15  <Milos> Kada odes daleko od toga, otisao si i daleko od same svrhe kanala.
2013-09-14T17:43:18  <DonVitoCorleone> Pusti ti ta sranja, daj da radimo malo na wikiu ili nesto drugo, da se ovaj kanal aktivira a ne da ga koristimo kao zamenu za PM xD
2013-09-14T17:44:06  <DonVitoCorleone> Opet kosarka....
2013-09-14T17:44:08  <Milos> Ma kakav prevod
2013-09-14T17:44:16  <Milos> Jesi li mi video clanak?
2013-09-14T17:44:23  <DonVitoCorleone> Ne
2013-09-14T17:44:40  <Milos> Ajde pogodi koliko mi je vremena trebalo http://www.erepublik.com/en/article/-daily-dose-1-2317659/1/20
2013-09-14T17:44:41  <KG-Bot> Title: Номинације за најутицајније играче света отворене! - published by Digital Lemon on day 2,123 - page 1 of 1 (at www.erepublik.com)
2013-09-14T17:44:48  <Milos> da ga prevedem sa engleskog
2013-09-14T17:45:04  <DonVitoCorleone> Cekaj da ga prvo otvorim sa ovim govnetom xD
2013-09-14T17:45:24  <DonVitoCorleone> Na eRep nisam usao od juce ujutru kad sam pricao sa tobom xD
2013-09-14T17:45:46  <Milos> 1900hp mi se regenerise za 4h
2013-09-14T17:45:56  <Milos> gde da nadjem hranu da to pokrijem :|
2013-09-14T17:49:20  <DonVitoCorleone> A koje sranje od clanka
2013-09-14T17:49:31  <DonVitoCorleone> Prevod je ok, ali je sam izbor sranje
2013-09-14T17:49:38  <DonVitoCorleone> Samo zgrtanje para
2013-09-14T17:50:27  <DonVitoCorleone> Sta kaze, ne mozete nominovati sami sebe, pa onda sledeca recenica ako hocete odmah da budete nominovani posaljite pare tu i tu
2013-09-14T17:57:45  <Milos> Znam. To je prvo sto mu rekoh.
2013-09-14T17:57:46  <Milos> Otišla sam na dejt sa likom s kojim u suštini i nisam želela da se vidim, ali reko' aj da ne budem na kraj srca, daj da ispoštujem čoveka. I onda dođemo do toga da studiram medicinu i on sav razduševljen vadi analize urina iz novčanika želeći da mu ih protumačim, idemo, romant'ka. Prvi i poslednji dejt s istim.
2013-09-14T17:57:47  <Milos> lol
2013-09-14T17:59:32  <DonVitoCorleone> xD
2013-09-14T18:35:00  <Milos> DonVitoCorleone, http://arhiva.kurir-info.rs/Arhiva/2005/april/21/H-01-21042005.shtml
2013-09-14T18:35:01  <KG-Bot> Title: KURIR (at arhiva.kurir-info.rs)
2013-09-14T18:35:13  <DonVitoCorleone> S'a je to?
2013-09-14T18:35:13  <Milos> w t f
2013-09-14T18:36:17  <DonVitoCorleone> Sta mi dajes ovo da citam, kao da me to zanima xD
2013-09-14T18:36:28  <Milos> Pogledaj page header
2013-09-14T18:36:29  <Milos> :D
2013-09-14T18:36:34  <Milos> A ovo sam bukvalno ja
2013-09-14T18:36:35  <Milos> Svima roditelji govore kako će ih društvo pokvariti jedino meni majka govori kako ću ja pokvariti društvo, jer sve "glupe" ideje polaze od mene...
2013-09-14T18:36:35  <Milos> :D
2013-09-14T18:38:24  <DonVitoCorleone> Vidi stvarno, sta je ovo sa hederom
2013-09-14T18:39:34  <Milos> Jbt
2013-09-14T18:39:35  <Milos> Vraćao sam se sa neke žurke pijan kući, ušao u auto i rekao liku što sedi napred adresu na koju da me vozi. On me je samo pogledao i rekao : "Majstore, ja nisam taxi.."
2013-09-14T18:39:38  <Milos> Ovo se mora probati :D
2013-09-14T18:42:31  <DonVitoCorleone> HAhah xD
2013-09-14T18:42:46  <DonVitoCorleone> Pa kad te neko kiNDapuje xD
2013-09-14T18:53:19  <Milos> Vozio sam se sa devojkom na motoru. Obgrlila me je rukama, a ja sam se stiso najviše što sam mogao da bi ona opipala moje pločice (u pokušaju). Samo mi je u jednom trenutku rekla: " nemoj više stezati usraćeš se" počeli smo da se smejemo, a bilo me istovremeno I blam. Svejedno, obožavam je.
2013-09-14T18:53:20  <Milos> :D
2013-09-15T18:28:46  *** Guest43405 <Guest43405!~Michael@Rizon-4F80C23B.furryland.net> has quit IRC (Quit: FurryBNC - http://furryland.net/furrybnc)
2013-09-16T14:17:00  *** KG-Bot <KG-Bot!~KraljevaG@Kraljeva.Garda.official.bot> has joined #pomoc
2013-09-16T14:17:06  *** ChanServ sets mode: +o KG-Bot
2013-09-16T14:45:24  <Milos> DonVitoCorleone, ping
2013-09-16T15:15:19  *** DarkRay|OFF| <DarkRay|OFF|!DarkRay@Rizon-DFD624E.rizonbnc.eu.rizon.net> has quit IRC (Ping timeout: 242 seconds)
2013-09-16T15:15:42  *** [JAN]martink8 <[JAN]martink8!maci@cCc.TurkeY.cCc> has quit IRC (Ping timeout: 243 seconds)
2013-09-16T15:16:04  *** FurryLand <FurryLand!Stefan_Nin@Drzi.Prijatelje.BlizuA.Neprijatelje.Jos.Blize> has quit IRC (Ping timeout: 243 seconds)
2013-09-16T15:16:18  *** Milos <Milos!BombSHELL@helpstaff.rizon.net> has quit IRC (Ping timeout: 243 seconds)
2013-09-16T15:33:08  *** maci <maci!maci@Rizon-1423AD6C.rizonbnc.eu.rizon.net> has joined #pomoc
2013-09-16T15:34:10  *** DarkRay <DarkRay!DarkRay@Rizon-DFD624E.rizonbnc.eu.rizon.net> has joined #pomoc
2013-09-16T15:48:02  *** Guest56724 <Guest56724!Stefan_Nin@Rizon-72A5E527.rizonbnc.eu.rizon.net> has joined #pomoc
2013-09-16T15:50:32  *** Milos <Milos!BombSHELL@Rizon-9F8939C4.rizonbnc.eu.rizon.net> has joined #pomoc
2013-09-16T15:50:32  *** ChanServ sets mode: +o Milos
2013-09-16T15:51:30  *** Revolucionar_AFK <Revolucionar_AFK!~kvirc@12BCF6B2.3063786A.2E840E8E.IP> has joined #pomoc
2013-09-16T15:51:37  <Revolucionar_AFK> Digital_Lemon: o limune
2013-09-16T15:51:39  <Revolucionar_AFK> 100 godina
2013-09-16T15:51:40  <Revolucionar_AFK> :D
2013-09-16T15:52:22  <Milos> To mozda tebe nema, mene ima :D
2013-09-16T15:52:41  <Revolucionar_AFK> aaa pa ja sam na #digital_lemon sa tobom ranije pričao
2013-09-16T15:52:44  <Revolucionar_AFK> sad to više ne postoji
2013-09-16T15:52:51  <Revolucionar_AFK> ti si mi pomogao oko skripti za kvirc
2013-09-16T15:52:59  <Revolucionar_AFK> zahvaljujući tebi sam provalio razne stvari
2013-09-16T15:53:01  <Revolucionar_AFK> što se toga tiče
2013-09-16T15:53:02  <Revolucionar_AFK> :D
2013-09-16T15:53:54  <Revolucionar_AFK> Milos: treba mi pomoć oko bnc-a sad
2013-09-16T15:53:59  <Revolucionar_AFK> samo da namestim to
2013-09-16T15:54:01  <Revolucionar_AFK> ništa više
2013-09-16T15:54:02  <Revolucionar_AFK> :D
2013-09-16T15:54:16  <Milos> Nije ti sad pravo vreme xD
2013-09-16T15:54:27  <Milos> Pre 10tak minuta je puk'o
2013-09-16T15:54:31  <Milos> cekaj malo da se stabilizuje.
2013-09-16T15:55:21  <Revolucionar_AFK> za koliko će to biti?
2013-09-16T15:55:29  <Revolucionar_AFK> nije mi hitno ništa, nego samo odokativno da znam
2013-09-16T15:55:35  <Revolucionar_AFK> dal da igram infinite crisis u međuvremenu
2013-09-16T15:55:36  <Revolucionar_AFK> :D
2013-09-16T15:55:43  <Milos> Igraj.
2013-09-16T15:55:57  <Revolucionar_AFK> ok :D
2013-09-16T16:02:14  *** Revolucionar_AFK is now known as Revolucionar
2013-09-16T16:02:15  *** Revolucionar is now known as Revolucionar_AFK
2013-09-16T16:50:00  *** Milos is now known as milos
2013-09-16T17:31:22  *** Revolucionar_AFK <Revolucionar_AFK!~kvirc@12BCF6B2.3063786A.2E840E8E.IP> has quit IRC (Quit:  Da je vječna Crna Gora!  Long live Montenegro!)
2013-09-16T21:47:22  *** Guest56724 is now known as FurryLand
2013-09-16T21:47:22  *** ChanServ sets mode: +o FurryLand
2013-09-16T22:26:34  *** maci is now known as [JAN]martink8
2013-09-16T22:36:01  *** DonVitoC- is now known as RizonBot
2013-09-16T22:36:04  *** ChanServ sets mode: +o RizonBot
2013-09-16T22:51:56  *** RizonBot <RizonBot!~DonVitoCo@Rizon-4F80C23B.furryland.net> has quit IRC (Killed (mink (unwise)))
2013-09-16T22:52:26  *** DonVitoC- <DonVitoC-!~DonVitoCo@Rizon-44644B3.electronirc.tk> has joined #pomoc
2013-09-16T22:57:03  *** Iota <Iota!Iota@I.dont.give.1.fucking.Iota> has quit IRC (Quit: ZNC - http://znc.in)
2013-09-16T22:57:45  *** Iota <Iota!~Iota@Rizon-76A9055F.electronirc.tk> has joined #pomoc
2013-09-16T23:02:03  *** DonVitoC- is now known as KG|DonVitoCorleone
2013-09-16T23:02:08  *** ChanServ sets mode: +o KG|DonVitoCorleone
2013-09-16T23:26:18  *** Zelenas <Zelenas!~kvirc@say.hello.to.your.master> has joined #pomoc
2013-09-16T23:26:25  *** Zelenas <Zelenas!~kvirc@say.hello.to.your.master> has joined #pomoc
2013-09-16T23:27:42  <Zelenas> milos: jel može sada? :D
2013-09-16T23:29:00  <DonVitoCorleone> Sta ti treba?
2013-09-16T23:30:54  <Zelenas> ušao sam danas sa drugim nickom
2013-09-16T23:30:56  <Zelenas> da podesim bnc
2013-09-16T23:31:00  <Zelenas> da mi uvek nick bude tu
2013-09-16T23:31:04  <Zelenas> da čuva logove
2013-09-16T23:31:48  <DonVitoCorleone> Video sam poruke, revolucionar?
2013-09-16T23:33:20  <Zelenas> da da
2013-09-16T23:35:48  <DonVitoCorleone> Udjes na #RizonBNC i kucas /msg rizonbnc request EU
2013-09-16T23:36:33  <Zelenas> i to je sve? xD
2013-09-16T23:37:07  <DonVitoCorleone> Ne
2013-09-16T23:37:23  <DonVitoCorleone> To je sve da bi dobio BNC, kad dobijes BNC pocinju muke
2013-09-16T23:37:24  <DonVitoCorleone> xD
2013-09-16T23:37:30  <Zelenas> hahahahaha
2013-09-16T23:37:34  <Zelenas> čekaj da uradim to prvo
2013-09-16T23:37:40  <Zelenas> jel treba neki program da skidam?
2013-09-16T23:37:43  <DonVitoCorleone> A mogu i jednostavno ja da ti dam duplo bolji BNC sa modulima ako hoces xD
2013-09-16T23:37:59  <Zelenas> pojma nemam šta si sad rekao
2013-09-16T23:38:04  <Zelenas> tako da tebi ostavljam da odlučiš
2013-09-16T23:38:04  <Zelenas> :D
2013-09-16T23:38:18  <DonVitoCorleone> Posalji mi koji hoces username i pass, na PM posalji
2013-09-17T00:10:57  <Iota> o,o
2013-09-17T00:11:15  <DonVitoCorleone> Keep up man xD
2013-09-17T00:26:17  *** Zelenas_AFK <Zelenas_AFK!~cecamijek@KGB.Sve.Vidi.Sve.Zna> has joined #pomoc
2013-09-17T00:26:35  *** Zelenas <Zelenas!~kvirc@say.hello.to.your.master> has quit IRC (Quit:  Da je vječna Crna Gora!  Long live Montenegro!)
2013-09-17T00:27:02  *** Zelenas <Zelenas!cgiirc@12BCF6B2.3063786A.2E840E8E.IP> has joined #pomoc
2013-09-17T00:27:12  <Zelenas> hahahah
2013-09-17T00:27:14  <Zelenas> kul
2013-09-17T00:27:14  <Zelenas> :D
2013-09-17T00:27:51  <DonVitoCorleone> xD
2013-09-17T00:28:46  *** Guest878439 <Guest878439!~kvirc@12BCF6B2.3063786A.2E840E8E.IP> has joined #pomoc
2013-09-17T00:28:55  *** Zelenas <Zelenas!cgiirc@say.hello.to.your.master> has quit IRC ()
2013-09-17T00:29:45  *** Guest878439 is now known as Zelenas
2013-09-17T00:55:00  *** Zelenas_AFK <Zelenas_AFK!~cecamijek@KGB.Sve.Vidi.Sve.Zna> has left #pomoc ( Da je vjena Crna Gora!  Long live Montenegro!)
2013-09-17T03:35:03  *** Zelenas <Zelenas!~kvirc@say.hello.to.your.master> has quit IRC (Quit:  Da je vječna Crna Gora!  Long live Montenegro!)
2013-09-17T09:49:43  *** Zelenas <Zelenas!~kvirc@say.hello.to.your.master> has joined #pomoc
2013-09-17T10:03:16  *** Zelenas <Zelenas!~kvirc@say.hello.to.your.master> has quit IRC (Quit:  Da je vječna Crna Gora!  Long live Montenegro!)
2013-09-17T10:13:34  *** Zelenas <Zelenas!~cecamijek@say.hello.to.your.master> has joined #pomoc
2013-09-17T10:17:53  <Zelenas> DonVitoCorleone: jesi tu?
2013-09-17T10:22:24  *** Zelenas is now known as Zelenas_AFK
2013-09-17T10:28:22  *** Zelenas_AFK is now known as Zelenas_AFK_AFK
2013-09-17T10:28:23  *** Zelenas_AFK_AFK is now known as Zelenas_AFK
2013-09-17T10:28:25  *** Zelenas_AFK is now known as Zelenas
2013-09-17T12:36:07  *** Zelenas is now known as Zelenas_AFK
2013-09-17T15:41:15  *** Zelenas_AFK is now known as Zelenas
2013-09-17T15:50:49  *** Zelenas <Zelenas!~cecamijek@say.hello.to.your.master> has quit IRC (Quit: ZNC - http://znc.in)
2013-09-17T20:24:36  *** Zelenas <Zelenas!~KGB@say.hello.to.your.master> has joined #pomoc
2013-09-17T20:24:47  <Zelenas> Digital_Lemon: jesi tu?
2013-09-17T20:25:09  <DonVitoCorleone> Mozda ja mogu da pomognem, msm da je limun u skoli xD
2013-09-17T20:25:24  <Zelenas> hahahahah
2013-09-17T20:25:37  <Zelenas> ako ima[ vremena, ne bih da te cimam jer sam te ve'dovoljno iscimao xD
2013-09-17T20:25:41  <Zelenas> a nema veye sa bnc/om ovo
2013-09-17T20:25:45  <Zelenas> nego sa kvirc eventovima
2013-09-17T20:25:48  <Zelenas> veze*
2013-09-17T20:26:02  <DonVitoCorleone> Vidis da sam na kanalu specijalizovanom za pomoc tako da...
2013-09-17T20:26:21  <Zelenas> ok onda :D
2013-09-17T20:26:23  <Zelenas> pazi
2013-09-17T20:26:31  <Zelenas> pokušavam da napišem skriptu
2013-09-17T20:26:33  <Zelenas> u KSV
2013-09-17T20:26:39  <Zelenas> event se zove
2013-09-17T20:26:43  <Zelenas> onchannelmodechange
2013-09-17T20:26:50  <Zelenas> poenta priče je
2013-09-17T20:27:01  <Zelenas> da kad neko namesti +B mod na kanal
2013-09-17T20:27:11  <Zelenas> ono da ako si idle 30 min ili duže da ne vidiš ništa šta se dešava
2013-09-17T20:27:18  <DonVitoCorleone> Da, znam
2013-09-17T20:27:23  <Zelenas> da moj nick automatski onda na svakih 29 min otkucava tačku
2013-09-17T20:27:26  <Zelenas> e sad slušaj
2013-09-17T20:27:31  <Zelenas> ja ću da ti napišem moj kod
2013-09-17T20:27:35  <Zelenas> a ti mi reci gde sam pogrešio
2013-09-17T20:27:36  <Zelenas> ok?
2013-09-17T20:27:40  <DonVitoCorleone> Ajde
2013-09-17T20:28:00  <Zelenas> ja pojma nemam inače KVS, sve po analogiji sa prethodnim skriptama radim sam, pa pokušavam na taj način da provalim kako se šta radi
2013-09-17T20:28:50  <DonVitoCorleone> I stavi kod na pastebin
2013-09-17T20:28:59  <DonVitoCorleone> Nemoj ovde da mi ga kopiras xD
2013-09-17T20:29:35  <Zelenas> DonVitoCorleone: http://pastebin.com/3332eR6a
2013-09-17T20:29:36  <KG-Bot> Title: if ($3 != "+B") return; msg -q $target .; timer -p (ping, 3000) { msg -q - Pastebin.com (at pastebin.com)
2013-09-17T20:30:13  <Zelenas> zapravo problem mi pravi
2013-09-17T20:30:21  <Zelenas> što ne mogu da zaustavim timer ako neko skine +B
2013-09-17T20:30:30  <Zelenas> a hoću da se zaustavi tada, u tome je cela fora
2013-09-17T20:31:16  <Zelenas> stavio sam 3000 milisekundi čisto jer testiram, da ne bih čekao 29 min xD
2013-09-17T20:32:10  <DonVitoCorleone> Sad cemo da napravimo isto, da pokusam malo jednostavniji kod xD
2013-09-17T20:33:04  <Zelenas> ok
2013-09-17T20:33:05  <Zelenas> :)
2013-09-17T20:37:09  *** DonVitoCorleone sets mode: +B 
2013-09-17T20:37:09  <Zelenas> .
2013-09-17T20:37:12  <Zelenas> .
2013-09-17T20:37:40  *** DonVitoCorleone sets mode: -B 
2013-09-17T20:38:43  <DonVitoCorleone> Ok, napravio sam da radi, ali je problem u tome ako na 2 kanala neko stavi +B i onda se na jednome skine mode a na drugome ostane
2013-09-17T20:38:50  <DonVitoCorleone> Jer gasi sve tajmere
2013-09-17T20:39:08  <Zelenas> mala je verovatnoća da će na dva kanala da e stavi to
2013-09-17T20:39:13  <Zelenas> pošto sam ja ukupno na 7 kanala
2013-09-17T20:39:15  <Zelenas> nema šanse
2013-09-17T20:39:16  <Zelenas> :D
2013-09-17T20:39:35  <DonVitoCorleone> if($3 == "+B") timer(test,3000) { echo "dbdbd"; }
2013-09-17T20:39:35  <DonVitoCorleone> if($3 == "-B") killtimer test;
2013-09-17T20:39:52  <DonVitoCorleone> Samo promenis ovo echo "dbdbd" u msg "."
2013-09-17T20:40:01  <DonVitoCorleone> U dva reda ide, da
2013-09-17T20:40:07  <Zelenas> da da kapiram
2013-09-17T20:40:09  <Zelenas> hahahahaha
2013-09-17T20:40:13  <Zelenas> koja fora
2013-09-17T20:40:27  <Zelenas> šteta što se bar malo ne razumem u KSV
2013-09-17T20:40:32  <DonVitoCorleone> Moze to na puno drugih nacina da se napravi ali je ovo jedan od brzih
2013-09-17T20:40:36  <Zelenas> umeo bih dosta stvari da napravim
2013-09-17T20:41:00  <DonVitoCorleone> /help -m
2013-09-17T20:41:03  <DonVitoCorleone> Pa uci xD
2013-09-17T20:41:09  <Zelenas> DonVitoCorleone: slušaj sad, samo još ovo
2013-09-17T20:41:11  <Zelenas> slična fora
2013-09-17T20:41:16  <Zelenas> hoću da stavim na event
2013-09-17T20:41:21  <Zelenas> OnJoin
2013-09-17T20:41:24  <Zelenas> da isto to radi
2013-09-17T20:41:31  <Zelenas> samo ako je već uključen +B
2013-09-17T20:41:38  <Zelenas> to je ona fora sa $chan.mode
2013-09-17T20:41:39  <Zelenas> ?
2013-09-17T20:44:20  *** DonVitoCorleone <DonVitoCorleone!~Kraljeva-@Drzi.Prijatelje.BlizuA.Neprijatelje.Jos.Blize> has left #pomoc
2013-09-17T20:44:20  *** DonVitoCorleone <DonVitoCorleone!~Kraljeva-@Drzi.Prijatelje.BlizuA.Neprijatelje.Jos.Blize> has joined #pomoc
2013-09-17T20:44:20  *** ChanServ sets mode: +o DonVitoCorleone
2013-09-17T20:45:14  *** DonVitoCorleone sets mode: +B 
2013-09-17T20:45:15  <Zelenas> .
2013-09-17T20:45:18  <Zelenas> .
2013-09-17T20:46:16  <Zelenas> DonVitoCorleone: jesi živ? :D
2013-09-17T20:46:41  *** DonVitoCorleone sets mode: -B 
2013-09-17T20:46:47  <DonVitoCorleone> Gledam nesto, sekunda
2013-09-17T20:47:45  <Zelenas> ok
2013-09-17T20:49:36  <Zelenas> ne radi ovo
2013-09-17T20:49:41  <Zelenas> za +B
2013-09-17T20:50:55  <DonVitoCorleone> Koje?
2013-09-17T20:51:15  *** DonVitoCorleone sets mode: +B 
2013-09-17T20:51:24  *** DonVitoCorleone <DonVitoCorleone!~Kraljeva-@Drzi.Prijatelje.BlizuA.Neprijatelje.Jos.Blize> has left #pomoc
2013-09-17T20:51:24  *** DonVitoCorleone <DonVitoCorleone!~Kraljeva-@Drzi.Prijatelje.BlizuA.Neprijatelje.Jos.Blize> has joined #pomoc
2013-09-17T20:51:24  *** ChanServ sets mode: +o DonVitoCorleone
2013-09-17T20:51:34  <Zelenas> ovo sto si mi dao malopre
2013-09-17T20:51:36  <Zelenas> ne reaguje
2013-09-17T20:51:53  <DonVitoCorleone> [20:45:21] <Zelenas> .
2013-09-17T20:51:53  <DonVitoCorleone> [20:45:24] dbdbd
2013-09-17T20:51:53  <DonVitoCorleone> [20:45:24] <Zelenas> .
2013-09-17T20:52:00  <DonVitoCorleone> Meni radi savrseno
2013-09-17T20:52:08  *** DonVitoCorleone sets mode: -B 
2013-09-17T20:52:19  <Zelenas> [20:52:10] [KVS] Warning: Can't kill the timer 'test' since it is not running
2013-09-17T20:52:19  <Zelenas> [20:52:10] [KVS]   in script context "OnChannelModeChange::default", line 2, near character 17
2013-09-17T20:52:20  <Zelenas> xD
2013-09-17T20:52:47  <DonVitoCorleone> A da nisi mozda pravio neku drugu skriptu sa istim imenom tajmera?
2013-09-17T20:53:10  <Zelenas> hmm cek
2013-09-17T20:53:55  *** DonVitoCorleone <DonVitoCorleone!~Kraljeva-@Drzi.Prijatelje.BlizuA.Neprijatelje.Jos.Blize> has left #pomoc
2013-09-17T20:53:55  *** DonVitoCorleone <DonVitoCorleone!~Kraljeva-@Drzi.Prijatelje.BlizuA.Neprijatelje.Jos.Blize> has joined #pomoc
2013-09-17T20:53:55  *** ChanServ sets mode: +o DonVitoCorleone
2013-09-17T20:53:56  <Zelenas> Digital_Lemon: stavi +B
2013-09-17T20:54:03  <Zelenas> DonVitoCorleone: stavi +B
2013-09-17T20:54:04  *** DonVitoCorleone sets mode: +B 
2013-09-17T20:54:09  *** DonVitoCorleone <DonVitoCorleone!~Kraljeva-@Drzi.Prijatelje.BlizuA.Neprijatelje.Jos.Blize> has left #pomoc
2013-09-17T20:54:09  *** DonVitoCorleone <DonVitoCorleone!~Kraljeva-@Drzi.Prijatelje.BlizuA.Neprijatelje.Jos.Blize> has joined #pomoc
2013-09-17T20:54:09  *** ChanServ sets mode: +o DonVitoCorleone
2013-09-17T20:54:27  <Zelenas> skloni
2013-09-17T20:54:40  *** DonVitoCorleone sets mode: -B 
2013-09-17T20:54:58  <Zelenas> sad opet stavi
2013-09-17T20:55:08  *** DonVitoCorleone sets mode: +B 
2013-09-17T20:55:11  <Zelenas> .
2013-09-17T20:55:14  <Zelenas> fala kurcu
2013-09-17T20:55:14  <Zelenas> .
2013-09-17T20:55:16  <Zelenas> sad radi
2013-09-17T20:55:16  <Zelenas> >D
2013-09-17T20:55:17  *** DonVitoCorleone sets mode: -B 
2013-09-17T20:55:17  <Zelenas> .
2013-09-17T20:55:18  <Zelenas> :D
2013-09-17T20:55:20  *** DonVitoCorleone sets mode: +B 
2013-09-17T20:55:22  *** DonVitoCorleone <DonVitoCorleone!~Kraljeva-@Drzi.Prijatelje.BlizuA.Neprijatelje.Jos.Blize> has left #pomoc
2013-09-17T20:55:23  *** DonVitoCorleone <DonVitoCorleone!~Kraljeva-@Drzi.Prijatelje.BlizuA.Neprijatelje.Jos.Blize> has joined #pomoc
2013-09-17T20:55:23  *** ChanServ sets mode: +o DonVitoCorleone
2013-09-17T20:55:24  <Zelenas> .
2013-09-17T20:55:27  <Zelenas> .
2013-09-17T20:55:29  *** DonVitoCorleone sets mode: -B 
2013-09-17T20:55:36  <DonVitoCorleone> Sta je bio problem?
2013-09-17T20:55:52  <Zelenas> ime tajmera...morao sam da ga nazovem glupi saban
2013-09-17T20:55:53  <Zelenas> xD
2013-09-17T20:56:06  <Zelenas> test je vec psotojao negde
2013-09-17T20:56:14  <Zelenas> a i nisi dobro kod napisao
2013-09-17T20:56:19  <Zelenas> posle msg mora da ide $target
2013-09-17T20:56:22  <Zelenas> inace ne salje tacku
2013-09-17T20:56:34  <Zelenas> nego ide na neki priv msg
2013-09-17T20:58:52  <DonVitoCorleone> Yup, zaboravio sam to, inace uvek koristim echo za testiranje pa zaboravim xD
2013-09-17T21:01:19  *** DonVitoCorleone sets mode: +B 
2013-09-17T21:01:23  *** DonVitoCorleone <DonVitoCorleone!~Kraljeva-@Drzi.Prijatelje.BlizuA.Neprijatelje.Jos.Blize> has left #pomoc
2013-09-17T21:01:23  *** DonVitoCorleone <DonVitoCorleone!~Kraljeva-@Drzi.Prijatelje.BlizuA.Neprijatelje.Jos.Blize> has joined #pomoc
2013-09-17T21:01:23  *** ChanServ sets mode: +o DonVitoCorleone
2013-09-17T21:01:49  *** DonVitoCorleone <DonVitoCorleone!~Kraljeva-@Drzi.Prijatelje.BlizuA.Neprijatelje.Jos.Blize> has left #pomoc
2013-09-17T21:01:49  *** DonVitoCorleone <DonVitoCorleone!~Kraljeva-@Drzi.Prijatelje.BlizuA.Neprijatelje.Jos.Blize> has joined #pomoc
2013-09-17T21:01:49  *** ChanServ sets mode: +o DonVitoCorleone
2013-09-17T21:02:03  *** DonVitoCorleone sets mode: -B 
2013-09-17T21:02:09  <Zelenas> sec
2013-09-17T21:02:17  <Zelenas> jesam
2013-09-17T21:05:23  <Zelenas> jesi uspeo to za join?
2013-09-17T21:06:43  *** DonVitoCorleone sets mode: +B 
2013-09-17T21:06:47  *** DonVitoCorleone <DonVitoCorleone!~Kraljeva-@Drzi.Prijatelje.BlizuA.Neprijatelje.Jos.Blize> has left #pomoc
2013-09-17T21:06:47  *** DonVitoCorleone <DonVitoCorleone!~Kraljeva-@Drzi.Prijatelje.BlizuA.Neprijatelje.Jos.Blize> has joined #pomoc
2013-09-17T21:06:47  *** ChanServ sets mode: +o DonVitoCorleone
2013-09-17T21:07:00  *** DonVitoCorleone <DonVitoCorleone!~Kraljeva-@Drzi.Prijatelje.BlizuA.Neprijatelje.Jos.Blize> has left #pomoc
2013-09-17T21:07:00  *** DonVitoCorleone <DonVitoCorleone!~Kraljeva-@Drzi.Prijatelje.BlizuA.Neprijatelje.Jos.Blize> has joined #pomoc
2013-09-17T21:07:00  *** ChanServ sets mode: +o DonVitoCorleone
2013-09-17T21:07:34  *** DonVitoCorleone <DonVitoCorleone!~Kraljeva-@Drzi.Prijatelje.BlizuA.Neprijatelje.Jos.Blize> has left #pomoc
2013-09-17T21:07:34  *** DonVitoCorleone <DonVitoCorleone!~Kraljeva-@Drzi.Prijatelje.BlizuA.Neprijatelje.Jos.Blize> has joined #pomoc
2013-09-17T21:07:34  *** ChanServ sets mode: +o DonVitoCorleone
2013-09-17T21:07:58  *** DonVitoCorleone <DonVitoCorleone!~Kraljeva-@Drzi.Prijatelje.BlizuA.Neprijatelje.Jos.Blize> has left #pomoc
2013-09-17T21:07:59  *** DonVitoCorleone <DonVitoCorleone!~Kraljeva-@Drzi.Prijatelje.BlizuA.Neprijatelje.Jos.Blize> has joined #pomoc
2013-09-17T21:07:59  *** ChanServ sets mode: +o DonVitoCorleone
2013-09-17T21:09:43  *** DonVitoCorleone <DonVitoCorleone!~Kraljeva-@Drzi.Prijatelje.BlizuA.Neprijatelje.Jos.Blize> has left #pomoc
2013-09-17T21:09:43  *** DonVitoCorleone <DonVitoCorleone!~Kraljeva-@Drzi.Prijatelje.BlizuA.Neprijatelje.Jos.Blize> has joined #pomoc
2013-09-17T21:09:44  *** ChanServ sets mode: +o DonVitoCorleone
2013-09-17T21:10:07  *** DonVitoCorleone <DonVitoCorleone!~Kraljeva-@Drzi.Prijatelje.BlizuA.Neprijatelje.Jos.Blize> has left #pomoc
2013-09-17T21:10:07  *** DonVitoCorleone <DonVitoCorleone!~Kraljeva-@Drzi.Prijatelje.BlizuA.Neprijatelje.Jos.Blize> has joined #pomoc
2013-09-17T21:10:08  *** ChanServ sets mode: +o DonVitoCorleone
2013-09-17T21:15:05  *** DonVitoCorleone <DonVitoCorleone!~Kraljeva-@Drzi.Prijatelje.BlizuA.Neprijatelje.Jos.Blize> has left #pomoc
2013-09-17T21:15:05  *** DonVitoCorleone <DonVitoCorleone!~Kraljeva-@Drzi.Prijatelje.BlizuA.Neprijatelje.Jos.Blize> has joined #pomoc
2013-09-17T21:15:06  *** ChanServ sets mode: +o DonVitoCorleone
2013-09-17T21:16:48  *** DonVitoCorleone <DonVitoCorleone!~Kraljeva-@Drzi.Prijatelje.BlizuA.Neprijatelje.Jos.Blize> has left #pomoc
2013-09-17T21:16:48  *** DonVitoCorleone <DonVitoCorleone!~Kraljeva-@Drzi.Prijatelje.BlizuA.Neprijatelje.Jos.Blize> has joined #pomoc
2013-09-17T21:16:48  *** ChanServ sets mode: +o DonVitoCorleone
2013-09-17T21:19:59  *** DonVitoCorleone sets mode: +e Zelenas!*@*
2013-09-17T21:20:04  *** DonVitoCorleone sets mode: +e DonVitoCorleone!*@*
2013-09-17T21:24:10  *** DonVitoCorleone sets mode: -e DonVitoCorleone!*@*
2013-09-17T21:24:45  *** DonVitoCorleone sets mode: -e Zelenas!*@*
2013-09-17T21:26:21  *** DonVitoCorleone <DonVitoCorleone!~Kraljeva-@Drzi.Prijatelje.BlizuA.Neprijatelje.Jos.Blize> has left #pomoc
2013-09-17T21:26:22  *** DonVitoCorleone <DonVitoCorleone!~Kraljeva-@Drzi.Prijatelje.BlizuA.Neprijatelje.Jos.Blize> has joined #pomoc
2013-09-17T21:26:22  *** ChanServ sets mode: +o DonVitoCorleone
2013-09-17T21:27:13  *** DonVitoCorleone <DonVitoCorleone!~Kraljeva-@Drzi.Prijatelje.BlizuA.Neprijatelje.Jos.Blize> has left #pomoc
2013-09-17T21:27:13  *** DonVitoCorleone <DonVitoCorleone!~Kraljeva-@Drzi.Prijatelje.BlizuA.Neprijatelje.Jos.Blize> has joined #pomoc
2013-09-17T21:27:13  *** ChanServ sets mode: +o DonVitoCorleone
2013-09-17T21:27:29  *** DonVitoCorleone sets mode: -B 
2013-09-17T21:28:46  *** DonVitoCorleone <DonVitoCorleone!~Kraljeva-@Drzi.Prijatelje.BlizuA.Neprijatelje.Jos.Blize> has left #pomoc
2013-09-17T21:28:46  *** DonVitoCorleone <DonVitoCorleone!~Kraljeva-@Drzi.Prijatelje.BlizuA.Neprijatelje.Jos.Blize> has joined #pomoc
2013-09-17T21:28:47  *** ChanServ sets mode: +o DonVitoCorleone
2013-09-17T21:29:45  *** DonVitoCorleone <DonVitoCorleone!~Kraljeva-@Drzi.Prijatelje.BlizuA.Neprijatelje.Jos.Blize> has left #pomoc
2013-09-17T21:29:46  *** DonVitoCorleone <DonVitoCorleone!~Kraljeva-@Drzi.Prijatelje.BlizuA.Neprijatelje.Jos.Blize> has joined #pomoc
2013-09-17T21:29:46  *** ChanServ sets mode: +o DonVitoCorleone
2013-09-17T21:30:47  *** DonVitoCorleone <DonVitoCorleone!~Kraljeva-@Drzi.Prijatelje.BlizuA.Neprijatelje.Jos.Blize> has left #pomoc
2013-09-17T21:30:47  *** DonVitoCorleone <DonVitoCorleone!~Kraljeva-@Drzi.Prijatelje.BlizuA.Neprijatelje.Jos.Blize> has joined #pomoc
2013-09-17T21:30:48  *** ChanServ sets mode: +o DonVitoCorleone
2013-09-17T21:30:59  <milos> wat.
2013-09-17T21:33:09  <Zelenas> milos: muke sa skriptama
2013-09-17T21:33:12  <Zelenas> ne pitaj
2013-09-17T21:33:17  <Zelenas> DonVitoCorleone: kako ide? xD
2013-09-17T21:33:22  <Zelenas> gledao sam tekmu nisam bio tu :D
2013-09-17T21:33:34  <milos> Sta vam treba?
2013-09-17T21:34:51  <Zelenas> milos: skripta koja će da izbacuje tačku na svakih 29 min kada uđem na kanal na kome stoji +B
2013-09-17T21:35:14  <DonVitoCorleone> o_O
2013-09-17T21:35:18  <DonVitoCorleone> Sta kako ide?
2013-09-17T21:35:23  <milos> lol
2013-09-17T21:35:26  <milos> Bitch please
2013-09-17T21:35:32  <Zelenas> DonVitoCorleone: pa jesi uspeo xD
2013-09-17T21:35:36  <DonVitoCorleone> Sta?
2013-09-17T21:35:39  <Zelenas> hahahahaha
2013-09-17T21:35:41  <Zelenas> bože _:D
2013-09-17T21:35:45  <Zelenas> pa ono za OnJoin
2013-09-17T21:35:51  <Zelenas> što sam te pitao
2013-09-17T21:35:52  <Zelenas> :D
2013-09-17T21:35:56  <DonVitoCorleone> Wooops, zaboravio :(
2013-09-17T21:36:00  <Zelenas> hahahahaha
2013-09-17T21:36:01  <DonVitoCorleone> Salim se
2013-09-17T21:36:15  <DonVitoCorleone> Gledam kako bi moglo xD
2013-09-17T21:36:59  <milos> Jednostavno.
2013-09-17T21:37:06  <milos> Pri ulasku na kanal proveris modove
2013-09-17T21:37:12  <milos> i stavis tajmer ako ima +B
2013-09-17T21:37:17  <milos> pri izlasku cleanupujes
2013-09-17T21:37:26  <milos> pri promeni modova proveris i stavis tajmer ako treba
2013-09-17T21:37:38  <Zelenas> pri promeni modova smo uspeli
2013-09-17T21:37:42  <Zelenas> ali ovo nismo
2013-09-17T21:37:47  <milos> Da proveris da li vec postoji koristis $isTimer ili tako nesto
2013-09-17T21:38:19  <Zelenas> a šta je cleanupovanje?
2013-09-17T21:38:21  <Zelenas> pri izlasku?
2013-09-17T21:38:24  <DonVitoCorleone> xD
2013-09-17T21:38:53  <DonVitoCorleone> Najteze je proveriti modove, ostalo je lako
2013-09-17T21:39:26  <DonVitoCorleone> Msm lako je proveriti modove, tesko je odrediti da pali tajmer ako ima B jer inace pali tajmer na sve
2013-09-17T21:39:39  <Zelenas> zar ne može jednostavno da se napiše u OnJoin
2013-09-17T21:40:12  <Zelenas> if ($chan.mode != "+B") return;
2013-09-17T21:40:14  <Zelenas> pa tajmer
2013-09-17T21:40:17  <DonVitoCorleone> Pa moze, ali opet moras da vidis sve modove, da odredis da li je B medju njima i da onda upalis tajmer za msg nesto
2013-09-17T21:40:19  <Zelenas> ili odma tajmer umesto return
2013-09-17T21:41:29  *** DonVitoCorleone <DonVitoCorleone!~Kraljeva-@Drzi.Prijatelje.BlizuA.Neprijatelje.Jos.Blize> has left #pomoc
2013-09-17T21:41:29  *** DonVitoCorleone <DonVitoCorleone!~Kraljeva-@Drzi.Prijatelje.BlizuA.Neprijatelje.Jos.Blize> has joined #pomoc
2013-09-17T21:41:29  *** ChanServ sets mode: +o DonVitoCorleone
2013-09-17T21:41:48  *** DonVitoCorleone <DonVitoCorleone!~Kraljeva-@Drzi.Prijatelje.BlizuA.Neprijatelje.Jos.Blize> has left #pomoc
2013-09-17T21:41:48  *** DonVitoCorleone <DonVitoCorleone!~Kraljeva-@Drzi.Prijatelje.BlizuA.Neprijatelje.Jos.Blize> has joined #pomoc
2013-09-17T21:41:49  *** ChanServ sets mode: +o DonVitoCorleone
2013-09-17T21:41:59  <DonVitoCorleone> I nisam stavio +b :/
2013-09-17T21:42:03  *** DonVitoCorleone sets mode: +B 
2013-09-17T21:42:05  <Zelenas> hahahha
2013-09-17T21:42:08  <milos> $str.grep
2013-09-17T21:42:11  *** DonVitoCorleone <DonVitoCorleone!~Kraljeva-@Drzi.Prijatelje.BlizuA.Neprijatelje.Jos.Blize> has left #pomoc
2013-09-17T21:42:11  *** DonVitoCorleone <DonVitoCorleone!~Kraljeva-@Drzi.Prijatelje.BlizuA.Neprijatelje.Jos.Blize> has joined #pomoc
2013-09-17T21:42:11  *** ChanServ sets mode: +o DonVitoCorleone
2013-09-17T21:45:55  *** DonVitoCorleone <DonVitoCorleone!~Kraljeva-@Drzi.Prijatelje.BlizuA.Neprijatelje.Jos.Blize> has left #pomoc
2013-09-17T21:45:56  *** DonVitoCorleone <DonVitoCorleone!~Kraljeva-@Drzi.Prijatelje.BlizuA.Neprijatelje.Jos.Blize> has joined #pomoc
2013-09-17T21:45:56  *** ChanServ sets mode: +o DonVitoCorleone
2013-09-17T21:46:31  <DonVitoCorleone> Ali ja msm da ce tebi raditi i ova skripta od malopre kada udjes na kanal
2013-09-17T21:46:39  <DonVitoCorleone> Upali skriptu i uradi /hop
2013-09-17T21:47:17  <DonVitoCorleone> Zelenas:
2013-09-17T21:47:19  <Zelenas> evo
2013-09-17T21:47:46  <Zelenas> ne verujem da é raditi jer na OnCHannelModeChange
2013-09-17T21:47:47  <Zelenas> al ajde
2013-09-17T21:47:50  <Zelenas> da probam
2013-09-17T21:47:52  *** Zelenas <Zelenas!~KGB@say.hello.to.your.master> has left #pomoc ( Da je vječna Crna Gora!  Long live Montenegro!)
2013-09-17T21:47:52  *** Zelenas <Zelenas!~KGB@say.hello.to.your.master> has joined #pomoc
2013-09-17T21:47:58  <Zelenas> jel radi_
2013-09-17T21:48:07  <Zelenas> ja ne vidim ta;ke u svakom slu;aju jer su na -q
2013-09-17T21:48:17  <Zelenas> tačke*
2013-09-17T21:48:21  <DonVitoCorleone> nope
2013-09-17T21:48:49  *** DonVitoCorleone <DonVitoCorleone!~Kraljeva-@Drzi.Prijatelje.BlizuA.Neprijatelje.Jos.Blize> has left #pomoc
2013-09-17T21:48:49  *** DonVitoCorleone <DonVitoCorleone!~Kraljeva-@Drzi.Prijatelje.BlizuA.Neprijatelje.Jos.Blize> has joined #pomoc
2013-09-17T21:48:49  *** ChanServ sets mode: +o DonVitoCorleone
2013-09-17T21:51:19  *** DonVitoCorleone <DonVitoCorleone!~Kraljeva-@Drzi.Prijatelje.BlizuA.Neprijatelje.Jos.Blize> has left #pomoc
2013-09-17T21:51:19  *** DonVitoCorleone <DonVitoCorleone!~Kraljeva-@Drzi.Prijatelje.BlizuA.Neprijatelje.Jos.Blize> has joined #pomoc
2013-09-17T21:51:19  *** ChanServ sets mode: +o DonVitoCorleone
2013-09-17T21:52:14  *** DonVitoCorleone <DonVitoCorleone!~Kraljeva-@Drzi.Prijatelje.BlizuA.Neprijatelje.Jos.Blize> has left #pomoc
2013-09-17T21:52:14  *** DonVitoCorleone <DonVitoCorleone!~Kraljeva-@Drzi.Prijatelje.BlizuA.Neprijatelje.Jos.Blize> has joined #pomoc
2013-09-17T21:52:14  *** ChanServ sets mode: +o DonVitoCorleone
2013-09-17T21:52:52  *** DonVitoCorleone <DonVitoCorleone!~Kraljeva-@Drzi.Prijatelje.BlizuA.Neprijatelje.Jos.Blize> has left #pomoc
2013-09-17T21:52:52  *** DonVitoCorleone <DonVitoCorleone!~Kraljeva-@Drzi.Prijatelje.BlizuA.Neprijatelje.Jos.Blize> has joined #pomoc
2013-09-17T21:52:52  *** ChanServ sets mode: +o DonVitoCorleone
2013-09-17T21:53:36  *** DonVitoCorleone <DonVitoCorleone!~Kraljeva-@Drzi.Prijatelje.BlizuA.Neprijatelje.Jos.Blize> has left #pomoc
2013-09-17T21:53:36  *** DonVitoCorleone <DonVitoCorleone!~Kraljeva-@Drzi.Prijatelje.BlizuA.Neprijatelje.Jos.Blize> has joined #pomoc
2013-09-17T21:53:36  *** ChanServ sets mode: +o DonVitoCorleone
2013-09-17T21:53:57  <DonVitoCorleone> A jebem ti Boga kad zaboravim ukljuciti skriptu =.=
2013-09-17T21:55:12  <Zelenas> najgori osećaj...
2013-09-17T21:55:27  *** DonVitoCorleone <DonVitoCorleone!~Kraljeva-@Drzi.Prijatelje.BlizuA.Neprijatelje.Jos.Blize> has left #pomoc
2013-09-17T21:55:27  *** DonVitoCorleone <DonVitoCorleone!~Kraljeva-@Drzi.Prijatelje.BlizuA.Neprijatelje.Jos.Blize> has joined #pomoc
2013-09-17T21:55:27  *** ChanServ sets mode: +o DonVitoCorleone
2013-09-17T21:58:32  *** DonVitoCorleone <DonVitoCorleone!~Kraljeva-@Drzi.Prijatelje.BlizuA.Neprijatelje.Jos.Blize> has left #pomoc
2013-09-17T21:58:33  *** DonVitoCorleone <DonVitoCorleone!~Kraljeva-@Drzi.Prijatelje.BlizuA.Neprijatelje.Jos.Blize> has joined #pomoc
2013-09-17T21:58:33  *** ChanServ sets mode: +o DonVitoCorleone
2013-09-17T21:58:53  *** DonVitoCorleone <DonVitoCorleone!~Kraljeva-@Drzi.Prijatelje.BlizuA.Neprijatelje.Jos.Blize> has left #pomoc
2013-09-17T21:58:53  *** DonVitoCorleone <DonVitoCorleone!~Kraljeva-@Drzi.Prijatelje.BlizuA.Neprijatelje.Jos.Blize> has joined #pomoc
2013-09-17T21:58:53  *** ChanServ sets mode: +o DonVitoCorleone
2013-09-17T21:59:17  <DonVitoCorleone> $str.grep("B",$chan.mode,"r")
2013-09-17T21:59:17  <DonVitoCorleone> {
2013-09-17T21:59:17  <DonVitoCorleone>     timer(tes, 3000) { echo "asd"; }
2013-09-17T21:59:17  <DonVitoCorleone> }
2013-09-17T21:59:27  <DonVitoCorleone> Pokusaj tako
2013-09-17T21:59:29  <DonVitoCorleone> Meni radi
2013-09-17T22:00:23  *** DonVitoCorleone sets mode: -B 
2013-09-17T22:00:54  <DonVitoCorleone> Zadnji veceras (nadam se)
2013-09-17T22:00:57  *** DonVitoCorleone <DonVitoCorleone!~Kraljeva-@Drzi.Prijatelje.BlizuA.Neprijatelje.Jos.Blize> has left #pomoc
2013-09-17T22:00:57  *** DonVitoCorleone <DonVitoCorleone!~Kraljeva-@Drzi.Prijatelje.BlizuA.Neprijatelje.Jos.Blize> has joined #pomoc
2013-09-17T22:00:57  *** ChanServ sets mode: +o DonVitoCorleone
2013-09-17T22:01:05  <DonVitoCorleone> Pff
2013-09-17T22:01:28  <Zelenas> DonVitoCorleone: pre nego što pokrenem skriptu
2013-09-17T22:01:34  <Zelenas> da te pitam šta će da je zaustavi?
2013-09-17T22:01:41  <Zelenas> kada se namesti -B?
2013-09-17T22:03:38  <DonVitoCorleone> Nista, to je testna skripta, samo da proradi timer, posle samo dodas u novom redu killtimer IME
2013-09-17T22:03:47  *** DonVitoCorleone sets mode: +B 
2013-09-17T22:03:50  *** DonVitoCorleone <DonVitoCorleone!~Kraljeva-@Drzi.Prijatelje.BlizuA.Neprijatelje.Jos.Blize> has left #pomoc
2013-09-17T22:03:51  *** DonVitoCorleone <DonVitoCorleone!~Kraljeva-@Drzi.Prijatelje.BlizuA.Neprijatelje.Jos.Blize> has joined #pomoc
2013-09-17T22:03:51  *** ChanServ sets mode: +o DonVitoCorleone
2013-09-17T22:05:14  *** DonVitoCorleone <DonVitoCorleone!~Kraljeva-@Drzi.Prijatelje.BlizuA.Neprijatelje.Jos.Blize> has left #pomoc
2013-09-17T22:05:14  *** DonVitoCorleone <DonVitoCorleone!~Kraljeva-@Drzi.Prijatelje.BlizuA.Neprijatelje.Jos.Blize> has joined #pomoc
2013-09-17T22:05:14  *** ChanServ sets mode: +o DonVitoCorleone
2013-09-17T22:05:53  <DonVitoCorleone> o_O
2013-09-17T22:05:58  *** DonVitoCorleone <DonVitoCorleone!~Kraljeva-@Drzi.Prijatelje.BlizuA.Neprijatelje.Jos.Blize> has left #pomoc
2013-09-17T22:05:58  *** DonVitoCorleone <DonVitoCorleone!~Kraljeva-@Drzi.Prijatelje.BlizuA.Neprijatelje.Jos.Blize> has joined #pomoc
2013-09-17T22:05:58  *** ChanServ sets mode: +o DonVitoCorleone
2013-09-17T22:07:33  <Zelenas> ne a?
2013-09-17T22:07:40  <DonVitoCorleone> Nope
2013-09-17T22:07:47  <milos> . . .
2013-09-17T22:07:57  <milos> Ne da ste noobovi, nego nemam reci
2013-09-17T22:07:58  <milos> :D
2013-09-17T22:08:18  *** DonVitoCorleone <DonVitoCorleone!~Kraljeva-@Drzi.Prijatelje.BlizuA.Neprijatelje.Jos.Blize> has left #pomoc
2013-09-17T22:08:18  *** DonVitoCorleone <DonVitoCorleone!~Kraljeva-@Drzi.Prijatelje.BlizuA.Neprijatelje.Jos.Blize> has joined #pomoc
2013-09-17T22:08:19  *** ChanServ sets mode: +o DonVitoCorleone
2013-09-17T22:08:45  <DonVitoCorleone> Ahahah ma jebem ti i skriptu i sve
2013-09-17T22:08:46  <DonVitoCorleone> xD
2013-09-17T22:10:47  <milos> Noob coder.
2013-09-17T22:11:06  <milos> Sa 2 join/parta cu da ti napisem celu skriptu, a ti se jebes 2h
2013-09-17T22:11:08  <milos> xD
2013-09-17T22:11:50  <Zelenas> ne jebe se on ni približno koliko ja xD
2013-09-17T22:12:04  <Zelenas> al pošto ja pojma nemam ništa oko KSV-a ja se ne računam :P
2013-09-17T22:12:29  <DonVitoCorleone> Da, + pricam sa covekom za shell da izvucem popust, + sto pisem plugin za bota i + sto veceram xD
2013-09-17T22:13:14  <DonVitoCorleone> Veceru sam sad upravo zavrsio, ce si smotam jednu gandzu da se puhnemo malo xD
2013-09-17T22:13:43  <Zelenas> hahahahaha
2013-09-17T22:14:09  <milos> Zelenas, KVS*
2013-09-17T22:14:18  <Zelenas> to xD
2013-09-17T22:14:23  <Zelenas> vidiš, ne znam ni kako se zove
2013-09-17T22:14:25  <Zelenas> :D
2013-09-17T22:14:26  <milos> KVIrc Scripting
2013-09-17T22:31:22  <Zelenas> milos: daću ti bombon ako mi napišeš skriptu :D
2013-09-17T22:31:34  <milos> Kasno sad
2013-09-17T22:31:40  <milos> spremam se da gledam seriju
2013-09-17T22:31:48  <milos> Iskljucio sam mozak iz tog smera
2013-09-17T22:31:49  <milos> :D
2013-09-17T22:31:50  <Zelenas> babo jedna
2013-09-17T22:32:10  <milos> Shingeki No Kyojin
2013-09-17T22:32:13  <milos> 'Ebe kevu.
2013-09-17T23:26:25  *** Zelenas is now known as Zelenas_AFK
2013-09-17T23:42:55  *** Zelenas_AFK is now known as Zelenas
2013-09-18T01:34:16  *** Zelenas is now known as Zelenas_AFK
2013-09-18T13:02:13  *** Zelenas_AFK is now known as Zelenas_AFK_AFK
2013-09-18T13:02:15  *** Zelenas_AFK_AFK is now known as Zelenas_AFK
2013-09-18T13:02:16  *** Zelenas_AFK is now known as Zelenas
2013-09-18T15:42:13  *** Zelenas is now known as Zelenas_AFK
2013-09-18T23:11:16  *** Zelenas_AFK is now known as Zelenas_AFK_AFK
2013-09-18T23:11:18  *** Zelenas_AFK_AFK is now known as Zelenas
2013-09-18T23:11:18  *** Zelenas is now known as Zelenas_AFK
2013-09-18T23:12:44  *** Zelenas_AFK is now known as Zelenas
2013-09-19T01:18:04  *** Zelenas is now known as Zelenas_AFK
2013-09-19T03:04:04  *** Zelenas_AFK <Zelenas_AFK!~KGB@say.hello.to.your.master> has quit IRC (*.net *.split)
2013-09-19T03:07:23  *** Zelenas_AFK <Zelenas_AFK!~kvirc@12BCF6B2.3063786A.2E840E8E.IP> has joined #pomoc
2013-09-19T03:07:23  *** Zelenas <Zelenas!~KGB@say.hello.to.your.master> has joined #pomoc
2013-09-19T03:07:25  *** Zelenas is now known as Guest51097
2013-09-19T03:07:25  *** Zelenas_AFK is now known as Guest18086
2013-09-19T03:33:16  *** Guest18086 <Guest18086!~kvirc@12BCF6B2.3063786A.2E840E8E.IP> has quit IRC (Quit:  Da je vječna Crna Gora!  Long live Montenegro!)
2013-09-19T03:33:20  *** Guest51097 is now known as Guest51097_AFK
2013-09-19T03:33:43  *** Guest51097_AFK is now known as Zelenas
2013-09-19T03:35:34  *** Zelenas is now known as Zelenas_AFK
2013-09-19T03:35:44  *** Zelenas_AFK is now known as Zelenas
2013-09-19T05:49:14  *** Zelenas is now known as Zelenas_AFK
2013-09-19T12:04:55  *** protector <protector!protector@lovelyaniverse.tk> has joined #pomoc
2013-09-19T12:04:55  *** protector sets mode: +o protector
2013-09-19T12:16:05  *** Zelenas_AFK is now known as Zelenas_AFK_AFK
2013-09-19T12:16:07  *** Zelenas_AFK_AFK is now known as Zelenas_AFK
2013-09-19T12:16:08  *** Zelenas_AFK is now known as Zelenas
2013-09-19T12:52:56  *** DonVitoCorleone sets mode: -B 
2013-09-19T15:27:01  *** DonVitoCorleone <DonVitoCorleone!~Kraljeva-@Drzi.Prijatelje.BlizuA.Neprijatelje.Jos.Blize> has quit IRC (Quit: ZNC - http://znc.in)
2013-09-19T15:27:09  *** eRepublikBot <eRepublikBot!~KG@Rizon-DD5219AC.server4you.net> has joined #pomoc
2013-09-19T15:27:23  *** eRepublikBot is now known as Guest22567
2013-09-19T15:29:01  *** Guest22567 is now known as DonVitoCorleone
2013-09-19T15:29:11  *** protector sets mode: +o DonVitoCorleone
2013-09-19T16:58:10  *** Zelenas is now known as Zelenas_AFK
2013-09-19T17:35:01  *** Iota <Iota!~Iota@I.dont.give.1.fucking.Iota> has quit IRC (Ping timeout: 240 seconds)
2013-09-19T17:35:47  *** Mr_J <Mr_J!Iota@Rizon-76A9055F.electronirc.tk> has joined #pomoc
2013-09-19T17:46:07  *** Mr_J is now known as Iota
2013-09-19T21:23:11  *** Zelenas_AFK is now known as Zelenas_AFK_AFK
2013-09-19T21:23:13  *** Zelenas_AFK_AFK is now known as Zelenas_AFK
2013-09-19T21:23:13  *** Zelenas_AFK is now known as Zelenas
2013-09-20T02:32:58  *** Zelenas is now known as Zelenas_AFK
