2013-08-28T03:43:07  *** KG-Bot <KG-Bot!~Kraljeva_@Rizon-DD5219AC.server4you.net> has joined #CorleoneFamili
2013-08-28T03:43:27  *** KG-Bot is now known as Guest361
2013-08-28T04:17:25  *** KG-Bot <KG-Bot!~Kraljeva_@Rizon-DD5219AC.server4you.net> has joined #CorleoneFamili
2013-08-28T04:17:43  *** KG-Bot is now known as Guest36575
2013-08-28T04:18:28  *** DonVitoCorleone sets mode: +v Guest36575
2013-08-28T04:19:17  *** Guest36575 is now known as KG-Bot
2013-08-28T04:19:17  *** ChanServ sets mode: +ao KG-Bot KG-Bot
2013-08-28T04:36:39  *** KG-Bot <KG-Bot!~Kraljeva_@Kraljeva.Garda.official.bot> has joined #CorleoneFamili
2013-08-28T04:36:39  <x-bot> [KG-Bot] http://tinyurl.com/l3j2f48 http://www.youtube.com/watch?v=CR8logunPzQ
2013-08-28T04:36:39  *** ChanServ sets mode: +ao KG-Bot KG-Bot
2013-08-28T04:37:50  <KG-Bot> Title: Novi Reporter - br. 153, 15/2/2006 (at tinyurl.com)
2013-08-28T04:47:51  *** KG-Bot <KG-Bot!~Kraljeva_@Kraljeva.Garda.official.bot> has joined #CorleoneFamili
2013-08-28T04:47:51  <x-bot> [KG-Bot] http://tinyurl.com/l3j2f48 http://www.youtube.com/watch?v=CR8logunPzQ
2013-08-28T04:47:51  *** ChanServ sets mode: +ao KG-Bot KG-Bot
2013-08-28T04:49:00  <KG-Bot> Title: Novi Reporter - br. 153, 15/2/2006 (at tinyurl.com)
2013-08-28T12:00:18  *** KG-Bot <KG-Bot!~Kraljeva_@Kraljeva.Garda.official.bot> has joined #CorleoneFamili
2013-08-28T12:00:19  <x-bot> [KG-Bot] http://tinyurl.com/l3j2f48 http://www.youtube.com/watch?v=CR8logunPzQ
2013-08-28T12:00:19  *** ChanServ sets mode: +ao KG-Bot KG-Bot
2013-08-28T12:01:37  <KG-Bot> Title: Novi Reporter - br. 153, 15/2/2006 (at tinyurl.com)
2013-08-28T14:07:39  *** KG-Bot <KG-Bot!~Kraljeva_@Kraljeva.Garda.official.bot> has joined #CorleoneFamili
2013-08-28T14:07:40  <x-bot> [KG-Bot] http://tinyurl.com/l3j2f48 http://www.youtube.com/watch?v=CR8logunPzQ
2013-08-28T14:07:40  *** ChanServ sets mode: +ao KG-Bot KG-Bot
2013-08-28T14:08:57  <KG-Bot> Title: Yolanda Be Cool Vrs DCup - We No Speak Americano (Official Music Video) - YouTube (at www.youtube.com)
2013-08-28T21:56:05  *** KG-Bot <KG-Bot!~Kraljeva_@Kraljeva.Garda.official.bot> has joined #CorleoneFamili
2013-08-28T21:56:06  <x-bot> [KG-Bot] http://tinyurl.com/l3j2f48 http://www.youtube.com/watch?v=CR8logunPzQ
2013-08-28T21:56:06  *** ChanServ sets mode: +ao KG-Bot KG-Bot
2013-08-28T21:57:26  <KG-Bot> Title: Novi Reporter - br. 153, 15/2/2006 (at tinyurl.com)
2013-08-29T00:29:25  *** DarkRay|OFF| is now known as DarkRay
2013-08-29T01:10:00  *** DarkRay is now known as DarkRay|OFF|
2013-08-29T02:29:49  *** Mancha|BNC is now known as Mancha
2013-08-29T04:33:24  *** Mancha is now known as Mancha|BNC
2013-08-29T20:42:47  *** KG-Bot <KG-Bot!~KraljevaG@Kraljeva.Garda.official.bot> has joined #CorleoneFamili
2013-08-29T20:42:47  <x-bot> [KG-Bot] http://tinyurl.com/l3j2f48 http://www.youtube.com/watch?v=CR8logunPzQ
2013-08-29T20:42:47  *** ChanServ sets mode: +ao KG-Bot KG-Bot
2013-08-29T20:44:28  *** KG-Bot <KG-Bot!~KraljevaG@Kraljeva.Garda.official.bot> has joined #CorleoneFamili
2013-08-29T20:44:29  <x-bot> [KG-Bot] http://tinyurl.com/l3j2f48 http://www.youtube.com/watch?v=CR8logunPzQ
2013-08-29T20:44:29  *** ChanServ sets mode: +ao KG-Bot KG-Bot
2013-08-29T20:45:50  <KG-Bot> Title: Novi Reporter - br. 153, 15/2/2006 (at tinyurl.com)
2013-08-29T22:34:19  *** Wharrgarbl <Wharrgarbl!~Wharrgarb@this.is.why.we.cant.have.nice.things> has joined #CorleoneFamili
2013-08-29T22:34:19  *** ChanServ sets mode: +v Wharrgarbl
2013-08-29T22:35:39  <DonVitoCorleone> +kick Wharrgarbl
2013-08-29T22:35:39  *** Wharrgarbl was kicked by KG-Bot (DonVitoCorleone)
2013-08-30T01:23:58  *** Mancha|BNC is now known as Mancha
2013-08-30T03:52:03  *** Mancha is now known as Andrew3
2013-08-30T20:55:49  *** Andrew3 is now known as Mancha
2013-08-31T01:48:41  *** Mancha is now known as Andrew3
2013-09-01T14:07:53  *** Andrew3 is now known as Mancha
2013-09-01T15:11:30  *** Mancha is now known as Mancha|BNC
2013-09-01T20:19:06  *** Mancha|BNC is now known as Mancha
2013-09-01T21:16:15  *** Mancha is now known as Mancha|BNC
2013-09-02T17:34:44  *** DonVitoCorleone <DonVitoCorleone!Stefan_Nin@Drzi.Prijatelje.BlizuA.Neprijatelje.Jos.Blize> has quit IRC (Killed (irc.siglost.com (4 joins/parts in #kraljeva_garda within 7 seconds.)))
2013-09-02T17:40:53  *** DonVitoCorleone <DonVitoCorleone!Stefan_Nin@Drzi.Prijatelje.Blizu.A.Neprijatelje.Jos.Blize> has joined #CorleoneFamili
2013-09-02T17:40:53  <x-bot> [DonVitoCorleone] http://tinyurl.com/l3j2f48 http://www.youtube.com/watch?v=CR8logunPzQ
2013-09-02T17:40:53  *** ChanServ sets mode: +ao DonVitoCorleone DonVitoCorleone
2013-09-02T17:40:54  <KG-Bot> Title: Novi Reporter - br. 153, 15/2/2006 (at tinyurl.com)
2013-09-04T21:03:09  *** Mancha|BNC is now known as Mancha
2013-09-04T21:45:24  *** Mancha is now known as Mancha|BNC
2013-09-05T02:07:18  *** KG|DonVitoCorleone <KG|DonVitoCorleone!~Kraljeva-@I-m.not.bot.this.is.just.another.bnc.profile> has joined #CorleoneFamili
2013-09-05T02:07:18  <x-bot> [KG|DonVitoCorleone] http://tinyurl.com/l3j2f48 http://www.youtube.com/watch?v=CR8logunPzQ
2013-09-05T02:07:18  *** ChanServ sets mode: +ao KG|DonVitoCorleone KG|DonVitoCorleone
2013-09-05T02:07:19  <KG-Bot> Title: Novi Reporter - br. 153, 15/2/2006 (at tinyurl.com)
2013-09-05T02:18:07  *** DonVitoCorleone is now known as FurryLand
2013-09-05T02:18:55  *** KG|DonVitoCorleone is now known as DonVitoCorleone
2013-09-05T21:29:21  *** ChanStat <ChanStat!ChanStat@hub.bot.chanstat.net> has quit IRC (Ping timeout: 240 seconds)
2013-09-05T21:33:41  *** ChanStat <ChanStat!ChanStat@hub.bot.chanstat.net> has joined #CorleoneFamili
2013-09-05T21:33:45  *** ChanServ sets mode: +h ChanStat
2013-09-06T19:55:01  <KG-Bot> Announcement from my owner (DonVitoCorleone): eRepublik komande ne rade dok se ne popravi stanje sa eRep serverima. Hvala na razumevanju. :)
2013-09-07T02:08:14  *** Mancha|BNC is now known as Andrew3
2013-09-07T23:52:02  <KG-Bot> Announcement from my owner (DonVitoCorleone): eRepublik plugin won't work for some time, API is perma disabled and everything must be made from scratch
2013-09-08T21:56:26  *** Andrew3 is now known as Mancha
2013-09-09T00:57:33  *** Mancha is now known as Andrew3
2013-09-09T20:49:41  *** Andrew3 is now known as Mancha
2013-09-10T00:25:00  *** Mancha is now known as Andrew3
2013-09-10T11:04:09  <Andrew3> .g 10 minutes mail uk
2013-09-10T11:04:10  <Internets> [Google] 10 Minute Mail (http://10minutemail.net/)
2013-09-10T11:04:10  <Internets> [Google] Description: Temporary disposable email service to beat spam. Avoid spam with a free,   secure 10-minute e-mail address. We do not block you for using too many   addresses.
2013-09-10T18:48:49  *** Andrew3 is now known as Mancha
2013-09-10T22:00:24  *** Mancha is now known as M-avaj
2013-09-10T22:36:58  *** M-avaj is now known as Mancha
2013-09-11T09:25:42  *** Mancha is now known as Andrew3
2013-09-12T19:24:24  *** KG-Bot <KG-Bot!~KraljevaG@Kraljeva.Garda.official.bot> has joined #CorleoneFamili
2013-09-12T19:24:28  <x-bot> [KG-Bot] http://tinyurl.com/l3j2f48 http://www.youtube.com/watch?v=CR8logunPzQ
2013-09-12T19:24:28  *** ChanServ sets mode: +ao KG-Bot KG-Bot
2013-09-12T19:25:56  <KG-Bot> Title: Novi Reporter - br. 153, 15/2/2006 (at tinyurl.com)
2013-09-12T21:01:51  *** SirMatt <SirMatt!cgiirc@BA8051C6.D1A98A18.B83FC32.IP> has joined #CorleoneFamili
2013-09-12T21:02:00  *** SirMatt <SirMatt!cgiirc@BA8051C6.D1A98A18.B83FC32.IP> has left #CorleoneFamili
2013-09-13T09:40:40  <Andrew3> .g 10 minutes mail uk
2013-09-13T09:40:41  <Internets> [Google] 10 Minute Mail (http://10minutemail.net/)
2013-09-13T09:40:41  <Internets> [Google] Description: Temporary disposable email service to beat spam. Avoid spam with a free,   secure 10-minute e-mail address. We do not block you for using too many   addresses.
2013-09-13T13:33:11  <DonVitoCorleone> xD
2013-09-14T04:22:09  *** Andrew3 is now known as Mancha
2013-09-15T00:06:15  <DonVitoCorleone> .link -i 6178796
2013-09-15T00:06:15  <eRepublik> Error: not found.
2013-09-15T00:06:48  <DonVitoCorleone> .help regcit
2013-09-15T13:30:52  *** Mancha is now known as Andrew3
2013-09-15T19:18:28  *** Andrew3 is now known as Mancha
2013-09-15T21:51:36  *** Mancha is now known as Andrew3
2013-09-16T14:17:02  *** KG-Bot <KG-Bot!~KraljevaG@Kraljeva.Garda.official.bot> has joined #CorleoneFamili
2013-09-16T14:17:07  <x-bot> [KG-Bot] http://tinyurl.com/l3j2f48 http://www.youtube.com/watch?v=CR8logunPzQ
2013-09-16T14:17:07  *** ChanServ sets mode: +ao KG-Bot KG-Bot
2013-09-16T14:18:58  <KG-Bot> Title: Novi Reporter - br. 153, 15/2/2006 (at tinyurl.com)
2013-09-16T15:14:37  *** SlobodanTrkulja <SlobodanTrkulja!SlobodanTr@Ponosni.clan.SHSS.bratstva> has quit IRC (Ping timeout: 243 seconds)
2013-09-16T15:14:37  *** RizonBot <RizonBot!CorleoneFa@krava.muzara> has quit IRC (Ping timeout: 243 seconds)
2013-09-16T15:14:58  *** Andrew3 <Andrew3!Mancha@Rizon-362A0920.rizonbnc.eu.rizon.net> has quit IRC (Ping timeout: 244 seconds)
2013-09-16T15:15:14  *** MalaTasaBNC <MalaTasaBNC!MalaTasa@Kad.Sam.Bnc.Logicno.Nisam.Tu.Ne.Smetaj> has quit IRC (Ping timeout: 242 seconds)
2013-09-16T15:15:19  *** DarkRay|OFF| <DarkRay|OFF|!DarkRay@Rizon-DFD624E.rizonbnc.eu.rizon.net> has quit IRC (Ping timeout: 242 seconds)
2013-09-16T15:16:04  *** FurryLand <FurryLand!Stefan_Nin@Drzi.Prijatelje.BlizuA.Neprijatelje.Jos.Blize> has quit IRC (Ping timeout: 243 seconds)
2013-09-16T15:33:08  *** SlobodanTrkulja <SlobodanTrkulja!SlobodanTr@Rizon-731F9563.rizonbnc.eu.rizon.net> has joined #CorleoneFamili
2013-09-16T15:34:42  *** DarkRay <DarkRay!DarkRay@Rizon-DFD624E.rizonbnc.eu.rizon.net> has joined #CorleoneFamili
2013-09-16T15:34:42  *** Mancha <Mancha!Mancha@Rizon-362A0920.rizonbnc.eu.rizon.net> has joined #CorleoneFamili
2013-09-16T15:40:29  *** Guest56724 <Guest56724!Stefan_Nin@Rizon-72A5E527.rizonbnc.eu.rizon.net> has joined #CorleoneFamili
2013-09-16T15:41:30  *** CorleoneFamili <CorleoneFamili!CorleoneFa@Rizon-AA87F213.rizonbnc.eu.rizon.net> has joined #CorleoneFamili
2013-09-16T15:43:30  *** MalaTasa <MalaTasa!MalaTasa@Rizon-B7DBE91F.rizonbnc.eu.rizon.net> has joined #CorleoneFamili
2013-09-16T20:23:04  *** ChanServ sets mode: +ao Mancha Mancha
2013-09-16T21:45:53  *** Guest56724 <Guest56724!Stefan_Nin@Rizon-72A5E527.rizonbnc.eu.rizon.net> has left #CorleoneFamili
2013-09-16T21:45:53  *** Guest56724 <Guest56724!Stefan_Nin@Rizon-72A5E527.rizonbnc.eu.rizon.net> has joined #CorleoneFamili
2013-09-16T21:46:48  *** Guest56724 <Guest56724!Stefan_Nin@Rizon-72A5E527.rizonbnc.eu.rizon.net> has left #CorleoneFamili
2013-09-16T21:53:14  *** FurryLand <FurryLand!Stefan_Nin@Rizon-72A5E527.rizonbnc.eu.rizon.net> has joined #CorleoneFamili
2013-09-16T21:53:14  <x-bot> [FurryLand] http://tinyurl.com/l3j2f48 http://www.youtube.com/watch?v=CR8logunPzQ
2013-09-16T21:53:14  *** ChanServ sets mode: +ao FurryLand FurryLand
2013-09-16T21:53:15  <KG-Bot> Title: Novi Reporter - br. 153, 15/2/2006 (at tinyurl.com)
2013-09-16T21:59:58  *** ChanServ sets mode: +ao CorleoneFamili CorleoneFamili
2013-09-16T22:15:32  *** MalaTasa <MalaTasa!MalaTasa@Rizon-B7DBE91F.rizonbnc.eu.rizon.net> has left #CorleoneFamili
2013-09-16T22:17:01  *** ChanServ sets mode: +qo SlobodanTrkulja SlobodanTrkulja
2013-09-18T01:56:49  *** Mancha is now known as Mancha|zZzZzZz
2013-09-18T17:44:52  *** Mancha|zZzZzZz is now known as Mancha
2013-09-18T21:55:05  *** Mancha is now known as Andrew3
2013-09-19T13:48:55  <DonVitoCorleone> .help Internets
2013-09-19T13:50:31  <DonVitoCorleone> .help eRepublik
2013-09-19T15:27:01  *** DonVitoCorleone <DonVitoCorleone!~Kraljeva-@Drzi.Prijatelje.BlizuA.Neprijatelje.Jos.Blize> has quit IRC (Quit: ZNC - http://znc.in)
2013-09-19T15:27:08  *** eRepublikBot <eRepublikBot!~KG@Rizon-DD5219AC.server4you.net> has joined #CorleoneFamili
2013-09-19T15:27:23  *** eRepublikBot is now known as Guest22567
2013-09-19T15:28:59  *** Guest22567 <Guest22567!~KG@Rizon-DD5219AC.server4you.net> has left #CorleoneFamili
2013-09-19T16:10:10  *** Andrew3 is now known as Mancha
2013-09-19T23:25:37  *** Mancha is now known as Andrew3
2014-02-11T16:09:34  *** eRepublikBot <eRepublikBot!~KraljevaG@FDFDB705.BFECDD3B.214689AC.IP> has joined #CorleoneFamili
2014-02-11T16:09:34  <x-bot> [eRepublikBot] [20:51:29] <God_of_Blood> da li ima tvoh bot komande za ona pitanja [20:51:39] <DonVitoCorleone> Koja pitanja? o-O[20:51:54] <God_of_Blood> a ona sranja kakos e zove [20:52:07] <DonVitoCorleone> Kviz? [20:52:16] <God_of_Blood> kiviz jebo ga ti
2014-02-11T16:09:34  *** ChanServ sets mode: +ao eRepublikBot eRepublikBot
2014-02-11T16:09:38  *** eRepublikBot <eRepublikBot!~KraljevaG@FDFDB705.BFECDD3B.214689AC.IP> has left #CorleoneFamili
2014-02-11T16:11:19  *** eRepublikBot <eRepublikBot!~KraljevaG@FDFDB705.BFECDD3B.214689AC.IP> has joined #CorleoneFamili
2014-02-11T16:11:19  <x-bot> [eRepublikBot] [20:51:29] <God_of_Blood> da li ima tvoh bot komande za ona pitanja [20:51:39] <DonVitoCorleone> Koja pitanja? o-O[20:51:54] <God_of_Blood> a ona sranja kakos e zove [20:52:07] <DonVitoCorleone> Kviz? [20:52:16] <God_of_Blood> kiviz jebo ga ti
2014-02-11T16:11:19  *** ChanServ sets mode: +ao eRepublikBot eRepublikBot
2014-02-11T16:11:25  *** eRepublikBot <eRepublikBot!~KraljevaG@FDFDB705.BFECDD3B.214689AC.IP> has left #CorleoneFamili (This channel does not meat our requirements.)
2014-02-11T16:13:04  *** eRepublikBot <eRepublikBot!~KraljevaG@FDFDB705.BFECDD3B.214689AC.IP> has joined #CorleoneFamili
2014-02-11T16:13:04  <x-bot> [eRepublikBot] [20:51:29] <God_of_Blood> da li ima tvoh bot komande za ona pitanja [20:51:39] <DonVitoCorleone> Koja pitanja? o-O[20:51:54] <God_of_Blood> a ona sranja kakos e zove [20:52:07] <DonVitoCorleone> Kviz? [20:52:16] <God_of_Blood> kiviz jebo ga ti
2014-02-11T16:13:04  *** ChanServ sets mode: +ao eRepublikBot eRepublikBot
2014-02-11T16:13:10  *** eRepublikBot <eRepublikBot!~KraljevaG@FDFDB705.BFECDD3B.214689AC.IP> has left #CorleoneFamili
2014-02-11T16:13:39  *** eRepublikBot <eRepublikBot!~KraljevaG@FDFDB705.BFECDD3B.214689AC.IP> has joined #CorleoneFamili
2014-02-11T16:13:39  <x-bot> [eRepublikBot] [20:51:29] <God_of_Blood> da li ima tvoh bot komande za ona pitanja [20:51:39] <DonVitoCorleone> Koja pitanja? o-O[20:51:54] <God_of_Blood> a ona sranja kakos e zove [20:52:07] <DonVitoCorleone> Kviz? [20:52:16] <God_of_Blood> kiviz jebo ga ti
2014-02-11T16:13:39  *** ChanServ sets mode: +ao eRepublikBot eRepublikBot
2014-02-11T16:13:43  *** eRepublikBot <eRepublikBot!~KraljevaG@FDFDB705.BFECDD3B.214689AC.IP> has left #CorleoneFamili
2014-02-11T16:13:47  *** eRepublikBot <eRepublikBot!~KraljevaG@FDFDB705.BFECDD3B.214689AC.IP> has joined #CorleoneFamili
2014-02-11T16:13:47  <x-bot> [eRepublikBot] [20:51:29] <God_of_Blood> da li ima tvoh bot komande za ona pitanja [20:51:39] <DonVitoCorleone> Koja pitanja? o-O[20:51:54] <God_of_Blood> a ona sranja kakos e zove [20:52:07] <DonVitoCorleone> Kviz? [20:52:16] <God_of_Blood> kiviz jebo ga ti
2014-02-11T16:13:47  *** ChanServ sets mode: +ao eRepublikBot eRepublikBot
2014-02-11T16:13:51  *** eRepublikBot <eRepublikBot!~KraljevaG@FDFDB705.BFECDD3B.214689AC.IP> has left #CorleoneFamili
2014-02-11T16:16:46  *** eRepublikBot <eRepublikBot!~KraljevaG@FDFDB705.BFECDD3B.214689AC.IP> has joined #CorleoneFamili
2014-02-11T16:16:46  <x-bot> [eRepublikBot] [20:51:29] <God_of_Blood> da li ima tvoh bot komande za ona pitanja [20:51:39] <DonVitoCorleone> Koja pitanja? o-O[20:51:54] <God_of_Blood> a ona sranja kakos e zove [20:52:07] <DonVitoCorleone> Kviz? [20:52:16] <God_of_Blood> kiviz jebo ga ti
2014-02-11T16:16:46  *** ChanServ sets mode: +ao eRepublikBot eRepublikBot
2014-02-11T16:17:05  *** eRepublikBot <eRepublikBot!~KraljevaG@FDFDB705.BFECDD3B.214689AC.IP> has left #CorleoneFamili
2014-02-11T16:41:40  *** eRepublikBot <eRepublikBot!~KraljevaG@FDFDB705.BFECDD3B.214689AC.IP> has joined #CorleoneFamili
2014-02-11T16:41:40  <x-bot> [eRepublikBot] [20:51:29] <God_of_Blood> da li ima tvoh bot komande za ona pitanja [20:51:39] <DonVitoCorleone> Koja pitanja? o-O[20:51:54] <God_of_Blood> a ona sranja kakos e zove [20:52:07] <DonVitoCorleone> Kviz? [20:52:16] <God_of_Blood> kiviz jebo ga ti
2014-02-11T16:41:40  *** ChanServ sets mode: +ao eRepublikBot eRepublikBot
2014-02-11T16:41:59  *** eRepublikBot <eRepublikBot!~KraljevaG@FDFDB705.BFECDD3B.214689AC.IP> has left #CorleoneFamili
2014-02-11T16:43:50  *** eRepublikBot <eRepublikBot!~KraljevaG@FDFDB705.BFECDD3B.214689AC.IP> has joined #CorleoneFamili
2014-02-11T16:43:51  <x-bot> [eRepublikBot] [20:51:29] <God_of_Blood> da li ima tvoh bot komande za ona pitanja [20:51:39] <DonVitoCorleone> Koja pitanja? o-O[20:51:54] <God_of_Blood> a ona sranja kakos e zove [20:52:07] <DonVitoCorleone> Kviz? [20:52:16] <God_of_Blood> kiviz jebo ga ti
2014-02-11T16:43:51  *** ChanServ sets mode: +ao eRepublikBot eRepublikBot
2014-02-11T16:44:00  *** eRepublikBot <eRepublikBot!~KraljevaG@FDFDB705.BFECDD3B.214689AC.IP> has left #CorleoneFamili
2014-02-11T16:46:05  *** eRepublikBot <eRepublikBot!~KraljevaG@FDFDB705.BFECDD3B.214689AC.IP> has joined #CorleoneFamili
2014-02-11T16:46:05  <x-bot> [eRepublikBot] [20:51:29] <God_of_Blood> da li ima tvoh bot komande za ona pitanja [20:51:39] <DonVitoCorleone> Koja pitanja? o-O[20:51:54] <God_of_Blood> a ona sranja kakos e zove [20:52:07] <DonVitoCorleone> Kviz? [20:52:16] <God_of_Blood> kiviz jebo ga ti
2014-02-11T16:46:05  *** ChanServ sets mode: +ao eRepublikBot eRepublikBot
2014-02-11T16:46:14  *** eRepublikBot <eRepublikBot!~KraljevaG@FDFDB705.BFECDD3B.214689AC.IP> has left #CorleoneFamili
2014-02-11T16:47:26  *** eRepublikBot <eRepublikBot!~KraljevaG@FDFDB705.BFECDD3B.214689AC.IP> has joined #CorleoneFamili
2014-02-11T16:47:27  <x-bot> [eRepublikBot] [20:51:29] <God_of_Blood> da li ima tvoh bot komande za ona pitanja [20:51:39] <DonVitoCorleone> Koja pitanja? o-O[20:51:54] <God_of_Blood> a ona sranja kakos e zove [20:52:07] <DonVitoCorleone> Kviz? [20:52:16] <God_of_Blood> kiviz jebo ga ti
2014-02-11T16:47:27  *** ChanServ sets mode: +ao eRepublikBot eRepublikBot
2014-02-11T16:47:36  *** eRepublikBot <eRepublikBot!~KraljevaG@FDFDB705.BFECDD3B.214689AC.IP> has left #CorleoneFamili
2014-02-11T16:48:25  *** eRepublikBot <eRepublikBot!~KraljevaG@FDFDB705.BFECDD3B.214689AC.IP> has joined #CorleoneFamili
2014-02-11T16:48:25  <x-bot> [eRepublikBot] [20:51:29] <God_of_Blood> da li ima tvoh bot komande za ona pitanja [20:51:39] <DonVitoCorleone> Koja pitanja? o-O[20:51:54] <God_of_Blood> a ona sranja kakos e zove [20:52:07] <DonVitoCorleone> Kviz? [20:52:16] <God_of_Blood> kiviz jebo ga ti
2014-02-11T16:48:26  *** ChanServ sets mode: +ao eRepublikBot eRepublikBot
2014-02-11T16:48:34  *** eRepublikBot <eRepublikBot!~KraljevaG@FDFDB705.BFECDD3B.214689AC.IP> has left #CorleoneFamili (This channel does not meat our requirements.)
2014-02-11T16:50:25  *** eRepublikBot <eRepublikBot!~KraljevaG@FDFDB705.BFECDD3B.214689AC.IP> has joined #CorleoneFamili
2014-02-11T16:50:26  <x-bot> [eRepublikBot] [20:51:29] <God_of_Blood> da li ima tvoh bot komande za ona pitanja [20:51:39] <DonVitoCorleone> Koja pitanja? o-O[20:51:54] <God_of_Blood> a ona sranja kakos e zove [20:52:07] <DonVitoCorleone> Kviz? [20:52:16] <God_of_Blood> kiviz jebo ga ti
2014-02-11T16:50:26  *** ChanServ sets mode: +ao eRepublikBot eRepublikBot
2014-02-11T16:50:35  *** eRepublikBot <eRepublikBot!~KraljevaG@FDFDB705.BFECDD3B.214689AC.IP> has left #CorleoneFamili (This channel does not meat our requirements.)
2014-02-11T16:50:59  *** eRepublikBot <eRepublikBot!~KraljevaG@FDFDB705.BFECDD3B.214689AC.IP> has joined #CorleoneFamili
2014-02-11T16:51:00  <x-bot> [eRepublikBot] [20:51:29] <God_of_Blood> da li ima tvoh bot komande za ona pitanja [20:51:39] <DonVitoCorleone> Koja pitanja? o-O[20:51:54] <God_of_Blood> a ona sranja kakos e zove [20:52:07] <DonVitoCorleone> Kviz? [20:52:16] <God_of_Blood> kiviz jebo ga ti
2014-02-11T16:51:00  *** ChanServ sets mode: +ao eRepublikBot eRepublikBot
2014-02-11T16:51:09  *** eRepublikBot <eRepublikBot!~KraljevaG@FDFDB705.BFECDD3B.214689AC.IP> has left #CorleoneFamili (This channel does not meat our requirements.)
